# sgmm2-acc-stats --spk-vecs=ark:exp/sgmm/vecs.3 --utt2spk=ark:data/train/split4/3/utt2spk --update-flags=vNwSctu "--gselect=ark,s,cs:gunzip -c exp/sgmm/gselect.3.gz|" --rand-prune=0.1 exp/sgmm/5.mdl "ark,s,cs:apply-cmvn  --utt2spk=ark:data/train/split4/3/utt2spk scp:data/train/split4/3/cmvn.scp scp:data/train/split4/3/feats.scp ark:- | splice-feats  ark:- ark:- | transform-feats exp/tri4_ali/final.mat ark:- ark:- | transform-feats --utt2spk=ark:data/train/split4/3/utt2spk ark,s,cs:exp/tri4_ali/trans.3 ark:- ark:- |" "ark,s,cs:gunzip -c exp/sgmm/ali.3.gz | ali-to-post ark:- ark:-|" exp/sgmm/5.3.acc 
# Started at Sun Mar 22 09:39:02 IST 2020
#
sgmm2-acc-stats --spk-vecs=ark:exp/sgmm/vecs.3 --utt2spk=ark:data/train/split4/3/utt2spk --update-flags=vNwSctu '--gselect=ark,s,cs:gunzip -c exp/sgmm/gselect.3.gz|' --rand-prune=0.1 exp/sgmm/5.mdl 'ark,s,cs:apply-cmvn  --utt2spk=ark:data/train/split4/3/utt2spk scp:data/train/split4/3/cmvn.scp scp:data/train/split4/3/feats.scp ark:- | splice-feats  ark:- ark:- | transform-feats exp/tri4_ali/final.mat ark:- ark:- | transform-feats --utt2spk=ark:data/train/split4/3/utt2spk ark,s,cs:exp/tri4_ali/trans.3 ark:- ark:- |' 'ark,s,cs:gunzip -c exp/sgmm/ali.3.gz | ali-to-post ark:- ark:-|' exp/sgmm/5.3.acc 
apply-cmvn --utt2spk=ark:data/train/split4/3/utt2spk scp:data/train/split4/3/cmvn.scp scp:data/train/split4/3/feats.scp ark:- 
splice-feats ark:- ark:- 
transform-feats exp/tri4_ali/final.mat ark:- ark:- 
transform-feats --utt2spk=ark:data/train/split4/3/utt2spk ark,s,cs:exp/tri4_ali/trans.3 ark:- ark:- 
ali-to-post ark:- ark:- 
LOG (sgmm2-acc-stats[5.5.620~1-dce1dc]:main():sgmm2-acc-stats.cc:194) Processed 50 utterances; for utterance PN00M01U050 avg. like is -33.9872 over 630 frames.
LOG (ali-to-post[5.5.620~1-dce1dc]:main():ali-to-post.cc:73) Converted 80 alignments.
LOG (apply-cmvn[5.5.620~1-dce1dc]:main():apply-cmvn.cc:162) Applied cepstral mean normalization to 80 utterances, errors on 0
LOG (transform-feats[5.5.620~1-dce1dc]:main():transform-feats.cc:158) Overall average [pseudo-]logdet is -54.6572 over 50435 frames.
LOG (transform-feats[5.5.620~1-dce1dc]:main():transform-feats.cc:161) Applied transform to 80 utterances; 0 had errors.
LOG (transform-feats[5.5.620~1-dce1dc]:main():transform-feats.cc:158) Overall average logdet is 3.71513 over 50435 frames.
LOG (transform-feats[5.5.620~1-dce1dc]:main():transform-feats.cc:161) Applied transform to 80 utterances; 0 had errors.
LOG (sgmm2-acc-stats[5.5.620~1-dce1dc]:main():sgmm2-acc-stats.cc:203) Overall like per frame (Gaussian only) = -36.3765 over 50435 frames.
LOG (sgmm2-acc-stats[5.5.620~1-dce1dc]:main():sgmm2-acc-stats.cc:206) Done 80 files, 0 with errors.
LOG (sgmm2-acc-stats[5.5.620~1-dce1dc]:main():sgmm2-acc-stats.cc:215) Written accs.
# Accounting: time=35 threads=1
# Ended (code 0) at Sun Mar 22 09:39:37 IST 2020, elapsed time 35 seconds
