# sgmm2-gselect exp/sgmm/0.mdl "ark,s,cs:apply-cmvn  --utt2spk=ark:data/train/split4/1/utt2spk scp:data/train/split4/1/cmvn.scp scp:data/train/split4/1/feats.scp ark:- | splice-feats  ark:- ark:- | transform-feats exp/tri4_ali/final.mat ark:- ark:- | transform-feats --utt2spk=ark:data/train/split4/1/utt2spk ark,s,cs:exp/tri4_ali/trans.1 ark:- ark:- |" "ark,t:|gzip -c >exp/sgmm/gselect.1.gz" 
# Started at Sun Mar 22 09:34:25 IST 2020
#
sgmm2-gselect exp/sgmm/0.mdl 'ark,s,cs:apply-cmvn  --utt2spk=ark:data/train/split4/1/utt2spk scp:data/train/split4/1/cmvn.scp scp:data/train/split4/1/feats.scp ark:- | splice-feats  ark:- ark:- | transform-feats exp/tri4_ali/final.mat ark:- ark:- | transform-feats --utt2spk=ark:data/train/split4/1/utt2spk ark,s,cs:exp/tri4_ali/trans.1 ark:- ark:- |' 'ark,t:|gzip -c >exp/sgmm/gselect.1.gz' 
transform-feats exp/tri4_ali/final.mat ark:- ark:- 
apply-cmvn --utt2spk=ark:data/train/split4/1/utt2spk scp:data/train/split4/1/cmvn.scp scp:data/train/split4/1/feats.scp ark:- 
transform-feats --utt2spk=ark:data/train/split4/1/utt2spk ark,s,cs:exp/tri4_ali/trans.1 ark:- ark:- 
splice-feats ark:- ark:- 
LOG (sgmm2-gselect[5.5.620~1-dce1dc]:main():sgmm2-gselect.cc:86) For 0'th file, average UBM likelihood over 630 frames is -45.8258
LOG (sgmm2-gselect[5.5.620~1-dce1dc]:main():sgmm2-gselect.cc:86) For 10'th file, average UBM likelihood over 630 frames is -40.8216
LOG (sgmm2-gselect[5.5.620~1-dce1dc]:main():sgmm2-gselect.cc:86) For 20'th file, average UBM likelihood over 629 frames is -52.0396
LOG (sgmm2-gselect[5.5.620~1-dce1dc]:main():sgmm2-gselect.cc:86) For 30'th file, average UBM likelihood over 630 frames is -41.325
LOG (sgmm2-gselect[5.5.620~1-dce1dc]:main():sgmm2-gselect.cc:86) For 40'th file, average UBM likelihood over 630 frames is -42.456
LOG (sgmm2-gselect[5.5.620~1-dce1dc]:main():sgmm2-gselect.cc:86) For 50'th file, average UBM likelihood over 630 frames is -39.4849
LOG (sgmm2-gselect[5.5.620~1-dce1dc]:main():sgmm2-gselect.cc:86) For 60'th file, average UBM likelihood over 630 frames is -42.1066
LOG (sgmm2-gselect[5.5.620~1-dce1dc]:main():sgmm2-gselect.cc:86) For 70'th file, average UBM likelihood over 630 frames is -39.9369
LOG (apply-cmvn[5.5.620~1-dce1dc]:main():apply-cmvn.cc:162) Applied cepstral mean normalization to 80 utterances, errors on 0
LOG (transform-feats[5.5.620~1-dce1dc]:main():transform-feats.cc:158) Overall average [pseudo-]logdet is -54.6572 over 50640 frames.
LOG (transform-feats[5.5.620~1-dce1dc]:main():transform-feats.cc:161) Applied transform to 80 utterances; 0 had errors.
LOG (transform-feats[5.5.620~1-dce1dc]:main():transform-feats.cc:158) Overall average logdet is 5.0704 over 50640 frames.
LOG (transform-feats[5.5.620~1-dce1dc]:main():transform-feats.cc:161) Applied transform to 80 utterances; 0 had errors.
LOG (sgmm2-gselect[5.5.620~1-dce1dc]:main():sgmm2-gselect.cc:97) Done 80 files, 0 with errors, average UBM log-likelihood is -40.57 over 50640 frames.
# Accounting: time=2 threads=1
# Ended (code 0) at Sun Mar 22 09:34:27 IST 2020, elapsed time 2 seconds
