# sgmm2-est --update-flags=vwSct --split-substates=9400 --power=0.25 --write-occs=exp/sgmm/4.occs exp/sgmm/3.mdl "sgmm2-sum-accs - exp/sgmm/3.*.acc|" exp/sgmm/4.mdl 
# Started at Sun Mar 22 09:36:19 IST 2020
#
sgmm2-est --update-flags=vwSct --split-substates=9400 --power=0.25 --write-occs=exp/sgmm/4.occs exp/sgmm/3.mdl 'sgmm2-sum-accs - exp/sgmm/3.*.acc|' exp/sgmm/4.mdl 
sgmm2-sum-accs - exp/sgmm/3.1.acc exp/sgmm/3.2.acc exp/sgmm/3.3.acc exp/sgmm/3.4.acc 
LOG (sgmm2-sum-accs[5.5.620~1-dce1dc]:main():sgmm2-sum-accs.cc:87) Written stats to -
LOG (sgmm2-est[5.5.620~1-dce1dc]:MleUpdate():transition-model.cc:528) TransitionModel::Update, objf change is 0 per frame over 201866 frames. 
LOG (sgmm2-est[5.5.620~1-dce1dc]:MleUpdate():transition-model.cc:531) 48 probabilities floored, 1712 out of 2249 transition-states skipped due to insuffient data (it is normal to have some skipped.)
LOG (sgmm2-est[5.5.620~1-dce1dc]:main():sgmm2-est.cc:109) Transition model update: Overall 0 log-like improvement per frame over 201866 frames.
LOG (sgmm2-est[5.5.620~1-dce1dc]:Check():estimate-am-sgmm2.cc:216) Sgmm2PdfModel: J1 = 568, J2 = 572, D = 40, S = 41, T = 40, I = 667
LOG (sgmm2-est[5.5.620~1-dce1dc]:Check():estimate-am-sgmm2.cc:362) Subspace GMM model properties: Y: yes, nonzero. Z, R: no.  S: yes, nonzero. y: yes, nonzero. a: no.  gamma: yes.  gamma: yes, nonzero. gamma_c: yes, nonzero. t: no.  U: no.  
LOG (sgmm2-est[5.5.620~1-dce1dc]:UpdatePhoneVectors():estimate-am-sgmm2.cc:788) Updating phone vectors
LOG (sgmm2-est[5.5.620~1-dce1dc]:UpdatePhoneVectorsInternal():estimate-am-sgmm2.cc:934) Auxf impr for j = 0 m = 0 is 0.0463943 per frame over 35.4 frames.
LOG (sgmm2-est[5.5.620~1-dce1dc]:UpdatePhoneVectorsInternal():estimate-am-sgmm2.cc:934) Auxf impr for j = 0 m = 1 is 0.0311772 per frame over 42.3 frames.
LOG (sgmm2-est[5.5.620~1-dce1dc]:UpdatePhoneVectorsInternal():estimate-am-sgmm2.cc:934) Auxf impr for j = 0 m = 2 is 0.0522053 per frame over 36.4 frames.
LOG (sgmm2-est[5.5.620~1-dce1dc]:SolveQuadraticProblem<double>():sp-matrix.cc:686) Solving quadratic problem for v: floored 21 eigenvalues. 
LOG (sgmm2-est[5.5.620~1-dce1dc]:SolveQuadraticProblem<double>():sp-matrix.cc:686) Solving quadratic problem for v: floored 3 eigenvalues. 
LOG (sgmm2-est[5.5.620~1-dce1dc]:SolveQuadraticProblem<double>():sp-matrix.cc:686) Solving quadratic problem for v: floored 1 eigenvalues. 
LOG (sgmm2-est[5.5.620~1-dce1dc]:SolveQuadraticProblem<double>():sp-matrix.cc:686) Solving quadratic problem for v: floored 2 eigenvalues. 
LOG (sgmm2-est[5.5.620~1-dce1dc]:SolveQuadraticProblem<double>():sp-matrix.cc:686) Solving quadratic problem for v: floored 1 eigenvalues. 
LOG (sgmm2-est[5.5.620~1-dce1dc]:UpdatePhoneVectorsInternal():estimate-am-sgmm2.cc:893) Backtracking computation of v_jm for j = 453 and m = 0 because auxf changed by -76.662 [vs. predicted:] 14.5701
LOG (sgmm2-est[5.5.620~1-dce1dc]:SolveQuadraticProblem<double>():sp-matrix.cc:686) Solving quadratic problem for v: floored 1 eigenvalues. 
LOG (sgmm2-est[5.5.620~1-dce1dc]:SolveQuadraticProblem<double>():sp-matrix.cc:686) Solving quadratic problem for v: floored 21 eigenvalues. 
LOG (sgmm2-est[5.5.620~1-dce1dc]:SolveQuadraticProblem<double>():sp-matrix.cc:686) Solving quadratic problem for v: floored 21 eigenvalues. 
LOG (sgmm2-est[5.5.620~1-dce1dc]:SolveQuadraticProblem<double>():sp-matrix.cc:686) Solving quadratic problem for v: floored 1 eigenvalues. 
LOG (sgmm2-est[5.5.620~1-dce1dc]:SolveQuadraticProblem<double>():sp-matrix.cc:686) Solving quadratic problem for v: floored 2 eigenvalues. 
LOG (sgmm2-est[5.5.620~1-dce1dc]:UpdatePhoneVectorsInternal():estimate-am-sgmm2.cc:893) Backtracking computation of v_jm for j = 563 and m = 0 because auxf changed by -42.8812 [vs. predicted:] 5.38904
LOG (sgmm2-est[5.5.620~1-dce1dc]:UpdatePhoneVectorsInternal():estimate-am-sgmm2.cc:893) Backtracking computation of v_jm for j = 346 and m = 0 because auxf changed by -1.83801 [vs. predicted:] 3.81252
LOG (sgmm2-est[5.5.620~1-dce1dc]:UpdatePhoneVectorsInternal():estimate-am-sgmm2.cc:893) Backtracking computation of v_jm for j = 197 and m = 0 because auxf changed by -40.5515 [vs. predicted:] 21.6018
LOG (sgmm2-est[5.5.620~1-dce1dc]:UpdatePhoneVectorsInternal():estimate-am-sgmm2.cc:893) Backtracking computation of v_jm for j = 197 and m = 0 because auxf changed by -1.2584 [vs. predicted:] 21.6018
LOG (sgmm2-est[5.5.620~1-dce1dc]:UpdatePhoneVectorsInternal():estimate-am-sgmm2.cc:934) Auxf impr for j = 1 m = 0 is 0.0291821 per frame over 40.8323 frames.
LOG (sgmm2-est[5.5.620~1-dce1dc]:UpdatePhoneVectorsInternal():estimate-am-sgmm2.cc:934) Auxf impr for j = 1 m = 1 is 0.0482868 per frame over 30.9 frames.
LOG (sgmm2-est[5.5.620~1-dce1dc]:UpdatePhoneVectorsInternal():estimate-am-sgmm2.cc:934) Auxf impr for j = 1 m = 2 is 0.0647362 per frame over 30.4012 frames.
LOG (sgmm2-est[5.5.620~1-dce1dc]:UpdatePhoneVectorsInternal():estimate-am-sgmm2.cc:934) Auxf impr for j = 2 m = 0 is 0.0351059 per frame over 32.5576 frames.
LOG (sgmm2-est[5.5.620~1-dce1dc]:UpdatePhoneVectorsInternal():estimate-am-sgmm2.cc:934) Auxf impr for j = 2 m = 1 is 0.0344028 per frame over 35.7002 frames.
LOG (sgmm2-est[5.5.620~1-dce1dc]:UpdatePhoneVectorsInternal():estimate-am-sgmm2.cc:934) Auxf impr for j = 2 m = 2 is 0.045078 per frame over 30.406 frames.
LOG (sgmm2-est[5.5.620~1-dce1dc]:UpdatePhoneVectors():estimate-am-sgmm2.cc:800) **Overall auxf impr for v is 0.0573355 over 201925 frames
LOG (sgmm2-est[5.5.620~1-dce1dc]:UpdateW():estimate-am-sgmm2.cc:1325) Updating weight projections
LOG (sgmm2-est[5.5.620~1-dce1dc]:UpdateW():estimate-am-sgmm2.cc:1379) Predicted objf impr for w, iter = 0, i = 0 is 0.00549196 per frame over 467.795 frames.
LOG (sgmm2-est[5.5.620~1-dce1dc]:UpdateW():estimate-am-sgmm2.cc:1379) Predicted objf impr for w, iter = 0, i = 1 is 0.0134534 per frame over 161.535 frames.
LOG (sgmm2-est[5.5.620~1-dce1dc]:UpdateW():estimate-am-sgmm2.cc:1379) Predicted objf impr for w, iter = 0, i = 2 is 0.00974489 per frame over 271.795 frames.
LOG (sgmm2-est[5.5.620~1-dce1dc]:UpdateW():estimate-am-sgmm2.cc:1379) Predicted objf impr for w, iter = 0, i = 3 is 0.00888422 per frame over 601.051 frames.
LOG (sgmm2-est[5.5.620~1-dce1dc]:UpdateW():estimate-am-sgmm2.cc:1379) Predicted objf impr for w, iter = 0, i = 4 is 0.0176469 per frame over 210.034 frames.
LOG (sgmm2-est[5.5.620~1-dce1dc]:UpdateW():estimate-am-sgmm2.cc:1379) Predicted objf impr for w, iter = 0, i = 5 is 0.00502437 per frame over 391.057 frames.
LOG (sgmm2-est[5.5.620~1-dce1dc]:UpdateW():estimate-am-sgmm2.cc:1379) Predicted objf impr for w, iter = 0, i = 6 is 0.00764683 per frame over 257.014 frames.
LOG (sgmm2-est[5.5.620~1-dce1dc]:UpdateW():estimate-am-sgmm2.cc:1379) Predicted objf impr for w, iter = 0, i = 7 is 0.0132092 per frame over 306.442 frames.
LOG (sgmm2-est[5.5.620~1-dce1dc]:UpdateW():estimate-am-sgmm2.cc:1379) Predicted objf impr for w, iter = 0, i = 8 is 0.00995348 per frame over 320.726 frames.
LOG (sgmm2-est[5.5.620~1-dce1dc]:UpdateW():estimate-am-sgmm2.cc:1379) Predicted objf impr for w, iter = 0, i = 9 is 0.00505561 per frame over 536.974 frames.
LOG (sgmm2-est[5.5.620~1-dce1dc]:SolveQuadraticProblem<double>():sp-matrix.cc:686) Solving quadratic problem for w: floored 3 eigenvalues. 
LOG (sgmm2-est[5.5.620~1-dce1dc]:SolveQuadraticProblem<double>():sp-matrix.cc:686) Solving quadratic problem for w: floored 1 eigenvalues. 
LOG (sgmm2-est[5.5.620~1-dce1dc]:SolveQuadraticProblem<double>():sp-matrix.cc:686) Solving quadratic problem for w: floored 1 eigenvalues. 
LOG (sgmm2-est[5.5.620~1-dce1dc]:SolveQuadraticProblem<double>():sp-matrix.cc:686) Solving quadratic problem for w: floored 1 eigenvalues. 
LOG (sgmm2-est[5.5.620~1-dce1dc]:SolveQuadraticProblem<double>():sp-matrix.cc:686) Solving quadratic problem for w: floored 4 eigenvalues. 
LOG (sgmm2-est[5.5.620~1-dce1dc]:SolveQuadraticProblem<double>():sp-matrix.cc:686) Solving quadratic problem for w: floored 19 eigenvalues. 
LOG (sgmm2-est[5.5.620~1-dce1dc]:SolveQuadraticProblem<double>():sp-matrix.cc:686) Solving quadratic problem for w: floored 9 eigenvalues. 
LOG (sgmm2-est[5.5.620~1-dce1dc]:SolveQuadraticProblem<double>():sp-matrix.cc:686) Solving quadratic problem for w: floored 2 eigenvalues. 
LOG (sgmm2-est[5.5.620~1-dce1dc]:SolveQuadraticProblem<double>():sp-matrix.cc:686) Solving quadratic problem for w: floored 1 eigenvalues. 
LOG (sgmm2-est[5.5.620~1-dce1dc]:SolveQuadraticProblem<double>():sp-matrix.cc:686) Solving quadratic problem for w: floored 1 eigenvalues. 
LOG (sgmm2-est[5.5.620~1-dce1dc]:SolveQuadraticProblem<double>():sp-matrix.cc:686) Solving quadratic problem for w: floored 1 eigenvalues. 
LOG (sgmm2-est[5.5.620~1-dce1dc]:SolveQuadraticProblem<double>():sp-matrix.cc:686) Solving quadratic problem for w: floored 1 eigenvalues. 
LOG (sgmm2-est[5.5.620~1-dce1dc]:SolveQuadraticProblem<double>():sp-matrix.cc:686) Solving quadratic problem for w: floored 1 eigenvalues. 
LOG (sgmm2-est[5.5.620~1-dce1dc]:SolveQuadraticProblem<double>():sp-matrix.cc:686) Solving quadratic problem for w: floored 1 eigenvalues. 
LOG (sgmm2-est[5.5.620~1-dce1dc]:SolveQuadraticProblem<double>():sp-matrix.cc:686) Solving quadratic problem for w: floored 1 eigenvalues. 
LOG (sgmm2-est[5.5.620~1-dce1dc]:SolveQuadraticProblem<double>():sp-matrix.cc:686) Solving quadratic problem for w: floored 1 eigenvalues. 
LOG (sgmm2-est[5.5.620~1-dce1dc]:UpdateW():estimate-am-sgmm2.cc:1379) Predicted objf impr for w, iter = 1, i = 0 is 0.000755103 per frame over 467.795 frames.
LOG (sgmm2-est[5.5.620~1-dce1dc]:UpdateW():estimate-am-sgmm2.cc:1379) Predicted objf impr for w, iter = 1, i = 1 is 0.00423486 per frame over 161.535 frames.
LOG (sgmm2-est[5.5.620~1-dce1dc]:UpdateW():estimate-am-sgmm2.cc:1379) Predicted objf impr for w, iter = 1, i = 2 is 0.00140654 per frame over 271.795 frames.
LOG (sgmm2-est[5.5.620~1-dce1dc]:UpdateW():estimate-am-sgmm2.cc:1379) Predicted objf impr for w, iter = 1, i = 3 is 0.00128196 per frame over 601.051 frames.
LOG (sgmm2-est[5.5.620~1-dce1dc]:UpdateW():estimate-am-sgmm2.cc:1379) Predicted objf impr for w, iter = 1, i = 4 is 0.00374917 per frame over 210.034 frames.
LOG (sgmm2-est[5.5.620~1-dce1dc]:UpdateW():estimate-am-sgmm2.cc:1379) Predicted objf impr for w, iter = 1, i = 5 is 0.00120004 per frame over 391.057 frames.
LOG (sgmm2-est[5.5.620~1-dce1dc]:UpdateW():estimate-am-sgmm2.cc:1379) Predicted objf impr for w, iter = 1, i = 6 is 0.0011157 per frame over 257.014 frames.
LOG (sgmm2-est[5.5.620~1-dce1dc]:UpdateW():estimate-am-sgmm2.cc:1379) Predicted objf impr for w, iter = 1, i = 7 is 0.00183222 per frame over 306.442 frames.
LOG (sgmm2-est[5.5.620~1-dce1dc]:UpdateW():estimate-am-sgmm2.cc:1379) Predicted objf impr for w, iter = 1, i = 8 is 0.00109516 per frame over 320.726 frames.
LOG (sgmm2-est[5.5.620~1-dce1dc]:UpdateW():estimate-am-sgmm2.cc:1379) Predicted objf impr for w, iter = 1, i = 9 is 0.001645 per frame over 536.974 frames.
LOG (sgmm2-est[5.5.620~1-dce1dc]:SolveQuadraticProblem<double>():sp-matrix.cc:686) Solving quadratic problem for w: floored 3 eigenvalues. 
LOG (sgmm2-est[5.5.620~1-dce1dc]:SolveQuadraticProblem<double>():sp-matrix.cc:686) Solving quadratic problem for w: floored 1 eigenvalues. 
LOG (sgmm2-est[5.5.620~1-dce1dc]:SolveQuadraticProblem<double>():sp-matrix.cc:686) Solving quadratic problem for w: floored 1 eigenvalues. 
LOG (sgmm2-est[5.5.620~1-dce1dc]:SolveQuadraticProblem<double>():sp-matrix.cc:686) Solving quadratic problem for w: floored 1 eigenvalues. 
LOG (sgmm2-est[5.5.620~1-dce1dc]:SolveQuadraticProblem<double>():sp-matrix.cc:686) Solving quadratic problem for w: floored 7 eigenvalues. 
LOG (sgmm2-est[5.5.620~1-dce1dc]:SolveQuadraticProblem<double>():sp-matrix.cc:686) Solving quadratic problem for w: floored 20 eigenvalues. 
LOG (sgmm2-est[5.5.620~1-dce1dc]:SolveQuadraticProblem<double>():sp-matrix.cc:686) Solving quadratic problem for w: floored 10 eigenvalues. 
LOG (sgmm2-est[5.5.620~1-dce1dc]:SolveQuadraticProblem<double>():sp-matrix.cc:686) Solving quadratic problem for w: floored 3 eigenvalues. 
LOG (sgmm2-est[5.5.620~1-dce1dc]:SolveQuadraticProblem<double>():sp-matrix.cc:686) Solving quadratic problem for w: floored 1 eigenvalues. 
LOG (sgmm2-est[5.5.620~1-dce1dc]:SolveQuadraticProblem<double>():sp-matrix.cc:686) Solving quadratic problem for w: floored 1 eigenvalues. 
LOG (sgmm2-est[5.5.620~1-dce1dc]:SolveQuadraticProblem<double>():sp-matrix.cc:686) Solving quadratic problem for w: floored 1 eigenvalues. 
LOG (sgmm2-est[5.5.620~1-dce1dc]:SolveQuadraticProblem<double>():sp-matrix.cc:686) Solving quadratic problem for w: floored 1 eigenvalues. 
LOG (sgmm2-est[5.5.620~1-dce1dc]:SolveQuadraticProblem<double>():sp-matrix.cc:686) Solving quadratic problem for w: floored 1 eigenvalues. 
LOG (sgmm2-est[5.5.620~1-dce1dc]:SolveQuadraticProblem<double>():sp-matrix.cc:686) Solving quadratic problem for w: floored 2 eigenvalues. 
LOG (sgmm2-est[5.5.620~1-dce1dc]:SolveQuadraticProblem<double>():sp-matrix.cc:686) Solving quadratic problem for w: floored 4 eigenvalues. 
LOG (sgmm2-est[5.5.620~1-dce1dc]:SolveQuadraticProblem<double>():sp-matrix.cc:686) Solving quadratic problem for w: floored 1 eigenvalues. 
LOG (sgmm2-est[5.5.620~1-dce1dc]:SolveQuadraticProblem<double>():sp-matrix.cc:686) Solving quadratic problem for w: floored 1 eigenvalues. 
LOG (sgmm2-est[5.5.620~1-dce1dc]:SolveQuadraticProblem<double>():sp-matrix.cc:686) Solving quadratic problem for w: floored 1 eigenvalues. 
LOG (sgmm2-est[5.5.620~1-dce1dc]:SolveQuadraticProblem<double>():sp-matrix.cc:686) Solving quadratic problem for w: floored 1 eigenvalues. 
LOG (sgmm2-est[5.5.620~1-dce1dc]:SolveQuadraticProblem<double>():sp-matrix.cc:686) Solving quadratic problem for w: floored 1 eigenvalues. 
LOG (sgmm2-est[5.5.620~1-dce1dc]:SolveQuadraticProblem<double>():sp-matrix.cc:686) Solving quadratic problem for w: floored 1 eigenvalues. 
LOG (sgmm2-est[5.5.620~1-dce1dc]:UpdateW():estimate-am-sgmm2.cc:1379) Predicted objf impr for w, iter = 2, i = 0 is 0.000385559 per frame over 467.795 frames.
LOG (sgmm2-est[5.5.620~1-dce1dc]:UpdateW():estimate-am-sgmm2.cc:1379) Predicted objf impr for w, iter = 2, i = 1 is 0.00146213 per frame over 161.535 frames.
LOG (sgmm2-est[5.5.620~1-dce1dc]:UpdateW():estimate-am-sgmm2.cc:1379) Predicted objf impr for w, iter = 2, i = 2 is 0.00044475 per frame over 271.795 frames.
LOG (sgmm2-est[5.5.620~1-dce1dc]:UpdateW():estimate-am-sgmm2.cc:1379) Predicted objf impr for w, iter = 2, i = 3 is 0.000580012 per frame over 601.051 frames.
LOG (sgmm2-est[5.5.620~1-dce1dc]:UpdateW():estimate-am-sgmm2.cc:1379) Predicted objf impr for w, iter = 2, i = 4 is 0.00223031 per frame over 210.034 frames.
LOG (sgmm2-est[5.5.620~1-dce1dc]:UpdateW():estimate-am-sgmm2.cc:1379) Predicted objf impr for w, iter = 2, i = 5 is 0.000613919 per frame over 391.057 frames.
LOG (sgmm2-est[5.5.620~1-dce1dc]:UpdateW():estimate-am-sgmm2.cc:1379) Predicted objf impr for w, iter = 2, i = 6 is 0.000666416 per frame over 257.014 frames.
LOG (sgmm2-est[5.5.620~1-dce1dc]:UpdateW():estimate-am-sgmm2.cc:1379) Predicted objf impr for w, iter = 2, i = 7 is 0.0011038 per frame over 306.442 frames.
LOG (sgmm2-est[5.5.620~1-dce1dc]:UpdateW():estimate-am-sgmm2.cc:1379) Predicted objf impr for w, iter = 2, i = 8 is 0.000467912 per frame over 320.726 frames.
LOG (sgmm2-est[5.5.620~1-dce1dc]:UpdateW():estimate-am-sgmm2.cc:1379) Predicted objf impr for w, iter = 2, i = 9 is 0.00113313 per frame over 536.974 frames.
LOG (sgmm2-est[5.5.620~1-dce1dc]:SolveQuadraticProblem<double>():sp-matrix.cc:686) Solving quadratic problem for w: floored 6 eigenvalues. 
LOG (sgmm2-est[5.5.620~1-dce1dc]:SolveQuadraticProblem<double>():sp-matrix.cc:686) Solving quadratic problem for w: floored 1 eigenvalues. 
LOG (sgmm2-est[5.5.620~1-dce1dc]:SolveQuadraticProblem<double>():sp-matrix.cc:686) Solving quadratic problem for w: floored 1 eigenvalues. 
LOG (sgmm2-est[5.5.620~1-dce1dc]:SolveQuadraticProblem<double>():sp-matrix.cc:686) Solving quadratic problem for w: floored 2 eigenvalues. 
LOG (sgmm2-est[5.5.620~1-dce1dc]:SolveQuadraticProblem<double>():sp-matrix.cc:686) Solving quadratic problem for w: floored 10 eigenvalues. 
LOG (sgmm2-est[5.5.620~1-dce1dc]:SolveQuadraticProblem<double>():sp-matrix.cc:686) Solving quadratic problem for w: floored 20 eigenvalues. 
LOG (sgmm2-est[5.5.620~1-dce1dc]:SolveQuadraticProblem<double>():sp-matrix.cc:686) Solving quadratic problem for w: floored 11 eigenvalues. 
LOG (sgmm2-est[5.5.620~1-dce1dc]:SolveQuadraticProblem<double>():sp-matrix.cc:686) Solving quadratic problem for w: floored 2 eigenvalues. 
LOG (sgmm2-est[5.5.620~1-dce1dc]:SolveQuadraticProblem<double>():sp-matrix.cc:686) Solving quadratic problem for w: floored 3 eigenvalues. 
LOG (sgmm2-est[5.5.620~1-dce1dc]:SolveQuadraticProblem<double>():sp-matrix.cc:686) Solving quadratic problem for w: floored 1 eigenvalues. 
LOG (sgmm2-est[5.5.620~1-dce1dc]:SolveQuadraticProblem<double>():sp-matrix.cc:686) Solving quadratic problem for w: floored 1 eigenvalues. 
LOG (sgmm2-est[5.5.620~1-dce1dc]:SolveQuadraticProblem<double>():sp-matrix.cc:686) Solving quadratic problem for w: floored 1 eigenvalues. 
LOG (sgmm2-est[5.5.620~1-dce1dc]:SolveQuadraticProblem<double>():sp-matrix.cc:686) Solving quadratic problem for w: floored 1 eigenvalues. 
LOG (sgmm2-est[5.5.620~1-dce1dc]:SolveQuadraticProblem<double>():sp-matrix.cc:686) Solving quadratic problem for w: floored 1 eigenvalues. 
LOG (sgmm2-est[5.5.620~1-dce1dc]:SolveQuadraticProblem<double>():sp-matrix.cc:686) Solving quadratic problem for w: floored 1 eigenvalues. 
LOG (sgmm2-est[5.5.620~1-dce1dc]:SolveQuadraticProblem<double>():sp-matrix.cc:686) Solving quadratic problem for w: floored 3 eigenvalues. 
LOG (sgmm2-est[5.5.620~1-dce1dc]:SolveQuadraticProblem<double>():sp-matrix.cc:686) Solving quadratic problem for w: floored 1 eigenvalues. 
LOG (sgmm2-est[5.5.620~1-dce1dc]:SolveQuadraticProblem<double>():sp-matrix.cc:686) Solving quadratic problem for w: floored 6 eigenvalues. 
LOG (sgmm2-est[5.5.620~1-dce1dc]:SolveQuadraticProblem<double>():sp-matrix.cc:686) Solving quadratic problem for w: floored 1 eigenvalues. 
LOG (sgmm2-est[5.5.620~1-dce1dc]:SolveQuadraticProblem<double>():sp-matrix.cc:686) Solving quadratic problem for w: floored 1 eigenvalues. 
LOG (sgmm2-est[5.5.620~1-dce1dc]:SolveQuadraticProblem<double>():sp-matrix.cc:686) Solving quadratic problem for w: floored 1 eigenvalues. 
LOG (sgmm2-est[5.5.620~1-dce1dc]:SolveQuadraticProblem<double>():sp-matrix.cc:686) Solving quadratic problem for w: floored 1 eigenvalues. 
LOG (sgmm2-est[5.5.620~1-dce1dc]:SolveQuadraticProblem<double>():sp-matrix.cc:686) Solving quadratic problem for w: floored 1 eigenvalues. 
LOG (sgmm2-est[5.5.620~1-dce1dc]:SolveQuadraticProblem<double>():sp-matrix.cc:686) Solving quadratic problem for w: floored 1 eigenvalues. 
LOG (sgmm2-est[5.5.620~1-dce1dc]:UpdateW():estimate-am-sgmm2.cc:1433) **Overall objf impr for w is 0.0150739, actual 0.0200184, over 201925 frames
WARNING (sgmm2-est[5.5.620~1-dce1dc]:UpdateVars():estimate-am-sgmm2.cc:1649) For Gaussian component 19: Floored 1 covariance eigenvalues.
WARNING (sgmm2-est[5.5.620~1-dce1dc]:UpdateVars():estimate-am-sgmm2.cc:1649) For Gaussian component 25: Floored 1 covariance eigenvalues.
WARNING (sgmm2-est[5.5.620~1-dce1dc]:UpdateVars():estimate-am-sgmm2.cc:1649) For Gaussian component 36: Floored 1 covariance eigenvalues.
WARNING (sgmm2-est[5.5.620~1-dce1dc]:UpdateVars():estimate-am-sgmm2.cc:1649) For Gaussian component 38: Floored 1 covariance eigenvalues.
WARNING (sgmm2-est[5.5.620~1-dce1dc]:UpdateVars():estimate-am-sgmm2.cc:1649) For Gaussian component 39: Floored 1 covariance eigenvalues.
WARNING (sgmm2-est[5.5.620~1-dce1dc]:UpdateVars():estimate-am-sgmm2.cc:1649) For Gaussian component 41: Floored 1 covariance eigenvalues.
WARNING (sgmm2-est[5.5.620~1-dce1dc]:UpdateVars():estimate-am-sgmm2.cc:1649) For Gaussian component 48: Floored 1 covariance eigenvalues.
WARNING (sgmm2-est[5.5.620~1-dce1dc]:UpdateVars():estimate-am-sgmm2.cc:1649) For Gaussian component 50: Floored 1 covariance eigenvalues.
WARNING (sgmm2-est[5.5.620~1-dce1dc]:UpdateVars():estimate-am-sgmm2.cc:1649) For Gaussian component 52: Floored 1 covariance eigenvalues.
WARNING (sgmm2-est[5.5.620~1-dce1dc]:UpdateVars():estimate-am-sgmm2.cc:1649) For Gaussian component 58: Floored 1 covariance eigenvalues.
WARNING (sgmm2-est[5.5.620~1-dce1dc]:UpdateVars():estimate-am-sgmm2.cc:1649) For Gaussian component 63: Floored 1 covariance eigenvalues.
WARNING (sgmm2-est[5.5.620~1-dce1dc]:UpdateVars():estimate-am-sgmm2.cc:1649) For Gaussian component 71: Floored 1 covariance eigenvalues.
WARNING (sgmm2-est[5.5.620~1-dce1dc]:UpdateVars():estimate-am-sgmm2.cc:1649) For Gaussian component 88: Floored 1 covariance eigenvalues.
WARNING (sgmm2-est[5.5.620~1-dce1dc]:UpdateVars():estimate-am-sgmm2.cc:1649) For Gaussian component 90: Floored 1 covariance eigenvalues.
WARNING (sgmm2-est[5.5.620~1-dce1dc]:UpdateVars():estimate-am-sgmm2.cc:1649) For Gaussian component 99: Floored 1 covariance eigenvalues.
WARNING (sgmm2-est[5.5.620~1-dce1dc]:UpdateVars():estimate-am-sgmm2.cc:1649) For Gaussian component 102: Floored 1 covariance eigenvalues.
WARNING (sgmm2-est[5.5.620~1-dce1dc]:UpdateVars():estimate-am-sgmm2.cc:1649) For Gaussian component 110: Floored 1 covariance eigenvalues.
WARNING (sgmm2-est[5.5.620~1-dce1dc]:UpdateVars():estimate-am-sgmm2.cc:1649) For Gaussian component 114: Floored 1 covariance eigenvalues.
WARNING (sgmm2-est[5.5.620~1-dce1dc]:UpdateVars():estimate-am-sgmm2.cc:1649) For Gaussian component 120: Floored 1 covariance eigenvalues.
WARNING (sgmm2-est[5.5.620~1-dce1dc]:UpdateVars():estimate-am-sgmm2.cc:1649) For Gaussian component 121: Floored 1 covariance eigenvalues.
WARNING (sgmm2-est[5.5.620~1-dce1dc]:UpdateVars():estimate-am-sgmm2.cc:1649) For Gaussian component 126: Floored 1 covariance eigenvalues.
WARNING (sgmm2-est[5.5.620~1-dce1dc]:UpdateVars():estimate-am-sgmm2.cc:1649) For Gaussian component 145: Floored 1 covariance eigenvalues.
WARNING (sgmm2-est[5.5.620~1-dce1dc]:UpdateVars():estimate-am-sgmm2.cc:1649) For Gaussian component 146: Floored 1 covariance eigenvalues.
WARNING (sgmm2-est[5.5.620~1-dce1dc]:UpdateVars():estimate-am-sgmm2.cc:1649) For Gaussian component 227: Floored 1 covariance eigenvalues.
WARNING (sgmm2-est[5.5.620~1-dce1dc]:UpdateVars():estimate-am-sgmm2.cc:1649) For Gaussian component 241: Floored 2 covariance eigenvalues.
WARNING (sgmm2-est[5.5.620~1-dce1dc]:UpdateVars():estimate-am-sgmm2.cc:1649) For Gaussian component 242: Floored 3 covariance eigenvalues.
WARNING (sgmm2-est[5.5.620~1-dce1dc]:UpdateVars():estimate-am-sgmm2.cc:1649) For Gaussian component 243: Floored 2 covariance eigenvalues.
WARNING (sgmm2-est[5.5.620~1-dce1dc]:UpdateVars():estimate-am-sgmm2.cc:1649) For Gaussian component 245: Floored 1 covariance eigenvalues.
WARNING (sgmm2-est[5.5.620~1-dce1dc]:UpdateVars():estimate-am-sgmm2.cc:1649) For Gaussian component 269: Floored 1 covariance eigenvalues.
WARNING (sgmm2-est[5.5.620~1-dce1dc]:UpdateVars():estimate-am-sgmm2.cc:1649) For Gaussian component 296: Floored 1 covariance eigenvalues.
WARNING (sgmm2-est[5.5.620~1-dce1dc]:UpdateVars():estimate-am-sgmm2.cc:1649) For Gaussian component 352: Floored 1 covariance eigenvalues.
WARNING (sgmm2-est[5.5.620~1-dce1dc]:UpdateVars():estimate-am-sgmm2.cc:1649) For Gaussian component 539: Floored 1 covariance eigenvalues.
WARNING (sgmm2-est[5.5.620~1-dce1dc]:UpdateVars():estimate-am-sgmm2.cc:1649) For Gaussian component 564: Floored 1 covariance eigenvalues.
WARNING (sgmm2-est[5.5.620~1-dce1dc]:UpdateVars():estimate-am-sgmm2.cc:1649) For Gaussian component 566: Floored 3 covariance eigenvalues.
WARNING (sgmm2-est[5.5.620~1-dce1dc]:UpdateVars():estimate-am-sgmm2.cc:1649) For Gaussian component 658: Floored 4 covariance eigenvalues.
LOG (sgmm2-est[5.5.620~1-dce1dc]:UpdateVars():estimate-am-sgmm2.cc:1675) **Overall objf impr for variance update = 0.175196 over 201925 frames
LOG (sgmm2-est[5.5.620~1-dce1dc]:UpdateSubstateWeights():estimate-am-sgmm2.cc:1684) Updating substate mixture weights
LOG (sgmm2-est[5.5.620~1-dce1dc]:UpdateSubstateWeights():estimate-am-sgmm2.cc:1707) **Overall objf impr for c is 0.000884107, over 201925 frames.
LOG (sgmm2-est[5.5.620~1-dce1dc]:RenormalizeV():estimate-am-sgmm2.cc:969) Scatter of vectors v is : 
LOG (sgmm2-est[5.5.620~1-dce1dc]:PrintEigs():matrix/sp-matrix.h:207) PrintEigs: Sigma:  [ 1.27025 1.25365 0.856184 1.19944 1.19543 0.89774 1.17914 1.16818 1.15425 1.1371 1.12599 1.12353 1.11766 1.10912 0.935942 0.937625 0.947072 1.09598 1.09216 1.08236 1.07426 1.07826 1.06599 1.06386 1.05966 1.05115 1.04648 1.04124 1.03684 1.03218 1.02724 1.02373 1.01827 1.01243 1.00848 0.995626 0.999189 0.986393 0.982316 0.97755 0.969077 ]

LOG (sgmm2-est[5.5.620~1-dce1dc]:RenormalizeV():estimate-am-sgmm2.cc:991) Note on the next diagnostic: the first number is generally not that meaningful as it relates to the static offset
LOG (sgmm2-est[5.5.620~1-dce1dc]:PrintEigs():matrix/sp-matrix.h:207) PrintEigs: H_sm_proj (Significance of dims in vector space.. note):  [ 211.377 5.02786 1.25117 1.03626 0.55532 0.43488 0.446846 0.334104 0.245216 0.209721 0.181273 0.179367 0.167363 0.134026 0.125879 0.115398 0.105746 0.0988195 0.082406 0.081415 0.0731561 0.0694556 0.0650954 0.0613624 0.0570675 0.0549207 0.0507659 0.0475009 0.0448708 0.0410648 0.0373316 0.0367731 0.0331932 0.0306458 0.0145519 0.027137 0.0171431 0.0189568 0.0204566 0.0233466 0.0229366 ]

LOG (sgmm2-est[5.5.620~1-dce1dc]:RenormalizeV():estimate-am-sgmm2.cc:1037) Renormalized subspace.
LOG (sgmm2-est[5.5.620~1-dce1dc]:Update():estimate-am-sgmm2.cc:673) *Overall auxf improvement, combining all parameters, is 0.253434
LOG (sgmm2-est[5.5.620~1-dce1dc]:Update():estimate-am-sgmm2.cc:676) ***Overall data likelihood is -36.2417 over 201925 frames.
WARNING (sgmm2-est[5.5.620~1-dce1dc]:GetSplitTargets():model-common.cc:134) Could not split up to 9400 due to min-count = 40 (or no counts at all)

WARNING (sgmm2-est[5.5.620~1-dce1dc]:ComputeHsmFromModel():am-sgmm2.cc:1289) Limited 39 eigenvalues of H_sm
LOG (sgmm2-est[5.5.620~1-dce1dc]:ComputeHsmFromModel():am-sgmm2.cc:1294) total count is 201924
LOG (sgmm2-est[5.5.620~1-dce1dc]:SplitSubstates():am-sgmm2.cc:692) Getting rid of normalizers as they will no longer be valid
LOG (sgmm2-est[5.5.620~1-dce1dc]:SplitSubstates():am-sgmm2.cc:694) Split 5146 substates to 5148
LOG (sgmm2-est[5.5.620~1-dce1dc]:ComputeNormalizers():am-sgmm2.cc:858) Computing normalizers
LOG (sgmm2-est[5.5.620~1-dce1dc]:ComputeNormalizers():am-sgmm2.cc:865) Entropy of weights in substates is 3.61593 over 5148 substates, equivalent to perplexity of 37.1861
LOG (sgmm2-est[5.5.620~1-dce1dc]:ComputeNormalizers():am-sgmm2.cc:869) Done computing normalizers
LOG (sgmm2-est[5.5.620~1-dce1dc]:main():sgmm2-est.cc:158) Written model to exp/sgmm/4.mdl
# Accounting: time=8 threads=1
# Ended (code 0) at Sun Mar 22 09:36:27 IST 2020, elapsed time 8 seconds
