# sgmm2-est --update-flags=vMwcS --remove-speaker-space=true --power=0.25 exp/sgmm/26.alimdl "sgmm2-sum-accs - exp/sgmm/26.*.aliacc|" exp/sgmm/27.alimdl 
# Started at Sun Mar 22 09:54:52 IST 2020
#
sgmm2-est --update-flags=vMwcS --remove-speaker-space=true --power=0.25 exp/sgmm/26.alimdl 'sgmm2-sum-accs - exp/sgmm/26.*.aliacc|' exp/sgmm/27.alimdl 
sgmm2-sum-accs - exp/sgmm/26.1.aliacc exp/sgmm/26.2.aliacc exp/sgmm/26.3.aliacc exp/sgmm/26.4.aliacc 
LOG (sgmm2-sum-accs[5.5.620~1-dce1dc]:main():sgmm2-sum-accs.cc:87) Written stats to -
LOG (sgmm2-est[5.5.620~1-dce1dc]:Check():estimate-am-sgmm2.cc:216) Sgmm2PdfModel: J1 = 568, J2 = 572, D = 40, S = 41, T = 0, I = 667
LOG (sgmm2-est[5.5.620~1-dce1dc]:Check():estimate-am-sgmm2.cc:362) Subspace GMM model properties: Y: yes, nonzero. Z, R: no.  S: yes, nonzero. y: yes, nonzero. a: no.  gamma: yes.  gamma: yes, nonzero. gamma_c: yes, nonzero. t: no.  U: no.  
LOG (sgmm2-est[5.5.620~1-dce1dc]:UpdatePhoneVectors():estimate-am-sgmm2.cc:788) Updating phone vectors
LOG (sgmm2-est[5.5.620~1-dce1dc]:UpdatePhoneVectorsInternal():estimate-am-sgmm2.cc:934) Auxf impr for j = 0 m = 0 is 0.0932335 per frame over 27.981 frames.
LOG (sgmm2-est[5.5.620~1-dce1dc]:UpdatePhoneVectorsInternal():estimate-am-sgmm2.cc:934) Auxf impr for j = 0 m = 1 is 0.0429643 per frame over 32.2733 frames.
LOG (sgmm2-est[5.5.620~1-dce1dc]:UpdatePhoneVectorsInternal():estimate-am-sgmm2.cc:934) Auxf impr for j = 0 m = 2 is 0.0873266 per frame over 27.8987 frames.
WARNING (sgmm2-est[5.5.620~1-dce1dc]:SolveQuadraticProblem<double>():sp-matrix.cc:643) Zero quadratic term in quadratic vector problem for v: leaving it unchanged.
LOG (sgmm2-est[5.5.620~1-dce1dc]:SolveQuadraticProblem<double>():sp-matrix.cc:686) Solving quadratic problem for v: floored 3 eigenvalues. 
LOG (sgmm2-est[5.5.620~1-dce1dc]:SolveQuadraticProblem<double>():sp-matrix.cc:686) Solving quadratic problem for v: floored 3 eigenvalues. 
LOG (sgmm2-est[5.5.620~1-dce1dc]:SolveQuadraticProblem<double>():sp-matrix.cc:686) Solving quadratic problem for v: floored 2 eigenvalues. 
LOG (sgmm2-est[5.5.620~1-dce1dc]:SolveQuadraticProblem<double>():sp-matrix.cc:686) Solving quadratic problem for v: floored 2 eigenvalues. 
LOG (sgmm2-est[5.5.620~1-dce1dc]:SolveQuadraticProblem<double>():sp-matrix.cc:686) Solving quadratic problem for v: floored 3 eigenvalues. 
LOG (sgmm2-est[5.5.620~1-dce1dc]:SolveQuadraticProblem<double>():sp-matrix.cc:686) Solving quadratic problem for v: floored 3 eigenvalues. 
WARNING (sgmm2-est[5.5.620~1-dce1dc]:SolveQuadraticProblem<double>():sp-matrix.cc:643) Zero quadratic term in quadratic vector problem for v: leaving it unchanged.
WARNING (sgmm2-est[5.5.620~1-dce1dc]:SolveQuadraticProblem<double>():sp-matrix.cc:643) Zero quadratic term in quadratic vector problem for v: leaving it unchanged.
LOG (sgmm2-est[5.5.620~1-dce1dc]:UpdatePhoneVectorsInternal():estimate-am-sgmm2.cc:934) Auxf impr for j = 1 m = 0 is 0.0392151 per frame over 44.0597 frames.
LOG (sgmm2-est[5.5.620~1-dce1dc]:UpdatePhoneVectorsInternal():estimate-am-sgmm2.cc:934) Auxf impr for j = 1 m = 1 is 0.0656882 per frame over 31.2718 frames.
LOG (sgmm2-est[5.5.620~1-dce1dc]:UpdatePhoneVectorsInternal():estimate-am-sgmm2.cc:934) Auxf impr for j = 1 m = 2 is 0.0673676 per frame over 30.0073 frames.
LOG (sgmm2-est[5.5.620~1-dce1dc]:UpdatePhoneVectorsInternal():estimate-am-sgmm2.cc:934) Auxf impr for j = 2 m = 0 is 0.0242796 per frame over 32.1289 frames.
LOG (sgmm2-est[5.5.620~1-dce1dc]:UpdatePhoneVectorsInternal():estimate-am-sgmm2.cc:934) Auxf impr for j = 2 m = 1 is 0.023348 per frame over 33.0767 frames.
LOG (sgmm2-est[5.5.620~1-dce1dc]:UpdatePhoneVectorsInternal():estimate-am-sgmm2.cc:934) Auxf impr for j = 2 m = 2 is 0.0387879 per frame over 45.0002 frames.
LOG (sgmm2-est[5.5.620~1-dce1dc]:UpdatePhoneVectors():estimate-am-sgmm2.cc:800) **Overall auxf impr for v is 0.0487218 over 201863 frames
LOG (sgmm2-est[5.5.620~1-dce1dc]:SolveQuadraticMatrixProblem():sp-matrix.cc:786) Solving matrix problem for M: floored 25 eigenvalues. 
LOG (sgmm2-est[5.5.620~1-dce1dc]:SolveQuadraticMatrixProblem():sp-matrix.cc:786) Solving matrix problem for M: floored 13 eigenvalues. 
LOG (sgmm2-est[5.5.620~1-dce1dc]:SolveQuadraticMatrixProblem():sp-matrix.cc:786) Solving matrix problem for M: floored 5 eigenvalues. 
LOG (sgmm2-est[5.5.620~1-dce1dc]:SolveQuadraticMatrixProblem():sp-matrix.cc:786) Solving matrix problem for M: floored 15 eigenvalues. 
LOG (sgmm2-est[5.5.620~1-dce1dc]:SolveQuadraticMatrixProblem():sp-matrix.cc:786) Solving matrix problem for M: floored 1 eigenvalues. 
LOG (sgmm2-est[5.5.620~1-dce1dc]:SolveQuadraticMatrixProblem():sp-matrix.cc:786) Solving matrix problem for M: floored 6 eigenvalues. 
LOG (sgmm2-est[5.5.620~1-dce1dc]:SolveQuadraticMatrixProblem():sp-matrix.cc:786) Solving matrix problem for M: floored 1 eigenvalues. 
LOG (sgmm2-est[5.5.620~1-dce1dc]:SolveQuadraticMatrixProblem():sp-matrix.cc:786) Solving matrix problem for M: floored 1 eigenvalues. 
LOG (sgmm2-est[5.5.620~1-dce1dc]:SolveQuadraticMatrixProblem():sp-matrix.cc:786) Solving matrix problem for M: floored 7 eigenvalues. 
LOG (sgmm2-est[5.5.620~1-dce1dc]:SolveQuadraticMatrixProblem():sp-matrix.cc:786) Solving matrix problem for M: floored 3 eigenvalues. 
LOG (sgmm2-est[5.5.620~1-dce1dc]:SolveQuadraticMatrixProblem():sp-matrix.cc:786) Solving matrix problem for M: floored 1 eigenvalues. 
LOG (sgmm2-est[5.5.620~1-dce1dc]:SolveQuadraticMatrixProblem():sp-matrix.cc:786) Solving matrix problem for M: floored 2 eigenvalues. 
LOG (sgmm2-est[5.5.620~1-dce1dc]:SolveQuadraticMatrixProblem():sp-matrix.cc:786) Solving matrix problem for M: floored 1 eigenvalues. 
LOG (sgmm2-est[5.5.620~1-dce1dc]:SolveQuadraticMatrixProblem():sp-matrix.cc:786) Solving matrix problem for M: floored 1 eigenvalues. 
LOG (sgmm2-est[5.5.620~1-dce1dc]:SolveQuadraticMatrixProblem():sp-matrix.cc:786) Solving matrix problem for M: floored 10 eigenvalues. 
LOG (sgmm2-est[5.5.620~1-dce1dc]:SolveQuadraticMatrixProblem():sp-matrix.cc:786) Solving matrix problem for M: floored 17 eigenvalues. 
LOG (sgmm2-est[5.5.620~1-dce1dc]:SolveQuadraticMatrixProblem():sp-matrix.cc:786) Solving matrix problem for M: floored 18 eigenvalues. 
LOG (sgmm2-est[5.5.620~1-dce1dc]:SolveQuadraticMatrixProblem():sp-matrix.cc:786) Solving matrix problem for M: floored 13 eigenvalues. 
LOG (sgmm2-est[5.5.620~1-dce1dc]:SolveQuadraticMatrixProblem():sp-matrix.cc:786) Solving matrix problem for M: floored 4 eigenvalues. 
LOG (sgmm2-est[5.5.620~1-dce1dc]:SolveQuadraticMatrixProblem():sp-matrix.cc:786) Solving matrix problem for M: floored 10 eigenvalues. 
LOG (sgmm2-est[5.5.620~1-dce1dc]:SolveQuadraticMatrixProblem():sp-matrix.cc:786) Solving matrix problem for M: floored 5 eigenvalues. 
LOG (sgmm2-est[5.5.620~1-dce1dc]:SolveQuadraticMatrixProblem():sp-matrix.cc:786) Solving matrix problem for M: floored 1 eigenvalues. 
LOG (sgmm2-est[5.5.620~1-dce1dc]:SolveQuadraticMatrixProblem():sp-matrix.cc:786) Solving matrix problem for M: floored 4 eigenvalues. 
LOG (sgmm2-est[5.5.620~1-dce1dc]:SolveQuadraticMatrixProblem():sp-matrix.cc:786) Solving matrix problem for M: floored 8 eigenvalues. 
LOG (sgmm2-est[5.5.620~1-dce1dc]:SolveQuadraticMatrixProblem():sp-matrix.cc:786) Solving matrix problem for M: floored 6 eigenvalues. 
LOG (sgmm2-est[5.5.620~1-dce1dc]:SolveQuadraticMatrixProblem():sp-matrix.cc:786) Solving matrix problem for M: floored 16 eigenvalues. 
LOG (sgmm2-est[5.5.620~1-dce1dc]:SolveQuadraticMatrixProblem():sp-matrix.cc:786) Solving matrix problem for M: floored 1 eigenvalues. 
LOG (sgmm2-est[5.5.620~1-dce1dc]:SolveQuadraticMatrixProblem():sp-matrix.cc:786) Solving matrix problem for M: floored 21 eigenvalues. 
LOG (sgmm2-est[5.5.620~1-dce1dc]:SolveQuadraticMatrixProblem():sp-matrix.cc:786) Solving matrix problem for M: floored 1 eigenvalues. 
LOG (sgmm2-est[5.5.620~1-dce1dc]:SolveQuadraticMatrixProblem():sp-matrix.cc:786) Solving matrix problem for M: floored 3 eigenvalues. 
LOG (sgmm2-est[5.5.620~1-dce1dc]:SolveQuadraticMatrixProblem():sp-matrix.cc:786) Solving matrix problem for M: floored 5 eigenvalues. 
LOG (sgmm2-est[5.5.620~1-dce1dc]:SolveQuadraticMatrixProblem():sp-matrix.cc:786) Solving matrix problem for M: floored 1 eigenvalues. 
LOG (sgmm2-est[5.5.620~1-dce1dc]:SolveQuadraticMatrixProblem():sp-matrix.cc:786) Solving matrix problem for M: floored 1 eigenvalues. 
LOG (sgmm2-est[5.5.620~1-dce1dc]:SolveQuadraticMatrixProblem():sp-matrix.cc:786) Solving matrix problem for M: floored 6 eigenvalues. 
LOG (sgmm2-est[5.5.620~1-dce1dc]:SolveQuadraticMatrixProblem():sp-matrix.cc:786) Solving matrix problem for M: floored 2 eigenvalues. 
LOG (sgmm2-est[5.5.620~1-dce1dc]:SolveQuadraticMatrixProblem():sp-matrix.cc:786) Solving matrix problem for M: floored 6 eigenvalues. 
LOG (sgmm2-est[5.5.620~1-dce1dc]:SolveQuadraticMatrixProblem():sp-matrix.cc:786) Solving matrix problem for M: floored 1 eigenvalues. 
LOG (sgmm2-est[5.5.620~1-dce1dc]:SolveQuadraticMatrixProblem():sp-matrix.cc:786) Solving matrix problem for M: floored 12 eigenvalues. 
LOG (sgmm2-est[5.5.620~1-dce1dc]:SolveQuadraticMatrixProblem():sp-matrix.cc:786) Solving matrix problem for M: floored 16 eigenvalues. 
LOG (sgmm2-est[5.5.620~1-dce1dc]:SolveQuadraticMatrixProblem():sp-matrix.cc:786) Solving matrix problem for M: floored 9 eigenvalues. 
LOG (sgmm2-est[5.5.620~1-dce1dc]:SolveQuadraticMatrixProblem():sp-matrix.cc:786) Solving matrix problem for M: floored 20 eigenvalues. 
LOG (sgmm2-est[5.5.620~1-dce1dc]:SolveQuadraticMatrixProblem():sp-matrix.cc:786) Solving matrix problem for M: floored 11 eigenvalues. 
LOG (sgmm2-est[5.5.620~1-dce1dc]:SolveQuadraticMatrixProblem():sp-matrix.cc:786) Solving matrix problem for M: floored 1 eigenvalues. 
LOG (sgmm2-est[5.5.620~1-dce1dc]:SolveQuadraticMatrixProblem():sp-matrix.cc:786) Solving matrix problem for M: floored 1 eigenvalues. 
LOG (sgmm2-est[5.5.620~1-dce1dc]:SolveQuadraticMatrixProblem():sp-matrix.cc:786) Solving matrix problem for M: floored 1 eigenvalues. 
LOG (sgmm2-est[5.5.620~1-dce1dc]:SolveQuadraticMatrixProblem():sp-matrix.cc:786) Solving matrix problem for M: floored 12 eigenvalues. 
LOG (sgmm2-est[5.5.620~1-dce1dc]:SolveQuadraticMatrixProblem():sp-matrix.cc:786) Solving matrix problem for M: floored 1 eigenvalues. 
LOG (sgmm2-est[5.5.620~1-dce1dc]:SolveQuadraticMatrixProblem():sp-matrix.cc:786) Solving matrix problem for M: floored 6 eigenvalues. 
LOG (sgmm2-est[5.5.620~1-dce1dc]:SolveQuadraticMatrixProblem():sp-matrix.cc:786) Solving matrix problem for M: floored 1 eigenvalues. 
LOG (sgmm2-est[5.5.620~1-dce1dc]:SolveQuadraticMatrixProblem():sp-matrix.cc:786) Solving matrix problem for M: floored 15 eigenvalues. 
LOG (sgmm2-est[5.5.620~1-dce1dc]:SolveQuadraticMatrixProblem():sp-matrix.cc:786) Solving matrix problem for M: floored 5 eigenvalues. 
LOG (sgmm2-est[5.5.620~1-dce1dc]:SolveQuadraticMatrixProblem():sp-matrix.cc:786) Solving matrix problem for M: floored 1 eigenvalues. 
LOG (sgmm2-est[5.5.620~1-dce1dc]:SolveQuadraticMatrixProblem():sp-matrix.cc:786) Solving matrix problem for M: floored 20 eigenvalues. 
LOG (sgmm2-est[5.5.620~1-dce1dc]:SolveQuadraticMatrixProblem():sp-matrix.cc:786) Solving matrix problem for M: floored 3 eigenvalues. 
LOG (sgmm2-est[5.5.620~1-dce1dc]:SolveQuadraticMatrixProblem():sp-matrix.cc:786) Solving matrix problem for M: floored 2 eigenvalues. 
LOG (sgmm2-est[5.5.620~1-dce1dc]:SolveQuadraticMatrixProblem():sp-matrix.cc:786) Solving matrix problem for M: floored 9 eigenvalues. 
LOG (sgmm2-est[5.5.620~1-dce1dc]:SolveQuadraticMatrixProblem():sp-matrix.cc:786) Solving matrix problem for M: floored 2 eigenvalues. 
LOG (sgmm2-est[5.5.620~1-dce1dc]:SolveQuadraticMatrixProblem():sp-matrix.cc:786) Solving matrix problem for M: floored 10 eigenvalues. 
LOG (sgmm2-est[5.5.620~1-dce1dc]:SolveQuadraticMatrixProblem():sp-matrix.cc:786) Solving matrix problem for M: floored 1 eigenvalues. 
LOG (sgmm2-est[5.5.620~1-dce1dc]:SolveQuadraticMatrixProblem():sp-matrix.cc:786) Solving matrix problem for M: floored 2 eigenvalues. 
LOG (sgmm2-est[5.5.620~1-dce1dc]:SolveQuadraticMatrixProblem():sp-matrix.cc:786) Solving matrix problem for M: floored 13 eigenvalues. 
LOG (sgmm2-est[5.5.620~1-dce1dc]:SolveQuadraticMatrixProblem():sp-matrix.cc:786) Solving matrix problem for M: floored 2 eigenvalues. 
LOG (sgmm2-est[5.5.620~1-dce1dc]:SolveQuadraticMatrixProblem():sp-matrix.cc:786) Solving matrix problem for M: floored 14 eigenvalues. 
LOG (sgmm2-est[5.5.620~1-dce1dc]:SolveQuadraticMatrixProblem():sp-matrix.cc:786) Solving matrix problem for M: floored 8 eigenvalues. 
LOG (sgmm2-est[5.5.620~1-dce1dc]:SolveQuadraticMatrixProblem():sp-matrix.cc:786) Solving matrix problem for M: floored 11 eigenvalues. 
LOG (sgmm2-est[5.5.620~1-dce1dc]:SolveQuadraticMatrixProblem():sp-matrix.cc:786) Solving matrix problem for M: floored 2 eigenvalues. 
LOG (sgmm2-est[5.5.620~1-dce1dc]:SolveQuadraticMatrixProblem():sp-matrix.cc:786) Solving matrix problem for M: floored 5 eigenvalues. 
LOG (sgmm2-est[5.5.620~1-dce1dc]:SolveQuadraticMatrixProblem():sp-matrix.cc:786) Solving matrix problem for M: floored 2 eigenvalues. 
LOG (sgmm2-est[5.5.620~1-dce1dc]:SolveQuadraticMatrixProblem():sp-matrix.cc:786) Solving matrix problem for M: floored 6 eigenvalues. 
LOG (sgmm2-est[5.5.620~1-dce1dc]:SolveQuadraticMatrixProblem():sp-matrix.cc:786) Solving matrix problem for M: floored 3 eigenvalues. 
LOG (sgmm2-est[5.5.620~1-dce1dc]:SolveQuadraticMatrixProblem():sp-matrix.cc:786) Solving matrix problem for M: floored 1 eigenvalues. 
LOG (sgmm2-est[5.5.620~1-dce1dc]:SolveQuadraticMatrixProblem():sp-matrix.cc:786) Solving matrix problem for M: floored 15 eigenvalues. 
LOG (sgmm2-est[5.5.620~1-dce1dc]:SolveQuadraticMatrixProblem():sp-matrix.cc:786) Solving matrix problem for M: floored 2 eigenvalues. 
LOG (sgmm2-est[5.5.620~1-dce1dc]:SolveQuadraticMatrixProblem():sp-matrix.cc:786) Solving matrix problem for M: floored 19 eigenvalues. 
LOG (sgmm2-est[5.5.620~1-dce1dc]:SolveQuadraticMatrixProblem():sp-matrix.cc:786) Solving matrix problem for M: floored 5 eigenvalues. 
LOG (sgmm2-est[5.5.620~1-dce1dc]:SolveQuadraticMatrixProblem():sp-matrix.cc:786) Solving matrix problem for M: floored 19 eigenvalues. 
LOG (sgmm2-est[5.5.620~1-dce1dc]:SolveQuadraticMatrixProblem():sp-matrix.cc:786) Solving matrix problem for M: floored 2 eigenvalues. 
LOG (sgmm2-est[5.5.620~1-dce1dc]:SolveQuadraticMatrixProblem():sp-matrix.cc:786) Solving matrix problem for M: floored 1 eigenvalues. 
LOG (sgmm2-est[5.5.620~1-dce1dc]:SolveQuadraticMatrixProblem():sp-matrix.cc:786) Solving matrix problem for M: floored 1 eigenvalues. 
LOG (sgmm2-est[5.5.620~1-dce1dc]:SolveQuadraticMatrixProblem():sp-matrix.cc:786) Solving matrix problem for M: floored 5 eigenvalues. 
LOG (sgmm2-est[5.5.620~1-dce1dc]:SolveQuadraticMatrixProblem():sp-matrix.cc:786) Solving matrix problem for M: floored 1 eigenvalues. 
LOG (sgmm2-est[5.5.620~1-dce1dc]:SolveQuadraticMatrixProblem():sp-matrix.cc:786) Solving matrix problem for M: floored 2 eigenvalues. 
LOG (sgmm2-est[5.5.620~1-dce1dc]:SolveQuadraticMatrixProblem():sp-matrix.cc:786) Solving matrix problem for M: floored 4 eigenvalues. 
LOG (sgmm2-est[5.5.620~1-dce1dc]:SolveQuadraticMatrixProblem():sp-matrix.cc:786) Solving matrix problem for M: floored 1 eigenvalues. 
LOG (sgmm2-est[5.5.620~1-dce1dc]:SolveQuadraticMatrixProblem():sp-matrix.cc:786) Solving matrix problem for M: floored 1 eigenvalues. 
LOG (sgmm2-est[5.5.620~1-dce1dc]:SolveQuadraticMatrixProblem():sp-matrix.cc:786) Solving matrix problem for M: floored 11 eigenvalues. 
LOG (sgmm2-est[5.5.620~1-dce1dc]:SolveQuadraticMatrixProblem():sp-matrix.cc:786) Solving matrix problem for M: floored 4 eigenvalues. 
LOG (sgmm2-est[5.5.620~1-dce1dc]:SolveQuadraticMatrixProblem():sp-matrix.cc:786) Solving matrix problem for M: floored 1 eigenvalues. 
LOG (sgmm2-est[5.5.620~1-dce1dc]:SolveQuadraticMatrixProblem():sp-matrix.cc:786) Solving matrix problem for M: floored 5 eigenvalues. 
LOG (sgmm2-est[5.5.620~1-dce1dc]:SolveQuadraticMatrixProblem():sp-matrix.cc:786) Solving matrix problem for M: floored 15 eigenvalues. 
LOG (sgmm2-est[5.5.620~1-dce1dc]:SolveQuadraticMatrixProblem():sp-matrix.cc:786) Solving matrix problem for M: floored 4 eigenvalues. 
LOG (sgmm2-est[5.5.620~1-dce1dc]:SolveQuadraticMatrixProblem():sp-matrix.cc:786) Solving matrix problem for M: floored 21 eigenvalues. 
LOG (sgmm2-est[5.5.620~1-dce1dc]:SolveQuadraticMatrixProblem():sp-matrix.cc:786) Solving matrix problem for M: floored 7 eigenvalues. 
LOG (sgmm2-est[5.5.620~1-dce1dc]:SolveQuadraticMatrixProblem():sp-matrix.cc:786) Solving matrix problem for M: floored 9 eigenvalues. 
LOG (sgmm2-est[5.5.620~1-dce1dc]:SolveQuadraticMatrixProblem():sp-matrix.cc:786) Solving matrix problem for M: floored 2 eigenvalues. 
LOG (sgmm2-est[5.5.620~1-dce1dc]:SolveQuadraticMatrixProblem():sp-matrix.cc:786) Solving matrix problem for M: floored 1 eigenvalues. 
LOG (sgmm2-est[5.5.620~1-dce1dc]:SolveQuadraticMatrixProblem():sp-matrix.cc:786) Solving matrix problem for M: floored 3 eigenvalues. 
LOG (sgmm2-est[5.5.620~1-dce1dc]:SolveQuadraticMatrixProblem():sp-matrix.cc:786) Solving matrix problem for M: floored 1 eigenvalues. 
LOG (sgmm2-est[5.5.620~1-dce1dc]:SolveQuadraticMatrixProblem():sp-matrix.cc:786) Solving matrix problem for M: floored 6 eigenvalues. 
LOG (sgmm2-est[5.5.620~1-dce1dc]:SolveQuadraticMatrixProblem():sp-matrix.cc:786) Solving matrix problem for M: floored 1 eigenvalues. 
LOG (sgmm2-est[5.5.620~1-dce1dc]:SolveQuadraticMatrixProblem():sp-matrix.cc:786) Solving matrix problem for M: floored 11 eigenvalues. 
LOG (sgmm2-est[5.5.620~1-dce1dc]:SolveQuadraticMatrixProblem():sp-matrix.cc:786) Solving matrix problem for M: floored 2 eigenvalues. 
LOG (sgmm2-est[5.5.620~1-dce1dc]:SolveQuadraticMatrixProblem():sp-matrix.cc:786) Solving matrix problem for M: floored 2 eigenvalues. 
LOG (sgmm2-est[5.5.620~1-dce1dc]:SolveQuadraticMatrixProblem():sp-matrix.cc:786) Solving matrix problem for M: floored 10 eigenvalues. 
LOG (sgmm2-est[5.5.620~1-dce1dc]:SolveQuadraticMatrixProblem():sp-matrix.cc:786) Solving matrix problem for M: floored 1 eigenvalues. 
LOG (sgmm2-est[5.5.620~1-dce1dc]:SolveQuadraticMatrixProblem():sp-matrix.cc:786) Solving matrix problem for M: floored 2 eigenvalues. 
LOG (sgmm2-est[5.5.620~1-dce1dc]:SolveQuadraticMatrixProblem():sp-matrix.cc:786) Solving matrix problem for M: floored 1 eigenvalues. 
LOG (sgmm2-est[5.5.620~1-dce1dc]:SolveQuadraticMatrixProblem():sp-matrix.cc:786) Solving matrix problem for M: floored 3 eigenvalues. 
LOG (sgmm2-est[5.5.620~1-dce1dc]:SolveQuadraticMatrixProblem():sp-matrix.cc:786) Solving matrix problem for M: floored 1 eigenvalues. 
LOG (sgmm2-est[5.5.620~1-dce1dc]:SolveQuadraticMatrixProblem():sp-matrix.cc:786) Solving matrix problem for M: floored 1 eigenvalues. 
LOG (sgmm2-est[5.5.620~1-dce1dc]:SolveQuadraticMatrixProblem():sp-matrix.cc:786) Solving matrix problem for M: floored 13 eigenvalues. 
LOG (sgmm2-est[5.5.620~1-dce1dc]:SolveQuadraticMatrixProblem():sp-matrix.cc:786) Solving matrix problem for M: floored 7 eigenvalues. 
LOG (sgmm2-est[5.5.620~1-dce1dc]:SolveQuadraticMatrixProblem():sp-matrix.cc:786) Solving matrix problem for M: floored 1 eigenvalues. 
LOG (sgmm2-est[5.5.620~1-dce1dc]:SolveQuadraticMatrixProblem():sp-matrix.cc:786) Solving matrix problem for M: floored 2 eigenvalues. 
LOG (sgmm2-est[5.5.620~1-dce1dc]:SolveQuadraticMatrixProblem():sp-matrix.cc:786) Solving matrix problem for M: floored 10 eigenvalues. 
LOG (sgmm2-est[5.5.620~1-dce1dc]:SolveQuadraticMatrixProblem():sp-matrix.cc:786) Solving matrix problem for M: floored 3 eigenvalues. 
LOG (sgmm2-est[5.5.620~1-dce1dc]:SolveQuadraticMatrixProblem():sp-matrix.cc:786) Solving matrix problem for M: floored 6 eigenvalues. 
LOG (sgmm2-est[5.5.620~1-dce1dc]:SolveQuadraticMatrixProblem():sp-matrix.cc:786) Solving matrix problem for M: floored 2 eigenvalues. 
LOG (sgmm2-est[5.5.620~1-dce1dc]:SolveQuadraticMatrixProblem():sp-matrix.cc:786) Solving matrix problem for M: floored 3 eigenvalues. 
LOG (sgmm2-est[5.5.620~1-dce1dc]:SolveQuadraticMatrixProblem():sp-matrix.cc:786) Solving matrix problem for M: floored 10 eigenvalues. 
LOG (sgmm2-est[5.5.620~1-dce1dc]:SolveQuadraticMatrixProblem():sp-matrix.cc:786) Solving matrix problem for M: floored 3 eigenvalues. 
LOG (sgmm2-est[5.5.620~1-dce1dc]:SolveQuadraticMatrixProblem():sp-matrix.cc:786) Solving matrix problem for M: floored 7 eigenvalues. 
LOG (sgmm2-est[5.5.620~1-dce1dc]:SolveQuadraticMatrixProblem():sp-matrix.cc:786) Solving matrix problem for M: floored 5 eigenvalues. 
LOG (sgmm2-est[5.5.620~1-dce1dc]:SolveQuadraticMatrixProblem():sp-matrix.cc:786) Solving matrix problem for M: floored 3 eigenvalues. 
LOG (sgmm2-est[5.5.620~1-dce1dc]:SolveQuadraticMatrixProblem():sp-matrix.cc:786) Solving matrix problem for M: floored 5 eigenvalues. 
LOG (sgmm2-est[5.5.620~1-dce1dc]:SolveQuadraticMatrixProblem():sp-matrix.cc:786) Solving matrix problem for M: floored 1 eigenvalues. 
LOG (sgmm2-est[5.5.620~1-dce1dc]:SolveQuadraticMatrixProblem():sp-matrix.cc:786) Solving matrix problem for M: floored 20 eigenvalues. 
LOG (sgmm2-est[5.5.620~1-dce1dc]:SolveQuadraticMatrixProblem():sp-matrix.cc:786) Solving matrix problem for M: floored 1 eigenvalues. 
LOG (sgmm2-est[5.5.620~1-dce1dc]:SolveQuadraticMatrixProblem():sp-matrix.cc:786) Solving matrix problem for M: floored 18 eigenvalues. 
LOG (sgmm2-est[5.5.620~1-dce1dc]:SolveQuadraticMatrixProblem():sp-matrix.cc:786) Solving matrix problem for M: floored 12 eigenvalues. 
LOG (sgmm2-est[5.5.620~1-dce1dc]:SolveQuadraticMatrixProblem():sp-matrix.cc:786) Solving matrix problem for M: floored 9 eigenvalues. 
LOG (sgmm2-est[5.5.620~1-dce1dc]:SolveQuadraticMatrixProblem():sp-matrix.cc:786) Solving matrix problem for M: floored 1 eigenvalues. 
LOG (sgmm2-est[5.5.620~1-dce1dc]:SolveQuadraticMatrixProblem():sp-matrix.cc:786) Solving matrix problem for M: floored 1 eigenvalues. 
LOG (sgmm2-est[5.5.620~1-dce1dc]:SolveQuadraticMatrixProblem():sp-matrix.cc:786) Solving matrix problem for M: floored 7 eigenvalues. 
LOG (sgmm2-est[5.5.620~1-dce1dc]:SolveQuadraticMatrixProblem():sp-matrix.cc:786) Solving matrix problem for M: floored 15 eigenvalues. 
LOG (sgmm2-est[5.5.620~1-dce1dc]:SolveQuadraticMatrixProblem():sp-matrix.cc:786) Solving matrix problem for M: floored 15 eigenvalues. 
LOG (sgmm2-est[5.5.620~1-dce1dc]:SolveQuadraticMatrixProblem():sp-matrix.cc:786) Solving matrix problem for M: floored 15 eigenvalues. 
LOG (sgmm2-est[5.5.620~1-dce1dc]:SolveQuadraticMatrixProblem():sp-matrix.cc:786) Solving matrix problem for M: floored 4 eigenvalues. 
LOG (sgmm2-est[5.5.620~1-dce1dc]:SolveQuadraticMatrixProblem():sp-matrix.cc:786) Solving matrix problem for M: floored 1 eigenvalues. 
LOG (sgmm2-est[5.5.620~1-dce1dc]:SolveQuadraticMatrixProblem():sp-matrix.cc:786) Solving matrix problem for M: floored 1 eigenvalues. 
LOG (sgmm2-est[5.5.620~1-dce1dc]:SolveQuadraticMatrixProblem():sp-matrix.cc:786) Solving matrix problem for M: floored 2 eigenvalues. 
LOG (sgmm2-est[5.5.620~1-dce1dc]:SolveQuadraticMatrixProblem():sp-matrix.cc:786) Solving matrix problem for M: floored 1 eigenvalues. 
LOG (sgmm2-est[5.5.620~1-dce1dc]:SolveQuadraticMatrixProblem():sp-matrix.cc:786) Solving matrix problem for M: floored 1 eigenvalues. 
LOG (sgmm2-est[5.5.620~1-dce1dc]:SolveQuadraticMatrixProblem():sp-matrix.cc:786) Solving matrix problem for M: floored 2 eigenvalues. 
LOG (sgmm2-est[5.5.620~1-dce1dc]:SolveQuadraticMatrixProblem():sp-matrix.cc:786) Solving matrix problem for M: floored 2 eigenvalues. 
LOG (sgmm2-est[5.5.620~1-dce1dc]:SolveQuadraticMatrixProblem():sp-matrix.cc:786) Solving matrix problem for M: floored 5 eigenvalues. 
LOG (sgmm2-est[5.5.620~1-dce1dc]:SolveQuadraticMatrixProblem():sp-matrix.cc:786) Solving matrix problem for M: floored 2 eigenvalues. 
LOG (sgmm2-est[5.5.620~1-dce1dc]:SolveQuadraticMatrixProblem():sp-matrix.cc:786) Solving matrix problem for M: floored 1 eigenvalues. 
LOG (sgmm2-est[5.5.620~1-dce1dc]:SolveQuadraticMatrixProblem():sp-matrix.cc:786) Solving matrix problem for M: floored 1 eigenvalues. 
LOG (sgmm2-est[5.5.620~1-dce1dc]:SolveQuadraticMatrixProblem():sp-matrix.cc:786) Solving matrix problem for M: floored 1 eigenvalues. 
LOG (sgmm2-est[5.5.620~1-dce1dc]:SolveQuadraticMatrixProblem():sp-matrix.cc:786) Solving matrix problem for M: floored 29 eigenvalues. 
LOG (sgmm2-est[5.5.620~1-dce1dc]:SolveQuadraticMatrixProblem():sp-matrix.cc:786) Solving matrix problem for M: floored 1 eigenvalues. 
LOG (sgmm2-est[5.5.620~1-dce1dc]:SolveQuadraticMatrixProblem():sp-matrix.cc:786) Solving matrix problem for M: floored 1 eigenvalues. 
LOG (sgmm2-est[5.5.620~1-dce1dc]:SolveQuadraticMatrixProblem():sp-matrix.cc:786) Solving matrix problem for M: floored 1 eigenvalues. 
LOG (sgmm2-est[5.5.620~1-dce1dc]:UpdateM():estimate-am-sgmm2.cc:1074) Overall objective function improvement for model projections M is 8.13483e-05 over 201863 frames
LOG (sgmm2-est[5.5.620~1-dce1dc]:UpdateW():estimate-am-sgmm2.cc:1325) Updating weight projections
LOG (sgmm2-est[5.5.620~1-dce1dc]:UpdateW():estimate-am-sgmm2.cc:1379) Predicted objf impr for w, iter = 0, i = 0 is 0.000352373 per frame over 488.877 frames.
LOG (sgmm2-est[5.5.620~1-dce1dc]:UpdateW():estimate-am-sgmm2.cc:1379) Predicted objf impr for w, iter = 0, i = 1 is 0.000302098 per frame over 170 frames.
LOG (sgmm2-est[5.5.620~1-dce1dc]:UpdateW():estimate-am-sgmm2.cc:1379) Predicted objf impr for w, iter = 0, i = 2 is 0.000514506 per frame over 265.895 frames.
LOG (sgmm2-est[5.5.620~1-dce1dc]:UpdateW():estimate-am-sgmm2.cc:1379) Predicted objf impr for w, iter = 0, i = 3 is 0.00101193 per frame over 641.748 frames.
LOG (sgmm2-est[5.5.620~1-dce1dc]:UpdateW():estimate-am-sgmm2.cc:1379) Predicted objf impr for w, iter = 0, i = 4 is 0.000948087 per frame over 217.982 frames.
LOG (sgmm2-est[5.5.620~1-dce1dc]:UpdateW():estimate-am-sgmm2.cc:1379) Predicted objf impr for w, iter = 0, i = 5 is 0.000384602 per frame over 361.973 frames.
LOG (sgmm2-est[5.5.620~1-dce1dc]:UpdateW():estimate-am-sgmm2.cc:1379) Predicted objf impr for w, iter = 0, i = 6 is 0.000346702 per frame over 256.861 frames.
LOG (sgmm2-est[5.5.620~1-dce1dc]:UpdateW():estimate-am-sgmm2.cc:1379) Predicted objf impr for w, iter = 0, i = 7 is 0.000524151 per frame over 320.268 frames.
LOG (sgmm2-est[5.5.620~1-dce1dc]:UpdateW():estimate-am-sgmm2.cc:1379) Predicted objf impr for w, iter = 0, i = 8 is 0.00134769 per frame over 329.96 frames.
LOG (sgmm2-est[5.5.620~1-dce1dc]:UpdateW():estimate-am-sgmm2.cc:1379) Predicted objf impr for w, iter = 0, i = 9 is 0.000226804 per frame over 508.118 frames.
LOG (sgmm2-est[5.5.620~1-dce1dc]:SolveQuadraticProblem<double>():sp-matrix.cc:686) Solving quadratic problem for w: floored 23 eigenvalues. 
LOG (sgmm2-est[5.5.620~1-dce1dc]:SolveQuadraticProblem<double>():sp-matrix.cc:686) Solving quadratic problem for w: floored 1 eigenvalues. 
LOG (sgmm2-est[5.5.620~1-dce1dc]:SolveQuadraticProblem<double>():sp-matrix.cc:686) Solving quadratic problem for w: floored 1 eigenvalues. 
LOG (sgmm2-est[5.5.620~1-dce1dc]:SolveQuadraticProblem<double>():sp-matrix.cc:686) Solving quadratic problem for w: floored 3 eigenvalues. 
LOG (sgmm2-est[5.5.620~1-dce1dc]:SolveQuadraticProblem<double>():sp-matrix.cc:686) Solving quadratic problem for w: floored 1 eigenvalues. 
LOG (sgmm2-est[5.5.620~1-dce1dc]:SolveQuadraticProblem<double>():sp-matrix.cc:686) Solving quadratic problem for w: floored 1 eigenvalues. 
LOG (sgmm2-est[5.5.620~1-dce1dc]:SolveQuadraticProblem<double>():sp-matrix.cc:686) Solving quadratic problem for w: floored 14 eigenvalues. 
LOG (sgmm2-est[5.5.620~1-dce1dc]:SolveQuadraticProblem<double>():sp-matrix.cc:686) Solving quadratic problem for w: floored 15 eigenvalues. 
LOG (sgmm2-est[5.5.620~1-dce1dc]:SolveQuadraticProblem<double>():sp-matrix.cc:686) Solving quadratic problem for w: floored 7 eigenvalues. 
LOG (sgmm2-est[5.5.620~1-dce1dc]:SolveQuadraticProblem<double>():sp-matrix.cc:686) Solving quadratic problem for w: floored 1 eigenvalues. 
LOG (sgmm2-est[5.5.620~1-dce1dc]:SolveQuadraticProblem<double>():sp-matrix.cc:686) Solving quadratic problem for w: floored 8 eigenvalues. 
LOG (sgmm2-est[5.5.620~1-dce1dc]:SolveQuadraticProblem<double>():sp-matrix.cc:686) Solving quadratic problem for w: floored 1 eigenvalues. 
LOG (sgmm2-est[5.5.620~1-dce1dc]:SolveQuadraticProblem<double>():sp-matrix.cc:686) Solving quadratic problem for w: floored 1 eigenvalues. 
LOG (sgmm2-est[5.5.620~1-dce1dc]:SolveQuadraticProblem<double>():sp-matrix.cc:686) Solving quadratic problem for w: floored 2 eigenvalues. 
LOG (sgmm2-est[5.5.620~1-dce1dc]:SolveQuadraticProblem<double>():sp-matrix.cc:686) Solving quadratic problem for w: floored 5 eigenvalues. 
LOG (sgmm2-est[5.5.620~1-dce1dc]:SolveQuadraticProblem<double>():sp-matrix.cc:686) Solving quadratic problem for w: floored 8 eigenvalues. 
LOG (sgmm2-est[5.5.620~1-dce1dc]:SolveQuadraticProblem<double>():sp-matrix.cc:686) Solving quadratic problem for w: floored 1 eigenvalues. 
LOG (sgmm2-est[5.5.620~1-dce1dc]:SolveQuadraticProblem<double>():sp-matrix.cc:686) Solving quadratic problem for w: floored 1 eigenvalues. 
LOG (sgmm2-est[5.5.620~1-dce1dc]:SolveQuadraticProblem<double>():sp-matrix.cc:686) Solving quadratic problem for w: floored 1 eigenvalues. 
LOG (sgmm2-est[5.5.620~1-dce1dc]:SolveQuadraticProblem<double>():sp-matrix.cc:686) Solving quadratic problem for w: floored 4 eigenvalues. 
LOG (sgmm2-est[5.5.620~1-dce1dc]:SolveQuadraticProblem<double>():sp-matrix.cc:686) Solving quadratic problem for w: floored 5 eigenvalues. 
LOG (sgmm2-est[5.5.620~1-dce1dc]:SolveQuadraticProblem<double>():sp-matrix.cc:686) Solving quadratic problem for w: floored 3 eigenvalues. 
LOG (sgmm2-est[5.5.620~1-dce1dc]:SolveQuadraticProblem<double>():sp-matrix.cc:686) Solving quadratic problem for w: floored 2 eigenvalues. 
LOG (sgmm2-est[5.5.620~1-dce1dc]:SolveQuadraticProblem<double>():sp-matrix.cc:686) Solving quadratic problem for w: floored 1 eigenvalues. 
LOG (sgmm2-est[5.5.620~1-dce1dc]:SolveQuadraticProblem<double>():sp-matrix.cc:686) Solving quadratic problem for w: floored 2 eigenvalues. 
LOG (sgmm2-est[5.5.620~1-dce1dc]:SolveQuadraticProblem<double>():sp-matrix.cc:686) Solving quadratic problem for w: floored 1 eigenvalues. 
LOG (sgmm2-est[5.5.620~1-dce1dc]:SolveQuadraticProblem<double>():sp-matrix.cc:686) Solving quadratic problem for w: floored 19 eigenvalues. 
LOG (sgmm2-est[5.5.620~1-dce1dc]:SolveQuadraticProblem<double>():sp-matrix.cc:686) Solving quadratic problem for w: floored 19 eigenvalues. 
LOG (sgmm2-est[5.5.620~1-dce1dc]:SolveQuadraticProblem<double>():sp-matrix.cc:686) Solving quadratic problem for w: floored 1 eigenvalues. 
LOG (sgmm2-est[5.5.620~1-dce1dc]:SolveQuadraticProblem<double>():sp-matrix.cc:686) Solving quadratic problem for w: floored 11 eigenvalues. 
LOG (sgmm2-est[5.5.620~1-dce1dc]:SolveQuadraticProblem<double>():sp-matrix.cc:686) Solving quadratic problem for w: floored 18 eigenvalues. 
LOG (sgmm2-est[5.5.620~1-dce1dc]:SolveQuadraticProblem<double>():sp-matrix.cc:686) Solving quadratic problem for w: floored 1 eigenvalues. 
LOG (sgmm2-est[5.5.620~1-dce1dc]:SolveQuadraticProblem<double>():sp-matrix.cc:686) Solving quadratic problem for w: floored 1 eigenvalues. 
LOG (sgmm2-est[5.5.620~1-dce1dc]:SolveQuadraticProblem<double>():sp-matrix.cc:686) Solving quadratic problem for w: floored 1 eigenvalues. 
LOG (sgmm2-est[5.5.620~1-dce1dc]:SolveQuadraticProblem<double>():sp-matrix.cc:686) Solving quadratic problem for w: floored 1 eigenvalues. 
LOG (sgmm2-est[5.5.620~1-dce1dc]:SolveQuadraticProblem<double>():sp-matrix.cc:686) Solving quadratic problem for w: floored 1 eigenvalues. 
LOG (sgmm2-est[5.5.620~1-dce1dc]:SolveQuadraticProblem<double>():sp-matrix.cc:686) Solving quadratic problem for w: floored 12 eigenvalues. 
LOG (sgmm2-est[5.5.620~1-dce1dc]:SolveQuadraticProblem<double>():sp-matrix.cc:686) Solving quadratic problem for w: floored 1 eigenvalues. 
LOG (sgmm2-est[5.5.620~1-dce1dc]:SolveQuadraticProblem<double>():sp-matrix.cc:686) Solving quadratic problem for w: floored 2 eigenvalues. 
LOG (sgmm2-est[5.5.620~1-dce1dc]:SolveQuadraticProblem<double>():sp-matrix.cc:686) Solving quadratic problem for w: floored 3 eigenvalues. 
LOG (sgmm2-est[5.5.620~1-dce1dc]:SolveQuadraticProblem<double>():sp-matrix.cc:686) Solving quadratic problem for w: floored 2 eigenvalues. 
LOG (sgmm2-est[5.5.620~1-dce1dc]:SolveQuadraticProblem<double>():sp-matrix.cc:686) Solving quadratic problem for w: floored 1 eigenvalues. 
LOG (sgmm2-est[5.5.620~1-dce1dc]:SolveQuadraticProblem<double>():sp-matrix.cc:686) Solving quadratic problem for w: floored 1 eigenvalues. 
LOG (sgmm2-est[5.5.620~1-dce1dc]:SolveQuadraticProblem<double>():sp-matrix.cc:686) Solving quadratic problem for w: floored 28 eigenvalues. 
LOG (sgmm2-est[5.5.620~1-dce1dc]:SolveQuadraticProblem<double>():sp-matrix.cc:686) Solving quadratic problem for w: floored 1 eigenvalues. 
LOG (sgmm2-est[5.5.620~1-dce1dc]:UpdateW():estimate-am-sgmm2.cc:1379) Predicted objf impr for w, iter = 1, i = 0 is 9.63773e-05 per frame over 488.877 frames.
LOG (sgmm2-est[5.5.620~1-dce1dc]:UpdateW():estimate-am-sgmm2.cc:1379) Predicted objf impr for w, iter = 1, i = 1 is 8.40729e-05 per frame over 170 frames.
LOG (sgmm2-est[5.5.620~1-dce1dc]:UpdateW():estimate-am-sgmm2.cc:1379) Predicted objf impr for w, iter = 1, i = 2 is 8.10746e-05 per frame over 265.895 frames.
LOG (sgmm2-est[5.5.620~1-dce1dc]:UpdateW():estimate-am-sgmm2.cc:1379) Predicted objf impr for w, iter = 1, i = 3 is 0.000177993 per frame over 641.748 frames.
LOG (sgmm2-est[5.5.620~1-dce1dc]:UpdateW():estimate-am-sgmm2.cc:1379) Predicted objf impr for w, iter = 1, i = 4 is 0.000190881 per frame over 217.982 frames.
LOG (sgmm2-est[5.5.620~1-dce1dc]:UpdateW():estimate-am-sgmm2.cc:1379) Predicted objf impr for w, iter = 1, i = 5 is 9.23074e-05 per frame over 361.973 frames.
LOG (sgmm2-est[5.5.620~1-dce1dc]:UpdateW():estimate-am-sgmm2.cc:1379) Predicted objf impr for w, iter = 1, i = 6 is 0.000105229 per frame over 256.861 frames.
LOG (sgmm2-est[5.5.620~1-dce1dc]:UpdateW():estimate-am-sgmm2.cc:1379) Predicted objf impr for w, iter = 1, i = 7 is 0.000104543 per frame over 320.268 frames.
LOG (sgmm2-est[5.5.620~1-dce1dc]:UpdateW():estimate-am-sgmm2.cc:1379) Predicted objf impr for w, iter = 1, i = 8 is 0.000188204 per frame over 329.96 frames.
LOG (sgmm2-est[5.5.620~1-dce1dc]:UpdateW():estimate-am-sgmm2.cc:1379) Predicted objf impr for w, iter = 1, i = 9 is 4.90388e-05 per frame over 508.118 frames.
LOG (sgmm2-est[5.5.620~1-dce1dc]:SolveQuadraticProblem<double>():sp-matrix.cc:686) Solving quadratic problem for w: floored 23 eigenvalues. 
LOG (sgmm2-est[5.5.620~1-dce1dc]:SolveQuadraticProblem<double>():sp-matrix.cc:686) Solving quadratic problem for w: floored 1 eigenvalues. 
LOG (sgmm2-est[5.5.620~1-dce1dc]:SolveQuadraticProblem<double>():sp-matrix.cc:686) Solving quadratic problem for w: floored 1 eigenvalues. 
LOG (sgmm2-est[5.5.620~1-dce1dc]:SolveQuadraticProblem<double>():sp-matrix.cc:686) Solving quadratic problem for w: floored 2 eigenvalues. 
LOG (sgmm2-est[5.5.620~1-dce1dc]:SolveQuadraticProblem<double>():sp-matrix.cc:686) Solving quadratic problem for w: floored 1 eigenvalues. 
LOG (sgmm2-est[5.5.620~1-dce1dc]:SolveQuadraticProblem<double>():sp-matrix.cc:686) Solving quadratic problem for w: floored 1 eigenvalues. 
LOG (sgmm2-est[5.5.620~1-dce1dc]:SolveQuadraticProblem<double>():sp-matrix.cc:686) Solving quadratic problem for w: floored 14 eigenvalues. 
LOG (sgmm2-est[5.5.620~1-dce1dc]:SolveQuadraticProblem<double>():sp-matrix.cc:686) Solving quadratic problem for w: floored 15 eigenvalues. 
LOG (sgmm2-est[5.5.620~1-dce1dc]:SolveQuadraticProblem<double>():sp-matrix.cc:686) Solving quadratic problem for w: floored 7 eigenvalues. 
LOG (sgmm2-est[5.5.620~1-dce1dc]:SolveQuadraticProblem<double>():sp-matrix.cc:686) Solving quadratic problem for w: floored 1 eigenvalues. 
LOG (sgmm2-est[5.5.620~1-dce1dc]:SolveQuadraticProblem<double>():sp-matrix.cc:686) Solving quadratic problem for w: floored 7 eigenvalues. 
LOG (sgmm2-est[5.5.620~1-dce1dc]:SolveQuadraticProblem<double>():sp-matrix.cc:686) Solving quadratic problem for w: floored 1 eigenvalues. 
LOG (sgmm2-est[5.5.620~1-dce1dc]:SolveQuadraticProblem<double>():sp-matrix.cc:686) Solving quadratic problem for w: floored 1 eigenvalues. 
LOG (sgmm2-est[5.5.620~1-dce1dc]:SolveQuadraticProblem<double>():sp-matrix.cc:686) Solving quadratic problem for w: floored 2 eigenvalues. 
LOG (sgmm2-est[5.5.620~1-dce1dc]:SolveQuadraticProblem<double>():sp-matrix.cc:686) Solving quadratic problem for w: floored 5 eigenvalues. 
LOG (sgmm2-est[5.5.620~1-dce1dc]:SolveQuadraticProblem<double>():sp-matrix.cc:686) Solving quadratic problem for w: floored 9 eigenvalues. 
LOG (sgmm2-est[5.5.620~1-dce1dc]:SolveQuadraticProblem<double>():sp-matrix.cc:686) Solving quadratic problem for w: floored 1 eigenvalues. 
LOG (sgmm2-est[5.5.620~1-dce1dc]:SolveQuadraticProblem<double>():sp-matrix.cc:686) Solving quadratic problem for w: floored 1 eigenvalues. 
LOG (sgmm2-est[5.5.620~1-dce1dc]:SolveQuadraticProblem<double>():sp-matrix.cc:686) Solving quadratic problem for w: floored 1 eigenvalues. 
LOG (sgmm2-est[5.5.620~1-dce1dc]:SolveQuadraticProblem<double>():sp-matrix.cc:686) Solving quadratic problem for w: floored 4 eigenvalues. 
LOG (sgmm2-est[5.5.620~1-dce1dc]:SolveQuadraticProblem<double>():sp-matrix.cc:686) Solving quadratic problem for w: floored 4 eigenvalues. 
LOG (sgmm2-est[5.5.620~1-dce1dc]:SolveQuadraticProblem<double>():sp-matrix.cc:686) Solving quadratic problem for w: floored 3 eigenvalues. 
LOG (sgmm2-est[5.5.620~1-dce1dc]:SolveQuadraticProblem<double>():sp-matrix.cc:686) Solving quadratic problem for w: floored 2 eigenvalues. 
LOG (sgmm2-est[5.5.620~1-dce1dc]:SolveQuadraticProblem<double>():sp-matrix.cc:686) Solving quadratic problem for w: floored 1 eigenvalues. 
LOG (sgmm2-est[5.5.620~1-dce1dc]:SolveQuadraticProblem<double>():sp-matrix.cc:686) Solving quadratic problem for w: floored 2 eigenvalues. 
LOG (sgmm2-est[5.5.620~1-dce1dc]:SolveQuadraticProblem<double>():sp-matrix.cc:686) Solving quadratic problem for w: floored 1 eigenvalues. 
LOG (sgmm2-est[5.5.620~1-dce1dc]:SolveQuadraticProblem<double>():sp-matrix.cc:686) Solving quadratic problem for w: floored 19 eigenvalues. 
LOG (sgmm2-est[5.5.620~1-dce1dc]:SolveQuadraticProblem<double>():sp-matrix.cc:686) Solving quadratic problem for w: floored 18 eigenvalues. 
LOG (sgmm2-est[5.5.620~1-dce1dc]:SolveQuadraticProblem<double>():sp-matrix.cc:686) Solving quadratic problem for w: floored 1 eigenvalues. 
LOG (sgmm2-est[5.5.620~1-dce1dc]:SolveQuadraticProblem<double>():sp-matrix.cc:686) Solving quadratic problem for w: floored 12 eigenvalues. 
LOG (sgmm2-est[5.5.620~1-dce1dc]:SolveQuadraticProblem<double>():sp-matrix.cc:686) Solving quadratic problem for w: floored 18 eigenvalues. 
LOG (sgmm2-est[5.5.620~1-dce1dc]:SolveQuadraticProblem<double>():sp-matrix.cc:686) Solving quadratic problem for w: floored 1 eigenvalues. 
LOG (sgmm2-est[5.5.620~1-dce1dc]:SolveQuadraticProblem<double>():sp-matrix.cc:686) Solving quadratic problem for w: floored 1 eigenvalues. 
LOG (sgmm2-est[5.5.620~1-dce1dc]:SolveQuadraticProblem<double>():sp-matrix.cc:686) Solving quadratic problem for w: floored 1 eigenvalues. 
LOG (sgmm2-est[5.5.620~1-dce1dc]:SolveQuadraticProblem<double>():sp-matrix.cc:686) Solving quadratic problem for w: floored 1 eigenvalues. 
LOG (sgmm2-est[5.5.620~1-dce1dc]:SolveQuadraticProblem<double>():sp-matrix.cc:686) Solving quadratic problem for w: floored 1 eigenvalues. 
LOG (sgmm2-est[5.5.620~1-dce1dc]:SolveQuadraticProblem<double>():sp-matrix.cc:686) Solving quadratic problem for w: floored 12 eigenvalues. 
LOG (sgmm2-est[5.5.620~1-dce1dc]:SolveQuadraticProblem<double>():sp-matrix.cc:686) Solving quadratic problem for w: floored 1 eigenvalues. 
LOG (sgmm2-est[5.5.620~1-dce1dc]:SolveQuadraticProblem<double>():sp-matrix.cc:686) Solving quadratic problem for w: floored 1 eigenvalues. 
LOG (sgmm2-est[5.5.620~1-dce1dc]:SolveQuadraticProblem<double>():sp-matrix.cc:686) Solving quadratic problem for w: floored 2 eigenvalues. 
LOG (sgmm2-est[5.5.620~1-dce1dc]:SolveQuadraticProblem<double>():sp-matrix.cc:686) Solving quadratic problem for w: floored 1 eigenvalues. 
LOG (sgmm2-est[5.5.620~1-dce1dc]:SolveQuadraticProblem<double>():sp-matrix.cc:686) Solving quadratic problem for w: floored 1 eigenvalues. 
LOG (sgmm2-est[5.5.620~1-dce1dc]:SolveQuadraticProblem<double>():sp-matrix.cc:686) Solving quadratic problem for w: floored 1 eigenvalues. 
LOG (sgmm2-est[5.5.620~1-dce1dc]:SolveQuadraticProblem<double>():sp-matrix.cc:686) Solving quadratic problem for w: floored 27 eigenvalues. 
LOG (sgmm2-est[5.5.620~1-dce1dc]:SolveQuadraticProblem<double>():sp-matrix.cc:686) Solving quadratic problem for w: floored 1 eigenvalues. 
LOG (sgmm2-est[5.5.620~1-dce1dc]:UpdateW():estimate-am-sgmm2.cc:1379) Predicted objf impr for w, iter = 2, i = 0 is 4.66965e-05 per frame over 488.877 frames.
LOG (sgmm2-est[5.5.620~1-dce1dc]:UpdateW():estimate-am-sgmm2.cc:1379) Predicted objf impr for w, iter = 2, i = 1 is 4.91537e-05 per frame over 170 frames.
LOG (sgmm2-est[5.5.620~1-dce1dc]:UpdateW():estimate-am-sgmm2.cc:1379) Predicted objf impr for w, iter = 2, i = 2 is 3.21983e-05 per frame over 265.895 frames.
LOG (sgmm2-est[5.5.620~1-dce1dc]:UpdateW():estimate-am-sgmm2.cc:1379) Predicted objf impr for w, iter = 2, i = 3 is 5.63835e-05 per frame over 641.748 frames.
LOG (sgmm2-est[5.5.620~1-dce1dc]:UpdateW():estimate-am-sgmm2.cc:1379) Predicted objf impr for w, iter = 2, i = 4 is 8.02895e-05 per frame over 217.982 frames.
LOG (sgmm2-est[5.5.620~1-dce1dc]:UpdateW():estimate-am-sgmm2.cc:1379) Predicted objf impr for w, iter = 2, i = 5 is 3.90375e-05 per frame over 361.973 frames.
LOG (sgmm2-est[5.5.620~1-dce1dc]:UpdateW():estimate-am-sgmm2.cc:1379) Predicted objf impr for w, iter = 2, i = 6 is 6.09577e-05 per frame over 256.861 frames.
LOG (sgmm2-est[5.5.620~1-dce1dc]:UpdateW():estimate-am-sgmm2.cc:1379) Predicted objf impr for w, iter = 2, i = 7 is 4.55879e-05 per frame over 320.268 frames.
LOG (sgmm2-est[5.5.620~1-dce1dc]:UpdateW():estimate-am-sgmm2.cc:1379) Predicted objf impr for w, iter = 2, i = 8 is 4.72706e-05 per frame over 329.96 frames.
LOG (sgmm2-est[5.5.620~1-dce1dc]:UpdateW():estimate-am-sgmm2.cc:1379) Predicted objf impr for w, iter = 2, i = 9 is 3.24356e-05 per frame over 508.118 frames.
LOG (sgmm2-est[5.5.620~1-dce1dc]:SolveQuadraticProblem<double>():sp-matrix.cc:686) Solving quadratic problem for w: floored 23 eigenvalues. 
LOG (sgmm2-est[5.5.620~1-dce1dc]:SolveQuadraticProblem<double>():sp-matrix.cc:686) Solving quadratic problem for w: floored 1 eigenvalues. 
LOG (sgmm2-est[5.5.620~1-dce1dc]:SolveQuadraticProblem<double>():sp-matrix.cc:686) Solving quadratic problem for w: floored 1 eigenvalues. 
LOG (sgmm2-est[5.5.620~1-dce1dc]:SolveQuadraticProblem<double>():sp-matrix.cc:686) Solving quadratic problem for w: floored 2 eigenvalues. 
LOG (sgmm2-est[5.5.620~1-dce1dc]:SolveQuadraticProblem<double>():sp-matrix.cc:686) Solving quadratic problem for w: floored 1 eigenvalues. 
LOG (sgmm2-est[5.5.620~1-dce1dc]:SolveQuadraticProblem<double>():sp-matrix.cc:686) Solving quadratic problem for w: floored 1 eigenvalues. 
LOG (sgmm2-est[5.5.620~1-dce1dc]:SolveQuadraticProblem<double>():sp-matrix.cc:686) Solving quadratic problem for w: floored 14 eigenvalues. 
LOG (sgmm2-est[5.5.620~1-dce1dc]:SolveQuadraticProblem<double>():sp-matrix.cc:686) Solving quadratic problem for w: floored 15 eigenvalues. 
LOG (sgmm2-est[5.5.620~1-dce1dc]:SolveQuadraticProblem<double>():sp-matrix.cc:686) Solving quadratic problem for w: floored 7 eigenvalues. 
LOG (sgmm2-est[5.5.620~1-dce1dc]:SolveQuadraticProblem<double>():sp-matrix.cc:686) Solving quadratic problem for w: floored 1 eigenvalues. 
LOG (sgmm2-est[5.5.620~1-dce1dc]:SolveQuadraticProblem<double>():sp-matrix.cc:686) Solving quadratic problem for w: floored 7 eigenvalues. 
LOG (sgmm2-est[5.5.620~1-dce1dc]:SolveQuadraticProblem<double>():sp-matrix.cc:686) Solving quadratic problem for w: floored 1 eigenvalues. 
LOG (sgmm2-est[5.5.620~1-dce1dc]:SolveQuadraticProblem<double>():sp-matrix.cc:686) Solving quadratic problem for w: floored 1 eigenvalues. 
LOG (sgmm2-est[5.5.620~1-dce1dc]:SolveQuadraticProblem<double>():sp-matrix.cc:686) Solving quadratic problem for w: floored 2 eigenvalues. 
LOG (sgmm2-est[5.5.620~1-dce1dc]:SolveQuadraticProblem<double>():sp-matrix.cc:686) Solving quadratic problem for w: floored 5 eigenvalues. 
LOG (sgmm2-est[5.5.620~1-dce1dc]:SolveQuadraticProblem<double>():sp-matrix.cc:686) Solving quadratic problem for w: floored 9 eigenvalues. 
LOG (sgmm2-est[5.5.620~1-dce1dc]:SolveQuadraticProblem<double>():sp-matrix.cc:686) Solving quadratic problem for w: floored 1 eigenvalues. 
LOG (sgmm2-est[5.5.620~1-dce1dc]:SolveQuadraticProblem<double>():sp-matrix.cc:686) Solving quadratic problem for w: floored 1 eigenvalues. 
LOG (sgmm2-est[5.5.620~1-dce1dc]:SolveQuadraticProblem<double>():sp-matrix.cc:686) Solving quadratic problem for w: floored 1 eigenvalues. 
LOG (sgmm2-est[5.5.620~1-dce1dc]:SolveQuadraticProblem<double>():sp-matrix.cc:686) Solving quadratic problem for w: floored 4 eigenvalues. 
LOG (sgmm2-est[5.5.620~1-dce1dc]:SolveQuadraticProblem<double>():sp-matrix.cc:686) Solving quadratic problem for w: floored 4 eigenvalues. 
LOG (sgmm2-est[5.5.620~1-dce1dc]:SolveQuadraticProblem<double>():sp-matrix.cc:686) Solving quadratic problem for w: floored 3 eigenvalues. 
LOG (sgmm2-est[5.5.620~1-dce1dc]:SolveQuadraticProblem<double>():sp-matrix.cc:686) Solving quadratic problem for w: floored 2 eigenvalues. 
LOG (sgmm2-est[5.5.620~1-dce1dc]:SolveQuadraticProblem<double>():sp-matrix.cc:686) Solving quadratic problem for w: floored 1 eigenvalues. 
LOG (sgmm2-est[5.5.620~1-dce1dc]:SolveQuadraticProblem<double>():sp-matrix.cc:686) Solving quadratic problem for w: floored 2 eigenvalues. 
LOG (sgmm2-est[5.5.620~1-dce1dc]:SolveQuadraticProblem<double>():sp-matrix.cc:686) Solving quadratic problem for w: floored 1 eigenvalues. 
LOG (sgmm2-est[5.5.620~1-dce1dc]:SolveQuadraticProblem<double>():sp-matrix.cc:686) Solving quadratic problem for w: floored 19 eigenvalues. 
LOG (sgmm2-est[5.5.620~1-dce1dc]:SolveQuadraticProblem<double>():sp-matrix.cc:686) Solving quadratic problem for w: floored 18 eigenvalues. 
LOG (sgmm2-est[5.5.620~1-dce1dc]:SolveQuadraticProblem<double>():sp-matrix.cc:686) Solving quadratic problem for w: floored 1 eigenvalues. 
LOG (sgmm2-est[5.5.620~1-dce1dc]:SolveQuadraticProblem<double>():sp-matrix.cc:686) Solving quadratic problem for w: floored 11 eigenvalues. 
LOG (sgmm2-est[5.5.620~1-dce1dc]:SolveQuadraticProblem<double>():sp-matrix.cc:686) Solving quadratic problem for w: floored 18 eigenvalues. 
LOG (sgmm2-est[5.5.620~1-dce1dc]:SolveQuadraticProblem<double>():sp-matrix.cc:686) Solving quadratic problem for w: floored 1 eigenvalues. 
LOG (sgmm2-est[5.5.620~1-dce1dc]:SolveQuadraticProblem<double>():sp-matrix.cc:686) Solving quadratic problem for w: floored 1 eigenvalues. 
LOG (sgmm2-est[5.5.620~1-dce1dc]:SolveQuadraticProblem<double>():sp-matrix.cc:686) Solving quadratic problem for w: floored 1 eigenvalues. 
LOG (sgmm2-est[5.5.620~1-dce1dc]:SolveQuadraticProblem<double>():sp-matrix.cc:686) Solving quadratic problem for w: floored 1 eigenvalues. 
LOG (sgmm2-est[5.5.620~1-dce1dc]:SolveQuadraticProblem<double>():sp-matrix.cc:686) Solving quadratic problem for w: floored 12 eigenvalues. 
LOG (sgmm2-est[5.5.620~1-dce1dc]:SolveQuadraticProblem<double>():sp-matrix.cc:686) Solving quadratic problem for w: floored 1 eigenvalues. 
LOG (sgmm2-est[5.5.620~1-dce1dc]:SolveQuadraticProblem<double>():sp-matrix.cc:686) Solving quadratic problem for w: floored 1 eigenvalues. 
LOG (sgmm2-est[5.5.620~1-dce1dc]:SolveQuadraticProblem<double>():sp-matrix.cc:686) Solving quadratic problem for w: floored 2 eigenvalues. 
LOG (sgmm2-est[5.5.620~1-dce1dc]:SolveQuadraticProblem<double>():sp-matrix.cc:686) Solving quadratic problem for w: floored 1 eigenvalues. 
LOG (sgmm2-est[5.5.620~1-dce1dc]:SolveQuadraticProblem<double>():sp-matrix.cc:686) Solving quadratic problem for w: floored 1 eigenvalues. 
LOG (sgmm2-est[5.5.620~1-dce1dc]:SolveQuadraticProblem<double>():sp-matrix.cc:686) Solving quadratic problem for w: floored 1 eigenvalues. 
LOG (sgmm2-est[5.5.620~1-dce1dc]:SolveQuadraticProblem<double>():sp-matrix.cc:686) Solving quadratic problem for w: floored 27 eigenvalues. 
LOG (sgmm2-est[5.5.620~1-dce1dc]:SolveQuadraticProblem<double>():sp-matrix.cc:686) Solving quadratic problem for w: floored 1 eigenvalues. 
LOG (sgmm2-est[5.5.620~1-dce1dc]:UpdateW():estimate-am-sgmm2.cc:1433) **Overall objf impr for w is 0.0023868, actual 0.00407678, over 201863 frames
WARNING (sgmm2-est[5.5.620~1-dce1dc]:UpdateVars():estimate-am-sgmm2.cc:1649) For Gaussian component 1: Floored 2 covariance eigenvalues.
WARNING (sgmm2-est[5.5.620~1-dce1dc]:UpdateVars():estimate-am-sgmm2.cc:1649) For Gaussian component 2: Floored 1 covariance eigenvalues.
WARNING (sgmm2-est[5.5.620~1-dce1dc]:UpdateVars():estimate-am-sgmm2.cc:1649) For Gaussian component 4: Floored 2 covariance eigenvalues.
WARNING (sgmm2-est[5.5.620~1-dce1dc]:UpdateVars():estimate-am-sgmm2.cc:1649) For Gaussian component 5: Floored 1 covariance eigenvalues.
WARNING (sgmm2-est[5.5.620~1-dce1dc]:UpdateVars():estimate-am-sgmm2.cc:1649) For Gaussian component 11: Floored 2 covariance eigenvalues.
WARNING (sgmm2-est[5.5.620~1-dce1dc]:UpdateVars():estimate-am-sgmm2.cc:1649) For Gaussian component 12: Floored 2 covariance eigenvalues.
WARNING (sgmm2-est[5.5.620~1-dce1dc]:UpdateVars():estimate-am-sgmm2.cc:1649) For Gaussian component 13: Floored 2 covariance eigenvalues.
WARNING (sgmm2-est[5.5.620~1-dce1dc]:UpdateVars():estimate-am-sgmm2.cc:1649) For Gaussian component 14: Floored 1 covariance eigenvalues.
WARNING (sgmm2-est[5.5.620~1-dce1dc]:UpdateVars():estimate-am-sgmm2.cc:1649) For Gaussian component 15: Floored 4 covariance eigenvalues.
WARNING (sgmm2-est[5.5.620~1-dce1dc]:UpdateVars():estimate-am-sgmm2.cc:1649) For Gaussian component 17: Floored 1 covariance eigenvalues.
WARNING (sgmm2-est[5.5.620~1-dce1dc]:UpdateVars():estimate-am-sgmm2.cc:1649) For Gaussian component 18: Floored 2 covariance eigenvalues.
WARNING (sgmm2-est[5.5.620~1-dce1dc]:UpdateVars():estimate-am-sgmm2.cc:1649) For Gaussian component 19: Floored 2 covariance eigenvalues.
WARNING (sgmm2-est[5.5.620~1-dce1dc]:UpdateVars():estimate-am-sgmm2.cc:1649) For Gaussian component 20: Floored 1 covariance eigenvalues.
WARNING (sgmm2-est[5.5.620~1-dce1dc]:UpdateVars():estimate-am-sgmm2.cc:1649) For Gaussian component 22: Floored 1 covariance eigenvalues.
WARNING (sgmm2-est[5.5.620~1-dce1dc]:UpdateVars():estimate-am-sgmm2.cc:1649) For Gaussian component 23: Floored 5 covariance eigenvalues.
WARNING (sgmm2-est[5.5.620~1-dce1dc]:UpdateVars():estimate-am-sgmm2.cc:1649) For Gaussian component 24: Floored 2 covariance eigenvalues.
WARNING (sgmm2-est[5.5.620~1-dce1dc]:UpdateVars():estimate-am-sgmm2.cc:1649) For Gaussian component 25: Floored 1 covariance eigenvalues.
WARNING (sgmm2-est[5.5.620~1-dce1dc]:UpdateVars():estimate-am-sgmm2.cc:1649) For Gaussian component 26: Floored 5 covariance eigenvalues.
WARNING (sgmm2-est[5.5.620~1-dce1dc]:UpdateVars():estimate-am-sgmm2.cc:1649) For Gaussian component 27: Floored 4 covariance eigenvalues.
WARNING (sgmm2-est[5.5.620~1-dce1dc]:UpdateVars():estimate-am-sgmm2.cc:1649) For Gaussian component 28: Floored 14 covariance eigenvalues.
WARNING (sgmm2-est[5.5.620~1-dce1dc]:UpdateVars():estimate-am-sgmm2.cc:1649) For Gaussian component 29: Floored 15 covariance eigenvalues.
WARNING (sgmm2-est[5.5.620~1-dce1dc]:UpdateVars():estimate-am-sgmm2.cc:1649) For Gaussian component 30: Floored 3 covariance eigenvalues.
WARNING (sgmm2-est[5.5.620~1-dce1dc]:UpdateVars():estimate-am-sgmm2.cc:1649) For Gaussian component 32: Floored 1 covariance eigenvalues.
WARNING (sgmm2-est[5.5.620~1-dce1dc]:UpdateVars():estimate-am-sgmm2.cc:1649) For Gaussian component 33: Floored 2 covariance eigenvalues.
WARNING (sgmm2-est[5.5.620~1-dce1dc]:UpdateVars():estimate-am-sgmm2.cc:1649) For Gaussian component 34: Floored 3 covariance eigenvalues.
WARNING (sgmm2-est[5.5.620~1-dce1dc]:UpdateVars():estimate-am-sgmm2.cc:1649) For Gaussian component 35: Floored 5 covariance eigenvalues.
WARNING (sgmm2-est[5.5.620~1-dce1dc]:UpdateVars():estimate-am-sgmm2.cc:1649) For Gaussian component 36: Floored 3 covariance eigenvalues.
WARNING (sgmm2-est[5.5.620~1-dce1dc]:UpdateVars():estimate-am-sgmm2.cc:1649) For Gaussian component 37: Floored 1 covariance eigenvalues.
WARNING (sgmm2-est[5.5.620~1-dce1dc]:UpdateVars():estimate-am-sgmm2.cc:1649) For Gaussian component 38: Floored 1 covariance eigenvalues.
WARNING (sgmm2-est[5.5.620~1-dce1dc]:UpdateVars():estimate-am-sgmm2.cc:1649) For Gaussian component 40: Floored 4 covariance eigenvalues.
WARNING (sgmm2-est[5.5.620~1-dce1dc]:UpdateVars():estimate-am-sgmm2.cc:1649) For Gaussian component 41: Floored 1 covariance eigenvalues.
WARNING (sgmm2-est[5.5.620~1-dce1dc]:UpdateVars():estimate-am-sgmm2.cc:1649) For Gaussian component 42: Floored 1 covariance eigenvalues.
WARNING (sgmm2-est[5.5.620~1-dce1dc]:UpdateVars():estimate-am-sgmm2.cc:1649) For Gaussian component 43: Floored 1 covariance eigenvalues.
WARNING (sgmm2-est[5.5.620~1-dce1dc]:UpdateVars():estimate-am-sgmm2.cc:1649) For Gaussian component 44: Floored 2 covariance eigenvalues.
WARNING (sgmm2-est[5.5.620~1-dce1dc]:UpdateVars():estimate-am-sgmm2.cc:1649) For Gaussian component 45: Floored 2 covariance eigenvalues.
WARNING (sgmm2-est[5.5.620~1-dce1dc]:UpdateVars():estimate-am-sgmm2.cc:1649) For Gaussian component 48: Floored 20 covariance eigenvalues.
WARNING (sgmm2-est[5.5.620~1-dce1dc]:UpdateVars():estimate-am-sgmm2.cc:1649) For Gaussian component 49: Floored 4 covariance eigenvalues.
WARNING (sgmm2-est[5.5.620~1-dce1dc]:UpdateVars():estimate-am-sgmm2.cc:1649) For Gaussian component 50: Floored 1 covariance eigenvalues.
WARNING (sgmm2-est[5.5.620~1-dce1dc]:UpdateVars():estimate-am-sgmm2.cc:1649) For Gaussian component 52: Floored 1 covariance eigenvalues.
WARNING (sgmm2-est[5.5.620~1-dce1dc]:UpdateVars():estimate-am-sgmm2.cc:1649) For Gaussian component 54: Floored 1 covariance eigenvalues.
WARNING (sgmm2-est[5.5.620~1-dce1dc]:UpdateVars():estimate-am-sgmm2.cc:1649) For Gaussian component 55: Floored 2 covariance eigenvalues.
WARNING (sgmm2-est[5.5.620~1-dce1dc]:UpdateVars():estimate-am-sgmm2.cc:1649) For Gaussian component 56: Floored 2 covariance eigenvalues.
WARNING (sgmm2-est[5.5.620~1-dce1dc]:UpdateVars():estimate-am-sgmm2.cc:1649) For Gaussian component 58: Floored 1 covariance eigenvalues.
WARNING (sgmm2-est[5.5.620~1-dce1dc]:UpdateVars():estimate-am-sgmm2.cc:1649) For Gaussian component 59: Floored 1 covariance eigenvalues.
WARNING (sgmm2-est[5.5.620~1-dce1dc]:UpdateVars():estimate-am-sgmm2.cc:1649) For Gaussian component 63: Floored 1 covariance eigenvalues.
WARNING (sgmm2-est[5.5.620~1-dce1dc]:UpdateVars():estimate-am-sgmm2.cc:1649) For Gaussian component 64: Floored 3 covariance eigenvalues.
WARNING (sgmm2-est[5.5.620~1-dce1dc]:UpdateVars():estimate-am-sgmm2.cc:1649) For Gaussian component 65: Floored 2 covariance eigenvalues.
WARNING (sgmm2-est[5.5.620~1-dce1dc]:UpdateVars():estimate-am-sgmm2.cc:1649) For Gaussian component 68: Floored 3 covariance eigenvalues.
WARNING (sgmm2-est[5.5.620~1-dce1dc]:UpdateVars():estimate-am-sgmm2.cc:1649) For Gaussian component 70: Floored 1 covariance eigenvalues.
WARNING (sgmm2-est[5.5.620~1-dce1dc]:UpdateVars():estimate-am-sgmm2.cc:1649) For Gaussian component 71: Floored 1 covariance eigenvalues.
WARNING (sgmm2-est[5.5.620~1-dce1dc]:UpdateVars():estimate-am-sgmm2.cc:1649) For Gaussian component 73: Floored 2 covariance eigenvalues.
WARNING (sgmm2-est[5.5.620~1-dce1dc]:UpdateVars():estimate-am-sgmm2.cc:1649) For Gaussian component 74: Floored 3 covariance eigenvalues.
WARNING (sgmm2-est[5.5.620~1-dce1dc]:UpdateVars():estimate-am-sgmm2.cc:1649) For Gaussian component 75: Floored 1 covariance eigenvalues.
WARNING (sgmm2-est[5.5.620~1-dce1dc]:UpdateVars():estimate-am-sgmm2.cc:1649) For Gaussian component 79: Floored 1 covariance eigenvalues.
WARNING (sgmm2-est[5.5.620~1-dce1dc]:UpdateVars():estimate-am-sgmm2.cc:1649) For Gaussian component 80: Floored 1 covariance eigenvalues.
WARNING (sgmm2-est[5.5.620~1-dce1dc]:UpdateVars():estimate-am-sgmm2.cc:1649) For Gaussian component 81: Floored 1 covariance eigenvalues.
WARNING (sgmm2-est[5.5.620~1-dce1dc]:UpdateVars():estimate-am-sgmm2.cc:1649) For Gaussian component 82: Floored 1 covariance eigenvalues.
WARNING (sgmm2-est[5.5.620~1-dce1dc]:UpdateVars():estimate-am-sgmm2.cc:1649) For Gaussian component 83: Floored 7 covariance eigenvalues.
WARNING (sgmm2-est[5.5.620~1-dce1dc]:UpdateVars():estimate-am-sgmm2.cc:1649) For Gaussian component 84: Floored 13 covariance eigenvalues.
WARNING (sgmm2-est[5.5.620~1-dce1dc]:UpdateVars():estimate-am-sgmm2.cc:1649) For Gaussian component 85: Floored 4 covariance eigenvalues.
WARNING (sgmm2-est[5.5.620~1-dce1dc]:UpdateVars():estimate-am-sgmm2.cc:1649) For Gaussian component 86: Floored 2 covariance eigenvalues.
WARNING (sgmm2-est[5.5.620~1-dce1dc]:UpdateVars():estimate-am-sgmm2.cc:1649) For Gaussian component 87: Floored 2 covariance eigenvalues.
WARNING (sgmm2-est[5.5.620~1-dce1dc]:UpdateVars():estimate-am-sgmm2.cc:1649) For Gaussian component 88: Floored 4 covariance eigenvalues.
WARNING (sgmm2-est[5.5.620~1-dce1dc]:UpdateVars():estimate-am-sgmm2.cc:1649) For Gaussian component 90: Floored 1 covariance eigenvalues.
WARNING (sgmm2-est[5.5.620~1-dce1dc]:UpdateVars():estimate-am-sgmm2.cc:1649) For Gaussian component 91: Floored 1 covariance eigenvalues.
WARNING (sgmm2-est[5.5.620~1-dce1dc]:UpdateVars():estimate-am-sgmm2.cc:1649) For Gaussian component 92: Floored 2 covariance eigenvalues.
WARNING (sgmm2-est[5.5.620~1-dce1dc]:UpdateVars():estimate-am-sgmm2.cc:1649) For Gaussian component 93: Floored 2 covariance eigenvalues.
WARNING (sgmm2-est[5.5.620~1-dce1dc]:UpdateVars():estimate-am-sgmm2.cc:1649) For Gaussian component 97: Floored 12 covariance eigenvalues.
WARNING (sgmm2-est[5.5.620~1-dce1dc]:UpdateVars():estimate-am-sgmm2.cc:1649) For Gaussian component 98: Floored 6 covariance eigenvalues.
WARNING (sgmm2-est[5.5.620~1-dce1dc]:UpdateVars():estimate-am-sgmm2.cc:1649) For Gaussian component 99: Floored 2 covariance eigenvalues.
WARNING (sgmm2-est[5.5.620~1-dce1dc]:UpdateVars():estimate-am-sgmm2.cc:1649) For Gaussian component 100: Floored 1 covariance eigenvalues.
WARNING (sgmm2-est[5.5.620~1-dce1dc]:UpdateVars():estimate-am-sgmm2.cc:1649) For Gaussian component 101: Floored 2 covariance eigenvalues.
WARNING (sgmm2-est[5.5.620~1-dce1dc]:UpdateVars():estimate-am-sgmm2.cc:1649) For Gaussian component 102: Floored 1 covariance eigenvalues.
WARNING (sgmm2-est[5.5.620~1-dce1dc]:UpdateVars():estimate-am-sgmm2.cc:1649) For Gaussian component 104: Floored 13 covariance eigenvalues.
WARNING (sgmm2-est[5.5.620~1-dce1dc]:UpdateVars():estimate-am-sgmm2.cc:1649) For Gaussian component 105: Floored 1 covariance eigenvalues.
WARNING (sgmm2-est[5.5.620~1-dce1dc]:UpdateVars():estimate-am-sgmm2.cc:1649) For Gaussian component 110: Floored 1 covariance eigenvalues.
WARNING (sgmm2-est[5.5.620~1-dce1dc]:UpdateVars():estimate-am-sgmm2.cc:1649) For Gaussian component 112: Floored 2 covariance eigenvalues.
WARNING (sgmm2-est[5.5.620~1-dce1dc]:UpdateVars():estimate-am-sgmm2.cc:1649) For Gaussian component 113: Floored 2 covariance eigenvalues.
WARNING (sgmm2-est[5.5.620~1-dce1dc]:UpdateVars():estimate-am-sgmm2.cc:1649) For Gaussian component 114: Floored 1 covariance eigenvalues.
WARNING (sgmm2-est[5.5.620~1-dce1dc]:UpdateVars():estimate-am-sgmm2.cc:1649) For Gaussian component 115: Floored 4 covariance eigenvalues.
WARNING (sgmm2-est[5.5.620~1-dce1dc]:UpdateVars():estimate-am-sgmm2.cc:1649) For Gaussian component 117: Floored 1 covariance eigenvalues.
WARNING (sgmm2-est[5.5.620~1-dce1dc]:UpdateVars():estimate-am-sgmm2.cc:1649) For Gaussian component 118: Floored 3 covariance eigenvalues.
WARNING (sgmm2-est[5.5.620~1-dce1dc]:UpdateVars():estimate-am-sgmm2.cc:1649) For Gaussian component 120: Floored 1 covariance eigenvalues.
WARNING (sgmm2-est[5.5.620~1-dce1dc]:UpdateVars():estimate-am-sgmm2.cc:1649) For Gaussian component 121: Floored 16 covariance eigenvalues.
WARNING (sgmm2-est[5.5.620~1-dce1dc]:UpdateVars():estimate-am-sgmm2.cc:1649) For Gaussian component 124: Floored 2 covariance eigenvalues.
WARNING (sgmm2-est[5.5.620~1-dce1dc]:UpdateVars():estimate-am-sgmm2.cc:1649) For Gaussian component 128: Floored 3 covariance eigenvalues.
WARNING (sgmm2-est[5.5.620~1-dce1dc]:UpdateVars():estimate-am-sgmm2.cc:1649) For Gaussian component 130: Floored 2 covariance eigenvalues.
WARNING (sgmm2-est[5.5.620~1-dce1dc]:UpdateVars():estimate-am-sgmm2.cc:1649) For Gaussian component 133: Floored 1 covariance eigenvalues.
WARNING (sgmm2-est[5.5.620~1-dce1dc]:UpdateVars():estimate-am-sgmm2.cc:1649) For Gaussian component 134: Floored 3 covariance eigenvalues.
WARNING (sgmm2-est[5.5.620~1-dce1dc]:UpdateVars():estimate-am-sgmm2.cc:1649) For Gaussian component 135: Floored 1 covariance eigenvalues.
WARNING (sgmm2-est[5.5.620~1-dce1dc]:UpdateVars():estimate-am-sgmm2.cc:1649) For Gaussian component 136: Floored 3 covariance eigenvalues.
WARNING (sgmm2-est[5.5.620~1-dce1dc]:UpdateVars():estimate-am-sgmm2.cc:1649) For Gaussian component 137: Floored 1 covariance eigenvalues.
WARNING (sgmm2-est[5.5.620~1-dce1dc]:UpdateVars():estimate-am-sgmm2.cc:1649) For Gaussian component 140: Floored 7 covariance eigenvalues.
WARNING (sgmm2-est[5.5.620~1-dce1dc]:UpdateVars():estimate-am-sgmm2.cc:1649) For Gaussian component 141: Floored 4 covariance eigenvalues.
WARNING (sgmm2-est[5.5.620~1-dce1dc]:UpdateVars():estimate-am-sgmm2.cc:1649) For Gaussian component 142: Floored 4 covariance eigenvalues.
WARNING (sgmm2-est[5.5.620~1-dce1dc]:UpdateVars():estimate-am-sgmm2.cc:1649) For Gaussian component 145: Floored 1 covariance eigenvalues.
WARNING (sgmm2-est[5.5.620~1-dce1dc]:UpdateVars():estimate-am-sgmm2.cc:1649) For Gaussian component 146: Floored 1 covariance eigenvalues.
WARNING (sgmm2-est[5.5.620~1-dce1dc]:UpdateVars():estimate-am-sgmm2.cc:1649) For Gaussian component 147: Floored 3 covariance eigenvalues.
WARNING (sgmm2-est[5.5.620~1-dce1dc]:UpdateVars():estimate-am-sgmm2.cc:1649) For Gaussian component 148: Floored 10 covariance eigenvalues.
WARNING (sgmm2-est[5.5.620~1-dce1dc]:UpdateVars():estimate-am-sgmm2.cc:1649) For Gaussian component 150: Floored 1 covariance eigenvalues.
WARNING (sgmm2-est[5.5.620~1-dce1dc]:UpdateVars():estimate-am-sgmm2.cc:1649) For Gaussian component 151: Floored 2 covariance eigenvalues.
WARNING (sgmm2-est[5.5.620~1-dce1dc]:UpdateVars():estimate-am-sgmm2.cc:1649) For Gaussian component 152: Floored 3 covariance eigenvalues.
WARNING (sgmm2-est[5.5.620~1-dce1dc]:UpdateVars():estimate-am-sgmm2.cc:1649) For Gaussian component 153: Floored 4 covariance eigenvalues.
WARNING (sgmm2-est[5.5.620~1-dce1dc]:UpdateVars():estimate-am-sgmm2.cc:1649) For Gaussian component 156: Floored 9 covariance eigenvalues.
WARNING (sgmm2-est[5.5.620~1-dce1dc]:UpdateVars():estimate-am-sgmm2.cc:1649) For Gaussian component 160: Floored 1 covariance eigenvalues.
WARNING (sgmm2-est[5.5.620~1-dce1dc]:UpdateVars():estimate-am-sgmm2.cc:1649) For Gaussian component 161: Floored 1 covariance eigenvalues.
WARNING (sgmm2-est[5.5.620~1-dce1dc]:UpdateVars():estimate-am-sgmm2.cc:1649) For Gaussian component 162: Floored 1 covariance eigenvalues.
WARNING (sgmm2-est[5.5.620~1-dce1dc]:UpdateVars():estimate-am-sgmm2.cc:1649) For Gaussian component 164: Floored 1 covariance eigenvalues.
WARNING (sgmm2-est[5.5.620~1-dce1dc]:UpdateVars():estimate-am-sgmm2.cc:1649) For Gaussian component 166: Floored 1 covariance eigenvalues.
WARNING (sgmm2-est[5.5.620~1-dce1dc]:UpdateVars():estimate-am-sgmm2.cc:1649) For Gaussian component 171: Floored 1 covariance eigenvalues.
WARNING (sgmm2-est[5.5.620~1-dce1dc]:UpdateVars():estimate-am-sgmm2.cc:1649) For Gaussian component 173: Floored 2 covariance eigenvalues.
WARNING (sgmm2-est[5.5.620~1-dce1dc]:UpdateVars():estimate-am-sgmm2.cc:1649) For Gaussian component 174: Floored 4 covariance eigenvalues.
WARNING (sgmm2-est[5.5.620~1-dce1dc]:UpdateVars():estimate-am-sgmm2.cc:1649) For Gaussian component 179: Floored 2 covariance eigenvalues.
WARNING (sgmm2-est[5.5.620~1-dce1dc]:UpdateVars():estimate-am-sgmm2.cc:1649) For Gaussian component 182: Floored 2 covariance eigenvalues.
WARNING (sgmm2-est[5.5.620~1-dce1dc]:UpdateVars():estimate-am-sgmm2.cc:1649) For Gaussian component 185: Floored 2 covariance eigenvalues.
WARNING (sgmm2-est[5.5.620~1-dce1dc]:UpdateVars():estimate-am-sgmm2.cc:1649) For Gaussian component 192: Floored 10 covariance eigenvalues.
WARNING (sgmm2-est[5.5.620~1-dce1dc]:UpdateVars():estimate-am-sgmm2.cc:1649) For Gaussian component 193: Floored 2 covariance eigenvalues.
WARNING (sgmm2-est[5.5.620~1-dce1dc]:UpdateVars():estimate-am-sgmm2.cc:1649) For Gaussian component 196: Floored 1 covariance eigenvalues.
WARNING (sgmm2-est[5.5.620~1-dce1dc]:UpdateVars():estimate-am-sgmm2.cc:1649) For Gaussian component 203: Floored 1 covariance eigenvalues.
WARNING (sgmm2-est[5.5.620~1-dce1dc]:UpdateVars():estimate-am-sgmm2.cc:1649) For Gaussian component 204: Floored 2 covariance eigenvalues.
WARNING (sgmm2-est[5.5.620~1-dce1dc]:UpdateVars():estimate-am-sgmm2.cc:1649) For Gaussian component 211: Floored 6 covariance eigenvalues.
WARNING (sgmm2-est[5.5.620~1-dce1dc]:UpdateVars():estimate-am-sgmm2.cc:1649) For Gaussian component 212: Floored 4 covariance eigenvalues.
WARNING (sgmm2-est[5.5.620~1-dce1dc]:UpdateVars():estimate-am-sgmm2.cc:1649) For Gaussian component 221: Floored 1 covariance eigenvalues.
WARNING (sgmm2-est[5.5.620~1-dce1dc]:UpdateVars():estimate-am-sgmm2.cc:1649) For Gaussian component 223: Floored 1 covariance eigenvalues.
WARNING (sgmm2-est[5.5.620~1-dce1dc]:UpdateVars():estimate-am-sgmm2.cc:1649) For Gaussian component 227: Floored 4 covariance eigenvalues.
WARNING (sgmm2-est[5.5.620~1-dce1dc]:UpdateVars():estimate-am-sgmm2.cc:1649) For Gaussian component 229: Floored 2 covariance eigenvalues.
WARNING (sgmm2-est[5.5.620~1-dce1dc]:UpdateVars():estimate-am-sgmm2.cc:1649) For Gaussian component 231: Floored 1 covariance eigenvalues.
WARNING (sgmm2-est[5.5.620~1-dce1dc]:UpdateVars():estimate-am-sgmm2.cc:1649) For Gaussian component 232: Floored 1 covariance eigenvalues.
WARNING (sgmm2-est[5.5.620~1-dce1dc]:UpdateVars():estimate-am-sgmm2.cc:1649) For Gaussian component 234: Floored 4 covariance eigenvalues.
WARNING (sgmm2-est[5.5.620~1-dce1dc]:UpdateVars():estimate-am-sgmm2.cc:1649) For Gaussian component 235: Floored 1 covariance eigenvalues.
WARNING (sgmm2-est[5.5.620~1-dce1dc]:UpdateVars():estimate-am-sgmm2.cc:1649) For Gaussian component 241: Floored 6 covariance eigenvalues.
WARNING (sgmm2-est[5.5.620~1-dce1dc]:UpdateVars():estimate-am-sgmm2.cc:1649) For Gaussian component 242: Floored 6 covariance eigenvalues.
WARNING (sgmm2-est[5.5.620~1-dce1dc]:UpdateVars():estimate-am-sgmm2.cc:1649) For Gaussian component 243: Floored 5 covariance eigenvalues.
WARNING (sgmm2-est[5.5.620~1-dce1dc]:UpdateVars():estimate-am-sgmm2.cc:1649) For Gaussian component 245: Floored 4 covariance eigenvalues.
WARNING (sgmm2-est[5.5.620~1-dce1dc]:UpdateVars():estimate-am-sgmm2.cc:1649) For Gaussian component 251: Floored 6 covariance eigenvalues.
WARNING (sgmm2-est[5.5.620~1-dce1dc]:UpdateVars():estimate-am-sgmm2.cc:1649) For Gaussian component 258: Floored 1 covariance eigenvalues.
WARNING (sgmm2-est[5.5.620~1-dce1dc]:UpdateVars():estimate-am-sgmm2.cc:1649) For Gaussian component 269: Floored 3 covariance eigenvalues.
WARNING (sgmm2-est[5.5.620~1-dce1dc]:UpdateVars():estimate-am-sgmm2.cc:1649) For Gaussian component 291: Floored 1 covariance eigenvalues.
WARNING (sgmm2-est[5.5.620~1-dce1dc]:UpdateVars():estimate-am-sgmm2.cc:1649) For Gaussian component 293: Floored 1 covariance eigenvalues.
WARNING (sgmm2-est[5.5.620~1-dce1dc]:UpdateVars():estimate-am-sgmm2.cc:1649) For Gaussian component 294: Floored 1 covariance eigenvalues.
WARNING (sgmm2-est[5.5.620~1-dce1dc]:UpdateVars():estimate-am-sgmm2.cc:1649) For Gaussian component 296: Floored 3 covariance eigenvalues.
WARNING (sgmm2-est[5.5.620~1-dce1dc]:UpdateVars():estimate-am-sgmm2.cc:1649) For Gaussian component 320: Floored 1 covariance eigenvalues.
WARNING (sgmm2-est[5.5.620~1-dce1dc]:UpdateVars():estimate-am-sgmm2.cc:1649) For Gaussian component 327: Floored 4 covariance eigenvalues.
WARNING (sgmm2-est[5.5.620~1-dce1dc]:UpdateVars():estimate-am-sgmm2.cc:1649) For Gaussian component 334: Floored 3 covariance eigenvalues.
WARNING (sgmm2-est[5.5.620~1-dce1dc]:UpdateVars():estimate-am-sgmm2.cc:1649) For Gaussian component 337: Floored 4 covariance eigenvalues.
WARNING (sgmm2-est[5.5.620~1-dce1dc]:UpdateVars():estimate-am-sgmm2.cc:1649) For Gaussian component 342: Floored 3 covariance eigenvalues.
WARNING (sgmm2-est[5.5.620~1-dce1dc]:UpdateVars():estimate-am-sgmm2.cc:1649) For Gaussian component 352: Floored 15 covariance eigenvalues.
WARNING (sgmm2-est[5.5.620~1-dce1dc]:UpdateVars():estimate-am-sgmm2.cc:1649) For Gaussian component 353: Floored 4 covariance eigenvalues.
WARNING (sgmm2-est[5.5.620~1-dce1dc]:UpdateVars():estimate-am-sgmm2.cc:1649) For Gaussian component 359: Floored 1 covariance eigenvalues.
WARNING (sgmm2-est[5.5.620~1-dce1dc]:UpdateVars():estimate-am-sgmm2.cc:1649) For Gaussian component 367: Floored 5 covariance eigenvalues.
WARNING (sgmm2-est[5.5.620~1-dce1dc]:UpdateVars():estimate-am-sgmm2.cc:1649) For Gaussian component 380: Floored 1 covariance eigenvalues.
WARNING (sgmm2-est[5.5.620~1-dce1dc]:UpdateVars():estimate-am-sgmm2.cc:1649) For Gaussian component 382: Floored 1 covariance eigenvalues.
WARNING (sgmm2-est[5.5.620~1-dce1dc]:UpdateVars():estimate-am-sgmm2.cc:1649) For Gaussian component 398: Floored 1 covariance eigenvalues.
WARNING (sgmm2-est[5.5.620~1-dce1dc]:UpdateVars():estimate-am-sgmm2.cc:1649) For Gaussian component 407: Floored 3 covariance eigenvalues.
WARNING (sgmm2-est[5.5.620~1-dce1dc]:UpdateVars():estimate-am-sgmm2.cc:1649) For Gaussian component 423: Floored 3 covariance eigenvalues.
WARNING (sgmm2-est[5.5.620~1-dce1dc]:UpdateVars():estimate-am-sgmm2.cc:1649) For Gaussian component 431: Floored 1 covariance eigenvalues.
WARNING (sgmm2-est[5.5.620~1-dce1dc]:UpdateVars():estimate-am-sgmm2.cc:1649) For Gaussian component 452: Floored 1 covariance eigenvalues.
WARNING (sgmm2-est[5.5.620~1-dce1dc]:UpdateVars():estimate-am-sgmm2.cc:1649) For Gaussian component 455: Floored 2 covariance eigenvalues.
WARNING (sgmm2-est[5.5.620~1-dce1dc]:UpdateVars():estimate-am-sgmm2.cc:1649) For Gaussian component 461: Floored 2 covariance eigenvalues.
WARNING (sgmm2-est[5.5.620~1-dce1dc]:UpdateVars():estimate-am-sgmm2.cc:1649) For Gaussian component 462: Floored 1 covariance eigenvalues.
WARNING (sgmm2-est[5.5.620~1-dce1dc]:UpdateVars():estimate-am-sgmm2.cc:1649) For Gaussian component 469: Floored 5 covariance eigenvalues.
WARNING (sgmm2-est[5.5.620~1-dce1dc]:UpdateVars():estimate-am-sgmm2.cc:1649) For Gaussian component 471: Floored 1 covariance eigenvalues.
WARNING (sgmm2-est[5.5.620~1-dce1dc]:UpdateVars():estimate-am-sgmm2.cc:1649) For Gaussian component 472: Floored 1 covariance eigenvalues.
WARNING (sgmm2-est[5.5.620~1-dce1dc]:UpdateVars():estimate-am-sgmm2.cc:1649) For Gaussian component 478: Floored 1 covariance eigenvalues.
WARNING (sgmm2-est[5.5.620~1-dce1dc]:UpdateVars():estimate-am-sgmm2.cc:1649) For Gaussian component 485: Floored 1 covariance eigenvalues.
WARNING (sgmm2-est[5.5.620~1-dce1dc]:UpdateVars():estimate-am-sgmm2.cc:1649) For Gaussian component 489: Floored 11 covariance eigenvalues.
WARNING (sgmm2-est[5.5.620~1-dce1dc]:UpdateVars():estimate-am-sgmm2.cc:1649) For Gaussian component 494: Floored 2 covariance eigenvalues.
WARNING (sgmm2-est[5.5.620~1-dce1dc]:UpdateVars():estimate-am-sgmm2.cc:1649) For Gaussian component 497: Floored 1 covariance eigenvalues.
WARNING (sgmm2-est[5.5.620~1-dce1dc]:UpdateVars():estimate-am-sgmm2.cc:1649) For Gaussian component 521: Floored 1 covariance eigenvalues.
WARNING (sgmm2-est[5.5.620~1-dce1dc]:UpdateVars():estimate-am-sgmm2.cc:1649) For Gaussian component 539: Floored 4 covariance eigenvalues.
WARNING (sgmm2-est[5.5.620~1-dce1dc]:UpdateVars():estimate-am-sgmm2.cc:1649) For Gaussian component 548: Floored 1 covariance eigenvalues.
WARNING (sgmm2-est[5.5.620~1-dce1dc]:UpdateVars():estimate-am-sgmm2.cc:1649) For Gaussian component 560: Floored 2 covariance eigenvalues.
WARNING (sgmm2-est[5.5.620~1-dce1dc]:UpdateVars():estimate-am-sgmm2.cc:1649) For Gaussian component 564: Floored 2 covariance eigenvalues.
WARNING (sgmm2-est[5.5.620~1-dce1dc]:UpdateVars():estimate-am-sgmm2.cc:1649) For Gaussian component 565: Floored 1 covariance eigenvalues.
WARNING (sgmm2-est[5.5.620~1-dce1dc]:UpdateVars():estimate-am-sgmm2.cc:1649) For Gaussian component 566: Floored 5 covariance eigenvalues.
WARNING (sgmm2-est[5.5.620~1-dce1dc]:UpdateVars():estimate-am-sgmm2.cc:1649) For Gaussian component 567: Floored 1 covariance eigenvalues.
WARNING (sgmm2-est[5.5.620~1-dce1dc]:UpdateVars():estimate-am-sgmm2.cc:1649) For Gaussian component 571: Floored 1 covariance eigenvalues.
WARNING (sgmm2-est[5.5.620~1-dce1dc]:UpdateVars():estimate-am-sgmm2.cc:1649) For Gaussian component 597: Floored 1 covariance eigenvalues.
WARNING (sgmm2-est[5.5.620~1-dce1dc]:UpdateVars():estimate-am-sgmm2.cc:1649) For Gaussian component 610: Floored 1 covariance eigenvalues.
WARNING (sgmm2-est[5.5.620~1-dce1dc]:UpdateVars():estimate-am-sgmm2.cc:1649) For Gaussian component 615: Floored 1 covariance eigenvalues.
WARNING (sgmm2-est[5.5.620~1-dce1dc]:UpdateVars():estimate-am-sgmm2.cc:1649) For Gaussian component 621: Floored 1 covariance eigenvalues.
WARNING (sgmm2-est[5.5.620~1-dce1dc]:UpdateVars():estimate-am-sgmm2.cc:1649) For Gaussian component 624: Floored 2 covariance eigenvalues.
WARNING (sgmm2-est[5.5.620~1-dce1dc]:UpdateVars():estimate-am-sgmm2.cc:1649) For Gaussian component 646: Floored 5 covariance eigenvalues.
WARNING (sgmm2-est[5.5.620~1-dce1dc]:UpdateVars():estimate-am-sgmm2.cc:1649) For Gaussian component 657: Floored 1 covariance eigenvalues.
WARNING (sgmm2-est[5.5.620~1-dce1dc]:UpdateVars():estimate-am-sgmm2.cc:1649) For Gaussian component 658: Floored 5 covariance eigenvalues.
WARNING (sgmm2-est[5.5.620~1-dce1dc]:UpdateVars():estimate-am-sgmm2.cc:1649) For Gaussian component 664: Floored 2 covariance eigenvalues.
LOG (sgmm2-est[5.5.620~1-dce1dc]:UpdateVars():estimate-am-sgmm2.cc:1675) **Overall objf impr for variance update = 0.21274 over 201863 frames
LOG (sgmm2-est[5.5.620~1-dce1dc]:UpdateSubstateWeights():estimate-am-sgmm2.cc:1684) Updating substate mixture weights
LOG (sgmm2-est[5.5.620~1-dce1dc]:UpdateSubstateWeights():estimate-am-sgmm2.cc:1707) **Overall objf impr for c is 0, over 201863 frames.
LOG (sgmm2-est[5.5.620~1-dce1dc]:RenormalizeV():estimate-am-sgmm2.cc:969) Scatter of vectors v is : 
LOG (sgmm2-est[5.5.620~1-dce1dc]:PrintEigs():matrix/sp-matrix.h:207) PrintEigs: Sigma:  [ 0.9807 1.01419 1.0116 0.984772 0.985346 1.00912 0.988093 0.988745 0.989444 0.990194 0.990967 0.991566 0.99204 1.00722 0.992831 1.00645 0.993545 0.993979 0.994654 0.995188 0.995687 0.995933 0.996181 0.996441 0.997184 0.998028 0.998245 0.998662 0.999042 0.999434 0.999879 0.999776 1.00035 1.0007 1.00124 1.00151 1.00191 1.0027 1.00361 1.00432 1.00477 ]

LOG (sgmm2-est[5.5.620~1-dce1dc]:RenormalizeV():estimate-am-sgmm2.cc:991) Note on the next diagnostic: the first number is generally not that meaningful as it relates to the static offset
LOG (sgmm2-est[5.5.620~1-dce1dc]:PrintEigs():matrix/sp-matrix.h:207) PrintEigs: H_sm_proj (Significance of dims in vector space.. note):  [ 1968.99 803.289 272.088 212.259 185.453 123.242 120.413 106.579 84.3639 81.7551 74.0674 67.188 63.337 60.6427 59.2629 58.105 52.5901 49.8273 44.4175 44.753 40.474 38.8936 15.2787 16.7532 17.3504 18.263 20.729 22.1153 22.43 23.131 23.7828 24.2597 25.2955 26.4273 36.1871 27.7559 28.9051 29.9977 30.7301 33.8564 32.3541 ]

LOG (sgmm2-est[5.5.620~1-dce1dc]:RenormalizeV():estimate-am-sgmm2.cc:1037) Renormalized subspace.
LOG (sgmm2-est[5.5.620~1-dce1dc]:Update():estimate-am-sgmm2.cc:673) *Overall auxf improvement, combining all parameters, is 0.26562
LOG (sgmm2-est[5.5.620~1-dce1dc]:Update():estimate-am-sgmm2.cc:676) ***Overall data likelihood is 0 over 201863 frames.
LOG (sgmm2-est[5.5.620~1-dce1dc]:main():sgmm2-est.cc:144) Removing speaker space (projections N_)
LOG (sgmm2-est[5.5.620~1-dce1dc]:ComputeNormalizers():am-sgmm2.cc:858) Computing normalizers
LOG (sgmm2-est[5.5.620~1-dce1dc]:ComputeNormalizers():am-sgmm2.cc:865) Entropy of weights in substates is 3.28404 over 5181 substates, equivalent to perplexity of 26.6833
LOG (sgmm2-est[5.5.620~1-dce1dc]:ComputeNormalizers():am-sgmm2.cc:869) Done computing normalizers
LOG (sgmm2-est[5.5.620~1-dce1dc]:main():sgmm2-est.cc:158) Written model to exp/sgmm/27.alimdl
# Accounting: time=5 threads=1
# Ended (code 0) at Sun Mar 22 09:54:57 IST 2020, elapsed time 5 seconds
