# gmm-latgen-faster --max-active=7000 --beam=13.0 --lattice-beam=6.0 --acoustic-scale=0.083333 --allow-partial=true --word-symbol-table=exp/tri2/graph/words.txt exp/tri2/final.mdl exp/tri2/graph/HCLG.fst "ark,s,cs:apply-cmvn  --utt2spk=ark:data/test/split4/2/utt2spk scp:data/test/split4/2/cmvn.scp scp:data/test/split4/2/feats.scp ark:- | add-deltas  ark:- ark:- |" "ark:|gzip -c > exp/tri2/decode/lat.2.gz" 
# Started at Sun Mar 22 09:28:14 IST 2020
#
gmm-latgen-faster --max-active=7000 --beam=13.0 --lattice-beam=6.0 --acoustic-scale=0.083333 --allow-partial=true --word-symbol-table=exp/tri2/graph/words.txt exp/tri2/final.mdl exp/tri2/graph/HCLG.fst 'ark,s,cs:apply-cmvn  --utt2spk=ark:data/test/split4/2/utt2spk scp:data/test/split4/2/cmvn.scp scp:data/test/split4/2/feats.scp ark:- | add-deltas  ark:- ark:- |' 'ark:|gzip -c > exp/tri2/decode/lat.2.gz' 
add-deltas ark:- ark:- 
apply-cmvn --utt2spk=ark:data/test/split4/2/utt2spk scp:data/test/split4/2/cmvn.scp scp:data/test/split4/2/feats.scp ark:- 
PN00F04U001 sifar sifar naun athth satt chhe panj 
LOG (gmm-latgen-faster[5.5.620~1-dce1dc]:DecodeUtteranceLatticeFaster():decoder-wrappers.cc:375) Log-like per frame for utterance PN00F04U001 is -4.04923 over 630 frames.
PN00F04U002 panj chaar tinn do ikk sifar ikk 
LOG (gmm-latgen-faster[5.5.620~1-dce1dc]:DecodeUtteranceLatticeFaster():decoder-wrappers.cc:375) Log-like per frame for utterance PN00F04U002 is -3.68246 over 630 frames.
PN00F04U003 ikk naun satt panj tinn ikk do 
LOG (gmm-latgen-faster[5.5.620~1-dce1dc]:DecodeUtteranceLatticeFaster():decoder-wrappers.cc:375) Log-like per frame for utterance PN00F04U003 is -3.92003 over 630 frames.
PN00F04U004 do naun chhe chaar do sifar tinn 
LOG (gmm-latgen-faster[5.5.620~1-dce1dc]:DecodeUtteranceLatticeFaster():decoder-wrappers.cc:375) Log-like per frame for utterance PN00F04U004 is -3.8096 over 629 frames.
PN00F04U005 tinn naun panj do chaar naun chaar 
LOG (gmm-latgen-faster[5.5.620~1-dce1dc]:DecodeUtteranceLatticeFaster():decoder-wrappers.cc:375) Log-like per frame for utterance PN00F04U005 is -3.75224 over 630 frames.
PN00F04U006 chaar ikk panj naun tinn sifar chhe 
LOG (gmm-latgen-faster[5.5.620~1-dce1dc]:DecodeUtteranceLatticeFaster():decoder-wrappers.cc:375) Log-like per frame for utterance PN00F04U006 is -4.0405 over 630 frames.
PN00F04U007 chhe naun do satt naun ikk athth 
LOG (gmm-latgen-faster[5.5.620~1-dce1dc]:DecodeUtteranceLatticeFaster():decoder-wrappers.cc:375) Log-like per frame for utterance PN00F04U007 is -3.80213 over 630 frames.
PN00F04U008 athth naun sifar athth chhe tinn chaar 
LOG (gmm-latgen-faster[5.5.620~1-dce1dc]:DecodeUtteranceLatticeFaster():decoder-wrappers.cc:375) Log-like per frame for utterance PN00F04U008 is -3.80641 over 629 frames.
PN00F04U009 chaar sifar satt chaar athth panj ikk 
LOG (gmm-latgen-faster[5.5.620~1-dce1dc]:DecodeUtteranceLatticeFaster():decoder-wrappers.cc:375) Log-like per frame for utterance PN00F04U009 is -3.86059 over 630 frames.
PN00F04U010 ikk satt tinn tinn athth chaar chaar 
LOG (gmm-latgen-faster[5.5.620~1-dce1dc]:DecodeUtteranceLatticeFaster():decoder-wrappers.cc:375) Log-like per frame for utterance PN00F04U010 is -3.94825 over 630 frames.
PN00F04U011 chhe satt do panj athth tinn chhe 
LOG (gmm-latgen-faster[5.5.620~1-dce1dc]:DecodeUtteranceLatticeFaster():decoder-wrappers.cc:375) Log-like per frame for utterance PN00F04U011 is -3.98713 over 629 frames.
PN00F04U012 chhe athth do athth ikk chhe do 
LOG (gmm-latgen-faster[5.5.620~1-dce1dc]:DecodeUtteranceLatticeFaster():decoder-wrappers.cc:375) Log-like per frame for utterance PN00F04U012 is -3.69364 over 630 frames.
PN00F04U013 do chhe ikk do tinn satt ikk 
LOG (gmm-latgen-faster[5.5.620~1-dce1dc]:DecodeUtteranceLatticeFaster():decoder-wrappers.cc:375) Log-like per frame for utterance PN00F04U013 is -3.80529 over 630 frames.
PN00F04U014 ikk chaar chhe sifar chaar panj sifar 
LOG (gmm-latgen-faster[5.5.620~1-dce1dc]:DecodeUtteranceLatticeFaster():decoder-wrappers.cc:375) Log-like per frame for utterance PN00F04U014 is -3.83155 over 630 frames.
PN00F04U015 sifar panj satt sifar do do tinn 
LOG (gmm-latgen-faster[5.5.620~1-dce1dc]:DecodeUtteranceLatticeFaster():decoder-wrappers.cc:375) Log-like per frame for utterance PN00F04U015 is -3.77515 over 630 frames.
PN00F04U016 tinn panj chhe satt athth sifar ikk 
LOG (gmm-latgen-faster[5.5.620~1-dce1dc]:DecodeUtteranceLatticeFaster():decoder-wrappers.cc:375) Log-like per frame for utterance PN00F04U016 is -3.6821 over 629 frames.
PN00F04U017 ikk tinn chaar panj panj chhe chhe 
LOG (gmm-latgen-faster[5.5.620~1-dce1dc]:DecodeUtteranceLatticeFaster():decoder-wrappers.cc:375) Log-like per frame for utterance PN00F04U017 is -3.78276 over 630 frames.
PN00F04U018 chhe satt satt athth athth naun naun 
LOG (gmm-latgen-faster[5.5.620~1-dce1dc]:DecodeUtteranceLatticeFaster():decoder-wrappers.cc:375) Log-like per frame for utterance PN00F04U018 is -3.63684 over 630 frames.
PN00F04U019 naun sifar ikk ikk do ikk satt 
LOG (gmm-latgen-faster[5.5.620~1-dce1dc]:DecodeUtteranceLatticeFaster():decoder-wrappers.cc:375) Log-like per frame for utterance PN00F04U019 is -3.80114 over 630 frames.
PN00F04U020 satt naun ikk tinn panj satt naun 
LOG (gmm-latgen-faster[5.5.620~1-dce1dc]:DecodeUtteranceLatticeFaster():decoder-wrappers.cc:375) Log-like per frame for utterance PN00F04U020 is -3.59587 over 630 frames.
PN00F04U021 sifar sifar ikk do tinn chaar panj 
LOG (gmm-latgen-faster[5.5.620~1-dce1dc]:DecodeUtteranceLatticeFaster():decoder-wrappers.cc:375) Log-like per frame for utterance PN00F04U021 is -3.80116 over 630 frames.
PN00F04U022 panj chhe satt athth naun ikk sifar 
LOG (gmm-latgen-faster[5.5.620~1-dce1dc]:DecodeUtteranceLatticeFaster():decoder-wrappers.cc:375) Log-like per frame for utterance PN00F04U022 is -3.83182 over 630 frames.
PN00F04U023 sifar do chaar chhe athth do sifar 
LOG (gmm-latgen-faster[5.5.620~1-dce1dc]:DecodeUtteranceLatticeFaster():decoder-wrappers.cc:375) Log-like per frame for utterance PN00F04U023 is -3.70422 over 629 frames.
PN00F04U024 sifar tinn panj satt naun tinn sifar 
LOG (gmm-latgen-faster[5.5.620~1-dce1dc]:DecodeUtteranceLatticeFaster():decoder-wrappers.cc:375) Log-like per frame for utterance PN00F04U024 is -3.97635 over 630 frames.
PN00F04U025 sifar chaar satt chaar sifar panj athth 
LOG (gmm-latgen-faster[5.5.620~1-dce1dc]:DecodeUtteranceLatticeFaster():decoder-wrappers.cc:375) Log-like per frame for utterance PN00F04U025 is -3.93186 over 630 frames.
PN00F04U026 athth panj sifar chhe naun chhe sifar 
LOG (gmm-latgen-faster[5.5.620~1-dce1dc]:DecodeUtteranceLatticeFaster():decoder-wrappers.cc:375) Log-like per frame for utterance PN00F04U026 is -4.06918 over 630 frames.
PN00F04U027 sifar satt satt sifar athth athth sifar 
LOG (gmm-latgen-faster[5.5.620~1-dce1dc]:DecodeUtteranceLatticeFaster():decoder-wrappers.cc:375) Log-like per frame for utterance PN00F04U027 is -4.17511 over 630 frames.
PN00F04U028 sifar naun naun sifar ikk ikk tinn 
LOG (gmm-latgen-faster[5.5.620~1-dce1dc]:DecodeUtteranceLatticeFaster():decoder-wrappers.cc:375) Log-like per frame for utterance PN00F04U028 is -3.80167 over 630 frames.
PN00F04U029 tinn chhe ikk chaar athth ikk panj 
LOG (gmm-latgen-faster[5.5.620~1-dce1dc]:DecodeUtteranceLatticeFaster():decoder-wrappers.cc:375) Log-like per frame for utterance PN00F04U029 is -3.76974 over 630 frames.
PN00F04U030 panj naun do panj chaar ikk chhe 
LOG (gmm-latgen-faster[5.5.620~1-dce1dc]:DecodeUtteranceLatticeFaster():decoder-wrappers.cc:375) Log-like per frame for utterance PN00F04U030 is -3.70818 over 630 frames.
PN00F04U031 chhe panj ikk satt chhe do chhe 
LOG (gmm-latgen-faster[5.5.620~1-dce1dc]:DecodeUtteranceLatticeFaster():decoder-wrappers.cc:375) Log-like per frame for utterance PN00F04U031 is -3.8943 over 629 frames.
PN00F04U032 chhe tinn satt ikk athth tinn athth 
LOG (gmm-latgen-faster[5.5.620~1-dce1dc]:DecodeUtteranceLatticeFaster():decoder-wrappers.cc:375) Log-like per frame for utterance PN00F04U032 is -3.89071 over 630 frames.
PN00F04U033 athth naun chaar naun panj do ikk 
LOG (gmm-latgen-faster[5.5.620~1-dce1dc]:DecodeUtteranceLatticeFaster():decoder-wrappers.cc:375) Log-like per frame for utterance PN00F04U033 is -3.55657 over 630 frames.
PN00F04U034 ikk naun satt do satt panj tinn 
LOG (gmm-latgen-faster[5.5.620~1-dce1dc]:DecodeUtteranceLatticeFaster():decoder-wrappers.cc:375) Log-like per frame for utterance PN00F04U034 is -3.65857 over 630 frames.
PN00F04U035 tinn naun athth satt tinn ikk do 
LOG (gmm-latgen-faster[5.5.620~1-dce1dc]:DecodeUtteranceLatticeFaster():decoder-wrappers.cc:375) Log-like per frame for utterance PN00F04U035 is -3.77514 over 630 frames.
PN00F04U036 do do athth chaar do naun sifar 
LOG (gmm-latgen-faster[5.5.620~1-dce1dc]:DecodeUtteranceLatticeFaster():decoder-wrappers.cc:375) Log-like per frame for utterance PN00F04U036 is -3.68524 over 630 frames.
PN00F04U037 sifar ikk do tinn do tinn tinn 
LOG (gmm-latgen-faster[5.5.620~1-dce1dc]:DecodeUtteranceLatticeFaster():decoder-wrappers.cc:375) Log-like per frame for utterance PN00F04U037 is -3.89554 over 630 frames.
PN00F04U038 tinn chaar tinn chaar chaar panj panj 
LOG (gmm-latgen-faster[5.5.620~1-dce1dc]:DecodeUtteranceLatticeFaster():decoder-wrappers.cc:375) Log-like per frame for utterance PN00F04U038 is -3.66288 over 630 frames.
PN00F04U039 panj chhe chaar panj chhe chhe satt 
LOG (gmm-latgen-faster[5.5.620~1-dce1dc]:DecodeUtteranceLatticeFaster():decoder-wrappers.cc:375) Log-like per frame for utterance PN00F04U039 is -3.81211 over 630 frames.
PN00F04U040 satt athth chhe satt ikk do chaar 
LOG (gmm-latgen-faster[5.5.620~1-dce1dc]:DecodeUtteranceLatticeFaster():decoder-wrappers.cc:375) Log-like per frame for utterance PN00F04U040 is -3.7381 over 629 frames.
PN00F04U041 sifar naun sifar ikk do tinn chaar 
LOG (gmm-latgen-faster[5.5.620~1-dce1dc]:DecodeUtteranceLatticeFaster():decoder-wrappers.cc:375) Log-like per frame for utterance PN00F04U041 is -3.89374 over 630 frames.
PN00F04U042 chaar panj chhe satt athth naun athth 
LOG (gmm-latgen-faster[5.5.620~1-dce1dc]:DecodeUtteranceLatticeFaster():decoder-wrappers.cc:375) Log-like per frame for utterance PN00F04U042 is -3.68487 over 630 frames.
PN00F04U043 athth sifar do chaar chhe athth satt 
LOG (gmm-latgen-faster[5.5.620~1-dce1dc]:DecodeUtteranceLatticeFaster():decoder-wrappers.cc:375) Log-like per frame for utterance PN00F04U043 is -3.76091 over 630 frames.
PN00F04U044 satt sifar tinn panj satt naun chhe 
LOG (gmm-latgen-faster[5.5.620~1-dce1dc]:DecodeUtteranceLatticeFaster():decoder-wrappers.cc:375) Log-like per frame for utterance PN00F04U044 is -4.13511 over 630 frames.
PN00F04U045 chhe sifar chaar satt panj sifar panj 
LOG (gmm-latgen-faster[5.5.620~1-dce1dc]:DecodeUtteranceLatticeFaster():decoder-wrappers.cc:375) Log-like per frame for utterance PN00F04U045 is -3.9612 over 630 frames.
PN00F04U046 panj athth chaar sifar chhe naun tinn 
LOG (gmm-latgen-faster[5.5.620~1-dce1dc]:DecodeUtteranceLatticeFaster():decoder-wrappers.cc:375) Log-like per frame for utterance PN00F04U046 is -3.84053 over 630 frames.
PN00F04U047 tinn sifar satt do sifar athth ikk 
LOG (gmm-latgen-faster[5.5.620~1-dce1dc]:DecodeUtteranceLatticeFaster():decoder-wrappers.cc:375) Log-like per frame for utterance PN00F04U047 is -3.91133 over 630 frames.
PN00F04U048 ikk sifar sifar ikk naun ikk tinn 
LOG (gmm-latgen-faster[5.5.620~1-dce1dc]:DecodeUtteranceLatticeFaster():decoder-wrappers.cc:375) Log-like per frame for utterance PN00F04U048 is -4.05286 over 630 frames.
PN00F04U049 tinn chhe ikk chaar athth do panj 
LOG (gmm-latgen-faster[5.5.620~1-dce1dc]:DecodeUtteranceLatticeFaster():decoder-wrappers.cc:375) Log-like per frame for utterance PN00F04U049 is -3.57416 over 630 frames.
PN00F04U050 panj naun do chhe panj ikk panj 
LOG (gmm-latgen-faster[5.5.620~1-dce1dc]:DecodeUtteranceLatticeFaster():decoder-wrappers.cc:375) Log-like per frame for utterance PN00F04U050 is -3.77428 over 630 frames.
PN00F04U051 panj chaar ikk chhe tinn ikk satt 
LOG (gmm-latgen-faster[5.5.620~1-dce1dc]:DecodeUtteranceLatticeFaster():decoder-wrappers.cc:375) Log-like per frame for utterance PN00F04U051 is -3.78172 over 630 frames.
PN00F04U052 satt ikk athth tinn satt tinn athth 
LOG (gmm-latgen-faster[5.5.620~1-dce1dc]:DecodeUtteranceLatticeFaster():decoder-wrappers.cc:375) Log-like per frame for utterance PN00F04U052 is -3.83664 over 630 frames.
PN00F04U053 athth naun naun chaar naun panj do 
LOG (gmm-latgen-faster[5.5.620~1-dce1dc]:DecodeUtteranceLatticeFaster():decoder-wrappers.cc:375) Log-like per frame for utterance PN00F04U053 is -3.48834 over 630 frames.
PN00F04U054 do satt chhe do athth panj tinn 
LOG (gmm-latgen-faster[5.5.620~1-dce1dc]:DecodeUtteranceLatticeFaster():decoder-wrappers.cc:375) Log-like per frame for utterance PN00F04U054 is -3.60794 over 630 frames.
PN00F04U055 tinn naun satt chaar do ikk ikk 
LOG (gmm-latgen-faster[5.5.620~1-dce1dc]:DecodeUtteranceLatticeFaster():decoder-wrappers.cc:375) Log-like per frame for utterance PN00F04U055 is -3.57293 over 630 frames.
PN00F04U056 ikk do naun sifar ikk do do 
LOG (gmm-latgen-faster[5.5.620~1-dce1dc]:DecodeUtteranceLatticeFaster():decoder-wrappers.cc:375) Log-like per frame for utterance PN00F04U056 is -3.49162 over 630 frames.
PN00F04U057 do tinn do tinn tinn chaar tinn 
LOG (gmm-latgen-faster[5.5.620~1-dce1dc]:DecodeUtteranceLatticeFaster():decoder-wrappers.cc:375) Log-like per frame for utterance PN00F04U057 is -3.58564 over 630 frames.
PN00F04U058 tinn chaar chaar panj panj chhe chaar 
LOG (gmm-latgen-faster[5.5.620~1-dce1dc]:DecodeUtteranceLatticeFaster():decoder-wrappers.cc:375) Log-like per frame for utterance PN00F04U058 is -3.51688 over 630 frames.
PN00F04U059 athth athth athth sifar sifar sifar sifar 
LOG (gmm-latgen-faster[5.5.620~1-dce1dc]:DecodeUtteranceLatticeFaster():decoder-wrappers.cc:375) Log-like per frame for utterance PN00F04U059 is -3.88209 over 630 frames.
PN00F04U060 athth chhe satt athth athth naun sifar 
LOG (gmm-latgen-faster[5.5.620~1-dce1dc]:DecodeUtteranceLatticeFaster():decoder-wrappers.cc:375) Log-like per frame for utterance PN00F04U060 is -3.64604 over 630 frames.
PN00F04U061 sifar naun naun athth satt chhe panj 
LOG (gmm-latgen-faster[5.5.620~1-dce1dc]:DecodeUtteranceLatticeFaster():decoder-wrappers.cc:375) Log-like per frame for utterance PN00F04U061 is -3.59944 over 630 frames.
PN00F04U062 panj chaar tinn do ikk sifar athth 
LOG (gmm-latgen-faster[5.5.620~1-dce1dc]:DecodeUtteranceLatticeFaster():decoder-wrappers.cc:375) Log-like per frame for utterance PN00F04U062 is -3.63096 over 629 frames.
PN00F04U063 athth naun satt panj tinn ikk satt 
LOG (gmm-latgen-faster[5.5.620~1-dce1dc]:DecodeUtteranceLatticeFaster():decoder-wrappers.cc:375) Log-like per frame for utterance PN00F04U063 is -3.69328 over 630 frames.
PN00F04U064 satt naun chhe chaar do sifar chhe 
LOG (gmm-latgen-faster[5.5.620~1-dce1dc]:DecodeUtteranceLatticeFaster():decoder-wrappers.cc:375) Log-like per frame for utterance PN00F04U064 is -3.65226 over 630 frames.
PN00F04U065 chhe naun panj do panj naun chaar 
LOG (gmm-latgen-faster[5.5.620~1-dce1dc]:DecodeUtteranceLatticeFaster():decoder-wrappers.cc:375) Log-like per frame for utterance PN00F04U065 is -3.43368 over 630 frames.
PN00F04U066 chaar ikk chaar naun tinn sifar tinn 
LOG (gmm-latgen-faster[5.5.620~1-dce1dc]:DecodeUtteranceLatticeFaster():decoder-wrappers.cc:375) Log-like per frame for utterance PN00F04U066 is -3.69499 over 630 frames.
PN00F04U067 tinn naun do do naun ikk ikk 
LOG (gmm-latgen-faster[5.5.620~1-dce1dc]:DecodeUtteranceLatticeFaster():decoder-wrappers.cc:375) Log-like per frame for utterance PN00F04U067 is -3.32639 over 630 frames.
PN00F04U068 ikk naun sifar sifar satt chaar sifar 
LOG (gmm-latgen-faster[5.5.620~1-dce1dc]:DecodeUtteranceLatticeFaster():decoder-wrappers.cc:375) Log-like per frame for utterance PN00F04U068 is -3.81072 over 630 frames.
PN00F04U069 sifar ikk athth chhe tinn athth athth 
LOG (gmm-latgen-faster[5.5.620~1-dce1dc]:DecodeUtteranceLatticeFaster():decoder-wrappers.cc:375) Log-like per frame for utterance PN00F04U069 is -3.77825 over 630 frames.
PN00F04U070 athth panj ikk chhe do chhe athth 
LOG (gmm-latgen-faster[5.5.620~1-dce1dc]:DecodeUtteranceLatticeFaster():decoder-wrappers.cc:375) Log-like per frame for utterance PN00F04U070 is -3.51415 over 629 frames.
PN00F04U071 athth chaar panj athth tinn chaar athth 
LOG (gmm-latgen-faster[5.5.620~1-dce1dc]:DecodeUtteranceLatticeFaster():decoder-wrappers.cc:375) Log-like per frame for utterance PN00F04U071 is -3.80163 over 629 frames.
PN00F04U072 athth do tinn satt tinn chhe ikk 
LOG (gmm-latgen-faster[5.5.620~1-dce1dc]:DecodeUtteranceLatticeFaster():decoder-wrappers.cc:375) Log-like per frame for utterance PN00F04U072 is -3.56622 over 630 frames.
PN00F04U073 ikk panj sifar panj chhe satt do 
LOG (gmm-latgen-faster[5.5.620~1-dce1dc]:DecodeUtteranceLatticeFaster():decoder-wrappers.cc:375) Log-like per frame for utterance PN00F04U073 is -3.8386 over 630 frames.
PN00F04U074 do athth ikk tinn panj panj satt 
LOG (gmm-latgen-faster[5.5.620~1-dce1dc]:DecodeUtteranceLatticeFaster():decoder-wrappers.cc:375) Log-like per frame for utterance PN00F04U074 is -3.71514 over 629 frames.
PN00F04U075 satt ikk do satt sifar do chaar 
LOG (gmm-latgen-faster[5.5.620~1-dce1dc]:DecodeUtteranceLatticeFaster():decoder-wrappers.cc:375) Log-like per frame for utterance PN00F04U075 is -3.70997 over 630 frames.
PN00F04U076 chaar satt athth sifar ikk do tinn 
LOG (gmm-latgen-faster[5.5.620~1-dce1dc]:DecodeUtteranceLatticeFaster():decoder-wrappers.cc:375) Log-like per frame for utterance PN00F04U076 is -3.55202 over 630 frames.
LOG (apply-cmvn[5.5.620~1-dce1dc]:main():apply-cmvn.cc:162) Applied cepstral mean normalization to 80 utterances, errors on 0
PN00F04U077 tinn tinn chaar chhe sifar chaar chaar 
LOG (gmm-latgen-faster[5.5.620~1-dce1dc]:DecodeUtteranceLatticeFaster():decoder-wrappers.cc:375) Log-like per frame for utterance PN00F04U077 is -3.67149 over 630 frames.
PN00F04U078 chaar panj chhe chhe satt satt athth 
LOG (gmm-latgen-faster[5.5.620~1-dce1dc]:DecodeUtteranceLatticeFaster():decoder-wrappers.cc:375) Log-like per frame for utterance PN00F04U078 is -3.70518 over 630 frames.
PN00F04U079 naun naun ikk tinn panj satt naun 
LOG (gmm-latgen-faster[5.5.620~1-dce1dc]:DecodeUtteranceLatticeFaster():decoder-wrappers.cc:375) Log-like per frame for utterance PN00F04U079 is -3.464 over 630 frames.
PN00F04U080 do chhe naun ikk do chaar tinn 
LOG (gmm-latgen-faster[5.5.620~1-dce1dc]:DecodeUtteranceLatticeFaster():decoder-wrappers.cc:375) Log-like per frame for utterance PN00F04U080 is -3.50025 over 630 frames.
LOG (gmm-latgen-faster[5.5.620~1-dce1dc]:main():gmm-latgen-faster.cc:176) Time taken 12.7768s: real-time factor assuming 100 frames/sec is 0.0253563
LOG (gmm-latgen-faster[5.5.620~1-dce1dc]:main():gmm-latgen-faster.cc:179) Done 80 utterances, failed for 0
LOG (gmm-latgen-faster[5.5.620~1-dce1dc]:main():gmm-latgen-faster.cc:181) Overall log-likelihood per frame is -3.75324 over 50389 frames.
# Accounting: time=12 threads=1
# Ended (code 0) at Sun Mar 22 09:28:26 IST 2020, elapsed time 12 seconds
