# lattice-scale --inv-acoustic-scale=17 "ark:gunzip -c exp/sgmm/decode/lat.*.gz|" ark:- | lattice-add-penalty --word-ins-penalty=0.0 ark:- ark:- | lattice-best-path --word-symbol-table=exp/sgmm/graph/words.txt ark:- ark,t:- | utils/int2sym.pl -f 2- exp/sgmm/graph/words.txt | local/wer_hyp_filter > exp/sgmm/decode/scoring_kaldi/penalty_0.0/17.txt 
# Started at Sun Mar 22 09:56:01 IST 2020
#
lattice-best-path --word-symbol-table=exp/sgmm/graph/words.txt ark:- ark,t:- 
lattice-add-penalty --word-ins-penalty=0.0 ark:- ark:- 
lattice-scale --inv-acoustic-scale=17 'ark:gunzip -c exp/sgmm/decode/lat.*.gz|' ark:- 
LOG (lattice-best-path[5.5.620~1-dce1dc]:main():lattice-best-path.cc:99) For utterance PN00F02U001, best cost 40.2997 + 1161.27 = 1201.57 over 630 frames.
PN00F02U001 sifar sifar naun athth satt chhe panj 
LOG (lattice-best-path[5.5.620~1-dce1dc]:main():lattice-best-path.cc:99) For utterance PN00F02U002, best cost 38.9199 + 1143.16 = 1182.08 over 656 frames.
PN00F02U002 panj chaar tinn do ikk sifar ikk 
LOG (lattice-best-path[5.5.620~1-dce1dc]:main():lattice-best-path.cc:99) For utterance PN00F02U003, best cost 36.6593 + 1079.77 = 1116.42 over 630 frames.
PN00F02U003 ikk naun satt panj tinn ikk do 
LOG (lattice-best-path[5.5.620~1-dce1dc]:main():lattice-best-path.cc:99) For utterance PN00F02U004, best cost 39.643 + 1073.41 = 1113.06 over 629 frames.
PN00F02U004 do naun chhe chaar do sifar tinn 
LOG (lattice-best-path[5.5.620~1-dce1dc]:main():lattice-best-path.cc:99) For utterance PN00F02U005, best cost 38.6402 + 1045.84 = 1084.48 over 628 frames.
PN00F02U005 tinn naun panj do chaar naun chaar 
LOG (lattice-best-path[5.5.620~1-dce1dc]:main():lattice-best-path.cc:99) For utterance PN00F02U006, best cost 40.6807 + 1127.53 = 1168.21 over 629 frames.
PN00F02U006 chaar ikk panj naun tinn sifar chhe 
LOG (lattice-best-path[5.5.620~1-dce1dc]:main():lattice-best-path.cc:99) For utterance PN00F02U007, best cost 39.9197 + 1070.35 = 1110.27 over 630 frames.
PN00F02U007 chhe naun do satt naun ikk athth 
LOG (lattice-best-path[5.5.620~1-dce1dc]:main():lattice-best-path.cc:99) For utterance PN00F02U008, best cost 40.9262 + 1131.79 = 1172.72 over 629 frames.
PN00F02U008 athth naun sifar athth chhe tinn chaar 
LOG (lattice-best-path[5.5.620~1-dce1dc]:main():lattice-best-path.cc:99) For utterance PN00F02U009, best cost 41.2962 + 1155.92 = 1197.22 over 626 frames.
PN00F02U009 chaar sifar satt chaar athth panj ikk 
LOG (lattice-best-path[5.5.620~1-dce1dc]:main():lattice-best-path.cc:99) For utterance PN00F02U010, best cost 41.6167 + 1151.18 = 1192.8 over 628 frames.
PN00F02U010 ikk satt tinn tinn athth chaar chaar 
LOG (lattice-best-path[5.5.620~1-dce1dc]:main():lattice-best-path.cc:99) For utterance PN00F02U011, best cost 43.0937 + 956.006 = 999.1 over 630 frames.
PN00F02U011 chhe satt do panj athth tinn chhe 
LOG (lattice-best-path[5.5.620~1-dce1dc]:main():lattice-best-path.cc:99) For utterance PN00F02U012, best cost 37.7789 + 1146.58 = 1184.36 over 656 frames.
PN00F02U012 chhe athth do athth ikk chhe do 
LOG (lattice-best-path[5.5.620~1-dce1dc]:main():lattice-best-path.cc:99) For utterance PN00F02U013, best cost 38.68 + 1108.87 = 1147.55 over 630 frames.
PN00F02U013 do chhe ikk do tinn satt ikk 
LOG (lattice-best-path[5.5.620~1-dce1dc]:main():lattice-best-path.cc:99) For utterance PN00F02U014, best cost 42.1188 + 1151.88 = 1194 over 629 frames.
PN00F02U014 ikk chaar chhe sifar chaar panj sifar 
LOG (lattice-best-path[5.5.620~1-dce1dc]:main():lattice-best-path.cc:99) For utterance PN00F02U015, best cost 43.4017 + 1192.56 = 1235.96 over 630 frames.
PN00F02U015 sifar panj satt sifar do do tinn 
LOG (lattice-best-path[5.5.620~1-dce1dc]:main():lattice-best-path.cc:99) For utterance PN00F02U016, best cost 41.3288 + 1196.92 = 1238.25 over 629 frames.
PN00F02U016 tinn panj chhe satt athth sifar ikk 
LOG (lattice-best-path[5.5.620~1-dce1dc]:main():lattice-best-path.cc:99) For utterance PN00F02U017, best cost 41.7065 + 1195.66 = 1237.37 over 657 frames.
PN00F02U017 ikk tinn chaar panj panj chhe chhe 
LOG (lattice-best-path[5.5.620~1-dce1dc]:main():lattice-best-path.cc:99) For utterance PN00F02U018, best cost 38.9136 + 1163.69 = 1202.61 over 652 frames.
PN00F02U018 chhe satt satt athth athth naun naun 
LOG (lattice-best-path[5.5.620~1-dce1dc]:main():lattice-best-path.cc:99) For utterance PN00F02U019, best cost 40.877 + 1182.56 = 1223.44 over 653 frames.
PN00F02U019 naun sifar ikk ikk do ikk satt 
LOG (lattice-best-path[5.5.620~1-dce1dc]:main():lattice-best-path.cc:99) For utterance PN00F02U020, best cost 37.329 + 1114.39 = 1151.72 over 628 frames.
PN00F02U020 satt naun ikk tinn panj satt naun 
LOG (lattice-best-path[5.5.620~1-dce1dc]:main():lattice-best-path.cc:99) For utterance PN00F02U021, best cost 45.2122 + 910.321 = 955.533 over 629 frames.
PN00F02U021 sifar sifar ikk do tinn chaar panj 
LOG (lattice-best-path[5.5.620~1-dce1dc]:main():lattice-best-path.cc:99) For utterance PN00F02U022, best cost 41.1955 + 1109.09 = 1150.28 over 656 frames.
PN00F02U022 panj chhe satt athth naun ikk sifar 
LOG (lattice-best-path[5.5.620~1-dce1dc]:main():lattice-best-path.cc:99) For utterance PN00F02U023, best cost 38.5909 + 1097.51 = 1136.1 over 630 frames.
PN00F02U023 sifar do chaar chhe athth do sifar 
LOG (lattice-best-path[5.5.620~1-dce1dc]:main():lattice-best-path.cc:99) For utterance PN00F02U024, best cost 41.933 + 1129.88 = 1171.81 over 630 frames.
PN00F02U024 sifar tinn panj satt naun tinn sifar 
LOG (lattice-best-path[5.5.620~1-dce1dc]:main():lattice-best-path.cc:99) For utterance PN00F02U025, best cost 41.9398 + 1150.96 = 1192.9 over 630 frames.
PN00F02U025 sifar chaar satt chaar sifar panj athth 
LOG (lattice-best-path[5.5.620~1-dce1dc]:main():lattice-best-path.cc:99) For utterance PN00F02U026, best cost 41.5752 + 1157.82 = 1199.39 over 630 frames.
PN00F02U026 athth panj sifar chhe naun chhe sifar 
LOG (lattice-best-path[5.5.620~1-dce1dc]:main():lattice-best-path.cc:99) For utterance PN00F02U027, best cost 43.0151 + 1184.41 = 1227.43 over 656 frames.
PN00F02U027 sifar satt satt sifar athth athth sifar 
LOG (lattice-best-path[5.5.620~1-dce1dc]:main():lattice-best-path.cc:99) For utterance PN00F02U028, best cost 40.4122 + 1156.13 = 1196.54 over 629 frames.
PN00F02U028 sifar naun naun sifar ikk ikk tinn 
LOG (lattice-best-path[5.5.620~1-dce1dc]:main():lattice-best-path.cc:99) For utterance PN00F02U029, best cost 37.152 + 1099.07 = 1136.22 over 630 frames.
PN00F02U029 tinn chhe ikk chaar athth ikk panj 
LOG (lattice-best-path[5.5.620~1-dce1dc]:main():lattice-best-path.cc:99) For utterance PN00F02U030, best cost 38.8672 + 1092.08 = 1130.95 over 630 frames.
PN00F02U030 panj naun do panj chaar ikk chhe 
LOG (lattice-best-path[5.5.620~1-dce1dc]:main():lattice-best-path.cc:99) For utterance PN00F02U031, best cost 38.4023 + 1085.37 = 1123.77 over 630 frames.
PN00F02U031 chhe panj ikk satt chhe do chhe 
LOG (lattice-best-path[5.5.620~1-dce1dc]:main():lattice-best-path.cc:99) For utterance PN00F02U032, best cost 36.949 + 1026.58 = 1063.53 over 629 frames.
PN00F02U032 chhe tinn satt ikk athth tinn athth 
LOG (lattice-best-path[5.5.620~1-dce1dc]:main():lattice-best-path.cc:99) For utterance PN00F02U033, best cost 37.8548 + 1065.78 = 1103.64 over 630 frames.
PN00F02U033 athth naun chaar naun panj do ikk 
LOG (lattice-best-path[5.5.620~1-dce1dc]:main():lattice-best-path.cc:99) For utterance PN00F02U034, best cost 37.0214 + 1091.58 = 1128.61 over 630 frames.
PN00F02U034 ikk naun satt do satt panj tinn 
LOG (lattice-best-path[5.5.620~1-dce1dc]:main():lattice-best-path.cc:99) For utterance PN00F02U035, best cost 37.3066 + 1078.81 = 1116.12 over 630 frames.
PN00F02U035 tinn naun athth satt tinn ikk do 
LOG (lattice-best-path[5.5.620~1-dce1dc]:main():lattice-best-path.cc:99) For utterance PN00F02U036, best cost 40.4874 + 1106.19 = 1146.68 over 630 frames.
PN00F02U036 do do athth chaar do naun sifar 
LOG (lattice-best-path[5.5.620~1-dce1dc]:main():lattice-best-path.cc:99) For utterance PN00F02U037, best cost 39.2044 + 1090.6 = 1129.8 over 655 frames.
PN00F02U037 sifar ikk do tinn do tinn tinn 
LOG (lattice-best-path[5.5.620~1-dce1dc]:main():lattice-best-path.cc:99) For utterance PN00F02U038, best cost 42.7204 + 1039.99 = 1082.71 over 630 frames.
PN00F02U038 tinn chaar tinn chaar chaar panj panj 
LOG (lattice-best-path[5.5.620~1-dce1dc]:main():lattice-best-path.cc:99) For utterance PN00F02U039, best cost 40.6135 + 1084.04 = 1124.66 over 629 frames.
PN00F02U039 panj chhe chaar panj chhe chhe satt 
LOG (lattice-best-path[5.5.620~1-dce1dc]:main():lattice-best-path.cc:99) For utterance PN00F02U040, best cost 41.0251 + 1031.5 = 1072.53 over 629 frames.
PN00F02U040 satt athth chhe satt ikk do chaar 
LOG (lattice-best-path[5.5.620~1-dce1dc]:main():lattice-best-path.cc:99) For utterance PN00F02U041, best cost 39.3782 + 1113.81 = 1153.18 over 630 frames.
PN00F02U041 sifar naun sifar ikk do tinn chaar 
LOG (lattice-best-path[5.5.620~1-dce1dc]:main():lattice-best-path.cc:99) For utterance PN00F02U042, best cost 39.7206 + 1081.23 = 1120.95 over 648 frames.
PN00F02U042 chaar panj chhe satt athth naun athth 
LOG (lattice-best-path[5.5.620~1-dce1dc]:main():lattice-best-path.cc:99) For utterance PN00F02U043, best cost 37.688 + 1076.23 = 1113.92 over 630 frames.
PN00F02U043 athth sifar do chaar chhe athth satt 
LOG (lattice-best-path[5.5.620~1-dce1dc]:main():lattice-best-path.cc:99) For utterance PN00F02U044, best cost 39.5571 + 1079.13 = 1118.68 over 630 frames.
PN00F02U044 satt sifar tinn panj satt naun chhe 
LOG (lattice-best-path[5.5.620~1-dce1dc]:main():lattice-best-path.cc:99) For utterance PN00F02U045, best cost 40.9047 + 1134.8 = 1175.71 over 630 frames.
PN00F02U045 chhe sifar chaar satt panj sifar panj 
LOG (lattice-best-path[5.5.620~1-dce1dc]:main():lattice-best-path.cc:99) For utterance PN00F02U046, best cost 41.1792 + 1079.26 = 1120.44 over 630 frames.
PN00F02U046 panj athth chaar sifar chhe naun tinn 
LOG (lattice-best-path[5.5.620~1-dce1dc]:main():lattice-best-path.cc:99) For utterance PN00F02U047, best cost 42.3253 + 1124.32 = 1166.65 over 630 frames.
PN00F02U047 tinn sifar satt do sifar athth ikk 
LOG (lattice-best-path[5.5.620~1-dce1dc]:main():lattice-best-path.cc:99) For utterance PN00F02U048, best cost 41.8942 + 1053.87 = 1095.76 over 630 frames.
PN00F02U048 ikk sifar sifar ikk naun ikk tinn 
LOG (lattice-best-path[5.5.620~1-dce1dc]:main():lattice-best-path.cc:99) For utterance PN00F02U049, best cost 38.1983 + 1073.94 = 1112.14 over 630 frames.
PN00F02U049 tinn chhe ikk chaar athth do panj 
LOG (lattice-best-path[5.5.620~1-dce1dc]:main():lattice-best-path.cc:99) For utterance PN00F02U050, best cost 38.4174 + 1065.96 = 1104.37 over 629 frames.
PN00F02U050 panj naun do chhe panj ikk panj 
LOG (lattice-best-path[5.5.620~1-dce1dc]:main():lattice-best-path.cc:99) For utterance PN00F02U051, best cost 37.2194 + 1065.04 = 1102.26 over 630 frames.
PN00F02U051 panj chaar ikk chhe tinn ikk satt 
LOG (lattice-best-path[5.5.620~1-dce1dc]:main():lattice-best-path.cc:99) For utterance PN00F02U052, best cost 37.7886 + 1057.58 = 1095.37 over 629 frames.
PN00F02U052 satt ikk athth tinn satt tinn athth 
LOG (lattice-best-path[5.5.620~1-dce1dc]:main():lattice-best-path.cc:99) For utterance PN00F02U053, best cost 37.3776 + 1038.65 = 1076.03 over 630 frames.
PN00F02U053 athth naun naun chaar naun panj do 
LOG (lattice-best-path[5.5.620~1-dce1dc]:main():lattice-best-path.cc:99) For utterance PN00F02U054, best cost 38.9729 + 1063.79 = 1102.77 over 630 frames.
PN00F02U054 do satt chhe do athth panj tinn 
LOG (lattice-best-path[5.5.620~1-dce1dc]:main():lattice-best-path.cc:99) For utterance PN00F02U055, best cost 37.9607 + 1055.82 = 1093.79 over 630 frames.
PN00F02U055 tinn naun satt chaar do ikk ikk 
LOG (lattice-best-path[5.5.620~1-dce1dc]:main():lattice-best-path.cc:99) For utterance PN00F02U056, best cost 40.9316 + 1115.74 = 1156.67 over 656 frames.
PN00F02U056 ikk do naun sifar ikk do do 
LOG (lattice-best-path[5.5.620~1-dce1dc]:main():lattice-best-path.cc:99) For utterance PN00F02U057, best cost 40.7546 + 1034.95 = 1075.7 over 629 frames.
PN00F02U057 do tinn do tinn tinn chaar tinn 
LOG (lattice-best-path[5.5.620~1-dce1dc]:main():lattice-best-path.cc:99) For utterance PN00F02U058, best cost 40.9812 + 1107.16 = 1148.14 over 630 frames.
PN00F02U058 tinn chaar chaar panj panj chhe chaar 
LOG (lattice-best-path[5.5.620~1-dce1dc]:main():lattice-best-path.cc:99) For utterance PN00F02U059, best cost 43.6867 + 1162.04 = 1205.73 over 629 frames.
PN00F02U059 athth athth athth sifar sifar sifar sifar 
LOG (lattice-best-path[5.5.620~1-dce1dc]:main():lattice-best-path.cc:99) For utterance PN00F02U060, best cost 39.2007 + 1087.73 = 1126.93 over 629 frames.
PN00F02U060 athth chhe satt athth athth naun sifar 
LOG (lattice-best-path[5.5.620~1-dce1dc]:main():lattice-best-path.cc:99) For utterance PN00F02U061, best cost 38.018 + 1107.19 = 1145.21 over 630 frames.
PN00F02U061 sifar naun naun athth satt chhe panj 
LOG (lattice-best-path[5.5.620~1-dce1dc]:main():lattice-best-path.cc:99) For utterance PN00F02U062, best cost 38.3157 + 1056.64 = 1094.95 over 630 frames.
PN00F02U062 panj chaar tinn do ikk sifar athth 
LOG (lattice-best-path[5.5.620~1-dce1dc]:main():lattice-best-path.cc:99) For utterance PN00F02U063, best cost 36.793 + 1044.34 = 1081.13 over 629 frames.
PN00F02U063 athth naun satt panj tinn ikk satt 
LOG (lattice-best-path[5.5.620~1-dce1dc]:main():lattice-best-path.cc:99) For utterance PN00F02U064, best cost 37.5736 + 1087.17 = 1124.74 over 630 frames.
PN00F02U064 satt naun chhe chaar do sifar chhe 
LOG (lattice-best-path[5.5.620~1-dce1dc]:main():lattice-best-path.cc:99) For utterance PN00F02U065, best cost 38.523 + 1063.14 = 1101.66 over 630 frames.
PN00F02U065 chhe naun panj do panj naun chaar 
LOG (lattice-best-path[5.5.620~1-dce1dc]:main():lattice-best-path.cc:99) For utterance PN00F02U066, best cost 40.7589 + 1052.76 = 1093.52 over 630 frames.
PN00F02U066 chaar ikk chaar naun tinn sifar tinn 
LOG (lattice-best-path[5.5.620~1-dce1dc]:main():lattice-best-path.cc:99) For utterance PN00F02U067, best cost 38.4817 + 1022.04 = 1060.52 over 630 frames.
PN00F02U067 tinn naun do do naun ikk ikk 
LOG (lattice-best-path[5.5.620~1-dce1dc]:main():lattice-best-path.cc:99) For utterance PN00F02U068, best cost 42.4973 + 1150.67 = 1193.17 over 629 frames.
PN00F02U068 ikk naun sifar sifar satt chaar sifar 
LOG (lattice-best-path[5.5.620~1-dce1dc]:main():lattice-best-path.cc:99) For utterance PN00F02U069, best cost 36.3434 + 1085.37 = 1121.71 over 630 frames.
PN00F02U069 sifar ikk athth chhe tinn athth 
LOG (lattice-best-path[5.5.620~1-dce1dc]:main():lattice-best-path.cc:99) For utterance PN00F02U070, best cost 37.4328 + 1106.59 = 1144.02 over 656 frames.
PN00F02U070 athth panj ikk chhe do chhe athth 
LOG (lattice-best-path[5.5.620~1-dce1dc]:main():lattice-best-path.cc:99) For utterance PN00F02U071, best cost 42.8826 + 1089.68 = 1132.56 over 630 frames.
PN00F02U071 athth chaar panj athth tinn chaar athth 
LOG (lattice-best-path[5.5.620~1-dce1dc]:main():lattice-best-path.cc:99) For utterance PN00F02U072, best cost 39.628 + 1045.92 = 1085.55 over 630 frames.
PN00F02U072 athth do tinn satt tinn chhe ikk 
LOG (lattice-best-path[5.5.620~1-dce1dc]:main():lattice-best-path.cc:99) For utterance PN00F02U073, best cost 41.1795 + 1084.32 = 1125.5 over 630 frames.
PN00F02U073 ikk panj sifar panj chhe satt do 
LOG (lattice-best-path[5.5.620~1-dce1dc]:main():lattice-best-path.cc:99) For utterance PN00F02U074, best cost 41.3506 + 1065.34 = 1106.69 over 630 frames.
PN00F02U074 do athth ikk tinn panj panj satt 
LOG (lattice-best-path[5.5.620~1-dce1dc]:main():lattice-best-path.cc:99) For utterance PN00F02U075, best cost 39.3813 + 1055.59 = 1094.97 over 630 frames.
PN00F02U075 satt ikk do satt sifar do chaar 
LOG (lattice-best-path[5.5.620~1-dce1dc]:main():lattice-best-path.cc:99) For utterance PN00F02U076, best cost 40.1487 + 1097.62 = 1137.77 over 629 frames.
PN00F02U076 chaar satt athth sifar ikk do tinn 
LOG (lattice-best-path[5.5.620~1-dce1dc]:main():lattice-best-path.cc:99) For utterance PN00F02U077, best cost 41.462 + 1083.72 = 1125.18 over 630 frames.
PN00F02U077 tinn tinn chaar chhe sifar chaar chaar 
LOG (lattice-best-path[5.5.620~1-dce1dc]:main():lattice-best-path.cc:99) For utterance PN00F02U078, best cost 39.4274 + 1059.67 = 1099.09 over 629 frames.
PN00F02U078 chaar panj chhe chhe satt satt athth 
LOG (lattice-best-path[5.5.620~1-dce1dc]:main():lattice-best-path.cc:99) For utterance PN00F02U079, best cost 39.3685 + 1031.07 = 1070.44 over 629 frames.
PN00F02U079 naun naun ikk tinn panj satt naun 
LOG (lattice-best-path[5.5.620~1-dce1dc]:main():lattice-best-path.cc:99) For utterance PN00F02U080, best cost 42.4585 + 1048.08 = 1090.54 over 629 frames.
PN00F02U080 do chhe naun ikk do chaar tinn 
LOG (lattice-best-path[5.5.620~1-dce1dc]:main():lattice-best-path.cc:99) For utterance PN00F04U001, best cost 34.3664 + 1073.32 = 1107.68 over 630 frames.
PN00F04U001 sifar sifar naun athth satt chhe panj 
LOG (lattice-best-path[5.5.620~1-dce1dc]:main():lattice-best-path.cc:99) For utterance PN00F04U002, best cost 33.1172 + 973.33 = 1006.45 over 630 frames.
PN00F04U002 panj chaar tinn do ikk sifar ikk 
LOG (lattice-best-path[5.5.620~1-dce1dc]:main():lattice-best-path.cc:99) For utterance PN00F04U003, best cost 34.0336 + 1077.4 = 1111.44 over 630 frames.
PN00F04U003 ikk naun satt panj tinn ikk do 
LOG (lattice-best-path[5.5.620~1-dce1dc]:main():lattice-best-path.cc:99) For utterance PN00F04U004, best cost 33.9441 + 1014.23 = 1048.17 over 629 frames.
PN00F04U004 do naun chhe chaar do sifar tinn 
LOG (lattice-best-path[5.5.620~1-dce1dc]:main():lattice-best-path.cc:99) For utterance PN00F04U005, best cost 33.5867 + 978.893 = 1012.48 over 630 frames.
PN00F04U005 tinn naun panj do chaar naun chaar 
LOG (lattice-best-path[5.5.620~1-dce1dc]:main():lattice-best-path.cc:99) For utterance PN00F04U006, best cost 34.805 + 967.06 = 1001.86 over 630 frames.
PN00F04U006 chaar ikk panj naun tinn sifar chhe 
LOG (lattice-best-path[5.5.620~1-dce1dc]:main():lattice-best-path.cc:99) For utterance PN00F04U007, best cost 35.6049 + 1002.88 = 1038.48 over 630 frames.
PN00F04U007 chhe naun do satt naun ikk athth 
LOG (lattice-best-path[5.5.620~1-dce1dc]:main():lattice-best-path.cc:99) For utterance PN00F04U008, best cost 35.9049 + 990.058 = 1025.96 over 629 frames.
PN00F04U008 athth naun sifar athth chhe tinn chaar 
LOG (lattice-best-path[5.5.620~1-dce1dc]:main():lattice-best-path.cc:99) For utterance PN00F04U009, best cost 36.2039 + 1035.77 = 1071.97 over 630 frames.
PN00F04U009 chaar sifar satt chaar athth panj ikk 
LOG (lattice-best-path[5.5.620~1-dce1dc]:main():lattice-best-path.cc:99) For utterance PN00F04U010, best cost 37.4052 + 1014.03 = 1051.43 over 630 frames.
PN00F04U010 ikk satt tinn tinn athth chaar chaar 
LOG (lattice-best-path[5.5.620~1-dce1dc]:main():lattice-best-path.cc:99) For utterance PN00F04U011, best cost 35.7819 + 1012.4 = 1048.18 over 629 frames.
PN00F04U011 chhe satt do panj athth tinn chhe 
LOG (lattice-best-path[5.5.620~1-dce1dc]:main():lattice-best-path.cc:99) For utterance PN00F04U012, best cost 32.0872 + 970.988 = 1003.07 over 630 frames.
PN00F04U012 chhe athth do athth ikk chhe do 
LOG (lattice-best-path[5.5.620~1-dce1dc]:main():lattice-best-path.cc:99) For utterance PN00F04U013, best cost 33.7793 + 856.861 = 890.64 over 630 frames.
PN00F04U013 do chhe ikk do tinn satt ikk 
LOG (lattice-best-path[5.5.620~1-dce1dc]:main():lattice-best-path.cc:99) For utterance PN00F04U014, best cost 36.4524 + 958.089 = 994.541 over 630 frames.
PN00F04U014 ikk chaar chhe sifar chaar panj sifar 
LOG (lattice-best-path[5.5.620~1-dce1dc]:main():lattice-best-path.cc:99) For utterance PN00F04U015, best cost 38.0842 + 965.228 = 1003.31 over 630 frames.
PN00F04U015 sifar panj satt sifar do do tinn 
LOG (lattice-best-path[5.5.620~1-dce1dc]:main():lattice-best-path.cc:99) For utterance PN00F04U016, best cost 36.1193 + 967.98 = 1004.1 over 629 frames.
PN00F04U016 tinn panj chhe satt athth sifar ikk 
LOG (lattice-best-path[5.5.620~1-dce1dc]:main():lattice-best-path.cc:99) For utterance PN00F04U017, best cost 35.8079 + 950.488 = 986.296 over 630 frames.
PN00F04U017 ikk tinn chaar panj panj chhe chhe 
LOG (lattice-best-path[5.5.620~1-dce1dc]:main():lattice-best-path.cc:99) For utterance PN00F04U018, best cost 34.0529 + 971.055 = 1005.11 over 630 frames.
PN00F04U018 chhe satt satt athth athth naun naun 
LOG (lattice-best-path[5.5.620~1-dce1dc]:main():lattice-best-path.cc:99) For utterance PN00F04U019, best cost 36.4614 + 996.536 = 1033 over 630 frames.
PN00F04U019 naun sifar ikk ikk do ikk satt 
LOG (lattice-best-path[5.5.620~1-dce1dc]:main():lattice-best-path.cc:99) For utterance PN00F04U020, best cost 32.843 + 928.207 = 961.05 over 630 frames.
PN00F04U020 satt naun ikk tinn panj satt naun 
LOG (lattice-best-path[5.5.620~1-dce1dc]:main():lattice-best-path.cc:99) For utterance PN00F04U021, best cost 38.0706 + 977.956 = 1016.03 over 630 frames.
PN00F04U021 sifar sifar ikk do tinn chaar panj 
LOG (lattice-best-path[5.5.620~1-dce1dc]:main():lattice-best-path.cc:99) For utterance PN00F04U022, best cost 36.5807 + 1005.68 = 1042.26 over 630 frames.
PN00F04U022 panj chhe satt athth naun ikk sifar 
LOG (lattice-best-path[5.5.620~1-dce1dc]:main():lattice-best-path.cc:99) For utterance PN00F04U023, best cost 35.9407 + 1025.97 = 1061.91 over 629 frames.
PN00F04U023 sifar do chaar chhe athth do sifar 
LOG (lattice-best-path[5.5.620~1-dce1dc]:main():lattice-best-path.cc:99) For utterance PN00F04U024, best cost 37.648 + 1080.74 = 1118.39 over 630 frames.
PN00F04U024 sifar tinn panj satt naun tinn sifar 
LOG (lattice-best-path[5.5.620~1-dce1dc]:main():lattice-best-path.cc:99) For utterance PN00F04U025, best cost 37.245 + 1058.73 = 1095.98 over 630 frames.
PN00F04U025 sifar chaar satt chaar sifar panj athth 
LOG (lattice-best-path[5.5.620~1-dce1dc]:main():lattice-best-path.cc:99) For utterance PN00F04U026, best cost 36.9907 + 1065.79 = 1102.78 over 630 frames.
PN00F04U026 athth panj sifar chhe naun chhe sifar 
LOG (lattice-best-path[5.5.620~1-dce1dc]:main():lattice-best-path.cc:99) For utterance PN00F04U027, best cost 38.4019 + 1082.32 = 1120.72 over 630 frames.
PN00F04U027 sifar satt satt sifar athth athth sifar 
LOG (lattice-best-path[5.5.620~1-dce1dc]:main():lattice-best-path.cc:99) For utterance PN00F04U028, best cost 35.8418 + 999.856 = 1035.7 over 630 frames.
PN00F04U028 sifar naun naun sifar ikk ikk tinn 
LOG (lattice-best-path[5.5.620~1-dce1dc]:main():lattice-best-path.cc:99) For utterance PN00F04U029, best cost 32.2441 + 1011.99 = 1044.24 over 630 frames.
PN00F04U029 tinn chhe ikk chaar athth ikk panj 
LOG (lattice-best-path[5.5.620~1-dce1dc]:main():lattice-best-path.cc:99) For utterance PN00F04U030, best cost 34.1902 + 968.338 = 1002.53 over 630 frames.
PN00F04U030 panj naun do panj chaar ikk chhe 
LOG (lattice-best-path[5.5.620~1-dce1dc]:main():lattice-best-path.cc:99) For utterance PN00F04U031, best cost 33.4584 + 955.589 = 989.047 over 629 frames.
PN00F04U031 chhe panj ikk satt chhe do chhe 
LOG (lattice-best-path[5.5.620~1-dce1dc]:main():lattice-best-path.cc:99) For utterance PN00F04U032, best cost 33.0996 + 983.972 = 1017.07 over 630 frames.
PN00F04U032 chhe tinn satt ikk athth tinn athth 
LOG (lattice-best-path[5.5.620~1-dce1dc]:main():lattice-best-path.cc:99) For utterance PN00F04U033, best cost 32.2977 + 931.462 = 963.76 over 630 frames.
PN00F04U033 athth naun chaar naun panj do ikk 
LOG (lattice-best-path[5.5.620~1-dce1dc]:main():lattice-best-path.cc:99) For utterance PN00F04U034, best cost 33.7125 + 963.381 = 997.093 over 630 frames.
PN00F04U034 ikk naun satt do satt panj tinn 
LOG (lattice-best-path[5.5.620~1-dce1dc]:main():lattice-best-path.cc:99) For utterance PN00F04U035, best cost 33.1496 + 959.096 = 992.245 over 630 frames.
PN00F04U035 tinn naun athth satt tinn ikk do 
LOG (lattice-best-path[5.5.620~1-dce1dc]:main():lattice-best-path.cc:99) For utterance PN00F04U036, best cost 36.4613 + 933.183 = 969.644 over 630 frames.
PN00F04U036 do do athth chaar do naun sifar 
LOG (lattice-best-path[5.5.620~1-dce1dc]:main():lattice-best-path.cc:99) For utterance PN00F04U037, best cost 35.7961 + 971.35 = 1007.15 over 630 frames.
PN00F04U037 sifar ikk do tinn do tinn tinn 
LOG (lattice-best-path[5.5.620~1-dce1dc]:main():lattice-best-path.cc:99) For utterance PN00F04U038, best cost 36.8226 + 936.868 = 973.69 over 630 frames.
PN00F04U038 tinn chaar tinn chaar chaar panj panj 
LOG (lattice-best-path[5.5.620~1-dce1dc]:main():lattice-best-path.cc:99) For utterance PN00F04U039, best cost 34.6716 + 965.725 = 1000.4 over 630 frames.
PN00F04U039 panj chhe chaar panj chhe chhe satt 
LOG (lattice-best-path[5.5.620~1-dce1dc]:main():lattice-best-path.cc:99) For utterance PN00F04U040, best cost 37.2472 + 946.138 = 983.385 over 629 frames.
PN00F04U040 satt athth chhe satt ikk do chaar 
LOG (lattice-best-path[5.5.620~1-dce1dc]:main():lattice-best-path.cc:99) For utterance PN00F04U041, best cost 36.1765 + 986.714 = 1022.89 over 630 frames.
PN00F04U041 sifar naun sifar ikk do tinn chaar 
LOG (lattice-best-path[5.5.620~1-dce1dc]:main():lattice-best-path.cc:99) For utterance PN00F04U042, best cost 34.9894 + 970.092 = 1005.08 over 630 frames.
PN00F04U042 chaar panj chhe satt athth naun athth 
LOG (lattice-best-path[5.5.620~1-dce1dc]:main():lattice-best-path.cc:99) For utterance PN00F04U043, best cost 34.7907 + 942.877 = 977.667 over 630 frames.
PN00F04U043 athth sifar do chaar chhe athth satt 
LOG (lattice-best-path[5.5.620~1-dce1dc]:main():lattice-best-path.cc:99) For utterance PN00F04U044, best cost 35.9643 + 1045.61 = 1081.58 over 630 frames.
PN00F04U044 satt sifar tinn panj satt naun chhe 
LOG (lattice-best-path[5.5.620~1-dce1dc]:main():lattice-best-path.cc:99) For utterance PN00F04U045, best cost 36.0169 + 1014.29 = 1050.31 over 630 frames.
PN00F04U045 chhe sifar chaar satt panj sifar panj 
LOG (lattice-best-path[5.5.620~1-dce1dc]:main():lattice-best-path.cc:99) For utterance PN00F04U046, best cost 35.9925 + 929.536 = 965.528 over 630 frames.
PN00F04U046 panj athth chaar sifar chhe naun tinn 
LOG (lattice-best-path[5.5.620~1-dce1dc]:main():lattice-best-path.cc:99) For utterance PN00F04U047, best cost 37.0575 + 1010.88 = 1047.94 over 630 frames.
PN00F04U047 tinn sifar satt do sifar athth ikk 
LOG (lattice-best-path[5.5.620~1-dce1dc]:main():lattice-best-path.cc:99) For utterance PN00F04U048, best cost 39.0772 + 1053.88 = 1092.96 over 630 frames.
PN00F04U048 ikk sifar sifar ikk naun ikk tinn 
LOG (lattice-best-path[5.5.620~1-dce1dc]:main():lattice-best-path.cc:99) For utterance PN00F04U049, best cost 32.6673 + 928.288 = 960.955 over 630 frames.
PN00F04U049 tinn chhe ikk chaar athth do panj 
LOG (lattice-best-path[5.5.620~1-dce1dc]:main():lattice-best-path.cc:99) For utterance PN00F04U050, best cost 34.8694 + 937.206 = 972.076 over 630 frames.
PN00F04U050 panj naun do chhe panj ikk panj 
LOG (lattice-best-path[5.5.620~1-dce1dc]:main():lattice-best-path.cc:99) For utterance PN00F04U051, best cost 33.0059 + 1028.48 = 1061.49 over 630 frames.
PN00F04U051 panj chaar ikk chhe tinn ikk satt 
LOG (lattice-best-path[5.5.620~1-dce1dc]:main():lattice-best-path.cc:99) For utterance PN00F04U052, best cost 34.4667 + 1036.47 = 1070.93 over 630 frames.
PN00F04U052 satt ikk athth tinn satt tinn athth 
LOG (lattice-best-path[5.5.620~1-dce1dc]:main():lattice-best-path.cc:99) For utterance PN00F04U053, best cost 32.5549 + 855.05 = 887.605 over 630 frames.
PN00F04U053 athth naun naun chaar naun panj do 
LOG (lattice-best-path[5.5.620~1-dce1dc]:main():lattice-best-path.cc:99) For utterance PN00F04U054, best cost 34.2753 + 924.091 = 958.366 over 630 frames.
PN00F04U054 do satt chhe do athth panj tinn 
LOG (lattice-best-path[5.5.620~1-dce1dc]:main():lattice-best-path.cc:99) For utterance PN00F04U055, best cost 34.3808 + 936.575 = 970.955 over 630 frames.
PN00F04U055 tinn naun satt chaar do ikk ikk 
LOG (lattice-best-path[5.5.620~1-dce1dc]:main():lattice-best-path.cc:99) For utterance PN00F04U056, best cost 35.2407 + 899.722 = 934.962 over 630 frames.
PN00F04U056 ikk do naun sifar ikk do do 
LOG (lattice-best-path[5.5.620~1-dce1dc]:main():lattice-best-path.cc:99) For utterance PN00F04U057, best cost 35.3499 + 862.244 = 897.594 over 630 frames.
PN00F04U057 do tinn do tinn tinn chaar tinn 
LOG (lattice-best-path[5.5.620~1-dce1dc]:main():lattice-best-path.cc:99) For utterance PN00F04U058, best cost 35.3741 + 894.987 = 930.361 over 630 frames.
PN00F04U058 tinn chaar chaar panj panj chhe chaar 
LOG (lattice-best-path[5.5.620~1-dce1dc]:main():lattice-best-path.cc:99) For utterance PN00F04U059, best cost 38.6803 + 976.541 = 1015.22 over 630 frames.
PN00F04U059 athth athth athth sifar sifar sifar sifar 
LOG (lattice-best-path[5.5.620~1-dce1dc]:main():lattice-best-path.cc:99) For utterance PN00F04U060, best cost 34.9285 + 961.891 = 996.819 over 630 frames.
PN00F04U060 athth chhe satt athth athth naun sifar 
LOG (lattice-best-path[5.5.620~1-dce1dc]:main():lattice-best-path.cc:99) For utterance PN00F04U061, best cost 32.331 + 948.853 = 981.184 over 630 frames.
PN00F04U061 sifar naun naun athth satt chhe panj 
LOG (lattice-best-path[5.5.620~1-dce1dc]:main():lattice-best-path.cc:99) For utterance PN00F04U062, best cost 32.8678 + 968.552 = 1001.42 over 629 frames.
PN00F04U062 panj chaar tinn do ikk sifar athth 
LOG (lattice-best-path[5.5.620~1-dce1dc]:main():lattice-best-path.cc:99) For utterance PN00F04U063, best cost 31.798 + 950.837 = 982.635 over 630 frames.
PN00F04U063 athth naun satt panj tinn ikk satt 
LOG (lattice-best-path[5.5.620~1-dce1dc]:main():lattice-best-path.cc:99) For utterance PN00F04U064, best cost 32.6731 + 897.613 = 930.286 over 630 frames.
PN00F04U064 satt naun chhe chaar do sifar chhe 
LOG (lattice-best-path[5.5.620~1-dce1dc]:main():lattice-best-path.cc:99) For utterance PN00F04U065, best cost 33.2883 + 904.805 = 938.094 over 630 frames.
PN00F04U065 chhe naun panj do panj naun chaar 
LOG (lattice-best-path[5.5.620~1-dce1dc]:main():lattice-best-path.cc:99) For utterance PN00F04U066, best cost 34.4352 + 955.844 = 990.279 over 630 frames.
PN00F04U066 chaar ikk chaar naun tinn sifar tinn 
LOG (lattice-best-path[5.5.620~1-dce1dc]:main():lattice-best-path.cc:99) For utterance PN00F04U067, best cost 33.2631 + 815.399 = 848.662 over 630 frames.
PN00F04U067 tinn naun do do naun ikk ikk 
LOG (lattice-best-path[5.5.620~1-dce1dc]:main():lattice-best-path.cc:99) For utterance PN00F04U068, best cost 35.5748 + 966.009 = 1001.58 over 630 frames.
PN00F04U068 ikk naun sifar sifar satt chaar sifar 
LOG (lattice-best-path[5.5.620~1-dce1dc]:main():lattice-best-path.cc:99) For utterance PN00F04U069, best cost 32.1556 + 1003.77 = 1035.93 over 630 frames.
PN00F04U069 sifar ikk athth chhe tinn athth 
LOG (lattice-best-path[5.5.620~1-dce1dc]:main():lattice-best-path.cc:99) For utterance PN00F04U070, best cost 32.5697 + 920.117 = 952.686 over 629 frames.
PN00F04U070 athth panj ikk chhe do chhe athth 
LOG (lattice-best-path[5.5.620~1-dce1dc]:main():lattice-best-path.cc:99) For utterance PN00F04U071, best cost 37.2303 + 973.806 = 1011.04 over 629 frames.
PN00F04U071 athth chaar panj athth tinn chaar athth 
LOG (lattice-best-path[5.5.620~1-dce1dc]:main():lattice-best-path.cc:99) For utterance PN00F04U072, best cost 33.0775 + 919.567 = 952.645 over 630 frames.
PN00F04U072 athth do tinn satt tinn chhe ikk 
LOG (lattice-best-path[5.5.620~1-dce1dc]:main():lattice-best-path.cc:99) For utterance PN00F04U073, best cost 36.7013 + 1050.46 = 1087.16 over 630 frames.
PN00F04U073 ikk panj sifar panj chhe satt do 
LOG (lattice-best-path[5.5.620~1-dce1dc]:main():lattice-best-path.cc:99) For utterance PN00F04U074, best cost 37.7343 + 938.405 = 976.139 over 629 frames.
PN00F04U074 do athth ikk tinn panj panj satt 
LOG (lattice-best-path[5.5.620~1-dce1dc]:main():lattice-best-path.cc:99) For utterance PN00F04U075, best cost 34.6713 + 952.865 = 987.536 over 630 frames.
PN00F04U075 satt ikk do satt sifar do chaar 
LOG (lattice-best-path[5.5.620~1-dce1dc]:main():lattice-best-path.cc:99) For utterance PN00F04U076, best cost 34.4834 + 924.176 = 958.659 over 630 frames.
PN00F04U076 chaar satt athth sifar ikk do tinn 
LOG (lattice-best-path[5.5.620~1-dce1dc]:main():lattice-best-path.cc:99) For utterance PN00F04U077, best cost 34.9207 + 938.136 = 973.056 over 630 frames.
PN00F04U077 tinn tinn chaar chhe sifar chaar chaar 
LOG (lattice-best-path[5.5.620~1-dce1dc]:main():lattice-best-path.cc:99) For utterance PN00F04U078, best cost 35.0139 + 1026.37 = 1061.39 over 630 frames.
PN00F04U078 chaar panj chhe chhe satt satt athth 
LOG (lattice-best-path[5.5.620~1-dce1dc]:main():lattice-best-path.cc:99) For utterance PN00F04U079, best cost 33.832 + 863.027 = 896.859 over 630 frames.
PN00F04U079 naun naun ikk tinn panj satt naun 
LOG (lattice-best-path[5.5.620~1-dce1dc]:main():lattice-best-path.cc:99) For utterance PN00F04U080, best cost 36.51 + 855.395 = 891.905 over 630 frames.
PN00F04U080 do chhe naun ikk do chaar tinn 
LOG (lattice-best-path[5.5.620~1-dce1dc]:main():lattice-best-path.cc:99) For utterance PN00M01U001, best cost 37.655 + 1109.9 = 1147.56 over 630 frames.
PN00M01U001 sifar sifar naun athth satt chhe panj 
LOG (lattice-best-path[5.5.620~1-dce1dc]:main():lattice-best-path.cc:99) For utterance PN00M01U002, best cost 34.4521 + 1048.76 = 1083.21 over 630 frames.
PN00M01U002 panj chaar tinn do ikk sifar ikk 
LOG (lattice-best-path[5.5.620~1-dce1dc]:main():lattice-best-path.cc:99) For utterance PN00M01U003, best cost 33.5848 + 1021.52 = 1055.1 over 630 frames.
PN00M01U003 ikk naun satt panj tinn ikk do 
LOG (lattice-best-path[5.5.620~1-dce1dc]:main():lattice-best-path.cc:99) For utterance PN00M01U004, best cost 34.1301 + 961.531 = 995.661 over 630 frames.
PN00M01U004 do naun chhe chaar do sifar tinn 
LOG (lattice-best-path[5.5.620~1-dce1dc]:main():lattice-best-path.cc:99) For utterance PN00M01U005, best cost 35.1006 + 930.438 = 965.539 over 630 frames.
PN00M01U005 tinn naun panj do chaar naun chaar 
LOG (lattice-best-path[5.5.620~1-dce1dc]:main():lattice-best-path.cc:99) For utterance PN00M01U006, best cost 35.5278 + 1014.53 = 1050.06 over 630 frames.
PN00M01U006 chaar ikk panj naun tinn sifar chhe 
LOG (lattice-best-path[5.5.620~1-dce1dc]:main():lattice-best-path.cc:99) For utterance PN00M01U007, best cost 36.033 + 1010.15 = 1046.18 over 629 frames.
PN00M01U007 chhe naun do satt naun ikk athth 
LOG (lattice-best-path[5.5.620~1-dce1dc]:main():lattice-best-path.cc:99) For utterance PN00M01U008, best cost 36.3687 + 1013.73 = 1050.1 over 630 frames.
PN00M01U008 athth naun sifar athth chhe tinn chaar 
LOG (lattice-best-path[5.5.620~1-dce1dc]:main():lattice-best-path.cc:99) For utterance PN00M01U009, best cost 37.5059 + 1117.26 = 1154.76 over 630 frames.
PN00M01U009 chaar sifar satt chaar athth panj ikk 
LOG (lattice-best-path[5.5.620~1-dce1dc]:main():lattice-best-path.cc:99) For utterance PN00M01U010, best cost 37.8028 + 1049.44 = 1087.25 over 630 frames.
PN00M01U010 ikk satt tinn tinn athth chaar chaar 
LOG (lattice-best-path[5.5.620~1-dce1dc]:main():lattice-best-path.cc:99) For utterance PN00M01U011, best cost 36.7188 + 1002.99 = 1039.71 over 577 frames.
PN00M01U011 chhe satt do panj athth tinn chhe 
LOG (lattice-best-path[5.5.620~1-dce1dc]:main():lattice-best-path.cc:99) For utterance PN00M01U012, best cost 31.9137 + 1081.62 = 1113.53 over 630 frames.
PN00M01U012 chhe athth do athth ikk chhe do 
LOG (lattice-best-path[5.5.620~1-dce1dc]:main():lattice-best-path.cc:99) For utterance PN00M01U013, best cost 37.231 + 1101.8 = 1139.03 over 630 frames.
PN00M01U013 do chhe ikk do tinn satt ikk 
LOG (lattice-best-path[5.5.620~1-dce1dc]:main():lattice-best-path.cc:99) For utterance PN00M01U014, best cost 36.1585 + 1142.46 = 1178.62 over 630 frames.
PN00M01U014 ikk chaar chhe sifar chaar panj sifar 
LOG (lattice-best-path[5.5.620~1-dce1dc]:main():lattice-best-path.cc:99) For utterance PN00M01U015, best cost 38.6097 + 1092.23 = 1130.84 over 630 frames.
PN00M01U015 sifar panj satt sifar do do tinn 
LOG (lattice-best-path[5.5.620~1-dce1dc]:main():lattice-best-path.cc:99) For utterance PN00M01U016, best cost 36.29 + 1089.25 = 1125.54 over 630 frames.
PN00M01U016 tinn panj chhe satt athth sifar ikk 
LOG (lattice-best-path[5.5.620~1-dce1dc]:main():lattice-best-path.cc:99) For utterance PN00M01U017, best cost 36.0489 + 1068.09 = 1104.13 over 630 frames.
PN00M01U017 ikk tinn chaar panj panj chhe chhe 
LOG (lattice-best-path[5.5.620~1-dce1dc]:main():lattice-best-path.cc:99) For utterance PN00M01U018, best cost 33.6334 + 1071.39 = 1105.02 over 630 frames.
PN00M01U018 chhe satt satt athth athth naun naun 
LOG (lattice-best-path[5.5.620~1-dce1dc]:main():lattice-best-path.cc:99) For utterance PN00M01U019, best cost 37.1722 + 1130.28 = 1167.45 over 630 frames.
PN00M01U019 naun sifar ikk ikk do ikk satt 
LOG (lattice-best-path[5.5.620~1-dce1dc]:main():lattice-best-path.cc:99) For utterance PN00M01U020, best cost 33.3327 + 1099.73 = 1133.06 over 630 frames.
PN00M01U020 satt naun ikk tinn panj satt naun 
LOG (lattice-best-path[5.5.620~1-dce1dc]:main():lattice-best-path.cc:99) For utterance PN00M01U021, best cost 36.9584 + 1164.41 = 1201.37 over 630 frames.
PN00M01U021 sifar sifar ikk do tinn chaar panj 
LOG (lattice-best-path[5.5.620~1-dce1dc]:main():lattice-best-path.cc:99) For utterance PN00M01U022, best cost 38.6093 + 1117.32 = 1155.93 over 655 frames.
PN00M01U022 panj chhe satt athth naun ikk sifar 
LOG (lattice-best-path[5.5.620~1-dce1dc]:main():lattice-best-path.cc:99) For utterance PN00M01U023, best cost 34.2938 + 1054.57 = 1088.86 over 629 frames.
PN00M01U023 sifar do chaar chhe athth do sifar 
LOG (lattice-best-path[5.5.620~1-dce1dc]:main():lattice-best-path.cc:99) For utterance PN00M01U024, best cost 36.9 + 1108.84 = 1145.74 over 630 frames.
PN00M01U024 sifar tinn panj satt naun tinn sifar 
LOG (lattice-best-path[5.5.620~1-dce1dc]:main():lattice-best-path.cc:99) For utterance PN00M01U025, best cost 39.7828 + 1206.26 = 1246.04 over 630 frames.
PN00M01U025 sifar chaar satt chaar sifar panj athth 
LOG (lattice-best-path[5.5.620~1-dce1dc]:main():lattice-best-path.cc:99) For utterance PN00M01U026, best cost 37.5501 + 1125.72 = 1163.27 over 630 frames.
PN00M01U026 athth panj sifar chhe naun chhe sifar 
LOG (lattice-best-path[5.5.620~1-dce1dc]:main():lattice-best-path.cc:99) For utterance PN00M01U027, best cost 39.1729 + 1150.1 = 1189.27 over 630 frames.
PN00M01U027 sifar satt satt sifar athth athth sifar 
LOG (lattice-best-path[5.5.620~1-dce1dc]:main():lattice-best-path.cc:99) For utterance PN00M01U028, best cost 35.806 + 1111.78 = 1147.58 over 629 frames.
PN00M01U028 sifar naun naun sifar ikk ikk tinn 
LOG (lattice-best-path[5.5.620~1-dce1dc]:main():lattice-best-path.cc:99) For utterance PN00M01U029, best cost 33.2619 + 1128.4 = 1161.66 over 630 frames.
PN00M01U029 tinn chhe ikk chaar athth ikk panj 
LOG (lattice-best-path[5.5.620~1-dce1dc]:main():lattice-best-path.cc:99) For utterance PN00M01U030, best cost 34.2156 + 1090.92 = 1125.13 over 630 frames.
PN00M01U030 panj naun do panj chaar ikk chhe 
LOG (lattice-best-path[5.5.620~1-dce1dc]:main():lattice-best-path.cc:99) For utterance PN00M01U031, best cost 34.1892 + 1131.35 = 1165.54 over 629 frames.
PN00M01U031 chhe panj ikk satt chhe do chhe 
LOG (lattice-best-path[5.5.620~1-dce1dc]:main():lattice-best-path.cc:99) For utterance PN00M01U032, best cost 36.4885 + 1084.22 = 1120.71 over 629 frames.
PN00M01U032 chhe tinn satt ikk athth tinn athth 
LOG (lattice-best-path[5.5.620~1-dce1dc]:main():lattice-best-path.cc:99) For utterance PN00M01U033, best cost 32.5048 + 1015.41 = 1047.92 over 656 frames.
PN00M01U033 athth naun chaar naun panj do ikk 
LOG (lattice-best-path[5.5.620~1-dce1dc]:main():lattice-best-path.cc:99) For utterance PN00M01U034, best cost 35.7242 + 1034.06 = 1069.78 over 630 frames.
PN00M01U034 ikk naun satt do satt panj tinn 
LOG (lattice-best-path[5.5.620~1-dce1dc]:main():lattice-best-path.cc:99) For utterance PN00M01U035, best cost 36.3972 + 1044.52 = 1080.92 over 630 frames.
PN00M01U035 tinn naun athth satt tinn ikk do 
LOG (lattice-best-path[5.5.620~1-dce1dc]:main():lattice-best-path.cc:99) For utterance PN00M01U036, best cost 37.2229 + 1023.07 = 1060.29 over 630 frames.
PN00M01U036 do do athth chaar do naun sifar 
LOG (lattice-best-path[5.5.620~1-dce1dc]:main():lattice-best-path.cc:99) For utterance PN00M01U037, best cost 37.0418 + 1043.51 = 1080.55 over 630 frames.
PN00M01U037 sifar ikk do tinn do tinn tinn 
LOG (lattice-best-path[5.5.620~1-dce1dc]:main():lattice-best-path.cc:99) For utterance PN00M01U038, best cost 37.9147 + 1063.53 = 1101.44 over 629 frames.
PN00M01U038 tinn chaar tinn chaar chaar panj panj 
LOG (lattice-best-path[5.5.620~1-dce1dc]:main():lattice-best-path.cc:99) For utterance PN00M01U039, best cost 38.5533 + 1080.84 = 1119.39 over 630 frames.
PN00M01U039 panj chhe chaar panj chhe chhe satt 
LOG (lattice-best-path[5.5.620~1-dce1dc]:main():lattice-best-path.cc:99) For utterance PN00M01U040, best cost 38.1025 + 1092.91 = 1131.01 over 630 frames.
PN00M01U040 satt athth chhe satt ikk do chaar 
LOG (lattice-best-path[5.5.620~1-dce1dc]:main():lattice-best-path.cc:99) For utterance PN00M01U041, best cost 38.3676 + 1109.63 = 1148 over 630 frames.
PN00M01U041 sifar naun sifar ikk do tinn chaar 
LOG (lattice-best-path[5.5.620~1-dce1dc]:main():lattice-best-path.cc:99) For utterance PN00M01U042, best cost 38.6607 + 1077.88 = 1116.54 over 630 frames.
PN00M01U042 chaar panj chhe satt athth naun athth 
LOG (lattice-best-path[5.5.620~1-dce1dc]:main():lattice-best-path.cc:99) For utterance PN00M01U043, best cost 37.0209 + 1120.97 = 1157.99 over 629 frames.
PN00M01U043 athth sifar do chaar chhe athth satt 
LOG (lattice-best-path[5.5.620~1-dce1dc]:main():lattice-best-path.cc:99) For utterance PN00M01U044, best cost 38.7813 + 1142.02 = 1180.8 over 656 frames.
PN00M01U044 satt sifar tinn panj satt naun chhe 
LOG (lattice-best-path[5.5.620~1-dce1dc]:main():lattice-best-path.cc:99) For utterance PN00M01U045, best cost 36.5615 + 1139.72 = 1176.29 over 630 frames.
PN00M01U045 chhe sifar chaar satt panj sifar panj 
LOG (lattice-best-path[5.5.620~1-dce1dc]:main():lattice-best-path.cc:99) For utterance PN00M01U046, best cost 37.6596 + 1085.31 = 1122.97 over 630 frames.
PN00M01U046 panj athth chaar sifar chhe naun tinn 
LOG (lattice-best-path[5.5.620~1-dce1dc]:main():lattice-best-path.cc:99) For utterance PN00M01U047, best cost 41.4994 + 1184.14 = 1225.64 over 630 frames.
PN00M01U047 tinn sifar satt do sifar athth ikk 
LOG (lattice-best-path[5.5.620~1-dce1dc]:main():lattice-best-path.cc:99) For utterance PN00M01U048, best cost 41.2645 + 1151.52 = 1192.79 over 630 frames.
PN00M01U048 ikk sifar sifar ikk naun ikk tinn 
LOG (lattice-best-path[5.5.620~1-dce1dc]:main():lattice-best-path.cc:99) For utterance PN00M01U049, best cost 35.6832 + 1076.14 = 1111.83 over 630 frames.
PN00M01U049 tinn chhe ikk chaar athth do panj 
LOG (lattice-best-path[5.5.620~1-dce1dc]:main():lattice-best-path.cc:99) For utterance PN00M01U050, best cost 35.0956 + 999.733 = 1034.83 over 630 frames.
PN00M01U050 panj naun do chhe panj ikk panj 
LOG (lattice-best-path[5.5.620~1-dce1dc]:main():lattice-best-path.cc:99) For utterance PN00M01U051, best cost 34.5572 + 1093.95 = 1128.5 over 629 frames.
PN00M01U051 panj chaar ikk chhe tinn ikk satt 
LOG (lattice-best-path[5.5.620~1-dce1dc]:main():lattice-best-path.cc:99) For utterance PN00M01U052, best cost 36.8703 + 1177.59 = 1214.46 over 630 frames.
PN00M01U052 satt ikk athth tinn satt tinn athth 
LOG (lattice-best-path[5.5.620~1-dce1dc]:main():lattice-best-path.cc:99) For utterance PN00M01U053, best cost 32.7046 + 1035.52 = 1068.23 over 629 frames.
PN00M01U053 athth naun naun chaar naun panj do 
LOG (lattice-best-path[5.5.620~1-dce1dc]:main():lattice-best-path.cc:99) For utterance PN00M01U054, best cost 35.4094 + 1113.09 = 1148.5 over 629 frames.
PN00M01U054 do satt chhe do athth panj tinn 
LOG (lattice-best-path[5.5.620~1-dce1dc]:main():lattice-best-path.cc:99) For utterance PN00M01U055, best cost 36.7508 + 1122.49 = 1159.24 over 629 frames.
PN00M01U055 tinn naun satt chaar do ikk ikk 
LOG (lattice-best-path[5.5.620~1-dce1dc]:main():lattice-best-path.cc:99) For utterance PN00M01U056, best cost 36.5263 + 1069.73 = 1106.26 over 630 frames.
PN00M01U056 ikk do naun sifar ikk do do 
LOG (lattice-best-path[5.5.620~1-dce1dc]:main():lattice-best-path.cc:99) For utterance PN00M01U057, best cost 40.2182 + 997.773 = 1037.99 over 630 frames.
PN00M01U057 do tinn do tinn tinn chaar tinn 
LOG (lattice-best-path[5.5.620~1-dce1dc]:main():lattice-best-path.cc:99) For utterance PN00M01U058, best cost 38.4242 + 1056.07 = 1094.5 over 656 frames.
PN00M01U058 tinn chaar chaar panj panj chhe chaar 
LOG (lattice-best-path[5.5.620~1-dce1dc]:main():lattice-best-path.cc:99) For utterance PN00M01U059, best cost 41.1093 + 1223.86 = 1264.97 over 630 frames.
PN00M01U059 athth athth athth sifar sifar sifar sifar 
LOG (lattice-best-path[5.5.620~1-dce1dc]:main():lattice-best-path.cc:99) For utterance PN00M01U060, best cost 35.272 + 1062.98 = 1098.26 over 630 frames.
PN00M01U060 athth chhe satt athth athth naun sifar 
LOG (lattice-best-path[5.5.620~1-dce1dc]:main():lattice-best-path.cc:99) For utterance PN00M01U061, best cost 33.1066 + 1046.26 = 1079.37 over 630 frames.
PN00M01U061 sifar naun naun athth satt chhe panj 
LOG (lattice-best-path[5.5.620~1-dce1dc]:main():lattice-best-path.cc:99) For utterance PN00M01U062, best cost 33.7208 + 1076.46 = 1110.18 over 630 frames.
PN00M01U062 panj chaar tinn do ikk sifar athth 
LOG (lattice-best-path[5.5.620~1-dce1dc]:main():lattice-best-path.cc:99) For utterance PN00M01U063, best cost 32.9394 + 1097.37 = 1130.31 over 630 frames.
PN00M01U063 athth naun satt panj tinn ikk satt 
LOG (lattice-best-path[5.5.620~1-dce1dc]:main():lattice-best-path.cc:99) For utterance PN00M01U064, best cost 34.5492 + 1089.67 = 1124.22 over 630 frames.
PN00M01U064 satt naun chhe chaar do sifar chhe 
LOG (lattice-best-path[5.5.620~1-dce1dc]:main():lattice-best-path.cc:99) For utterance PN00M01U065, best cost 33.6928 + 989.451 = 1023.14 over 629 frames.
PN00M01U065 chhe naun panj do panj naun chaar 
LOG (lattice-best-path[5.5.620~1-dce1dc]:main():lattice-best-path.cc:99) For utterance PN00M01U066, best cost 38.3877 + 1054.04 = 1092.42 over 630 frames.
PN00M01U066 chaar ikk chaar naun tinn sifar tinn 
LOG (lattice-best-path[5.5.620~1-dce1dc]:main():lattice-best-path.cc:99) For utterance PN00M01U067, best cost 36.5331 + 1019.56 = 1056.09 over 630 frames.
PN00M01U067 tinn naun do do naun ikk ikk 
LOG (lattice-best-path[5.5.620~1-dce1dc]:main():lattice-best-path.cc:99) For utterance PN00M01U068, best cost 38.0589 + 1127.28 = 1165.34 over 630 frames.
PN00M01U068 ikk naun sifar sifar satt chaar sifar 
LOG (lattice-best-path[5.5.620~1-dce1dc]:main():lattice-best-path.cc:99) For utterance PN00M01U069, best cost 33.8858 + 1067.01 = 1100.9 over 630 frames.
PN00M01U069 sifar ikk athth chhe tinn athth 
LOG (lattice-best-path[5.5.620~1-dce1dc]:main():lattice-best-path.cc:99) For utterance PN00M01U070, best cost 35.0917 + 1046.46 = 1081.55 over 630 frames.
PN00M01U070 athth panj ikk chhe do chhe athth 
LOG (lattice-best-path[5.5.620~1-dce1dc]:main():lattice-best-path.cc:99) For utterance PN00M01U071, best cost 39.707 + 1095.47 = 1135.17 over 630 frames.
PN00M01U071 athth chaar panj athth tinn chaar athth 
LOG (lattice-best-path[5.5.620~1-dce1dc]:main():lattice-best-path.cc:99) For utterance PN00M01U072, best cost 35.0895 + 1039.65 = 1074.74 over 630 frames.
PN00M01U072 athth do tinn satt tinn chhe ikk 
LOG (lattice-best-path[5.5.620~1-dce1dc]:main():lattice-best-path.cc:99) For utterance PN00M01U073, best cost 37.0128 + 1091.12 = 1128.14 over 630 frames.
PN00M01U073 ikk panj sifar panj chhe satt do 
LOG (lattice-best-path[5.5.620~1-dce1dc]:main():lattice-best-path.cc:99) For utterance PN00M01U074, best cost 39.2182 + 1041.85 = 1081.07 over 629 frames.
PN00M01U074 do athth ikk tinn panj panj satt 
LOG (lattice-best-path[5.5.620~1-dce1dc]:main():lattice-best-path.cc:99) For utterance PN00M01U075, best cost 38.8894 + 1133.94 = 1172.83 over 629 frames.
PN00M01U075 satt ikk do satt sifar do chaar 
LOG (lattice-best-path[5.5.620~1-dce1dc]:main():lattice-best-path.cc:99) For utterance PN00M01U076, best cost 38.5603 + 1087.49 = 1126.05 over 630 frames.
PN00M01U076 chaar satt athth sifar ikk do tinn 
LOG (lattice-best-path[5.5.620~1-dce1dc]:main():lattice-best-path.cc:99) For utterance PN00M01U077, best cost 38.9693 + 1063.4 = 1102.37 over 630 frames.
PN00M01U077 tinn tinn chaar chhe sifar chaar chaar 
LOG (lattice-best-path[5.5.620~1-dce1dc]:main():lattice-best-path.cc:99) For utterance PN00M01U078, best cost 38.6398 + 1112.01 = 1150.65 over 630 frames.
PN00M01U078 chaar panj chhe chhe satt satt athth 
LOG (lattice-best-path[5.5.620~1-dce1dc]:main():lattice-best-path.cc:99) For utterance PN00M01U079, best cost 37.294 + 1053.78 = 1091.07 over 629 frames.
PN00M01U079 naun naun ikk tinn panj satt naun 
LOG (lattice-best-path[5.5.620~1-dce1dc]:main():lattice-best-path.cc:99) For utterance PN00M01U080, best cost 40.0068 + 1024.24 = 1064.24 over 630 frames.
PN00M01U080 do chhe naun ikk do chaar tinn 
LOG (lattice-best-path[5.5.620~1-dce1dc]:main():lattice-best-path.cc:99) For utterance PN00M03U001, best cost 33.4417 + 1067.38 = 1100.82 over 629 frames.
PN00M03U001 sifar sifar naun athth satt chhe panj 
LOG (lattice-best-path[5.5.620~1-dce1dc]:main():lattice-best-path.cc:99) For utterance PN00M03U002, best cost 32.4874 + 1067.08 = 1099.57 over 630 frames.
PN00M03U002 panj chaar tinn do ikk sifar ikk 
LOG (lattice-best-path[5.5.620~1-dce1dc]:main():lattice-best-path.cc:99) For utterance PN00M03U003, best cost 30.6294 + 1001.39 = 1032.02 over 630 frames.
PN00M03U003 ikk naun satt panj tinn ikk do 
LOG (lattice-best-path[5.5.620~1-dce1dc]:main():lattice-best-path.cc:99) For utterance PN00M03U004, best cost 33.72 + 1059.55 = 1093.27 over 630 frames.
PN00M03U004 do naun chhe chaar do sifar tinn 
LOG (lattice-best-path[5.5.620~1-dce1dc]:main():lattice-best-path.cc:99) For utterance PN00M03U005, best cost 34.2657 + 1011.46 = 1045.72 over 629 frames.
PN00M03U005 tinn naun panj do chaar naun chaar 
LOG (lattice-best-path[5.5.620~1-dce1dc]:main():lattice-best-path.cc:99) For utterance PN00M03U006, best cost 33.5487 + 1054.59 = 1088.14 over 630 frames.
PN00M03U006 chaar ikk panj naun tinn sifar chhe 
LOG (lattice-best-path[5.5.620~1-dce1dc]:main():lattice-best-path.cc:99) For utterance PN00M03U007, best cost 34.1609 + 1014.16 = 1048.32 over 630 frames.
PN00M03U007 chhe naun do satt naun ikk athth 
LOG (lattice-best-path[5.5.620~1-dce1dc]:main():lattice-best-path.cc:99) For utterance PN00M03U008, best cost 36.1847 + 1123.84 = 1160.03 over 630 frames.
PN00M03U008 athth naun sifar athth chhe tinn chaar 
LOG (lattice-best-path[5.5.620~1-dce1dc]:main():lattice-best-path.cc:99) For utterance PN00M03U009, best cost 35.1061 + 1105.72 = 1140.82 over 630 frames.
PN00M03U009 chaar sifar satt chaar athth panj ikk 
LOG (lattice-best-path[5.5.620~1-dce1dc]:main():lattice-best-path.cc:99) For utterance PN00M03U010, best cost 35.5522 + 1053.85 = 1089.4 over 630 frames.
PN00M03U010 ikk satt tinn tinn athth chaar chaar 
LOG (lattice-best-path[5.5.620~1-dce1dc]:main():lattice-best-path.cc:99) For utterance PN00M03U011, best cost 37.2602 + 1038.55 = 1075.81 over 630 frames.
PN00M03U011 chhe satt do panj athth tinn chhe 
LOG (lattice-best-path[5.5.620~1-dce1dc]:main():lattice-best-path.cc:99) For utterance PN00M03U012, best cost 31.9029 + 958.155 = 990.057 over 630 frames.
PN00M03U012 chhe athth do athth ikk chhe do 
LOG (lattice-best-path[5.5.620~1-dce1dc]:main():lattice-best-path.cc:99) For utterance PN00M03U013, best cost 33.8294 + 994.336 = 1028.17 over 630 frames.
PN00M03U013 do chhe ikk do tinn satt ikk 
LOG (lattice-best-path[5.5.620~1-dce1dc]:main():lattice-best-path.cc:99) For utterance PN00M03U014, best cost 35.988 + 1040.87 = 1076.86 over 630 frames.
PN00M03U014 ikk chaar chhe sifar chaar panj sifar 
LOG (lattice-best-path[5.5.620~1-dce1dc]:main():lattice-best-path.cc:99) For utterance PN00M03U015, best cost 37.2779 + 1055.92 = 1093.19 over 630 frames.
PN00M03U015 sifar panj satt sifar do do tinn 
LOG (lattice-best-path[5.5.620~1-dce1dc]:main():lattice-best-path.cc:99) For utterance PN00M03U016, best cost 35.6036 + 1056.25 = 1091.85 over 630 frames.
PN00M03U016 tinn panj chhe satt athth sifar ikk 
LOG (lattice-best-path[5.5.620~1-dce1dc]:main():lattice-best-path.cc:99) For utterance PN00M03U017, best cost 37.2491 + 1027.7 = 1064.95 over 630 frames.
PN00M03U017 ikk tinn chaar panj panj chhe chhe 
LOG (lattice-best-path[5.5.620~1-dce1dc]:main():lattice-best-path.cc:99) For utterance PN00M03U018, best cost 34.2246 + 989.261 = 1023.49 over 630 frames.
PN00M03U018 chhe satt satt athth athth naun naun 
LOG (lattice-best-path[5.5.620~1-dce1dc]:main():lattice-best-path.cc:99) For utterance PN00M03U019, best cost 35.1314 + 978.736 = 1013.87 over 629 frames.
PN00M03U019 naun sifar ikk ikk do ikk satt 
LOG (lattice-best-path[5.5.620~1-dce1dc]:main():lattice-best-path.cc:99) For utterance PN00M03U020, best cost 32.6511 + 1000.7 = 1033.35 over 630 frames.
PN00M03U020 satt naun ikk tinn panj satt naun 
LOG (lattice-best-path[5.5.620~1-dce1dc]:main():lattice-best-path.cc:99) For utterance PN00M03U021, best cost 39.9616 + 1022.82 = 1062.78 over 630 frames.
PN00M03U021 sifar sifar ikk do tinn chaar panj 
LOG (lattice-best-path[5.5.620~1-dce1dc]:main():lattice-best-path.cc:99) For utterance PN00M03U022, best cost 35.9478 + 1044.42 = 1080.37 over 630 frames.
PN00M03U022 panj chhe satt athth naun ikk sifar 
LOG (lattice-best-path[5.5.620~1-dce1dc]:main():lattice-best-path.cc:99) For utterance PN00M03U023, best cost 34.4445 + 1089.91 = 1124.35 over 629 frames.
PN00M03U023 sifar do chaar chhe athth do sifar 
LOG (lattice-best-path[5.5.620~1-dce1dc]:main():lattice-best-path.cc:99) For utterance PN00M03U024, best cost 36.2747 + 1083.13 = 1119.4 over 630 frames.
PN00M03U024 sifar tinn panj satt naun tinn sifar 
LOG (lattice-best-path[5.5.620~1-dce1dc]:main():lattice-best-path.cc:99) For utterance PN00M03U025, best cost 38.6402 + 1089.79 = 1128.44 over 630 frames.
PN00M03U025 sifar chaar satt chaar sifar panj athth 
LOG (lattice-best-path[5.5.620~1-dce1dc]:main():lattice-best-path.cc:99) For utterance PN00M03U026, best cost 36.3604 + 1070.44 = 1106.81 over 629 frames.
PN00M03U026 athth panj sifar chhe naun chhe sifar 
LOG (lattice-best-path[5.5.620~1-dce1dc]:main():lattice-best-path.cc:99) For utterance PN00M03U027, best cost 36.8813 + 1096.03 = 1132.91 over 629 frames.
PN00M03U027 sifar satt satt sifar athth athth sifar 
LOG (lattice-best-path[5.5.620~1-dce1dc]:main():lattice-best-path.cc:99) For utterance PN00M03U028, best cost 34.5835 + 1057.87 = 1092.45 over 630 frames.
PN00M03U028 sifar naun naun sifar ikk ikk tinn 
LOG (lattice-best-path[5.5.620~1-dce1dc]:main():lattice-best-path.cc:99) For utterance PN00M03U029, best cost 32.5878 + 985.425 = 1018.01 over 630 frames.
PN00M03U029 tinn chhe ikk chaar athth ikk panj 
LOG (lattice-best-path[5.5.620~1-dce1dc]:main():lattice-best-path.cc:99) For utterance PN00M03U030, best cost 32.9322 + 978.634 = 1011.57 over 630 frames.
PN00M03U030 panj naun do panj chaar ikk chhe 
LOG (lattice-best-path[5.5.620~1-dce1dc]:main():lattice-best-path.cc:99) For utterance PN00M03U031, best cost 33.5315 + 992.829 = 1026.36 over 629 frames.
PN00M03U031 chhe panj ikk satt chhe do chhe 
LOG (lattice-best-path[5.5.620~1-dce1dc]:main():lattice-best-path.cc:99) For utterance PN00M03U032, best cost 33.451 + 1006.04 = 1039.49 over 629 frames.
PN00M03U032 chhe tinn satt ikk athth tinn athth 
LOG (lattice-best-path[5.5.620~1-dce1dc]:main():lattice-best-path.cc:99) For utterance PN00M03U033, best cost 33.084 + 933.57 = 966.654 over 630 frames.
PN00M03U033 athth naun chaar naun panj do ikk 
LOG (lattice-best-path[5.5.620~1-dce1dc]:main():lattice-best-path.cc:99) For utterance PN00M03U034, best cost 32.5805 + 935.542 = 968.122 over 630 frames.
PN00M03U034 ikk naun satt do satt panj tinn 
LOG (lattice-best-path[5.5.620~1-dce1dc]:main():lattice-best-path.cc:99) For utterance PN00M03U035, best cost 31.8135 + 951.866 = 983.679 over 630 frames.
PN00M03U035 tinn naun athth satt tinn ikk do 
LOG (lattice-best-path[5.5.620~1-dce1dc]:main():lattice-best-path.cc:99) For utterance PN00M03U036, best cost 35.603 + 1044.54 = 1080.14 over 629 frames.
PN00M03U036 do do athth chaar do naun sifar 
LOG (lattice-best-path[5.5.620~1-dce1dc]:main():lattice-best-path.cc:99) For utterance PN00M03U037, best cost 36.1138 + 982.651 = 1018.76 over 629 frames.
PN00M03U037 sifar ikk do tinn do tinn tinn 
LOG (lattice-best-path[5.5.620~1-dce1dc]:main():lattice-best-path.cc:99) For utterance PN00M03U038, best cost 38.6982 + 1188.02 = 1226.72 over 630 frames.
PN00M03U038 tinn chaar tinn chaar chaar panj panj 
LOG (lattice-best-path[5.5.620~1-dce1dc]:main():lattice-best-path.cc:99) For utterance PN00M03U039, best cost 34.9572 + 1007.55 = 1042.51 over 630 frames.
PN00M03U039 panj chhe chaar panj chhe chhe satt 
LOG (lattice-best-path[5.5.620~1-dce1dc]:main():lattice-best-path.cc:99) For utterance PN00M03U040, best cost 36.7502 + 980.573 = 1017.32 over 630 frames.
PN00M03U040 satt athth chhe satt ikk do chaar 
LOG (lattice-best-path[5.5.620~1-dce1dc]:main():lattice-best-path.cc:99) For utterance PN00M03U041, best cost 35.2801 + 1058.85 = 1094.13 over 629 frames.
PN00M03U041 sifar naun sifar ikk do tinn chaar 
LOG (lattice-best-path[5.5.620~1-dce1dc]:main():lattice-best-path.cc:99) For utterance PN00M03U042, best cost 36.2378 + 985.491 = 1021.73 over 630 frames.
PN00M03U042 chaar panj chhe satt athth naun athth 
LOG (lattice-best-path[5.5.620~1-dce1dc]:main():lattice-best-path.cc:99) For utterance PN00M03U043, best cost 33.9622 + 1025.64 = 1059.6 over 629 frames.
PN00M03U043 athth sifar do chaar chhe athth satt 
LOG (lattice-best-path[5.5.620~1-dce1dc]:main():lattice-best-path.cc:99) For utterance PN00M03U044, best cost 35.5914 + 1044.66 = 1080.25 over 629 frames.
PN00M03U044 satt sifar tinn panj satt naun chhe 
LOG (lattice-best-path[5.5.620~1-dce1dc]:main():lattice-best-path.cc:99) For utterance PN00M03U045, best cost 34.1494 + 1064.06 = 1098.21 over 630 frames.
PN00M03U045 chhe sifar chaar satt panj sifar panj 
LOG (lattice-best-path[5.5.620~1-dce1dc]:main():lattice-best-path.cc:99) For utterance PN00M03U046, best cost 35.4161 + 954.68 = 990.096 over 629 frames.
LOG (lattice-scale[5.5.620~1-dce1dc]:main():lattice-scale.cc:107) Done 320 lattices.
PN00M03U046 panj athth chaar sifar chhe naun tinn 
LOG (lattice-best-path[5.5.620~1-dce1dc]:main():lattice-best-path.cc:99) For utterance PN00M03U047, best cost 36.5776 + 970.214 = 1006.79 over 630 frames.
PN00M03U047 tinn sifar satt do sifar athth ikk 
LOG (lattice-best-path[5.5.620~1-dce1dc]:main():lattice-best-path.cc:99) For utterance PN00M03U048, best cost 37.0429 + 1087.13 = 1124.17 over 630 frames.
PN00M03U048 ikk sifar sifar ikk naun ikk tinn 
LOG (lattice-best-path[5.5.620~1-dce1dc]:main():lattice-best-path.cc:99) For utterance PN00M03U049, best cost 33.0581 + 990.608 = 1023.67 over 630 frames.
PN00M03U049 tinn chhe ikk chaar athth do panj 
LOG (lattice-best-path[5.5.620~1-dce1dc]:main():lattice-best-path.cc:99) For utterance PN00M03U050, best cost 33.5235 + 935.953 = 969.477 over 630 frames.
PN00M03U050 panj naun do chhe panj ikk panj 
LOG (lattice-best-path[5.5.620~1-dce1dc]:main():lattice-best-path.cc:99) For utterance PN00M03U051, best cost 32.5226 + 935.352 = 967.874 over 629 frames.
PN00M03U051 panj chaar ikk chhe tinn ikk satt 
LOG (lattice-best-path[5.5.620~1-dce1dc]:main():lattice-best-path.cc:99) For utterance PN00M03U052, best cost 33.336 + 1000.19 = 1033.52 over 632 frames.
PN00M03U052 satt ikk athth tinn satt tinn athth 
LOG (lattice-best-path[5.5.620~1-dce1dc]:main():lattice-best-path.cc:99) For utterance PN00M03U053, best cost 32.4512 + 973.533 = 1005.98 over 653 frames.
PN00M03U053 athth naun naun chaar naun panj do 
LOG (lattice-best-path[5.5.620~1-dce1dc]:main():lattice-best-path.cc:99) For utterance PN00M03U054, best cost 34.5753 + 1017.7 = 1052.28 over 651 frames.
PN00M03U054 do satt chhe do athth panj tinn 
LOG (lattice-best-path[5.5.620~1-dce1dc]:main():lattice-best-path.cc:99) For utterance PN00M03U055, best cost 34.657 + 989.655 = 1024.31 over 654 frames.
PN00M03U055 tinn naun satt chaar do ikk ikk 
LOG (lattice-best-path[5.5.620~1-dce1dc]:main():lattice-best-path.cc:99) For utterance PN00M03U056, best cost 36.5839 + 959.899 = 996.483 over 629 frames.
PN00M03U056 ikk do naun sifar ikk do do 
LOG (lattice-best-path[5.5.620~1-dce1dc]:main():lattice-best-path.cc:99) For utterance PN00M03U057, best cost 39.2619 + 1070.01 = 1109.27 over 623 frames.
PN00M03U057 do tinn do tinn tinn chaar tinn 
LOG (lattice-best-path[5.5.620~1-dce1dc]:main():lattice-best-path.cc:99) For utterance PN00M03U058, best cost 37.003 + 993.283 = 1030.29 over 622 frames.
PN00M03U058 tinn chaar chaar panj panj chhe chaar 
LOG (lattice-best-path[5.5.620~1-dce1dc]:main():lattice-best-path.cc:99) For utterance PN00M03U059, best cost 39.8776 + 1077.54 = 1117.42 over 625 frames.
PN00M03U059 athth athth athth sifar sifar sifar sifar 
LOG (lattice-best-path[5.5.620~1-dce1dc]:main():lattice-best-path.cc:99) For utterance PN00M03U060, best cost 34.6835 + 1032.06 = 1066.75 over 628 frames.
PN00M03U060 athth chhe satt athth athth naun sifar 
LOG (lattice-best-path[5.5.620~1-dce1dc]:main():lattice-best-path.cc:99) For utterance PN00M03U061, best cost 32.353 + 993.617 = 1025.97 over 629 frames.
PN00M03U061 sifar naun naun athth satt chhe panj 
LOG (lattice-best-path[5.5.620~1-dce1dc]:main():lattice-best-path.cc:99) For utterance PN00M03U062, best cost 33.2882 + 1031.75 = 1065.04 over 630 frames.
PN00M03U062 panj chaar tinn do ikk sifar athth 
LOG (lattice-best-path[5.5.620~1-dce1dc]:main():lattice-best-path.cc:99) For utterance PN00M03U063, best cost 31.3802 + 950.549 = 981.929 over 629 frames.
PN00M03U063 athth naun satt panj tinn ikk satt 
LOG (lattice-add-penalty[5.5.620~1-dce1dc]:main():lattice-add-penalty.cc:62) Done adding word insertion penalty to 320 lattices.
LOG (lattice-best-path[5.5.620~1-dce1dc]:main():lattice-best-path.cc:99) For utterance PN00M03U064, best cost 32.8509 + 1034.99 = 1067.84 over 629 frames.
PN00M03U064 satt naun chhe chaar do sifar chhe 
LOG (lattice-best-path[5.5.620~1-dce1dc]:main():lattice-best-path.cc:99) For utterance PN00M03U065, best cost 34.6123 + 994.146 = 1028.76 over 629 frames.
PN00M03U065 chhe naun panj do panj naun chaar 
LOG (lattice-best-path[5.5.620~1-dce1dc]:main():lattice-best-path.cc:99) For utterance PN00M03U066, best cost 34.7588 + 973.951 = 1008.71 over 630 frames.
PN00M03U066 chaar ikk chaar naun tinn sifar tinn 
LOG (lattice-best-path[5.5.620~1-dce1dc]:main():lattice-best-path.cc:99) For utterance PN00M03U067, best cost 34.739 + 908.069 = 942.808 over 627 frames.
PN00M03U067 tinn naun do do naun ikk ikk 
LOG (lattice-best-path[5.5.620~1-dce1dc]:main():lattice-best-path.cc:99) For utterance PN00M03U068, best cost 38.4169 + 1142.76 = 1181.17 over 630 frames.
PN00M03U068 ikk naun sifar sifar satt chaar sifar 
LOG (lattice-best-path[5.5.620~1-dce1dc]:main():lattice-best-path.cc:99) For utterance PN00M03U069, best cost 32.4584 + 995.645 = 1028.1 over 629 frames.
PN00M03U069 sifar ikk athth chhe tinn athth 
LOG (lattice-best-path[5.5.620~1-dce1dc]:main():lattice-best-path.cc:99) For utterance PN00M03U070, best cost 32.5927 + 1014.17 = 1046.77 over 630 frames.
PN00M03U070 athth panj ikk chhe do chhe athth 
LOG (lattice-best-path[5.5.620~1-dce1dc]:main():lattice-best-path.cc:99) For utterance PN00M03U071, best cost 37.3609 + 978.299 = 1015.66 over 630 frames.
PN00M03U071 athth chaar panj athth tinn chaar athth 
LOG (lattice-best-path[5.5.620~1-dce1dc]:main():lattice-best-path.cc:99) For utterance PN00M03U072, best cost 33.6468 + 995.615 = 1029.26 over 629 frames.
PN00M03U072 athth do tinn satt tinn chhe ikk 
LOG (lattice-best-path[5.5.620~1-dce1dc]:main():lattice-best-path.cc:99) For utterance PN00M03U073, best cost 36.9708 + 1001.29 = 1038.26 over 630 frames.
PN00M03U073 ikk panj sifar panj chhe satt do 
LOG (lattice-best-path[5.5.620~1-dce1dc]:main():lattice-best-path.cc:99) For utterance PN00M03U074, best cost 38.2312 + 1017.12 = 1055.35 over 630 frames.
PN00M03U074 do athth ikk tinn panj panj satt 
LOG (lattice-best-path[5.5.620~1-dce1dc]:main():lattice-best-path.cc:99) For utterance PN00M03U075, best cost 34.4845 + 1073.3 = 1107.79 over 630 frames.
PN00M03U075 satt ikk do satt sifar do chaar 
LOG (lattice-best-path[5.5.620~1-dce1dc]:main():lattice-best-path.cc:99) For utterance PN00M03U076, best cost 35.484 + 1008.89 = 1044.37 over 620 frames.
PN00M03U076 chaar satt athth sifar ikk do tinn 
LOG (lattice-best-path[5.5.620~1-dce1dc]:main():lattice-best-path.cc:99) For utterance PN00M03U077, best cost 37.0677 + 1016.82 = 1053.89 over 624 frames.
PN00M03U077 tinn tinn chaar chhe sifar chaar chaar 
LOG (lattice-best-path[5.5.620~1-dce1dc]:main():lattice-best-path.cc:99) For utterance PN00M03U078, best cost 35.3893 + 1087.25 = 1122.64 over 627 frames.
PN00M03U078 chaar panj chhe chhe satt satt athth 
LOG (lattice-best-path[5.5.620~1-dce1dc]:main():lattice-best-path.cc:99) For utterance PN00M03U079, best cost 34.8518 + 946.32 = 981.172 over 629 frames.
PN00M03U079 naun naun ikk tinn panj satt naun 
LOG (lattice-best-path[5.5.620~1-dce1dc]:main():lattice-best-path.cc:99) For utterance PN00M03U080, best cost 37.0373 + 995.876 = 1032.91 over 629 frames.
PN00M03U080 do chhe naun ikk do chaar tinn 
LOG (lattice-best-path[5.5.620~1-dce1dc]:main():lattice-best-path.cc:124) Overall cost per frame is 1.70735 = 0.0580568 [graph] + 1.6493 [acoustic] over 201866 frames.
LOG (lattice-best-path[5.5.620~1-dce1dc]:main():lattice-best-path.cc:128) Done 320 lattices, failed for 0
# Accounting: time=0 threads=1
# Ended (code 0) at Sun Mar 22 09:56:01 IST 2020, elapsed time 0 seconds
