# gmm-gselect --n=25 "--gselect=ark,s,cs:gunzip -c exp/ubm/gselect.4.gz|" "fgmm-global-to-gmm exp/ubm/0.ubm - |" "ark,s,cs:apply-cmvn  --utt2spk=ark:data/train/split4/4/utt2spk scp:data/train/split4/4/cmvn.scp scp:data/train/split4/4/feats.scp ark:- | splice-feats  ark:- ark:- | transform-feats exp/tri4_ali/final.mat ark:- ark:- | transform-feats --utt2spk=ark:data/train/split4/4/utt2spk ark,s,cs:exp/tri4_ali/trans.4 ark:- ark:- |" ark:- | fgmm-global-acc-stats --gselect=ark,s,cs:- exp/ubm/0.ubm "ark,s,cs:apply-cmvn  --utt2spk=ark:data/train/split4/4/utt2spk scp:data/train/split4/4/cmvn.scp scp:data/train/split4/4/feats.scp ark:- | splice-feats  ark:- ark:- | transform-feats exp/tri4_ali/final.mat ark:- ark:- | transform-feats --utt2spk=ark:data/train/split4/4/utt2spk ark,s,cs:exp/tri4_ali/trans.4 ark:- ark:- |" exp/ubm/0.4.acc 
# Started at Sun Mar 22 09:34:20 IST 2020
#
fgmm-global-acc-stats --gselect=ark,s,cs:- exp/ubm/0.ubm 'ark,s,cs:apply-cmvn  --utt2spk=ark:data/train/split4/4/utt2spk scp:data/train/split4/4/cmvn.scp scp:data/train/split4/4/feats.scp ark:- | splice-feats  ark:- ark:- | transform-feats exp/tri4_ali/final.mat ark:- ark:- | transform-feats --utt2spk=ark:data/train/split4/4/utt2spk ark,s,cs:exp/tri4_ali/trans.4 ark:- ark:- |' exp/ubm/0.4.acc 
gmm-gselect --n=25 '--gselect=ark,s,cs:gunzip -c exp/ubm/gselect.4.gz|' 'fgmm-global-to-gmm exp/ubm/0.ubm - |' 'ark,s,cs:apply-cmvn  --utt2spk=ark:data/train/split4/4/utt2spk scp:data/train/split4/4/cmvn.scp scp:data/train/split4/4/feats.scp ark:- | splice-feats  ark:- ark:- | transform-feats exp/tri4_ali/final.mat ark:- ark:- | transform-feats --utt2spk=ark:data/train/split4/4/utt2spk ark,s,cs:exp/tri4_ali/trans.4 ark:- ark:- |' ark:- 
fgmm-global-to-gmm exp/ubm/0.ubm - 
transform-feats exp/tri4_ali/final.mat ark:- ark:- 
apply-cmvn --utt2spk=ark:data/train/split4/4/utt2spk scp:data/train/split4/4/cmvn.scp scp:data/train/split4/4/feats.scp ark:- 
splice-feats ark:- ark:- 
transform-feats --utt2spk=ark:data/train/split4/4/utt2spk ark,s,cs:exp/tri4_ali/trans.4 ark:- ark:- 
LOG (fgmm-global-to-gmm[5.5.620~1-dce1dc]:main():fgmm-global-to-gmm.cc:58) Written diagonal GMM to -
transform-feats --utt2spk=ark:data/train/split4/4/utt2spk ark,s,cs:exp/tri4_ali/trans.4 ark:- ark:- 
apply-cmvn --utt2spk=ark:data/train/split4/4/utt2spk scp:data/train/split4/4/cmvn.scp scp:data/train/split4/4/feats.scp ark:- 
splice-feats ark:- ark:- 
transform-feats exp/tri4_ali/final.mat ark:- ark:- 
LOG (gmm-gselect[5.5.620~1-dce1dc]:main():gmm-gselect.cc:114) For 0'th file, average UBM likelihood over 629 frames is -46.4147
LOG (gmm-gselect[5.5.620~1-dce1dc]:main():gmm-gselect.cc:114) For 10'th file, average UBM likelihood over 630 frames is -44.5541
LOG (gmm-gselect[5.5.620~1-dce1dc]:main():gmm-gselect.cc:114) For 20'th file, average UBM likelihood over 630 frames is -48.8529
LOG (gmm-gselect[5.5.620~1-dce1dc]:main():gmm-gselect.cc:114) For 30'th file, average UBM likelihood over 629 frames is -40.6058
LOG (gmm-gselect[5.5.620~1-dce1dc]:main():gmm-gselect.cc:114) For 40'th file, average UBM likelihood over 629 frames is -45.3797
LOG (gmm-gselect[5.5.620~1-dce1dc]:main():gmm-gselect.cc:114) For 50'th file, average UBM likelihood over 629 frames is -38.88
LOG (gmm-gselect[5.5.620~1-dce1dc]:main():gmm-gselect.cc:114) For 60'th file, average UBM likelihood over 629 frames is -44.6477
LOG (gmm-gselect[5.5.620~1-dce1dc]:main():gmm-gselect.cc:114) For 70'th file, average UBM likelihood over 630 frames is -43.0515
LOG (apply-cmvn[5.5.620~1-dce1dc]:main():apply-cmvn.cc:162) Applied cepstral mean normalization to 80 utterances, errors on 0
LOG (apply-cmvn[5.5.620~1-dce1dc]:main():apply-cmvn.cc:162) Applied cepstral mean normalization to 80 utterances, errors on 0
LOG (transform-feats[5.5.620~1-dce1dc]:main():transform-feats.cc:158) Overall average [pseudo-]logdet is -54.6572 over 50402 frames.
LOG (transform-feats[5.5.620~1-dce1dc]:main():transform-feats.cc:161) Applied transform to 80 utterances; 0 had errors.
LOG (transform-feats[5.5.620~1-dce1dc]:main():transform-feats.cc:158) Overall average [pseudo-]logdet is -54.6572 over 50402 frames.
LOG (transform-feats[5.5.620~1-dce1dc]:main():transform-feats.cc:161) Applied transform to 80 utterances; 0 had errors.
LOG (transform-feats[5.5.620~1-dce1dc]:main():transform-feats.cc:158) Overall average logdet is 4.71582 over 50402 frames.
LOG (transform-feats[5.5.620~1-dce1dc]:main():transform-feats.cc:161) Applied transform to 80 utterances; 0 had errors.
LOG (transform-feats[5.5.620~1-dce1dc]:main():transform-feats.cc:158) Overall average logdet is 4.71582 over 50402 frames.
LOG (transform-feats[5.5.620~1-dce1dc]:main():transform-feats.cc:161) Applied transform to 80 utterances; 0 had errors.
LOG (gmm-gselect[5.5.620~1-dce1dc]:main():gmm-gselect.cc:125) Done 80 files, 0 with errors, average UBM log-likelihood is -43.3057 over 50402 frames.
LOG (fgmm-global-acc-stats[5.5.620~1-dce1dc]:main():fgmm-global-acc-stats.cc:148) Done 80 files; 0 with errors.
LOG (fgmm-global-acc-stats[5.5.620~1-dce1dc]:main():fgmm-global-acc-stats.cc:150) Overall likelihood per frame = -43.3054 over 50402 (weighted) frames.
LOG (fgmm-global-acc-stats[5.5.620~1-dce1dc]:main():fgmm-global-acc-stats.cc:155) Written accs to exp/ubm/0.4.acc
# Accounting: time=1 threads=1
# Ended (code 0) at Sun Mar 22 09:34:21 IST 2020, elapsed time 1 seconds
