# gmm-gselect --n=25 "--gselect=ark,s,cs:gunzip -c exp/ubm/gselect.2.gz|" "fgmm-global-to-gmm exp/ubm/1.ubm - |" "ark,s,cs:apply-cmvn  --utt2spk=ark:data/train/split4/2/utt2spk scp:data/train/split4/2/cmvn.scp scp:data/train/split4/2/feats.scp ark:- | splice-feats  ark:- ark:- | transform-feats exp/tri4_ali/final.mat ark:- ark:- | transform-feats --utt2spk=ark:data/train/split4/2/utt2spk ark,s,cs:exp/tri4_ali/trans.2 ark:- ark:- |" ark:- | fgmm-global-acc-stats --gselect=ark,s,cs:- exp/ubm/1.ubm "ark,s,cs:apply-cmvn  --utt2spk=ark:data/train/split4/2/utt2spk scp:data/train/split4/2/cmvn.scp scp:data/train/split4/2/feats.scp ark:- | splice-feats  ark:- ark:- | transform-feats exp/tri4_ali/final.mat ark:- ark:- | transform-feats --utt2spk=ark:data/train/split4/2/utt2spk ark,s,cs:exp/tri4_ali/trans.2 ark:- ark:- |" exp/ubm/1.2.acc 
# Started at Sun Mar 22 09:34:21 IST 2020
#
gmm-gselect --n=25 '--gselect=ark,s,cs:gunzip -c exp/ubm/gselect.2.gz|' 'fgmm-global-to-gmm exp/ubm/1.ubm - |' 'ark,s,cs:apply-cmvn  --utt2spk=ark:data/train/split4/2/utt2spk scp:data/train/split4/2/cmvn.scp scp:data/train/split4/2/feats.scp ark:- | splice-feats  ark:- ark:- | transform-feats exp/tri4_ali/final.mat ark:- ark:- | transform-feats --utt2spk=ark:data/train/split4/2/utt2spk ark,s,cs:exp/tri4_ali/trans.2 ark:- ark:- |' ark:- 
fgmm-global-to-gmm exp/ubm/1.ubm - 
fgmm-global-acc-stats --gselect=ark,s,cs:- exp/ubm/1.ubm 'ark,s,cs:apply-cmvn  --utt2spk=ark:data/train/split4/2/utt2spk scp:data/train/split4/2/cmvn.scp scp:data/train/split4/2/feats.scp ark:- | splice-feats  ark:- ark:- | transform-feats exp/tri4_ali/final.mat ark:- ark:- | transform-feats --utt2spk=ark:data/train/split4/2/utt2spk ark,s,cs:exp/tri4_ali/trans.2 ark:- ark:- |' exp/ubm/1.2.acc 
transform-feats --utt2spk=ark:data/train/split4/2/utt2spk ark,s,cs:exp/tri4_ali/trans.2 ark:- ark:- 
apply-cmvn --utt2spk=ark:data/train/split4/2/utt2spk scp:data/train/split4/2/cmvn.scp scp:data/train/split4/2/feats.scp ark:- 
splice-feats ark:- ark:- 
transform-feats exp/tri4_ali/final.mat ark:- ark:- 
LOG (fgmm-global-to-gmm[5.5.620~1-dce1dc]:main():fgmm-global-to-gmm.cc:58) Written diagonal GMM to -
apply-cmvn --utt2spk=ark:data/train/split4/2/utt2spk scp:data/train/split4/2/cmvn.scp scp:data/train/split4/2/feats.scp ark:- 
transform-feats --utt2spk=ark:data/train/split4/2/utt2spk ark,s,cs:exp/tri4_ali/trans.2 ark:- ark:- 
transform-feats exp/tri4_ali/final.mat ark:- ark:- 
splice-feats ark:- ark:- 
LOG (gmm-gselect[5.5.620~1-dce1dc]:main():gmm-gselect.cc:114) For 0'th file, average UBM likelihood over 630 frames is -46.3072
LOG (gmm-gselect[5.5.620~1-dce1dc]:main():gmm-gselect.cc:114) For 10'th file, average UBM likelihood over 629 frames is -45.1396
LOG (gmm-gselect[5.5.620~1-dce1dc]:main():gmm-gselect.cc:114) For 20'th file, average UBM likelihood over 630 frames is -44.225
LOG (gmm-gselect[5.5.620~1-dce1dc]:main():gmm-gselect.cc:114) For 30'th file, average UBM likelihood over 629 frames is -43.8666
LOG (gmm-gselect[5.5.620~1-dce1dc]:main():gmm-gselect.cc:114) For 40'th file, average UBM likelihood over 630 frames is -45.1578
LOG (gmm-gselect[5.5.620~1-dce1dc]:main():gmm-gselect.cc:114) For 50'th file, average UBM likelihood over 630 frames is -43.2071
LOG (gmm-gselect[5.5.620~1-dce1dc]:main():gmm-gselect.cc:114) For 60'th file, average UBM likelihood over 630 frames is -40.9949
LOG (gmm-gselect[5.5.620~1-dce1dc]:main():gmm-gselect.cc:114) For 70'th file, average UBM likelihood over 629 frames is -42.7771
LOG (apply-cmvn[5.5.620~1-dce1dc]:main():apply-cmvn.cc:162) Applied cepstral mean normalization to 80 utterances, errors on 0
LOG (apply-cmvn[5.5.620~1-dce1dc]:main():apply-cmvn.cc:162) Applied cepstral mean normalization to 80 utterances, errors on 0
LOG (transform-feats[5.5.620~1-dce1dc]:main():transform-feats.cc:158) Overall average [pseudo-]logdet is -54.6572 over 50389 frames.
LOG (transform-feats[5.5.620~1-dce1dc]:main():transform-feats.cc:161) Applied transform to 80 utterances; 0 had errors.
LOG (transform-feats[5.5.620~1-dce1dc]:main():transform-feats.cc:158) Overall average [pseudo-]logdet is -54.6572 over 50389 frames.
LOG (transform-feats[5.5.620~1-dce1dc]:main():transform-feats.cc:161) Applied transform to 80 utterances; 0 had errors.
LOG (transform-feats[5.5.620~1-dce1dc]:main():transform-feats.cc:158) Overall average logdet is 3.83548 over 50389 frames.
LOG (transform-feats[5.5.620~1-dce1dc]:main():transform-feats.cc:161) Applied transform to 80 utterances; 0 had errors.
LOG (transform-feats[5.5.620~1-dce1dc]:main():transform-feats.cc:158) Overall average logdet is 3.83548 over 50389 frames.
LOG (transform-feats[5.5.620~1-dce1dc]:main():transform-feats.cc:161) Applied transform to 80 utterances; 0 had errors.
LOG (gmm-gselect[5.5.620~1-dce1dc]:main():gmm-gselect.cc:125) Done 80 files, 0 with errors, average UBM log-likelihood is -42.8516 over 50389 frames.
LOG (fgmm-global-acc-stats[5.5.620~1-dce1dc]:main():fgmm-global-acc-stats.cc:148) Done 80 files; 0 with errors.
LOG (fgmm-global-acc-stats[5.5.620~1-dce1dc]:main():fgmm-global-acc-stats.cc:150) Overall likelihood per frame = -38.0543 over 50389 (weighted) frames.
LOG (fgmm-global-acc-stats[5.5.620~1-dce1dc]:main():fgmm-global-acc-stats.cc:155) Written accs to exp/ubm/1.2.acc
# Accounting: time=2 threads=1
# Ended (code 0) at Sun Mar 22 09:34:23 IST 2020, elapsed time 2 seconds
