# fgmm-global-est --remove-low-count-gaussians=false --verbose=2 exp/ubm/0.ubm "fgmm-global-sum-accs - exp/ubm/0.*.acc |" exp/ubm/1.ubm 
# Started at Sun Mar 22 09:34:21 IST 2020
#
fgmm-global-est --remove-low-count-gaussians=false --verbose=2 exp/ubm/0.ubm 'fgmm-global-sum-accs - exp/ubm/0.*.acc |' exp/ubm/1.ubm 
fgmm-global-sum-accs - exp/ubm/0.1.acc exp/ubm/0.2.acc exp/ubm/0.3.acc exp/ubm/0.4.acc 
LOG (fgmm-global-sum-accs[5.5.620~1-dce1dc]:main():fgmm-global-sum-accs.cc:59) Written stats to -
WARNING (fgmm-global-est[5.5.620~1-dce1dc]:MleFullGmmUpdate():mle-full-gmm.cc:371) Gaussian has too little data but not removing it because remove-low-count-gaussians == false: i = 73, occ = 67.9804, weight = 0.00033676
WARNING (fgmm-global-est[5.5.620~1-dce1dc]:MleFullGmmUpdate():mle-full-gmm.cc:371) Gaussian has too little data but not removing it because remove-low-count-gaussians == false: i = 173, occ = 64.1728, weight = 0.000317898
WARNING (fgmm-global-est[5.5.620~1-dce1dc]:MleFullGmmUpdate():mle-full-gmm.cc:371) Gaussian has too little data but not removing it because remove-low-count-gaussians == false: i = 203, occ = 87.4683, weight = 0.000433299
WARNING (fgmm-global-est[5.5.620~1-dce1dc]:MleFullGmmUpdate():mle-full-gmm.cc:371) Gaussian has too little data but not removing it because remove-low-count-gaussians == false: i = 210, occ = 96.8604, weight = 0.000479825
WARNING (fgmm-global-est[5.5.620~1-dce1dc]:MleFullGmmUpdate():mle-full-gmm.cc:371) Gaussian has too little data but not removing it because remove-low-count-gaussians == false: i = 217, occ = 89.4555, weight = 0.000443143
WARNING (fgmm-global-est[5.5.620~1-dce1dc]:MleFullGmmUpdate():mle-full-gmm.cc:371) Gaussian has too little data but not removing it because remove-low-count-gaussians == false: i = 228, occ = 93.7565, weight = 0.000464449
WARNING (fgmm-global-est[5.5.620~1-dce1dc]:MleFullGmmUpdate():mle-full-gmm.cc:371) Gaussian has too little data but not removing it because remove-low-count-gaussians == false: i = 232, occ = 99.6673, weight = 0.00049373
WARNING (fgmm-global-est[5.5.620~1-dce1dc]:MleFullGmmUpdate():mle-full-gmm.cc:371) Gaussian has too little data but not removing it because remove-low-count-gaussians == false: i = 238, occ = 83.5447, weight = 0.000413862
WARNING (fgmm-global-est[5.5.620~1-dce1dc]:MleFullGmmUpdate():mle-full-gmm.cc:371) Gaussian has too little data but not removing it because remove-low-count-gaussians == false: i = 257, occ = 19, weight = 9.41218e-05
WARNING (fgmm-global-est[5.5.620~1-dce1dc]:MleFullGmmUpdate():mle-full-gmm.cc:371) Gaussian has too little data but not removing it because remove-low-count-gaussians == false: i = 266, occ = 87.4244, weight = 0.000433081
WARNING (fgmm-global-est[5.5.620~1-dce1dc]:MleFullGmmUpdate():mle-full-gmm.cc:371) Gaussian has too little data but not removing it because remove-low-count-gaussians == false: i = 296, occ = 90.2554, weight = 0.000447105
WARNING (fgmm-global-est[5.5.620~1-dce1dc]:MleFullGmmUpdate():mle-full-gmm.cc:371) Gaussian has too little data but not removing it because remove-low-count-gaussians == false: i = 319, occ = 92.6522, weight = 0.000458979
WARNING (fgmm-global-est[5.5.620~1-dce1dc]:MleFullGmmUpdate():mle-full-gmm.cc:371) Gaussian has too little data but not removing it because remove-low-count-gaussians == false: i = 340, occ = 82.1544, weight = 0.000406975
WARNING (fgmm-global-est[5.5.620~1-dce1dc]:MleFullGmmUpdate():mle-full-gmm.cc:371) Gaussian has too little data but not removing it because remove-low-count-gaussians == false: i = 348, occ = 65.4603, weight = 0.000324276
WARNING (fgmm-global-est[5.5.620~1-dce1dc]:MleFullGmmUpdate():mle-full-gmm.cc:371) Gaussian has too little data but not removing it because remove-low-count-gaussians == false: i = 392, occ = 83.8179, weight = 0.000415216
WARNING (fgmm-global-est[5.5.620~1-dce1dc]:MleFullGmmUpdate():mle-full-gmm.cc:371) Gaussian has too little data but not removing it because remove-low-count-gaussians == false: i = 394, occ = 75.3524, weight = 0.000373279
WARNING (fgmm-global-est[5.5.620~1-dce1dc]:MleFullGmmUpdate():mle-full-gmm.cc:371) Gaussian has too little data but not removing it because remove-low-count-gaussians == false: i = 409, occ = 85.8646, weight = 0.000425354
WARNING (fgmm-global-est[5.5.620~1-dce1dc]:MleFullGmmUpdate():mle-full-gmm.cc:371) Gaussian has too little data but not removing it because remove-low-count-gaussians == false: i = 422, occ = 90.3162, weight = 0.000447406
WARNING (fgmm-global-est[5.5.620~1-dce1dc]:MleFullGmmUpdate():mle-full-gmm.cc:371) Gaussian has too little data but not removing it because remove-low-count-gaussians == false: i = 440, occ = 97.9649, weight = 0.000485297
WARNING (fgmm-global-est[5.5.620~1-dce1dc]:MleFullGmmUpdate():mle-full-gmm.cc:371) Gaussian has too little data but not removing it because remove-low-count-gaussians == false: i = 476, occ = 85.0272, weight = 0.000421206
WARNING (fgmm-global-est[5.5.620~1-dce1dc]:MleFullGmmUpdate():mle-full-gmm.cc:371) Gaussian has too little data but not removing it because remove-low-count-gaussians == false: i = 494, occ = 94.9029, weight = 0.000470128
WARNING (fgmm-global-est[5.5.620~1-dce1dc]:MleFullGmmUpdate():mle-full-gmm.cc:371) Gaussian has too little data but not removing it because remove-low-count-gaussians == false: i = 525, occ = 76.3249, weight = 0.000378097
WARNING (fgmm-global-est[5.5.620~1-dce1dc]:MleFullGmmUpdate():mle-full-gmm.cc:371) Gaussian has too little data but not removing it because remove-low-count-gaussians == false: i = 547, occ = 85.0921, weight = 0.000421527
WARNING (fgmm-global-est[5.5.620~1-dce1dc]:MleFullGmmUpdate():mle-full-gmm.cc:371) Gaussian has too little data but not removing it because remove-low-count-gaussians == false: i = 555, occ = 97.6641, weight = 0.000483807
WARNING (fgmm-global-est[5.5.620~1-dce1dc]:MleFullGmmUpdate():mle-full-gmm.cc:371) Gaussian has too little data but not removing it because remove-low-count-gaussians == false: i = 571, occ = 78.3625, weight = 0.000388191
WARNING (fgmm-global-est[5.5.620~1-dce1dc]:MleFullGmmUpdate():mle-full-gmm.cc:371) Gaussian has too little data but not removing it because remove-low-count-gaussians == false: i = 584, occ = 93.2171, weight = 0.000461777
WARNING (fgmm-global-est[5.5.620~1-dce1dc]:MleFullGmmUpdate():mle-full-gmm.cc:371) Gaussian has too little data but not removing it because remove-low-count-gaussians == false: i = 590, occ = 69.2711, weight = 0.000343154
WARNING (fgmm-global-est[5.5.620~1-dce1dc]:MleFullGmmUpdate():mle-full-gmm.cc:371) Gaussian has too little data but not removing it because remove-low-count-gaussians == false: i = 597, occ = 93.196, weight = 0.000461673
WARNING (fgmm-global-est[5.5.620~1-dce1dc]:MleFullGmmUpdate():mle-full-gmm.cc:371) Gaussian has too little data but not removing it because remove-low-count-gaussians == false: i = 606, occ = 69.4786, weight = 0.000344182
WARNING (fgmm-global-est[5.5.620~1-dce1dc]:MleFullGmmUpdate():mle-full-gmm.cc:371) Gaussian has too little data but not removing it because remove-low-count-gaussians == false: i = 614, occ = 97.1005, weight = 0.000481015
WARNING (fgmm-global-est[5.5.620~1-dce1dc]:MleFullGmmUpdate():mle-full-gmm.cc:371) Gaussian has too little data but not removing it because remove-low-count-gaussians == false: i = 617, occ = 78.5708, weight = 0.000389223
WARNING (fgmm-global-est[5.5.620~1-dce1dc]:MleFullGmmUpdate():mle-full-gmm.cc:371) Gaussian has too little data but not removing it because remove-low-count-gaussians == false: i = 653, occ = 62.4796, weight = 0.00030951
WARNING (fgmm-global-est[5.5.620~1-dce1dc]:MleFullGmmUpdate():mle-full-gmm.cc:371) Gaussian has too little data but not removing it because remove-low-count-gaussians == false: i = 691, occ = 94.6006, weight = 0.000468631
LOG (fgmm-global-est[5.5.620~1-dce1dc]:main():fgmm-global-est.cc:78) Overall objective function improvement is 4.18089 per frame over 201866 frames.
LOG (fgmm-global-est[5.5.620~1-dce1dc]:main():fgmm-global-est.cc:88) Written model to exp/ubm/1.ubm
# Accounting: time=0 threads=1
# Ended (code 0) at Sun Mar 22 09:34:21 IST 2020, elapsed time 0 seconds
