# fgmm-global-est --remove-low-count-gaussians=false --verbose=2 exp/ubm/1.ubm "fgmm-global-sum-accs - exp/ubm/1.*.acc |" exp/ubm/2.ubm 
# Started at Sun Mar 22 09:34:23 IST 2020
#
fgmm-global-est --remove-low-count-gaussians=false --verbose=2 exp/ubm/1.ubm 'fgmm-global-sum-accs - exp/ubm/1.*.acc |' exp/ubm/2.ubm 
fgmm-global-sum-accs - exp/ubm/1.1.acc exp/ubm/1.2.acc exp/ubm/1.3.acc exp/ubm/1.4.acc 
LOG (fgmm-global-sum-accs[5.5.620~1-dce1dc]:main():fgmm-global-sum-accs.cc:59) Written stats to -
WARNING (fgmm-global-est[5.5.620~1-dce1dc]:MleFullGmmUpdate():mle-full-gmm.cc:371) Gaussian has too little data but not removing it because remove-low-count-gaussians == false: i = 73, occ = 62.7258, weight = 0.00031073
WARNING (fgmm-global-est[5.5.620~1-dce1dc]:MleFullGmmUpdate():mle-full-gmm.cc:371) Gaussian has too little data but not removing it because remove-low-count-gaussians == false: i = 173, occ = 64.3539, weight = 0.000318795
WARNING (fgmm-global-est[5.5.620~1-dce1dc]:MleFullGmmUpdate():mle-full-gmm.cc:371) Gaussian has too little data but not removing it because remove-low-count-gaussians == false: i = 203, occ = 69.9959, weight = 0.000346744
WARNING (fgmm-global-est[5.5.620~1-dce1dc]:MleFullGmmUpdate():mle-full-gmm.cc:371) Gaussian has too little data but not removing it because remove-low-count-gaussians == false: i = 210, occ = 80.5195, weight = 0.000398876
WARNING (fgmm-global-est[5.5.620~1-dce1dc]:MleFullGmmUpdate():mle-full-gmm.cc:371) Gaussian has too little data but not removing it because remove-low-count-gaussians == false: i = 217, occ = 69.2432, weight = 0.000343016
WARNING (fgmm-global-est[5.5.620~1-dce1dc]:MleFullGmmUpdate():mle-full-gmm.cc:371) Gaussian has too little data but not removing it because remove-low-count-gaussians == false: i = 228, occ = 64.6155, weight = 0.000320091
WARNING (fgmm-global-est[5.5.620~1-dce1dc]:MleFullGmmUpdate():mle-full-gmm.cc:371) Gaussian has too little data but not removing it because remove-low-count-gaussians == false: i = 232, occ = 76.4349, weight = 0.000378642
WARNING (fgmm-global-est[5.5.620~1-dce1dc]:MleFullGmmUpdate():mle-full-gmm.cc:371) Gaussian has too little data but not removing it because remove-low-count-gaussians == false: i = 238, occ = 78.6208, weight = 0.00038947
WARNING (fgmm-global-est[5.5.620~1-dce1dc]:MleFullGmmUpdate():mle-full-gmm.cc:371) Gaussian has too little data but not removing it because remove-low-count-gaussians == false: i = 257, occ = 19, weight = 9.41218e-05
WARNING (fgmm-global-est[5.5.620~1-dce1dc]:MleFullGmmUpdate():mle-full-gmm.cc:371) Gaussian has too little data but not removing it because remove-low-count-gaussians == false: i = 266, occ = 72.6004, weight = 0.000359646
WARNING (fgmm-global-est[5.5.620~1-dce1dc]:MleFullGmmUpdate():mle-full-gmm.cc:371) Gaussian has too little data but not removing it because remove-low-count-gaussians == false: i = 296, occ = 67.1676, weight = 0.000332734
WARNING (fgmm-global-est[5.5.620~1-dce1dc]:MleFullGmmUpdate():mle-full-gmm.cc:371) Gaussian has too little data but not removing it because remove-low-count-gaussians == false: i = 319, occ = 86.4381, weight = 0.000428195
WARNING (fgmm-global-est[5.5.620~1-dce1dc]:MleFullGmmUpdate():mle-full-gmm.cc:371) Gaussian has too little data but not removing it because remove-low-count-gaussians == false: i = 340, occ = 67.4059, weight = 0.000333914
WARNING (fgmm-global-est[5.5.620~1-dce1dc]:MleFullGmmUpdate():mle-full-gmm.cc:371) Gaussian has too little data but not removing it because remove-low-count-gaussians == false: i = 348, occ = 61.1873, weight = 0.000303109
WARNING (fgmm-global-est[5.5.620~1-dce1dc]:MleFullGmmUpdate():mle-full-gmm.cc:371) Gaussian has too little data but not removing it because remove-low-count-gaussians == false: i = 392, occ = 76.864, weight = 0.000380768
WARNING (fgmm-global-est[5.5.620~1-dce1dc]:MleFullGmmUpdate():mle-full-gmm.cc:371) Gaussian has too little data but not removing it because remove-low-count-gaussians == false: i = 394, occ = 56.6469, weight = 0.000280617
WARNING (fgmm-global-est[5.5.620~1-dce1dc]:MleFullGmmUpdate():mle-full-gmm.cc:371) Gaussian has too little data but not removing it because remove-low-count-gaussians == false: i = 409, occ = 71.0666, weight = 0.000352049
WARNING (fgmm-global-est[5.5.620~1-dce1dc]:MleFullGmmUpdate():mle-full-gmm.cc:371) Gaussian has too little data but not removing it because remove-low-count-gaussians == false: i = 422, occ = 77.4186, weight = 0.000383515
WARNING (fgmm-global-est[5.5.620~1-dce1dc]:MleFullGmmUpdate():mle-full-gmm.cc:371) Gaussian has too little data but not removing it because remove-low-count-gaussians == false: i = 440, occ = 82.5111, weight = 0.000408742
WARNING (fgmm-global-est[5.5.620~1-dce1dc]:MleFullGmmUpdate():mle-full-gmm.cc:371) Gaussian has too little data but not removing it because remove-low-count-gaussians == false: i = 476, occ = 72.3607, weight = 0.000358459
WARNING (fgmm-global-est[5.5.620~1-dce1dc]:MleFullGmmUpdate():mle-full-gmm.cc:371) Gaussian has too little data but not removing it because remove-low-count-gaussians == false: i = 494, occ = 55.7861, weight = 0.000276352
WARNING (fgmm-global-est[5.5.620~1-dce1dc]:MleFullGmmUpdate():mle-full-gmm.cc:371) Gaussian has too little data but not removing it because remove-low-count-gaussians == false: i = 525, occ = 74.5951, weight = 0.000369528
WARNING (fgmm-global-est[5.5.620~1-dce1dc]:MleFullGmmUpdate():mle-full-gmm.cc:371) Gaussian has too little data but not removing it because remove-low-count-gaussians == false: i = 547, occ = 54.2898, weight = 0.00026894
WARNING (fgmm-global-est[5.5.620~1-dce1dc]:MleFullGmmUpdate():mle-full-gmm.cc:371) Gaussian has too little data but not removing it because remove-low-count-gaussians == false: i = 555, occ = 67.7644, weight = 0.00033569
WARNING (fgmm-global-est[5.5.620~1-dce1dc]:MleFullGmmUpdate():mle-full-gmm.cc:371) Gaussian has too little data but not removing it because remove-low-count-gaussians == false: i = 571, occ = 54.2592, weight = 0.000268788
WARNING (fgmm-global-est[5.5.620~1-dce1dc]:MleFullGmmUpdate():mle-full-gmm.cc:371) Gaussian has too little data but not removing it because remove-low-count-gaussians == false: i = 584, occ = 70.5432, weight = 0.000349456
WARNING (fgmm-global-est[5.5.620~1-dce1dc]:MleFullGmmUpdate():mle-full-gmm.cc:371) Gaussian has too little data but not removing it because remove-low-count-gaussians == false: i = 590, occ = 61.0678, weight = 0.000302517
WARNING (fgmm-global-est[5.5.620~1-dce1dc]:MleFullGmmUpdate():mle-full-gmm.cc:371) Gaussian has too little data but not removing it because remove-low-count-gaussians == false: i = 597, occ = 72.7418, weight = 0.000360347
WARNING (fgmm-global-est[5.5.620~1-dce1dc]:MleFullGmmUpdate():mle-full-gmm.cc:371) Gaussian has too little data but not removing it because remove-low-count-gaussians == false: i = 606, occ = 48.2625, weight = 0.000239082
WARNING (fgmm-global-est[5.5.620~1-dce1dc]:MleFullGmmUpdate():mle-full-gmm.cc:371) Gaussian has too little data but not removing it because remove-low-count-gaussians == false: i = 614, occ = 86.5957, weight = 0.000428976
WARNING (fgmm-global-est[5.5.620~1-dce1dc]:MleFullGmmUpdate():mle-full-gmm.cc:371) Gaussian has too little data but not removing it because remove-low-count-gaussians == false: i = 617, occ = 60.534, weight = 0.000299872
WARNING (fgmm-global-est[5.5.620~1-dce1dc]:MleFullGmmUpdate():mle-full-gmm.cc:371) Gaussian has too little data but not removing it because remove-low-count-gaussians == false: i = 653, occ = 61.2491, weight = 0.000303414
WARNING (fgmm-global-est[5.5.620~1-dce1dc]:MleFullGmmUpdate():mle-full-gmm.cc:371) Gaussian has too little data but not removing it because remove-low-count-gaussians == false: i = 691, occ = 77.9298, weight = 0.000386047
LOG (fgmm-global-est[5.5.620~1-dce1dc]:main():fgmm-global-est.cc:78) Overall objective function improvement is 0.354698 per frame over 201866 frames.
LOG (fgmm-global-est[5.5.620~1-dce1dc]:main():fgmm-global-est.cc:88) Written model to exp/ubm/2.ubm
# Accounting: time=0 threads=1
# Ended (code 0) at Sun Mar 22 09:34:23 IST 2020, elapsed time 0 seconds
