# lattice-scale --inv-acoustic-scale=13 "ark:gunzip -c exp/tri1/decode/lat.*.gz|" ark:- | lattice-add-penalty --word-ins-penalty=1.0 ark:- ark:- | lattice-best-path --word-symbol-table=exp/tri1/graph/words.txt ark:- ark,t:- | utils/int2sym.pl -f 2- exp/tri1/graph/words.txt | local/wer_hyp_filter > exp/tri1/decode/scoring_kaldi/penalty_1.0/13.txt 
# Started at Sun Mar 22 09:25:15 IST 2020
#
lattice-scale --inv-acoustic-scale=13 'ark:gunzip -c exp/tri1/decode/lat.*.gz|' ark:- 
lattice-best-path --word-symbol-table=exp/tri1/graph/words.txt ark:- ark,t:- 
lattice-add-penalty --word-ins-penalty=1.0 ark:- ark:- 
LOG (lattice-best-path[5.5.620~1-dce1dc]:main():lattice-best-path.cc:99) For utterance PN00F02U001, best cost 47.2959 + 2456.33 = 2503.63 over 630 frames.
PN00F02U001 sifar sifar naun athth satt chhe panj 
LOG (lattice-best-path[5.5.620~1-dce1dc]:main():lattice-best-path.cc:99) For utterance PN00F02U002, best cost 44.3801 + 2276.96 = 2321.34 over 656 frames.
PN00F02U002 panj chaar tinn do ikk sifar ikk 
LOG (lattice-best-path[5.5.620~1-dce1dc]:main():lattice-best-path.cc:99) For utterance PN00F02U003, best cost 42.6616 + 2183.42 = 2226.08 over 630 frames.
PN00F02U003 ikk naun satt panj tinn ikk do 
LOG (lattice-best-path[5.5.620~1-dce1dc]:main():lattice-best-path.cc:99) For utterance PN00F02U004, best cost 45.6056 + 2219.61 = 2265.21 over 629 frames.
PN00F02U004 do naun chhe chaar do sifar tinn 
LOG (lattice-best-path[5.5.620~1-dce1dc]:main():lattice-best-path.cc:99) For utterance PN00F02U005, best cost 44.7337 + 2120.75 = 2165.49 over 628 frames.
PN00F02U005 tinn naun panj do chaar naun chaar 
LOG (lattice-best-path[5.5.620~1-dce1dc]:main():lattice-best-path.cc:99) For utterance PN00F02U006, best cost 45.8602 + 2230.59 = 2276.45 over 629 frames.
PN00F02U006 chaar ikk panj naun tinn sifar chhe 
LOG (lattice-best-path[5.5.620~1-dce1dc]:main():lattice-best-path.cc:99) For utterance PN00F02U007, best cost 46.4858 + 2181.38 = 2227.87 over 630 frames.
PN00F02U007 chhe naun do satt naun ikk athth 
LOG (lattice-best-path[5.5.620~1-dce1dc]:main():lattice-best-path.cc:99) For utterance PN00F02U008, best cost 47.0203 + 2206.76 = 2253.78 over 629 frames.
PN00F02U008 athth naun sifar athth chhe tinn chaar 
LOG (lattice-best-path[5.5.620~1-dce1dc]:main():lattice-best-path.cc:99) For utterance PN00F02U009, best cost 47.998 + 2234.86 = 2282.86 over 626 frames.
PN00F02U009 chaar sifar satt chaar athth panj ikk 
LOG (lattice-best-path[5.5.620~1-dce1dc]:main():lattice-best-path.cc:99) For utterance PN00F02U010, best cost 47.841 + 2220.73 = 2268.57 over 628 frames.
PN00F02U010 ikk satt tinn tinn athth chaar chaar 
LOG (lattice-best-path[5.5.620~1-dce1dc]:main():lattice-best-path.cc:99) For utterance PN00F02U011, best cost 56.8695 + 2333.64 = 2390.51 over 630 frames.
PN00F02U011 chaar satt tinn panj chhe 
LOG (lattice-best-path[5.5.620~1-dce1dc]:main():lattice-best-path.cc:99) For utterance PN00F02U012, best cost 44.3678 + 2138.37 = 2182.74 over 656 frames.
PN00F02U012 chhe athth do athth ikk chhe do 
LOG (lattice-best-path[5.5.620~1-dce1dc]:main():lattice-best-path.cc:99) For utterance PN00F02U013, best cost 45.6001 + 2112.13 = 2157.73 over 630 frames.
PN00F02U013 do chhe ikk do tinn satt ikk 
LOG (lattice-best-path[5.5.620~1-dce1dc]:main():lattice-best-path.cc:99) For utterance PN00F02U014, best cost 50.1767 + 2306.87 = 2357.05 over 629 frames.
PN00F02U014 ikk chaar chhe sifar chaar panj sifar 
LOG (lattice-best-path[5.5.620~1-dce1dc]:main():lattice-best-path.cc:99) For utterance PN00F02U015, best cost 49.9136 + 2319.62 = 2369.53 over 630 frames.
PN00F02U015 sifar panj satt sifar do do tinn 
LOG (lattice-best-path[5.5.620~1-dce1dc]:main():lattice-best-path.cc:99) For utterance PN00F02U016, best cost 47.9687 + 2238.23 = 2286.2 over 629 frames.
PN00F02U016 tinn panj chhe satt athth sifar ikk 
LOG (lattice-best-path[5.5.620~1-dce1dc]:main():lattice-best-path.cc:99) For utterance PN00F02U017, best cost 49.023 + 2324.04 = 2373.07 over 657 frames.
PN00F02U017 ikk tinn chaar panj panj chhe chhe 
LOG (lattice-best-path[5.5.620~1-dce1dc]:main():lattice-best-path.cc:99) For utterance PN00F02U018, best cost 45.4615 + 2194.69 = 2240.15 over 652 frames.
PN00F02U018 chhe satt satt athth athth naun naun 
LOG (lattice-best-path[5.5.620~1-dce1dc]:main():lattice-best-path.cc:99) For utterance PN00F02U019, best cost 47.6872 + 2173.8 = 2221.49 over 653 frames.
PN00F02U019 naun sifar ikk ikk do ikk satt 
LOG (lattice-best-path[5.5.620~1-dce1dc]:main():lattice-best-path.cc:99) For utterance PN00F02U020, best cost 42.8306 + 2092.26 = 2135.09 over 628 frames.
PN00F02U020 satt naun ikk tinn panj satt naun 
LOG (lattice-best-path[5.5.620~1-dce1dc]:main():lattice-best-path.cc:99) For utterance PN00F02U021, best cost 59.1794 + 2483.91 = 2543.09 over 629 frames.
PN00F02U021 sifar sifar sifar ikk tinn chaar panj 
LOG (lattice-best-path[5.5.620~1-dce1dc]:main():lattice-best-path.cc:99) For utterance PN00F02U022, best cost 47.7615 + 2205.36 = 2253.12 over 656 frames.
PN00F02U022 panj chhe satt athth naun ikk sifar 
LOG (lattice-best-path[5.5.620~1-dce1dc]:main():lattice-best-path.cc:99) For utterance PN00F02U023, best cost 45.2159 + 2133.47 = 2178.68 over 630 frames.
PN00F02U023 sifar do chaar chhe athth do sifar 
LOG (lattice-best-path[5.5.620~1-dce1dc]:main():lattice-best-path.cc:99) For utterance PN00F02U024, best cost 48.3278 + 2282.89 = 2331.22 over 630 frames.
PN00F02U024 sifar tinn panj satt naun tinn sifar 
LOG (lattice-best-path[5.5.620~1-dce1dc]:main():lattice-best-path.cc:99) For utterance PN00F02U025, best cost 48.4642 + 2267.47 = 2315.93 over 630 frames.
PN00F02U025 sifar chaar satt chaar sifar panj athth 
LOG (lattice-best-path[5.5.620~1-dce1dc]:main():lattice-best-path.cc:99) For utterance PN00F02U026, best cost 48.8546 + 2345.72 = 2394.57 over 630 frames.
PN00F02U026 athth panj sifar chhe naun chhe sifar 
LOG (lattice-best-path[5.5.620~1-dce1dc]:main():lattice-best-path.cc:99) For utterance PN00F02U027, best cost 49.7501 + 2317.56 = 2367.31 over 656 frames.
PN00F02U027 sifar satt satt sifar athth athth sifar 
LOG (lattice-best-path[5.5.620~1-dce1dc]:main():lattice-best-path.cc:99) For utterance PN00F02U028, best cost 46.4889 + 2275.58 = 2322.07 over 629 frames.
PN00F02U028 sifar naun naun sifar ikk ikk tinn 
LOG (lattice-best-path[5.5.620~1-dce1dc]:main():lattice-best-path.cc:99) For utterance PN00F02U029, best cost 43.4141 + 2190.9 = 2234.31 over 630 frames.
PN00F02U029 tinn chhe ikk chaar athth ikk panj 
LOG (lattice-best-path[5.5.620~1-dce1dc]:main():lattice-best-path.cc:99) For utterance PN00F02U030, best cost 45.4769 + 2201.48 = 2246.96 over 630 frames.
PN00F02U030 panj naun do panj chaar ikk chhe 
LOG (lattice-best-path[5.5.620~1-dce1dc]:main():lattice-best-path.cc:99) For utterance PN00F02U031, best cost 45.3244 + 2234.87 = 2280.19 over 630 frames.
PN00F02U031 chhe panj ikk satt chhe do chhe 
LOG (lattice-best-path[5.5.620~1-dce1dc]:main():lattice-best-path.cc:99) For utterance PN00F02U032, best cost 43.6379 + 2091.16 = 2134.8 over 629 frames.
PN00F02U032 chhe tinn satt ikk athth tinn athth 
LOG (lattice-best-path[5.5.620~1-dce1dc]:main():lattice-best-path.cc:99) For utterance PN00F02U033, best cost 44.2274 + 2159.95 = 2204.18 over 630 frames.
PN00F02U033 athth naun chaar naun panj do ikk 
LOG (lattice-best-path[5.5.620~1-dce1dc]:main():lattice-best-path.cc:99) For utterance PN00F02U034, best cost 43.1159 + 2162.88 = 2206 over 630 frames.
PN00F02U034 ikk naun satt do satt panj tinn 
LOG (lattice-best-path[5.5.620~1-dce1dc]:main():lattice-best-path.cc:99) For utterance PN00F02U035, best cost 43.4469 + 2168.95 = 2212.4 over 630 frames.
PN00F02U035 tinn naun athth satt tinn ikk do 
LOG (lattice-best-path[5.5.620~1-dce1dc]:main():lattice-best-path.cc:99) For utterance PN00F02U036, best cost 47.2054 + 2256.91 = 2304.11 over 630 frames.
PN00F02U036 do do athth chaar do naun sifar 
LOG (lattice-best-path[5.5.620~1-dce1dc]:main():lattice-best-path.cc:99) For utterance PN00F02U037, best cost 45.3748 + 2153.93 = 2199.31 over 655 frames.
PN00F02U037 sifar ikk do tinn do tinn tinn 
LOG (lattice-best-path[5.5.620~1-dce1dc]:main():lattice-best-path.cc:99) For utterance PN00F02U038, best cost 48.9483 + 2132.5 = 2181.45 over 630 frames.
PN00F02U038 tinn chaar tinn chaar chaar panj panj 
LOG (lattice-best-path[5.5.620~1-dce1dc]:main():lattice-best-path.cc:99) For utterance PN00F02U039, best cost 47.1786 + 2184.82 = 2232 over 629 frames.
PN00F02U039 panj chhe chaar panj chhe chhe satt 
LOG (lattice-best-path[5.5.620~1-dce1dc]:main():lattice-best-path.cc:99) For utterance PN00F02U040, best cost 47.2883 + 2047.12 = 2094.41 over 629 frames.
PN00F02U040 satt athth chhe satt ikk do chaar 
LOG (lattice-best-path[5.5.620~1-dce1dc]:main():lattice-best-path.cc:99) For utterance PN00F02U041, best cost 45.7418 + 2263.99 = 2309.73 over 630 frames.
PN00F02U041 sifar naun sifar ikk do tinn chaar 
LOG (lattice-best-path[5.5.620~1-dce1dc]:main():lattice-best-path.cc:99) For utterance PN00F02U042, best cost 46.2158 + 2227.27 = 2273.48 over 648 frames.
PN00F02U042 chaar panj chhe satt athth naun athth 
LOG (lattice-best-path[5.5.620~1-dce1dc]:main():lattice-best-path.cc:99) For utterance PN00F02U043, best cost 44.7567 + 2184.51 = 2229.27 over 630 frames.
PN00F02U043 athth sifar do chaar chhe athth satt 
LOG (lattice-best-path[5.5.620~1-dce1dc]:main():lattice-best-path.cc:99) For utterance PN00F02U044, best cost 45.7822 + 2154.65 = 2200.43 over 630 frames.
PN00F02U044 satt sifar tinn panj satt naun chhe 
LOG (lattice-best-path[5.5.620~1-dce1dc]:main():lattice-best-path.cc:99) For utterance PN00F02U045, best cost 47.3869 + 2275.91 = 2323.29 over 630 frames.
PN00F02U045 chhe sifar chaar satt panj sifar panj 
LOG (lattice-best-path[5.5.620~1-dce1dc]:main():lattice-best-path.cc:99) For utterance PN00F02U046, best cost 47.7624 + 2116.45 = 2164.22 over 630 frames.
PN00F02U046 panj athth chaar sifar chhe naun tinn 
LOG (lattice-best-path[5.5.620~1-dce1dc]:main():lattice-best-path.cc:99) For utterance PN00F02U047, best cost 48.1886 + 2175.05 = 2223.24 over 630 frames.
PN00F02U047 tinn sifar satt do sifar athth ikk 
LOG (lattice-best-path[5.5.620~1-dce1dc]:main():lattice-best-path.cc:99) For utterance PN00F02U048, best cost 48.6585 + 2117.74 = 2166.4 over 630 frames.
PN00F02U048 ikk sifar sifar ikk naun ikk tinn 
LOG (lattice-best-path[5.5.620~1-dce1dc]:main():lattice-best-path.cc:99) For utterance PN00F02U049, best cost 44.2839 + 2210.32 = 2254.6 over 630 frames.
PN00F02U049 tinn chhe ikk chaar athth do panj 
LOG (lattice-best-path[5.5.620~1-dce1dc]:main():lattice-best-path.cc:99) For utterance PN00F02U050, best cost 44.9078 + 2140.48 = 2185.39 over 629 frames.
PN00F02U050 panj naun do chhe panj ikk panj 
LOG (lattice-best-path[5.5.620~1-dce1dc]:main():lattice-best-path.cc:99) For utterance PN00F02U051, best cost 43.8178 + 2151.29 = 2195.11 over 630 frames.
PN00F02U051 panj chaar ikk chhe tinn ikk satt 
LOG (lattice-best-path[5.5.620~1-dce1dc]:main():lattice-best-path.cc:99) For utterance PN00F02U052, best cost 44.3433 + 2097.26 = 2141.61 over 629 frames.
PN00F02U052 satt ikk athth tinn satt tinn athth 
LOG (lattice-best-path[5.5.620~1-dce1dc]:main():lattice-best-path.cc:99) For utterance PN00F02U053, best cost 43.3942 + 2049.13 = 2092.53 over 630 frames.
PN00F02U053 athth naun naun chaar naun panj do 
LOG (lattice-best-path[5.5.620~1-dce1dc]:main():lattice-best-path.cc:99) For utterance PN00F02U054, best cost 45.4614 + 2212.43 = 2257.89 over 630 frames.
PN00F02U054 do satt chhe do athth panj tinn 
LOG (lattice-best-path[5.5.620~1-dce1dc]:main():lattice-best-path.cc:99) For utterance PN00F02U055, best cost 44.2672 + 2188.8 = 2233.07 over 630 frames.
PN00F02U055 tinn naun satt chaar do ikk ikk 
LOG (lattice-best-path[5.5.620~1-dce1dc]:main():lattice-best-path.cc:99) For utterance PN00F02U056, best cost 47.9206 + 2189.79 = 2237.71 over 656 frames.
PN00F02U056 ikk do naun sifar ikk do do 
LOG (lattice-best-path[5.5.620~1-dce1dc]:main():lattice-best-path.cc:99) For utterance PN00F02U057, best cost 47.2348 + 2050.73 = 2097.96 over 629 frames.
PN00F02U057 do tinn do tinn tinn chaar tinn 
LOG (lattice-best-path[5.5.620~1-dce1dc]:main():lattice-best-path.cc:99) For utterance PN00F02U058, best cost 47.4151 + 2186.49 = 2233.9 over 630 frames.
PN00F02U058 tinn chaar chaar panj panj chhe chaar 
LOG (lattice-best-path[5.5.620~1-dce1dc]:main():lattice-best-path.cc:99) For utterance PN00F02U059, best cost 50.3297 + 2253.76 = 2304.09 over 629 frames.
PN00F02U059 athth athth athth sifar sifar sifar sifar 
LOG (lattice-best-path[5.5.620~1-dce1dc]:main():lattice-best-path.cc:99) For utterance PN00F02U060, best cost 46.4359 + 2231.13 = 2277.57 over 629 frames.
PN00F02U060 athth chhe satt athth athth naun sifar 
LOG (lattice-best-path[5.5.620~1-dce1dc]:main():lattice-best-path.cc:99) For utterance PN00F02U061, best cost 44.3245 + 2250.02 = 2294.35 over 630 frames.
PN00F02U061 sifar naun naun athth satt chhe panj 
LOG (lattice-best-path[5.5.620~1-dce1dc]:main():lattice-best-path.cc:99) For utterance PN00F02U062, best cost 45.3595 + 2119.59 = 2164.95 over 630 frames.
PN00F02U062 panj chaar tinn do ikk sifar athth 
LOG (lattice-best-path[5.5.620~1-dce1dc]:main():lattice-best-path.cc:99) For utterance PN00F02U063, best cost 43.172 + 2097.46 = 2140.63 over 629 frames.
PN00F02U063 athth naun satt panj tinn ikk satt 
LOG (lattice-best-path[5.5.620~1-dce1dc]:main():lattice-best-path.cc:99) For utterance PN00F02U064, best cost 44.3206 + 2172.21 = 2216.53 over 630 frames.
PN00F02U064 satt naun chhe chaar do sifar chhe 
LOG (lattice-best-path[5.5.620~1-dce1dc]:main():lattice-best-path.cc:99) For utterance PN00F02U065, best cost 44.156 + 2082.49 = 2126.65 over 630 frames.
PN00F02U065 chhe naun panj do panj naun chaar 
LOG (lattice-best-path[5.5.620~1-dce1dc]:main():lattice-best-path.cc:99) For utterance PN00F02U066, best cost 47.0409 + 2105.25 = 2152.29 over 630 frames.
PN00F02U066 chaar ikk chaar naun tinn sifar tinn 
LOG (lattice-best-path[5.5.620~1-dce1dc]:main():lattice-best-path.cc:99) For utterance PN00F02U067, best cost 44.7407 + 2054.17 = 2098.91 over 630 frames.
PN00F02U067 tinn naun do do naun ikk ikk 
LOG (lattice-best-path[5.5.620~1-dce1dc]:main():lattice-best-path.cc:99) For utterance PN00F02U068, best cost 49.1855 + 2286.41 = 2335.59 over 629 frames.
PN00F02U068 ikk naun sifar sifar satt chaar sifar 
LOG (lattice-best-path[5.5.620~1-dce1dc]:main():lattice-best-path.cc:99) For utterance PN00F02U069, best cost 42.219 + 2201.61 = 2243.83 over 630 frames.
PN00F02U069 sifar ikk athth chhe tinn athth 
LOG (lattice-best-path[5.5.620~1-dce1dc]:main():lattice-best-path.cc:99) For utterance PN00F02U070, best cost 44.0927 + 2209.38 = 2253.48 over 656 frames.
PN00F02U070 athth panj ikk chhe do chhe athth 
LOG (lattice-best-path[5.5.620~1-dce1dc]:main():lattice-best-path.cc:99) For utterance PN00F02U071, best cost 49.6221 + 2158.56 = 2208.18 over 630 frames.
PN00F02U071 athth chaar panj athth tinn chaar athth 
LOG (lattice-best-path[5.5.620~1-dce1dc]:main():lattice-best-path.cc:99) For utterance PN00F02U072, best cost 46.1066 + 2121.21 = 2167.31 over 630 frames.
PN00F02U072 athth do tinn satt tinn chhe ikk 
LOG (lattice-best-path[5.5.620~1-dce1dc]:main():lattice-best-path.cc:99) For utterance PN00F02U073, best cost 47.3307 + 2184.88 = 2232.21 over 630 frames.
PN00F02U073 ikk panj sifar panj chhe satt do 
LOG (lattice-best-path[5.5.620~1-dce1dc]:main():lattice-best-path.cc:99) For utterance PN00F02U074, best cost 47.7806 + 2145.9 = 2193.68 over 630 frames.
PN00F02U074 do athth ikk tinn panj panj satt 
LOG (lattice-best-path[5.5.620~1-dce1dc]:main():lattice-best-path.cc:99) For utterance PN00F02U075, best cost 45.7596 + 2167.9 = 2213.66 over 630 frames.
PN00F02U075 satt ikk do satt sifar do chaar 
LOG (lattice-best-path[5.5.620~1-dce1dc]:main():lattice-best-path.cc:99) For utterance PN00F02U076, best cost 46.6871 + 2184.84 = 2231.52 over 629 frames.
PN00F02U076 chaar satt athth sifar ikk do tinn 
LOG (lattice-best-path[5.5.620~1-dce1dc]:main():lattice-best-path.cc:99) For utterance PN00F02U077, best cost 47.9937 + 2145.1 = 2193.1 over 630 frames.
PN00F02U077 tinn tinn chaar chhe sifar chaar chaar 
LOG (lattice-best-path[5.5.620~1-dce1dc]:main():lattice-best-path.cc:99) For utterance PN00F02U078, best cost 46.1884 + 2107.65 = 2153.84 over 629 frames.
PN00F02U078 chaar panj chhe chhe satt satt athth 
LOG (lattice-best-path[5.5.620~1-dce1dc]:main():lattice-best-path.cc:99) For utterance PN00F02U079, best cost 45.7064 + 2076.13 = 2121.84 over 629 frames.
PN00F02U079 naun naun ikk tinn panj satt naun 
LOG (lattice-best-path[5.5.620~1-dce1dc]:main():lattice-best-path.cc:99) For utterance PN00F02U080, best cost 49.4586 + 2223.73 = 2273.19 over 629 frames.
PN00F02U080 do chhe naun ikk do chaar tinn 
LOG (lattice-best-path[5.5.620~1-dce1dc]:main():lattice-best-path.cc:99) For utterance PN00F04U001, best cost 41.6745 + 2331.07 = 2372.75 over 630 frames.
PN00F04U001 sifar sifar naun athth satt chhe panj 
LOG (lattice-best-path[5.5.620~1-dce1dc]:main():lattice-best-path.cc:99) For utterance PN00F04U002, best cost 40.2957 + 2109.74 = 2150.03 over 630 frames.
PN00F04U002 panj chaar tinn do ikk sifar ikk 
LOG (lattice-best-path[5.5.620~1-dce1dc]:main():lattice-best-path.cc:99) For utterance PN00F04U003, best cost 41.0634 + 2232.48 = 2273.54 over 630 frames.
PN00F04U003 ikk naun satt panj tinn ikk do 
LOG (lattice-best-path[5.5.620~1-dce1dc]:main():lattice-best-path.cc:99) For utterance PN00F04U004, best cost 40.5178 + 2182.83 = 2223.35 over 629 frames.
PN00F04U004 do naun chhe chaar do sifar tinn 
LOG (lattice-best-path[5.5.620~1-dce1dc]:main():lattice-best-path.cc:99) For utterance PN00F04U005, best cost 40.8242 + 2160.72 = 2201.54 over 630 frames.
PN00F04U005 tinn naun panj do chaar naun chaar 
LOG (lattice-best-path[5.5.620~1-dce1dc]:main():lattice-best-path.cc:99) For utterance PN00F04U006, best cost 41.9715 + 2324.72 = 2366.69 over 630 frames.
PN00F04U006 chaar ikk panj naun tinn sifar chhe 
LOG (lattice-best-path[5.5.620~1-dce1dc]:main():lattice-best-path.cc:99) For utterance PN00F04U007, best cost 43.2938 + 2180.66 = 2223.95 over 630 frames.
PN00F04U007 chhe naun do satt naun ikk athth 
LOG (lattice-best-path[5.5.620~1-dce1dc]:main():lattice-best-path.cc:99) For utterance PN00F04U008, best cost 42.687 + 2191.53 = 2234.22 over 629 frames.
PN00F04U008 athth naun sifar athth chhe tinn chaar 
LOG (lattice-best-path[5.5.620~1-dce1dc]:main():lattice-best-path.cc:99) For utterance PN00F04U009, best cost 43.3574 + 2218.57 = 2261.93 over 630 frames.
PN00F04U009 chaar sifar satt chaar athth panj ikk 
LOG (lattice-best-path[5.5.620~1-dce1dc]:main():lattice-best-path.cc:99) For utterance PN00F04U010, best cost 43.6212 + 2260.46 = 2304.08 over 630 frames.
PN00F04U010 ikk satt tinn tinn athth chaar chaar 
LOG (lattice-best-path[5.5.620~1-dce1dc]:main():lattice-best-path.cc:99) For utterance PN00F04U011, best cost 42.2794 + 2290.46 = 2332.74 over 629 frames.
PN00F04U011 chhe satt do panj athth tinn chhe 
LOG (lattice-best-path[5.5.620~1-dce1dc]:main():lattice-best-path.cc:99) For utterance PN00F04U012, best cost 39.223 + 2133.37 = 2172.59 over 630 frames.
PN00F04U012 chhe athth do athth ikk chhe do 
LOG (lattice-best-path[5.5.620~1-dce1dc]:main():lattice-best-path.cc:99) For utterance PN00F04U013, best cost 40.7069 + 2171.44 = 2212.15 over 630 frames.
PN00F04U013 do chhe ikk do tinn satt ikk 
LOG (lattice-best-path[5.5.620~1-dce1dc]:main():lattice-best-path.cc:99) For utterance PN00F04U014, best cost 43.4304 + 2204.24 = 2247.67 over 630 frames.
PN00F04U014 ikk chaar chhe sifar chaar panj sifar 
LOG (lattice-best-path[5.5.620~1-dce1dc]:main():lattice-best-path.cc:99) For utterance PN00F04U015, best cost 44.6175 + 2139.63 = 2184.25 over 630 frames.
PN00F04U015 sifar panj satt sifar do do tinn 
LOG (lattice-best-path[5.5.620~1-dce1dc]:main():lattice-best-path.cc:99) For utterance PN00F04U016, best cost 42.3558 + 2106.58 = 2148.94 over 629 frames.
PN00F04U016 tinn panj chhe satt athth sifar ikk 
LOG (lattice-best-path[5.5.620~1-dce1dc]:main():lattice-best-path.cc:99) For utterance PN00F04U017, best cost 42.3269 + 2167.88 = 2210.21 over 630 frames.
PN00F04U017 ikk tinn chaar panj panj chhe chhe 
LOG (lattice-best-path[5.5.620~1-dce1dc]:main():lattice-best-path.cc:99) For utterance PN00F04U018, best cost 40.9319 + 2096.07 = 2137 over 630 frames.
PN00F04U018 chhe satt satt athth athth naun naun 
LOG (lattice-best-path[5.5.620~1-dce1dc]:main():lattice-best-path.cc:99) For utterance PN00F04U019, best cost 43.2515 + 2186.59 = 2229.84 over 630 frames.
PN00F04U019 naun sifar ikk ikk do ikk satt 
LOG (lattice-best-path[5.5.620~1-dce1dc]:main():lattice-best-path.cc:99) For utterance PN00F04U020, best cost 40.2743 + 2066.33 = 2106.61 over 630 frames.
PN00F04U020 satt naun ikk tinn panj satt naun 
LOG (lattice-best-path[5.5.620~1-dce1dc]:main():lattice-best-path.cc:99) For utterance PN00F04U021, best cost 44.9196 + 2185.11 = 2230.03 over 630 frames.
PN00F04U021 sifar sifar ikk do tinn chaar panj 
LOG (lattice-best-path[5.5.620~1-dce1dc]:main():lattice-best-path.cc:99) For utterance PN00F04U022, best cost 43.3644 + 2204.62 = 2247.98 over 630 frames.
PN00F04U022 panj chhe satt athth naun ikk sifar 
LOG (lattice-best-path[5.5.620~1-dce1dc]:main():lattice-best-path.cc:99) For utterance PN00F04U023, best cost 42.2529 + 2123.79 = 2166.04 over 629 frames.
PN00F04U023 sifar do chaar chhe athth do sifar 
LOG (lattice-best-path[5.5.620~1-dce1dc]:main():lattice-best-path.cc:99) For utterance PN00F04U024, best cost 42.683 + 2279.48 = 2322.16 over 630 frames.
PN00F04U024 sifar tinn panj satt naun tinn sifar 
LOG (lattice-best-path[5.5.620~1-dce1dc]:main():lattice-best-path.cc:99) For utterance PN00F04U025, best cost 44.5899 + 2249.7 = 2294.28 over 630 frames.
PN00F04U025 sifar chaar satt chaar sifar panj athth 
LOG (lattice-best-path[5.5.620~1-dce1dc]:main():lattice-best-path.cc:99) For utterance PN00F04U026, best cost 43.4416 + 2332.45 = 2375.89 over 630 frames.
PN00F04U026 athth panj sifar chhe naun chhe sifar 
LOG (lattice-best-path[5.5.620~1-dce1dc]:main():lattice-best-path.cc:99) For utterance PN00F04U027, best cost 44.3609 + 2395.46 = 2439.82 over 630 frames.
PN00F04U027 sifar satt satt sifar athth athth sifar 
LOG (lattice-best-path[5.5.620~1-dce1dc]:main():lattice-best-path.cc:99) For utterance PN00F04U028, best cost 43.4727 + 2181.78 = 2225.25 over 630 frames.
PN00F04U028 sifar naun naun sifar ikk ikk tinn 
LOG (lattice-best-path[5.5.620~1-dce1dc]:main():lattice-best-path.cc:99) For utterance PN00F04U029, best cost 38.8951 + 2171.12 = 2210.01 over 630 frames.
PN00F04U029 tinn chhe ikk chaar athth ikk panj 
LOG (lattice-best-path[5.5.620~1-dce1dc]:main():lattice-best-path.cc:99) For utterance PN00F04U030, best cost 41.3351 + 2128.53 = 2169.87 over 630 frames.
PN00F04U030 panj naun do panj chaar ikk chhe 
LOG (lattice-best-path[5.5.620~1-dce1dc]:main():lattice-best-path.cc:99) For utterance PN00F04U031, best cost 40.545 + 2234.3 = 2274.85 over 629 frames.
PN00F04U031 chhe panj ikk satt chhe do chhe 
LOG (lattice-best-path[5.5.620~1-dce1dc]:main():lattice-best-path.cc:99) For utterance PN00F04U032, best cost 40.3064 + 2231.56 = 2271.86 over 630 frames.
PN00F04U032 chhe tinn satt ikk athth tinn athth 
LOG (lattice-best-path[5.5.620~1-dce1dc]:main():lattice-best-path.cc:99) For utterance PN00F04U033, best cost 39.231 + 2041.43 = 2080.66 over 630 frames.
PN00F04U033 athth naun chaar naun panj do ikk 
LOG (lattice-best-path[5.5.620~1-dce1dc]:main():lattice-best-path.cc:99) For utterance PN00F04U034, best cost 40.8568 + 2093.6 = 2134.45 over 630 frames.
PN00F04U034 ikk naun satt do satt panj tinn 
LOG (lattice-best-path[5.5.620~1-dce1dc]:main():lattice-best-path.cc:99) For utterance PN00F04U035, best cost 39.9223 + 2160.58 = 2200.5 over 630 frames.
PN00F04U035 tinn naun athth satt tinn ikk do 
LOG (lattice-best-path[5.5.620~1-dce1dc]:main():lattice-best-path.cc:99) For utterance PN00F04U036, best cost 42.7347 + 2107.62 = 2150.35 over 630 frames.
PN00F04U036 do do athth chaar do naun sifar 
LOG (lattice-best-path[5.5.620~1-dce1dc]:main():lattice-best-path.cc:99) For utterance PN00F04U037, best cost 42.6713 + 2232.72 = 2275.39 over 630 frames.
PN00F04U037 sifar ikk do tinn do tinn tinn 
LOG (lattice-best-path[5.5.620~1-dce1dc]:main():lattice-best-path.cc:99) For utterance PN00F04U038, best cost 43.7196 + 2087.03 = 2130.75 over 630 frames.
PN00F04U038 tinn chaar tinn chaar chaar panj panj 
LOG (lattice-best-path[5.5.620~1-dce1dc]:main():lattice-best-path.cc:99) For utterance PN00F04U039, best cost 41.3804 + 2181.39 = 2222.77 over 630 frames.
PN00F04U039 panj chhe chaar panj chhe chhe satt 
LOG (lattice-best-path[5.5.620~1-dce1dc]:main():lattice-best-path.cc:99) For utterance PN00F04U040, best cost 43.9063 + 2140.95 = 2184.85 over 629 frames.
PN00F04U040 satt athth chhe satt ikk do chaar 
LOG (lattice-best-path[5.5.620~1-dce1dc]:main():lattice-best-path.cc:99) For utterance PN00F04U041, best cost 43.2324 + 2220.72 = 2263.96 over 630 frames.
PN00F04U041 sifar naun sifar ikk do tinn chaar 
LOG (lattice-best-path[5.5.620~1-dce1dc]:main():lattice-best-path.cc:99) For utterance PN00F04U042, best cost 41.7703 + 2106.4 = 2148.17 over 630 frames.
PN00F04U042 chaar panj chhe satt athth naun athth 
LOG (lattice-best-path[5.5.620~1-dce1dc]:main():lattice-best-path.cc:99) For utterance PN00F04U043, best cost 41.9627 + 2155.14 = 2197.11 over 630 frames.
PN00F04U043 athth sifar do chaar chhe athth satt 
LOG (lattice-best-path[5.5.620~1-dce1dc]:main():lattice-best-path.cc:99) For utterance PN00F04U044, best cost 42.6677 + 2372.2 = 2414.87 over 630 frames.
PN00F04U044 satt sifar tinn panj satt naun chhe 
LOG (lattice-best-path[5.5.620~1-dce1dc]:main():lattice-best-path.cc:99) For utterance PN00F04U045, best cost 42.6462 + 2258.3 = 2300.94 over 630 frames.
PN00F04U045 chhe sifar chaar satt panj sifar panj 
LOG (lattice-best-path[5.5.620~1-dce1dc]:main():lattice-best-path.cc:99) For utterance PN00F04U046, best cost 42.9981 + 2206.15 = 2249.15 over 630 frames.
PN00F04U046 panj athth chaar sifar chhe naun tinn 
LOG (lattice-best-path[5.5.620~1-dce1dc]:main():lattice-best-path.cc:99) For utterance PN00F04U047, best cost 43.9525 + 2236.27 = 2280.23 over 630 frames.
PN00F04U047 tinn sifar satt do sifar athth ikk 
LOG (lattice-best-path[5.5.620~1-dce1dc]:main():lattice-best-path.cc:99) For utterance PN00F04U048, best cost 44.815 + 2321.6 = 2366.41 over 630 frames.
PN00F04U048 ikk sifar sifar ikk naun ikk tinn 
LOG (lattice-best-path[5.5.620~1-dce1dc]:main():lattice-best-path.cc:99) For utterance PN00F04U049, best cost 39.4911 + 2038.86 = 2078.35 over 630 frames.
PN00F04U049 tinn chhe ikk chaar athth do panj 
LOG (lattice-best-path[5.5.620~1-dce1dc]:main():lattice-best-path.cc:99) For utterance PN00F04U050, best cost 41.5317 + 2155.24 = 2196.77 over 630 frames.
PN00F04U050 panj naun do chhe panj ikk panj 
LOG (lattice-best-path[5.5.620~1-dce1dc]:main():lattice-best-path.cc:99) For utterance PN00F04U051, best cost 39.2325 + 2177.73 = 2216.96 over 630 frames.
PN00F04U051 panj chaar ikk chhe tinn ikk satt 
LOG (lattice-best-path[5.5.620~1-dce1dc]:main():lattice-best-path.cc:99) For utterance PN00F04U052, best cost 40.2329 + 2191.9 = 2232.13 over 630 frames.
PN00F04U052 satt ikk athth tinn satt tinn athth 
LOG (lattice-best-path[5.5.620~1-dce1dc]:main():lattice-best-path.cc:99) For utterance PN00F04U053, best cost 38.7623 + 1994.27 = 2033.03 over 630 frames.
PN00F04U053 athth naun naun chaar naun panj do 
LOG (lattice-best-path[5.5.620~1-dce1dc]:main():lattice-best-path.cc:99) For utterance PN00F04U054, best cost 40.7791 + 2054.84 = 2095.62 over 630 frames.
PN00F04U054 do satt chhe do athth panj tinn 
LOG (lattice-best-path[5.5.620~1-dce1dc]:main():lattice-best-path.cc:99) For utterance PN00F04U055, best cost 41.0316 + 2055.22 = 2096.25 over 630 frames.
PN00F04U055 tinn naun satt chaar do ikk ikk 
LOG (lattice-best-path[5.5.620~1-dce1dc]:main():lattice-best-path.cc:99) For utterance PN00F04U056, best cost 42.0744 + 1995.18 = 2037.25 over 630 frames.
PN00F04U056 ikk do naun sifar ikk do do 
LOG (lattice-best-path[5.5.620~1-dce1dc]:main():lattice-best-path.cc:99) For utterance PN00F04U057, best cost 42.0148 + 2046.36 = 2088.38 over 630 frames.
PN00F04U057 do tinn do tinn tinn chaar tinn 
LOG (lattice-best-path[5.5.620~1-dce1dc]:main():lattice-best-path.cc:99) For utterance PN00F04U058, best cost 41.9257 + 2015.68 = 2057.6 over 630 frames.
PN00F04U058 tinn chaar chaar panj panj chhe chaar 
LOG (lattice-best-path[5.5.620~1-dce1dc]:main():lattice-best-path.cc:99) For utterance PN00F04U059, best cost 45.5182 + 2221.02 = 2266.54 over 630 frames.
PN00F04U059 athth athth athth sifar sifar sifar sifar 
LOG (lattice-best-path[5.5.620~1-dce1dc]:main():lattice-best-path.cc:99) For utterance PN00F04U060, best cost 41.8454 + 2099.31 = 2141.16 over 630 frames.
PN00F04U060 athth chhe satt athth athth naun sifar 
LOG (lattice-best-path[5.5.620~1-dce1dc]:main():lattice-best-path.cc:99) For utterance PN00F04U061, best cost 39.0919 + 2061.8 = 2100.89 over 630 frames.
PN00F04U061 sifar naun naun athth satt chhe panj 
LOG (lattice-best-path[5.5.620~1-dce1dc]:main():lattice-best-path.cc:99) For utterance PN00F04U062, best cost 39.736 + 2092.07 = 2131.8 over 629 frames.
PN00F04U062 panj chaar tinn do ikk sifar athth 
LOG (lattice-best-path[5.5.620~1-dce1dc]:main():lattice-best-path.cc:99) For utterance PN00F04U063, best cost 38.4663 + 2117.3 = 2155.77 over 630 frames.
PN00F04U063 athth naun satt panj tinn ikk satt 
LOG (lattice-best-path[5.5.620~1-dce1dc]:main():lattice-best-path.cc:99) For utterance PN00F04U064, best cost 39.4786 + 2109.39 = 2148.87 over 630 frames.
PN00F04U064 satt naun chhe chaar do sifar chhe 
LOG (lattice-best-path[5.5.620~1-dce1dc]:main():lattice-best-path.cc:99) For utterance PN00F04U065, best cost 40.3194 + 1978.49 = 2018.81 over 630 frames.
PN00F04U065 chhe naun panj do panj naun chaar 
LOG (lattice-best-path[5.5.620~1-dce1dc]:main():lattice-best-path.cc:99) For utterance PN00F04U066, best cost 41.5905 + 2134.16 = 2175.75 over 630 frames.
PN00F04U066 chaar ikk chaar naun tinn sifar tinn 
LOG (lattice-best-path[5.5.620~1-dce1dc]:main():lattice-best-path.cc:99) For utterance PN00F04U067, best cost 40.2278 + 1908.78 = 1949.01 over 630 frames.
PN00F04U067 tinn naun do do naun ikk ikk 
LOG (lattice-best-path[5.5.620~1-dce1dc]:main():lattice-best-path.cc:99) For utterance PN00F04U068, best cost 42.4917 + 2188.94 = 2231.43 over 630 frames.
PN00F04U068 ikk naun sifar sifar satt chaar sifar 
LOG (lattice-best-path[5.5.620~1-dce1dc]:main():lattice-best-path.cc:99) For utterance PN00F04U069, best cost 52.6528 + 2156.81 = 2209.47 over 630 frames.
PN00F04U069 sifar ikk athth chhe tinn athth athth 
LOG (lattice-best-path[5.5.620~1-dce1dc]:main():lattice-best-path.cc:99) For utterance PN00F04U070, best cost 39.127 + 2017.85 = 2056.97 over 629 frames.
PN00F04U070 athth panj ikk chhe do chhe athth 
LOG (lattice-best-path[5.5.620~1-dce1dc]:main():lattice-best-path.cc:99) For utterance PN00F04U071, best cost 43.816 + 2162.81 = 2206.63 over 629 frames.
PN00F04U071 athth chaar panj athth tinn chaar athth 
LOG (lattice-best-path[5.5.620~1-dce1dc]:main():lattice-best-path.cc:99) For utterance PN00F04U072, best cost 40.0432 + 2047.25 = 2087.29 over 630 frames.
PN00F04U072 athth do tinn satt tinn chhe ikk 
LOG (lattice-best-path[5.5.620~1-dce1dc]:main():lattice-best-path.cc:99) For utterance PN00F04U073, best cost 43.1508 + 2200.48 = 2243.63 over 630 frames.
PN00F04U073 ikk panj sifar panj chhe satt do 
LOG (lattice-best-path[5.5.620~1-dce1dc]:main():lattice-best-path.cc:99) For utterance PN00F04U074, best cost 44.258 + 2113.2 = 2157.46 over 629 frames.
PN00F04U074 do athth ikk tinn panj panj satt 
LOG (lattice-best-path[5.5.620~1-dce1dc]:main():lattice-best-path.cc:99) For utterance PN00F04U075, best cost 41.6413 + 2126.32 = 2167.97 over 630 frames.
PN00F04U075 satt ikk do satt sifar do chaar 
LOG (lattice-best-path[5.5.620~1-dce1dc]:main():lattice-best-path.cc:99) For utterance PN00F04U076, best cost 41.301 + 2027.18 = 2068.49 over 630 frames.
PN00F04U076 chaar satt athth sifar ikk do tinn 
LOG (lattice-best-path[5.5.620~1-dce1dc]:main():lattice-best-path.cc:99) For utterance PN00F04U077, best cost 41.5914 + 2089.2 = 2130.79 over 630 frames.
PN00F04U077 tinn tinn chaar chhe sifar chaar chaar 
LOG (lattice-best-path[5.5.620~1-dce1dc]:main():lattice-best-path.cc:99) For utterance PN00F04U078, best cost 41.1912 + 2124.31 = 2165.5 over 630 frames.
PN00F04U078 chaar panj chhe chhe satt satt athth 
LOG (lattice-best-path[5.5.620~1-dce1dc]:main():lattice-best-path.cc:99) For utterance PN00F04U079, best cost 40.021 + 1985.81 = 2025.83 over 630 frames.
PN00F04U079 naun naun ikk tinn panj satt naun 
LOG (lattice-best-path[5.5.620~1-dce1dc]:main():lattice-best-path.cc:99) For utterance PN00F04U080, best cost 43.2303 + 2020.14 = 2063.37 over 630 frames.
PN00F04U080 do chhe naun ikk do chaar tinn 
LOG (lattice-best-path[5.5.620~1-dce1dc]:main():lattice-best-path.cc:99) For utterance PN00M01U001, best cost 45.5018 + 2438.98 = 2484.48 over 630 frames.
PN00M01U001 sifar sifar naun athth satt chhe panj 
LOG (lattice-best-path[5.5.620~1-dce1dc]:main():lattice-best-path.cc:99) For utterance PN00M01U002, best cost 41.4379 + 2242.57 = 2284.01 over 630 frames.
PN00M01U002 panj chaar tinn do ikk sifar ikk 
LOG (lattice-best-path[5.5.620~1-dce1dc]:main():lattice-best-path.cc:99) For utterance PN00M01U003, best cost 40.5396 + 2286.13 = 2326.67 over 630 frames.
PN00M01U003 ikk naun satt panj tinn ikk do 
LOG (lattice-best-path[5.5.620~1-dce1dc]:main():lattice-best-path.cc:99) For utterance PN00M01U004, best cost 40.3253 + 2135.52 = 2175.85 over 630 frames.
PN00M01U004 do naun chhe chaar do sifar tinn 
LOG (lattice-best-path[5.5.620~1-dce1dc]:main():lattice-best-path.cc:99) For utterance PN00M01U005, best cost 41.0738 + 2116.98 = 2158.05 over 630 frames.
PN00M01U005 tinn naun panj do chaar naun chaar 
LOG (lattice-best-path[5.5.620~1-dce1dc]:main():lattice-best-path.cc:99) For utterance PN00M01U006, best cost 42.0058 + 2191.4 = 2233.4 over 630 frames.
PN00M01U006 chaar ikk panj naun tinn sifar chhe 
LOG (lattice-best-path[5.5.620~1-dce1dc]:main():lattice-best-path.cc:99) For utterance PN00M01U007, best cost 42.3099 + 2301.13 = 2343.44 over 629 frames.
PN00M01U007 chhe naun do satt naun ikk athth 
LOG (lattice-best-path[5.5.620~1-dce1dc]:main():lattice-best-path.cc:99) For utterance PN00M01U008, best cost 43.7811 + 2297.53 = 2341.31 over 630 frames.
PN00M01U008 athth naun sifar athth chhe tinn chaar 
LOG (lattice-best-path[5.5.620~1-dce1dc]:main():lattice-best-path.cc:99) For utterance PN00M01U009, best cost 44.0614 + 2420.52 = 2464.58 over 630 frames.
PN00M01U009 chaar sifar satt chaar athth panj ikk 
LOG (lattice-best-path[5.5.620~1-dce1dc]:main():lattice-best-path.cc:99) For utterance PN00M01U010, best cost 45.3268 + 2322.7 = 2368.03 over 630 frames.
PN00M01U010 ikk satt tinn tinn athth chaar chaar 
LOG (lattice-best-path[5.5.620~1-dce1dc]:main():lattice-best-path.cc:99) For utterance PN00M01U011, best cost 49.787 + 2188.93 = 2238.72 over 577 frames.
PN00M01U011 chaar satt do panj athth tinn chhe 
LOG (lattice-best-path[5.5.620~1-dce1dc]:main():lattice-best-path.cc:99) For utterance PN00M01U012, best cost 39.4768 + 2355.92 = 2395.4 over 630 frames.
PN00M01U012 chhe athth do athth ikk chhe do 
LOG (lattice-best-path[5.5.620~1-dce1dc]:main():lattice-best-path.cc:99) For utterance PN00M01U013, best cost 44.5315 + 2406.64 = 2451.17 over 630 frames.
PN00M01U013 do chhe ikk do tinn satt ikk 
LOG (lattice-best-path[5.5.620~1-dce1dc]:main():lattice-best-path.cc:99) For utterance PN00M01U014, best cost 43.2797 + 2398.85 = 2442.13 over 630 frames.
PN00M01U014 ikk chaar chhe sifar chaar panj sifar 
LOG (lattice-best-path[5.5.620~1-dce1dc]:main():lattice-best-path.cc:99) For utterance PN00M01U015, best cost 45.6058 + 2376.12 = 2421.72 over 630 frames.
PN00M01U015 sifar panj satt sifar do do tinn 
LOG (lattice-best-path[5.5.620~1-dce1dc]:main():lattice-best-path.cc:99) For utterance PN00M01U016, best cost 42.7838 + 2339.16 = 2381.94 over 630 frames.
PN00M01U016 tinn panj chhe satt athth sifar ikk 
LOG (lattice-best-path[5.5.620~1-dce1dc]:main():lattice-best-path.cc:99) For utterance PN00M01U017, best cost 43.2367 + 2235.08 = 2278.31 over 630 frames.
PN00M01U017 ikk tinn chaar panj panj chhe chhe 
LOG (lattice-best-path[5.5.620~1-dce1dc]:main():lattice-best-path.cc:99) For utterance PN00M01U018, best cost 40.1006 + 2283.37 = 2323.47 over 630 frames.
PN00M01U018 chhe satt satt athth athth naun naun 
LOG (lattice-best-path[5.5.620~1-dce1dc]:main():lattice-best-path.cc:99) For utterance PN00M01U019, best cost 44.1214 + 2361.34 = 2405.46 over 630 frames.
PN00M01U019 naun sifar ikk ikk do ikk satt 
LOG (lattice-best-path[5.5.620~1-dce1dc]:main():lattice-best-path.cc:99) For utterance PN00M01U020, best cost 40.1256 + 2320.09 = 2360.22 over 630 frames.
PN00M01U020 satt naun ikk tinn panj satt naun 
LOG (lattice-best-path[5.5.620~1-dce1dc]:main():lattice-best-path.cc:99) For utterance PN00M01U021, best cost 43.9938 + 2366.08 = 2410.08 over 630 frames.
PN00M01U021 sifar sifar ikk do tinn chaar panj 
LOG (lattice-best-path[5.5.620~1-dce1dc]:main():lattice-best-path.cc:99) For utterance PN00M01U022, best cost 45.2303 + 2347.68 = 2392.91 over 655 frames.
PN00M01U022 panj chhe satt athth naun ikk sifar 
LOG (lattice-best-path[5.5.620~1-dce1dc]:main():lattice-best-path.cc:99) For utterance PN00M01U023, best cost 41.674 + 2264.65 = 2306.32 over 629 frames.
PN00M01U023 sifar do chaar chhe athth do sifar 
LOG (lattice-best-path[5.5.620~1-dce1dc]:main():lattice-best-path.cc:99) For utterance PN00M01U024, best cost 42.8725 + 2333.03 = 2375.9 over 630 frames.
PN00M01U024 sifar tinn panj satt naun tinn sifar 
LOG (lattice-best-path[5.5.620~1-dce1dc]:main():lattice-best-path.cc:99) For utterance PN00M01U025, best cost 46.001 + 2415.42 = 2461.42 over 630 frames.
PN00M01U025 sifar chaar satt chaar sifar panj athth 
LOG (lattice-best-path[5.5.620~1-dce1dc]:main():lattice-best-path.cc:99) For utterance PN00M01U026, best cost 44.0445 + 2305.92 = 2349.96 over 630 frames.
PN00M01U026 athth panj sifar chhe naun chhe sifar 
LOG (lattice-best-path[5.5.620~1-dce1dc]:main():lattice-best-path.cc:99) For utterance PN00M01U027, best cost 46.3375 + 2314.78 = 2361.12 over 630 frames.
PN00M01U027 sifar satt satt sifar athth athth sifar 
LOG (lattice-best-path[5.5.620~1-dce1dc]:main():lattice-best-path.cc:99) For utterance PN00M01U028, best cost 42.9857 + 2280.75 = 2323.74 over 629 frames.
PN00M01U028 sifar naun naun sifar ikk ikk tinn 
LOG (lattice-best-path[5.5.620~1-dce1dc]:main():lattice-best-path.cc:99) For utterance PN00M01U029, best cost 40.2191 + 2314.49 = 2354.71 over 630 frames.
PN00M01U029 tinn chhe ikk chaar athth ikk panj 
LOG (lattice-best-path[5.5.620~1-dce1dc]:main():lattice-best-path.cc:99) For utterance PN00M01U030, best cost 41.2879 + 2265.54 = 2306.82 over 630 frames.
PN00M01U030 panj naun do panj chaar ikk chhe 
LOG (lattice-best-path[5.5.620~1-dce1dc]:main():lattice-best-path.cc:99) For utterance PN00M01U031, best cost 40.5613 + 2210.36 = 2250.92 over 629 frames.
PN00M01U031 chhe panj ikk satt chhe do chhe 
LOG (lattice-best-path[5.5.620~1-dce1dc]:main():lattice-best-path.cc:99) For utterance PN00M01U032, best cost 43.3112 + 2268.17 = 2311.48 over 629 frames.
PN00M01U032 chhe tinn satt ikk athth tinn athth 
LOG (lattice-best-path[5.5.620~1-dce1dc]:main():lattice-best-path.cc:99) For utterance PN00M01U033, best cost 39.5566 + 2204.04 = 2243.6 over 656 frames.
PN00M01U033 athth naun chaar naun panj do ikk 
LOG (lattice-best-path[5.5.620~1-dce1dc]:main():lattice-best-path.cc:99) For utterance PN00M01U034, best cost 42.3776 + 2175.98 = 2218.35 over 630 frames.
PN00M01U034 ikk naun satt do satt panj tinn 
LOG (lattice-best-path[5.5.620~1-dce1dc]:main():lattice-best-path.cc:99) For utterance PN00M01U035, best cost 43.3876 + 2213.66 = 2257.05 over 630 frames.
PN00M01U035 tinn naun athth satt tinn ikk do 
LOG (lattice-best-path[5.5.620~1-dce1dc]:main():lattice-best-path.cc:99) For utterance PN00M01U036, best cost 44.2108 + 2244.28 = 2288.49 over 630 frames.
PN00M01U036 do do athth chaar do naun sifar 
LOG (lattice-best-path[5.5.620~1-dce1dc]:main():lattice-best-path.cc:99) For utterance PN00M01U037, best cost 43.8307 + 2274.75 = 2318.58 over 630 frames.
PN00M01U037 sifar ikk do tinn do tinn tinn 
LOG (lattice-best-path[5.5.620~1-dce1dc]:main():lattice-best-path.cc:99) For utterance PN00M01U038, best cost 44.9782 + 2230.29 = 2275.27 over 629 frames.
PN00M01U038 tinn chaar tinn chaar chaar panj panj 
LOG (lattice-best-path[5.5.620~1-dce1dc]:main():lattice-best-path.cc:99) For utterance PN00M01U039, best cost 45.5289 + 2276.07 = 2321.6 over 630 frames.
PN00M01U039 panj chhe chaar panj chhe chhe satt 
LOG (lattice-best-path[5.5.620~1-dce1dc]:main():lattice-best-path.cc:99) For utterance PN00M01U040, best cost 44.8467 + 2296.53 = 2341.38 over 630 frames.
PN00M01U040 satt athth chhe satt ikk do chaar 
LOG (lattice-best-path[5.5.620~1-dce1dc]:main():lattice-best-path.cc:99) For utterance PN00M01U041, best cost 45.1 + 2273.44 = 2318.54 over 630 frames.
PN00M01U041 sifar naun sifar ikk do tinn chaar 
LOG (lattice-best-path[5.5.620~1-dce1dc]:main():lattice-best-path.cc:99) For utterance PN00M01U042, best cost 46.0083 + 2287.21 = 2333.22 over 630 frames.
PN00M01U042 chaar panj chhe satt athth naun athth 
LOG (lattice-best-path[5.5.620~1-dce1dc]:main():lattice-best-path.cc:99) For utterance PN00M01U043, best cost 43.4324 + 2361.73 = 2405.16 over 629 frames.
PN00M01U043 athth sifar do chaar chhe athth satt 
LOG (lattice-best-path[5.5.620~1-dce1dc]:main():lattice-best-path.cc:99) For utterance PN00M01U044, best cost 45.2914 + 2446.74 = 2492.03 over 656 frames.
PN00M01U044 satt sifar tinn panj satt naun chhe 
LOG (lattice-best-path[5.5.620~1-dce1dc]:main():lattice-best-path.cc:99) For utterance PN00M01U045, best cost 43.1436 + 2336.13 = 2379.28 over 630 frames.
PN00M01U045 chhe sifar chaar satt panj sifar panj 
LOG (lattice-best-path[5.5.620~1-dce1dc]:main():lattice-best-path.cc:99) For utterance PN00M01U046, best cost 44.774 + 2299.57 = 2344.35 over 630 frames.
PN00M01U046 panj athth chaar sifar chhe naun tinn 
LOG (lattice-best-path[5.5.620~1-dce1dc]:main():lattice-best-path.cc:99) For utterance PN00M01U047, best cost 48.4028 + 2415.3 = 2463.7 over 630 frames.
PN00M01U047 tinn sifar satt do sifar athth ikk 
LOG (lattice-best-path[5.5.620~1-dce1dc]:main():lattice-best-path.cc:99) For utterance PN00M01U048, best cost 47.5881 + 2379.71 = 2427.3 over 630 frames.
PN00M01U048 ikk sifar sifar ikk naun ikk tinn 
LOG (lattice-best-path[5.5.620~1-dce1dc]:main():lattice-best-path.cc:99) For utterance PN00M01U049, best cost 42.0191 + 2268.45 = 2310.47 over 630 frames.
PN00M01U049 tinn chhe ikk chaar athth do panj 
LOG (lattice-best-path[5.5.620~1-dce1dc]:main():lattice-best-path.cc:99) For utterance PN00M01U050, best cost 41.5899 + 2204.03 = 2245.62 over 630 frames.
PN00M01U050 panj naun do chhe panj ikk panj 
LOG (lattice-best-path[5.5.620~1-dce1dc]:main():lattice-best-path.cc:99) For utterance PN00M01U051, best cost 41.417 + 2301.35 = 2342.76 over 629 frames.
PN00M01U051 panj chaar ikk chhe tinn ikk satt 
LOG (lattice-best-path[5.5.620~1-dce1dc]:main():lattice-best-path.cc:99) For utterance PN00M01U052, best cost 43.5836 + 2374.16 = 2417.74 over 630 frames.
PN00M01U052 satt ikk athth tinn satt tinn athth 
LOG (lattice-best-path[5.5.620~1-dce1dc]:main():lattice-best-path.cc:99) For utterance PN00M01U053, best cost 38.8843 + 2176.37 = 2215.26 over 629 frames.
PN00M01U053 athth naun naun chaar naun panj do 
LOG (lattice-best-path[5.5.620~1-dce1dc]:main():lattice-best-path.cc:99) For utterance PN00M01U054, best cost 41.9498 + 2314.59 = 2356.54 over 629 frames.
PN00M01U054 do satt chhe do athth panj tinn 
LOG (lattice-best-path[5.5.620~1-dce1dc]:main():lattice-best-path.cc:99) For utterance PN00M01U055, best cost 43.6697 + 2333.62 = 2377.29 over 629 frames.
PN00M01U055 tinn naun satt chaar do ikk ikk 
LOG (lattice-best-path[5.5.620~1-dce1dc]:main():lattice-best-path.cc:99) For utterance PN00M01U056, best cost 43.0435 + 2223.93 = 2266.97 over 630 frames.
PN00M01U056 ikk do naun sifar ikk do do 
LOG (lattice-best-path[5.5.620~1-dce1dc]:main():lattice-best-path.cc:99) For utterance PN00M01U057, best cost 46.1625 + 2113.74 = 2159.9 over 630 frames.
PN00M01U057 do tinn do tinn tinn chaar tinn 
LOG (lattice-best-path[5.5.620~1-dce1dc]:main():lattice-best-path.cc:99) For utterance PN00M01U058, best cost 44.7231 + 2225.3 = 2270.02 over 656 frames.
PN00M01U058 tinn chaar chaar panj panj chhe chaar 
LOG (lattice-best-path[5.5.620~1-dce1dc]:main():lattice-best-path.cc:99) For utterance PN00M01U059, best cost 47.5732 + 2506.09 = 2553.67 over 630 frames.
PN00M01U059 athth athth athth sifar sifar sifar sifar 
LOG (lattice-best-path[5.5.620~1-dce1dc]:main():lattice-best-path.cc:99) For utterance PN00M01U060, best cost 42.3451 + 2320.93 = 2363.27 over 630 frames.
PN00M01U060 athth chhe satt athth athth naun sifar 
LOG (lattice-best-path[5.5.620~1-dce1dc]:main():lattice-best-path.cc:99) For utterance PN00M01U061, best cost 39.2443 + 2284.62 = 2323.87 over 630 frames.
PN00M01U061 sifar naun naun athth satt chhe panj 
LOG (lattice-best-path[5.5.620~1-dce1dc]:main():lattice-best-path.cc:99) For utterance PN00M01U062, best cost 40.4915 + 2206.39 = 2246.88 over 630 frames.
PN00M01U062 panj chaar tinn do ikk sifar athth 
LOG (lattice-best-path[5.5.620~1-dce1dc]:main():lattice-best-path.cc:99) For utterance PN00M01U063, best cost 39.7045 + 2209.21 = 2248.91 over 630 frames.
PN00M01U063 athth naun satt panj tinn ikk satt 
LOG (lattice-best-path[5.5.620~1-dce1dc]:main():lattice-best-path.cc:99) For utterance PN00M01U064, best cost 40.2546 + 2172.4 = 2212.65 over 630 frames.
PN00M01U064 satt naun chhe chaar do sifar chhe 
LOG (lattice-best-path[5.5.620~1-dce1dc]:main():lattice-best-path.cc:99) For utterance PN00M01U065, best cost 40.368 + 2069.63 = 2110 over 629 frames.
PN00M01U065 chhe naun panj do panj naun chaar 
LOG (lattice-best-path[5.5.620~1-dce1dc]:main():lattice-best-path.cc:99) For utterance PN00M01U066, best cost 44.9548 + 2139.85 = 2184.8 over 630 frames.
PN00M01U066 chaar ikk chaar naun tinn sifar tinn 
LOG (lattice-best-path[5.5.620~1-dce1dc]:main():lattice-best-path.cc:99) For utterance PN00M01U067, best cost 43.8808 + 2092.38 = 2136.26 over 630 frames.
PN00M01U067 tinn naun do do naun ikk ikk 
LOG (lattice-best-path[5.5.620~1-dce1dc]:main():lattice-best-path.cc:99) For utterance PN00M01U068, best cost 44.931 + 2314.94 = 2359.87 over 630 frames.
PN00M01U068 ikk naun sifar sifar satt chaar sifar 
LOG (lattice-best-path[5.5.620~1-dce1dc]:main():lattice-best-path.cc:99) For utterance PN00M01U069, best cost 54.4647 + 2299.7 = 2354.17 over 630 frames.
PN00M01U069 sifar ikk athth chhe tinn athth athth 
LOG (lattice-best-path[5.5.620~1-dce1dc]:main():lattice-best-path.cc:99) For utterance PN00M01U070, best cost 41.4558 + 2230.73 = 2272.19 over 630 frames.
PN00M01U070 athth panj ikk chhe do chhe athth 
LOG (lattice-best-path[5.5.620~1-dce1dc]:main():lattice-best-path.cc:99) For utterance PN00M01U071, best cost 46.2212 + 2264.43 = 2310.65 over 630 frames.
PN00M01U071 athth chaar panj athth tinn chaar athth 
LOG (lattice-best-path[5.5.620~1-dce1dc]:main():lattice-best-path.cc:99) For utterance PN00M01U072, best cost 42.655 + 2232.17 = 2274.83 over 630 frames.
PN00M01U072 athth do tinn satt tinn chhe ikk 
LOG (lattice-best-path[5.5.620~1-dce1dc]:main():lattice-best-path.cc:99) For utterance PN00M01U073, best cost 44.0418 + 2248.48 = 2292.52 over 630 frames.
PN00M01U073 ikk panj sifar panj chhe satt do 
LOG (lattice-best-path[5.5.620~1-dce1dc]:main():lattice-best-path.cc:99) For utterance PN00M01U074, best cost 46.4576 + 2212.52 = 2258.98 over 629 frames.
PN00M01U074 do athth ikk tinn panj panj satt 
LOG (lattice-best-path[5.5.620~1-dce1dc]:main():lattice-best-path.cc:99) For utterance PN00M01U075, best cost 46.0833 + 2305.15 = 2351.23 over 629 frames.
PN00M01U075 satt ikk do satt sifar do chaar 
LOG (lattice-best-path[5.5.620~1-dce1dc]:main():lattice-best-path.cc:99) For utterance PN00M01U076, best cost 45.405 + 2229.12 = 2274.52 over 630 frames.
PN00M01U076 chaar satt athth sifar ikk do tinn 
LOG (lattice-best-path[5.5.620~1-dce1dc]:main():lattice-best-path.cc:99) For utterance PN00M01U077, best cost 45.2578 + 2158.98 = 2204.24 over 630 frames.
PN00M01U077 tinn tinn chaar chhe sifar chaar chaar 
LOG (lattice-best-path[5.5.620~1-dce1dc]:main():lattice-best-path.cc:99) For utterance PN00M01U078, best cost 45.2767 + 2266.72 = 2312 over 630 frames.
PN00M01U078 chaar panj chhe chhe satt satt athth 
LOG (lattice-best-path[5.5.620~1-dce1dc]:main():lattice-best-path.cc:99) For utterance PN00M01U079, best cost 43.4801 + 2170.96 = 2214.44 over 629 frames.
PN00M01U079 naun naun ikk tinn panj satt naun 
LOG (lattice-best-path[5.5.620~1-dce1dc]:main():lattice-best-path.cc:99) For utterance PN00M01U080, best cost 46.739 + 2197.4 = 2244.14 over 630 frames.
PN00M01U080 do chhe naun ikk do chaar tinn 
LOG (lattice-best-path[5.5.620~1-dce1dc]:main():lattice-best-path.cc:99) For utterance PN00M03U001, best cost 40.1846 + 2236.24 = 2276.42 over 629 frames.
PN00M03U001 sifar sifar naun athth satt chhe panj 
LOG (lattice-best-path[5.5.620~1-dce1dc]:main():lattice-best-path.cc:99) For utterance PN00M03U002, best cost 38.8715 + 2233.15 = 2272.03 over 630 frames.
PN00M03U002 panj chaar tinn do ikk sifar ikk 
LOG (lattice-best-path[5.5.620~1-dce1dc]:main():lattice-best-path.cc:99) For utterance PN00M03U003, best cost 37.8728 + 2128.26 = 2166.13 over 630 frames.
PN00M03U003 ikk naun satt panj tinn ikk do 
LOG (lattice-best-path[5.5.620~1-dce1dc]:main():lattice-best-path.cc:99) For utterance PN00M03U004, best cost 40.3801 + 2155.04 = 2195.42 over 630 frames.
PN00M03U004 do naun chhe chaar do sifar tinn 
LOG (lattice-best-path[5.5.620~1-dce1dc]:main():lattice-best-path.cc:99) For utterance PN00M03U005, best cost 40.8785 + 2133.07 = 2173.95 over 629 frames.
PN00M03U005 tinn naun panj do chaar naun chaar 
LOG (lattice-best-path[5.5.620~1-dce1dc]:main():lattice-best-path.cc:99) For utterance PN00M03U006, best cost 39.9119 + 2134.9 = 2174.82 over 630 frames.
PN00M03U006 chaar ikk panj naun tinn sifar chhe 
LOG (lattice-best-path[5.5.620~1-dce1dc]:main():lattice-best-path.cc:99) For utterance PN00M03U007, best cost 41.002 + 2139.18 = 2180.18 over 630 frames.
PN00M03U007 chhe naun do satt naun ikk athth 
LOG (lattice-best-path[5.5.620~1-dce1dc]:main():lattice-best-path.cc:99) For utterance PN00M03U008, best cost 42.2958 + 2200.54 = 2242.84 over 630 frames.
PN00M03U008 athth naun sifar athth chhe tinn chaar 
LOG (lattice-best-path[5.5.620~1-dce1dc]:main():lattice-best-path.cc:99) For utterance PN00M03U009, best cost 42.0599 + 2199.26 = 2241.32 over 630 frames.
PN00M03U009 chaar sifar satt chaar athth panj ikk 
LOG (lattice-best-path[5.5.620~1-dce1dc]:main():lattice-best-path.cc:99) For utterance PN00M03U010, best cost 42.1186 + 2169.51 = 2211.63 over 630 frames.
PN00M03U010 ikk satt tinn tinn athth chaar chaar 
LOG (lattice-best-path[5.5.620~1-dce1dc]:main():lattice-best-path.cc:99) For utterance PN00M03U011, best cost 43.7008 + 2265.4 = 2309.1 over 630 frames.
PN00M03U011 chhe satt do panj athth tinn chhe 
LOG (lattice-best-path[5.5.620~1-dce1dc]:main():lattice-best-path.cc:99) For utterance PN00M03U012, best cost 39.0314 + 2067.4 = 2106.43 over 630 frames.
PN00M03U012 chhe athth do athth ikk chhe do 
LOG (lattice-best-path[5.5.620~1-dce1dc]:main():lattice-best-path.cc:99) For utterance PN00M03U013, best cost 40.776 + 2057.11 = 2097.89 over 630 frames.
PN00M03U013 do chhe ikk do tinn satt ikk 
LOG (lattice-best-path[5.5.620~1-dce1dc]:main():lattice-best-path.cc:99) For utterance PN00M03U014, best cost 42.6451 + 2112.91 = 2155.55 over 630 frames.
PN00M03U014 ikk chaar chhe sifar chaar panj sifar 
LOG (lattice-best-path[5.5.620~1-dce1dc]:main():lattice-best-path.cc:99) For utterance PN00M03U015, best cost 44.0335 + 2152.07 = 2196.1 over 630 frames.
PN00M03U015 sifar panj satt sifar do do tinn 
LOG (lattice-best-path[5.5.620~1-dce1dc]:main():lattice-best-path.cc:99) For utterance PN00M03U016, best cost 42.1858 + 2100.36 = 2142.55 over 630 frames.
PN00M03U016 tinn panj chhe satt athth sifar ikk 
LOG (lattice-best-path[5.5.620~1-dce1dc]:main():lattice-best-path.cc:99) For utterance PN00M03U017, best cost 44.1268 + 2062.67 = 2106.8 over 630 frames.
PN00M03U017 ikk tinn chaar panj panj chhe chhe 
LOG (lattice-best-path[5.5.620~1-dce1dc]:main():lattice-best-path.cc:99) For utterance PN00M03U018, best cost 40.7049 + 2074.37 = 2115.08 over 630 frames.
PN00M03U018 chhe satt satt athth athth naun naun 
LOG (lattice-best-path[5.5.620~1-dce1dc]:main():lattice-best-path.cc:99) For utterance PN00M03U019, best cost 41.6796 + 2063.39 = 2105.06 over 629 frames.
PN00M03U019 naun sifar ikk ikk do ikk satt 
LOG (lattice-best-path[5.5.620~1-dce1dc]:main():lattice-best-path.cc:99) For utterance PN00M03U020, best cost 38.8841 + 2078.39 = 2117.27 over 630 frames.
PN00M03U020 satt naun ikk tinn panj satt naun 
LOG (lattice-best-path[5.5.620~1-dce1dc]:main():lattice-best-path.cc:99) For utterance PN00M03U021, best cost 46.9386 + 2406.4 = 2453.34 over 630 frames.
PN00M03U021 sifar sifar ikk do tinn chaar panj 
LOG (lattice-best-path[5.5.620~1-dce1dc]:main():lattice-best-path.cc:99) For utterance PN00M03U022, best cost 43.108 + 2207.18 = 2250.29 over 630 frames.
PN00M03U022 panj chhe satt athth naun ikk sifar 
LOG (lattice-best-path[5.5.620~1-dce1dc]:main():lattice-best-path.cc:99) For utterance PN00M03U023, best cost 41.2892 + 2229.54 = 2270.82 over 629 frames.
PN00M03U023 sifar do chaar chhe athth do sifar 
LOG (lattice-best-path[5.5.620~1-dce1dc]:main():lattice-best-path.cc:99) For utterance PN00M03U024, best cost 42.3868 + 2172.95 = 2215.33 over 630 frames.
PN00M03U024 sifar tinn panj satt naun tinn sifar 
LOG (lattice-best-path[5.5.620~1-dce1dc]:main():lattice-best-path.cc:99) For utterance PN00M03U025, best cost 45.0823 + 2178.41 = 2223.5 over 630 frames.
PN00M03U025 sifar chaar satt chaar sifar panj athth 
LOG (lattice-best-path[5.5.620~1-dce1dc]:main():lattice-best-path.cc:99) For utterance PN00M03U026, best cost 42.885 + 2209.56 = 2252.45 over 629 frames.
PN00M03U026 athth panj sifar chhe naun chhe sifar 
LOG (lattice-best-path[5.5.620~1-dce1dc]:main():lattice-best-path.cc:99) For utterance PN00M03U027, best cost 44.2319 + 2231.13 = 2275.36 over 629 frames.
PN00M03U027 sifar satt satt sifar athth athth sifar 
LOG (lattice-best-path[5.5.620~1-dce1dc]:main():lattice-best-path.cc:99) For utterance PN00M03U028, best cost 41.2837 + 2104.38 = 2145.66 over 630 frames.
PN00M03U028 sifar naun naun sifar ikk ikk tinn 
LOG (lattice-best-path[5.5.620~1-dce1dc]:main():lattice-best-path.cc:99) For utterance PN00M03U029, best cost 39.3976 + 2060.92 = 2100.31 over 630 frames.
PN00M03U029 tinn chhe ikk chaar athth ikk panj 
LOG (lattice-best-path[5.5.620~1-dce1dc]:main():lattice-best-path.cc:99) For utterance PN00M03U030, best cost 39.6146 + 2038.12 = 2077.74 over 630 frames.
PN00M03U030 panj naun do panj chaar ikk chhe 
LOG (lattice-best-path[5.5.620~1-dce1dc]:main():lattice-best-path.cc:99) For utterance PN00M03U031, best cost 39.6021 + 2059.63 = 2099.23 over 629 frames.
PN00M03U031 chhe panj ikk satt chhe do chhe 
LOG (lattice-best-path[5.5.620~1-dce1dc]:main():lattice-best-path.cc:99) For utterance PN00M03U032, best cost 40.8428 + 2191.15 = 2232 over 629 frames.
PN00M03U032 chhe tinn satt ikk athth tinn athth 
LOG (lattice-best-path[5.5.620~1-dce1dc]:main():lattice-best-path.cc:99) For utterance PN00M03U033, best cost 38.8249 + 2127.67 = 2166.5 over 630 frames.
PN00M03U033 athth naun chaar naun panj do ikk 
LOG (lattice-best-path[5.5.620~1-dce1dc]:main():lattice-best-path.cc:99) For utterance PN00M03U034, best cost 39.3273 + 2033.38 = 2072.71 over 630 frames.
PN00M03U034 ikk naun satt do satt panj tinn 
LOG (lattice-best-path[5.5.620~1-dce1dc]:main():lattice-best-path.cc:99) For utterance PN00M03U035, best cost 39.0244 + 2015.03 = 2054.05 over 630 frames.
PN00M03U035 tinn naun athth satt tinn ikk do 
LOG (lattice-best-path[5.5.620~1-dce1dc]:main():lattice-best-path.cc:99) For utterance PN00M03U036, best cost 41.9703 + 2139.55 = 2181.52 over 629 frames.
PN00M03U036 do do athth chaar do naun sifar 
LOG (lattice-best-path[5.5.620~1-dce1dc]:main():lattice-best-path.cc:99) For utterance PN00M03U037, best cost 42.8077 + 2127.92 = 2170.73 over 629 frames.
PN00M03U037 sifar ikk do tinn do tinn tinn 
LOG (lattice-best-path[5.5.620~1-dce1dc]:main():lattice-best-path.cc:99) For utterance PN00M03U038, best cost 44.9235 + 2465.14 = 2510.06 over 630 frames.
PN00M03U038 tinn chaar tinn chaar chaar panj panj 
LOG (lattice-best-path[5.5.620~1-dce1dc]:main():lattice-best-path.cc:99) For utterance PN00M03U039, best cost 41.7727 + 2097.37 = 2139.14 over 630 frames.
PN00M03U039 panj chhe chaar panj chhe chhe satt 
LOG (lattice-best-path[5.5.620~1-dce1dc]:main():lattice-best-path.cc:99) For utterance PN00M03U040, best cost 43.3392 + 2093.73 = 2137.06 over 630 frames.
PN00M03U040 satt athth chhe satt ikk do chaar 
LOG (lattice-best-path[5.5.620~1-dce1dc]:main():lattice-best-path.cc:99) For utterance PN00M03U041, best cost 42.1173 + 2228.33 = 2270.45 over 629 frames.
PN00M03U041 sifar naun sifar ikk do tinn chaar 
LOG (lattice-best-path[5.5.620~1-dce1dc]:main():lattice-best-path.cc:99) For utterance PN00M03U042, best cost 42.6939 + 2111.23 = 2153.92 over 630 frames.
PN00M03U042 chaar panj chhe satt athth naun athth 
LOG (lattice-best-path[5.5.620~1-dce1dc]:main():lattice-best-path.cc:99) For utterance PN00M03U043, best cost 41.4984 + 2231.29 = 2272.79 over 629 frames.
PN00M03U043 athth sifar do chaar chhe athth satt 
LOG (lattice-best-path[5.5.620~1-dce1dc]:main():lattice-best-path.cc:99) For utterance PN00M03U044, best cost 41.684 + 2095.38 = 2137.06 over 629 frames.
PN00M03U044 satt sifar tinn panj satt naun chhe 
LOG (lattice-best-path[5.5.620~1-dce1dc]:main():lattice-best-path.cc:99) For utterance PN00M03U045, best cost 40.9316 + 2166.04 = 2206.97 over 630 frames.
PN00M03U045 chhe sifar chaar satt panj sifar panj 
LOG (lattice-best-path[5.5.620~1-dce1dc]:main():lattice-best-path.cc:99) For utterance PN00M03U046, best cost 42.5998 + 2030.69 = 2073.29 over 629 frames.
PN00M03U046 panj athth chaar sifar chhe naun tinn 
LOG (lattice-scale[5.5.620~1-dce1dc]:main():lattice-scale.cc:107) Done 320 lattices.
LOG (lattice-best-path[5.5.620~1-dce1dc]:main():lattice-best-path.cc:99) For utterance PN00M03U047, best cost 43.2407 + 2100.74 = 2143.98 over 630 frames.
PN00M03U047 tinn sifar satt do sifar athth ikk 
LOG (lattice-best-path[5.5.620~1-dce1dc]:main():lattice-best-path.cc:99) For utterance PN00M03U048, best cost 42.4399 + 2087.01 = 2129.45 over 630 frames.
PN00M03U048 ikk sifar sifar ikk naun ikk tinn 
LOG (lattice-best-path[5.5.620~1-dce1dc]:main():lattice-best-path.cc:99) For utterance PN00M03U049, best cost 40.4925 + 2070.42 = 2110.91 over 630 frames.
PN00M03U049 tinn chhe ikk chaar athth do panj 
LOG (lattice-best-path[5.5.620~1-dce1dc]:main():lattice-best-path.cc:99) For utterance PN00M03U050, best cost 39.8922 + 2006.47 = 2046.36 over 630 frames.
PN00M03U050 panj naun do chhe panj ikk panj 
LOG (lattice-best-path[5.5.620~1-dce1dc]:main():lattice-best-path.cc:99) For utterance PN00M03U051, best cost 39.4099 + 1999.71 = 2039.12 over 629 frames.
PN00M03U051 panj chaar ikk chhe tinn ikk satt 
LOG (lattice-best-path[5.5.620~1-dce1dc]:main():lattice-best-path.cc:99) For utterance PN00M03U052, best cost 40.3269 + 2086.16 = 2126.48 over 632 frames.
PN00M03U052 satt ikk athth tinn satt tinn athth 
LOG (lattice-best-path[5.5.620~1-dce1dc]:main():lattice-best-path.cc:99) For utterance PN00M03U053, best cost 38.682 + 2137.17 = 2175.85 over 653 frames.
PN00M03U053 athth naun naun chaar naun panj do 
LOG (lattice-best-path[5.5.620~1-dce1dc]:main():lattice-best-path.cc:99) For utterance PN00M03U054, best cost 41.7032 + 2168.51 = 2210.21 over 651 frames.
PN00M03U054 do satt chhe do athth panj tinn 
LOG (lattice-best-path[5.5.620~1-dce1dc]:main():lattice-best-path.cc:99) For utterance PN00M03U055, best cost 41.0485 + 2108.57 = 2149.62 over 654 frames.
PN00M03U055 tinn naun satt chaar do ikk ikk 
LOG (lattice-best-path[5.5.620~1-dce1dc]:main():lattice-best-path.cc:99) For utterance PN00M03U056, best cost 43.004 + 2073.04 = 2116.04 over 629 frames.
PN00M03U056 ikk do naun sifar ikk do do 
LOG (lattice-best-path[5.5.620~1-dce1dc]:main():lattice-best-path.cc:99) For utterance PN00M03U057, best cost 45.9099 + 2278.54 = 2324.45 over 623 frames.
PN00M03U057 do tinn do tinn tinn chaar tinn 
LOG (lattice-best-path[5.5.620~1-dce1dc]:main():lattice-best-path.cc:99) For utterance PN00M03U058, best cost 44.0704 + 2145.76 = 2189.83 over 622 frames.
PN00M03U058 tinn chaar chaar panj panj chhe chaar 
LOG (lattice-best-path[5.5.620~1-dce1dc]:main():lattice-best-path.cc:99) For utterance PN00M03U059, best cost 46.7868 + 2300.16 = 2346.95 over 625 frames.
PN00M03U059 athth athth athth sifar sifar sifar sifar 
LOG (lattice-best-path[5.5.620~1-dce1dc]:main():lattice-best-path.cc:99) For utterance PN00M03U060, best cost 41.725 + 2251.81 = 2293.53 over 628 frames.
PN00M03U060 athth chhe satt athth athth naun sifar 
LOG (lattice-best-path[5.5.620~1-dce1dc]:main():lattice-best-path.cc:99) For utterance PN00M03U061, best cost 39.0042 + 2193.64 = 2232.64 over 629 frames.
PN00M03U061 sifar naun naun athth satt chhe panj 
LOG (lattice-best-path[5.5.620~1-dce1dc]:main():lattice-best-path.cc:99) For utterance PN00M03U062, best cost 40.3144 + 2167.91 = 2208.22 over 630 frames.
PN00M03U062 panj chaar tinn do ikk sifar athth 
LOG (lattice-add-penalty[5.5.620~1-dce1dc]:main():lattice-add-penalty.cc:62) Done adding word insertion penalty to 320 lattices.
LOG (lattice-best-path[5.5.620~1-dce1dc]:main():lattice-best-path.cc:99) For utterance PN00M03U063, best cost 37.4707 + 2102.33 = 2139.8 over 629 frames.
PN00M03U063 athth naun satt panj tinn ikk satt 
LOG (lattice-best-path[5.5.620~1-dce1dc]:main():lattice-best-path.cc:99) For utterance PN00M03U064, best cost 39.8939 + 2250.62 = 2290.51 over 629 frames.
PN00M03U064 satt naun chhe chaar do sifar chhe 
LOG (lattice-best-path[5.5.620~1-dce1dc]:main():lattice-best-path.cc:99) For utterance PN00M03U065, best cost 40.3246 + 2107.34 = 2147.67 over 629 frames.
PN00M03U065 chhe naun panj do panj naun chaar 
LOG (lattice-best-path[5.5.620~1-dce1dc]:main():lattice-best-path.cc:99) For utterance PN00M03U066, best cost 41.4912 + 2116 = 2157.49 over 630 frames.
PN00M03U066 chaar ikk chaar naun tinn sifar tinn 
LOG (lattice-best-path[5.5.620~1-dce1dc]:main():lattice-best-path.cc:99) For utterance PN00M03U067, best cost 41.4423 + 2061.9 = 2103.34 over 627 frames.
PN00M03U067 tinn naun do do naun ikk ikk 
LOG (lattice-best-path[5.5.620~1-dce1dc]:main():lattice-best-path.cc:99) For utterance PN00M03U068, best cost 45.6467 + 2383.1 = 2428.75 over 630 frames.
PN00M03U068 ikk naun sifar sifar satt chaar sifar 
LOG (lattice-best-path[5.5.620~1-dce1dc]:main():lattice-best-path.cc:99) For utterance PN00M03U069, best cost 38.9857 + 2214.06 = 2253.05 over 629 frames.
PN00M03U069 sifar ikk athth chhe tinn athth 
LOG (lattice-best-path[5.5.620~1-dce1dc]:main():lattice-best-path.cc:99) For utterance PN00M03U070, best cost 39.7808 + 2207.91 = 2247.69 over 630 frames.
PN00M03U070 athth panj ikk chhe do chhe athth 
LOG (lattice-best-path[5.5.620~1-dce1dc]:main():lattice-best-path.cc:99) For utterance PN00M03U071, best cost 44.2926 + 2119.94 = 2164.23 over 630 frames.
PN00M03U071 athth chaar panj athth tinn chaar athth 
LOG (lattice-best-path[5.5.620~1-dce1dc]:main():lattice-best-path.cc:99) For utterance PN00M03U072, best cost 40.7821 + 2162.57 = 2203.35 over 629 frames.
PN00M03U072 athth do tinn satt tinn chhe ikk 
LOG (lattice-best-path[5.5.620~1-dce1dc]:main():lattice-best-path.cc:99) For utterance PN00M03U073, best cost 43.7736 + 2159.02 = 2202.8 over 630 frames.
PN00M03U073 ikk panj sifar panj chhe satt do 
LOG (lattice-best-path[5.5.620~1-dce1dc]:main():lattice-best-path.cc:99) For utterance PN00M03U074, best cost 44.5007 + 2154.7 = 2199.21 over 630 frames.
PN00M03U074 do athth ikk tinn panj panj satt 
LOG (lattice-best-path[5.5.620~1-dce1dc]:main():lattice-best-path.cc:99) For utterance PN00M03U075, best cost 41.2797 + 2371.92 = 2413.2 over 630 frames.
PN00M03U075 satt ikk do satt sifar do chaar 
LOG (lattice-best-path[5.5.620~1-dce1dc]:main():lattice-best-path.cc:99) For utterance PN00M03U076, best cost 42.7953 + 2207.54 = 2250.33 over 620 frames.
PN00M03U076 chaar satt athth sifar ikk do tinn 
LOG (lattice-best-path[5.5.620~1-dce1dc]:main():lattice-best-path.cc:99) For utterance PN00M03U077, best cost 44.1049 + 2190.24 = 2234.35 over 624 frames.
PN00M03U077 tinn tinn chaar chhe sifar chaar chaar 
LOG (lattice-best-path[5.5.620~1-dce1dc]:main():lattice-best-path.cc:99) For utterance PN00M03U078, best cost 42.2717 + 2313.83 = 2356.1 over 627 frames.
PN00M03U078 chaar panj chhe chhe satt satt athth 
LOG (lattice-best-path[5.5.620~1-dce1dc]:main():lattice-best-path.cc:99) For utterance PN00M03U079, best cost 41.4634 + 2189.77 = 2231.23 over 629 frames.
PN00M03U079 naun naun ikk tinn panj satt naun 
LOG (lattice-best-path[5.5.620~1-dce1dc]:main():lattice-best-path.cc:99) For utterance PN00M03U080, best cost 43.389 + 2161.75 = 2205.14 over 629 frames.
PN00M03U080 do chhe naun ikk do chaar tinn 
LOG (lattice-best-path[5.5.620~1-dce1dc]:main():lattice-best-path.cc:124) Overall cost per frame is 3.54689 = 0.0688734 [graph] + 3.47801 [acoustic] over 201866 frames.
LOG (lattice-best-path[5.5.620~1-dce1dc]:main():lattice-best-path.cc:128) Done 320 lattices, failed for 0
# Accounting: time=1 threads=1
# Ended (code 0) at Sun Mar 22 09:25:16 IST 2020, elapsed time 1 seconds
