# lattice-scale --inv-acoustic-scale=13 "ark:gunzip -c exp/tri4/decode.si/lat.*.gz|" ark:- | lattice-add-penalty --word-ins-penalty=0.5 ark:- ark:- | lattice-best-path --word-symbol-table=exp/tri4/graph/words.txt ark:- ark,t:- | utils/int2sym.pl -f 2- exp/tri4/graph/words.txt | local/wer_hyp_filter > exp/tri4/decode.si/scoring_kaldi/penalty_0.5/13.txt 
# Started at Sun Mar 22 09:33:24 IST 2020
#
lattice-best-path --word-symbol-table=exp/tri4/graph/words.txt ark:- ark,t:- 
lattice-add-penalty --word-ins-penalty=0.5 ark:- ark:- 
lattice-scale --inv-acoustic-scale=13 'ark:gunzip -c exp/tri4/decode.si/lat.*.gz|' ark:- 
LOG (lattice-best-path[5.5.620~1-dce1dc]:main():lattice-best-path.cc:99) For utterance PN00F02U001, best cost 43.8434 + 1892.46 = 1936.3 over 630 frames.
PN00F02U001 sifar sifar naun athth satt chhe panj 
LOG (lattice-best-path[5.5.620~1-dce1dc]:main():lattice-best-path.cc:99) For utterance PN00F02U002, best cost 42.5417 + 1653.69 = 1696.23 over 656 frames.
PN00F02U002 panj chaar tinn do ikk sifar ikk 
LOG (lattice-best-path[5.5.620~1-dce1dc]:main():lattice-best-path.cc:99) For utterance PN00F02U003, best cost 40.0682 + 1609.96 = 1650.03 over 630 frames.
PN00F02U003 ikk naun satt panj tinn ikk do 
LOG (lattice-best-path[5.5.620~1-dce1dc]:main():lattice-best-path.cc:99) For utterance PN00F02U004, best cost 42.7266 + 1601.99 = 1644.72 over 629 frames.
PN00F02U004 do naun chhe chaar do sifar tinn 
LOG (lattice-best-path[5.5.620~1-dce1dc]:main():lattice-best-path.cc:99) For utterance PN00F02U005, best cost 41.8344 + 1500.16 = 1542 over 628 frames.
PN00F02U005 tinn naun panj do chaar naun chaar 
LOG (lattice-best-path[5.5.620~1-dce1dc]:main():lattice-best-path.cc:99) For utterance PN00F02U006, best cost 44.0876 + 1609.44 = 1653.53 over 629 frames.
PN00F02U006 chaar ikk panj naun tinn sifar chhe 
LOG (lattice-best-path[5.5.620~1-dce1dc]:main():lattice-best-path.cc:99) For utterance PN00F02U007, best cost 43.2153 + 1615.2 = 1658.42 over 630 frames.
PN00F02U007 chhe naun do satt naun ikk athth 
LOG (lattice-best-path[5.5.620~1-dce1dc]:main():lattice-best-path.cc:99) For utterance PN00F02U008, best cost 44.3347 + 1610.91 = 1655.24 over 629 frames.
PN00F02U008 athth naun sifar athth chhe tinn chaar 
LOG (lattice-best-path[5.5.620~1-dce1dc]:main():lattice-best-path.cc:99) For utterance PN00F02U009, best cost 44.5978 + 1683.32 = 1727.92 over 626 frames.
PN00F02U009 chaar sifar satt chaar athth panj ikk 
LOG (lattice-best-path[5.5.620~1-dce1dc]:main():lattice-best-path.cc:99) For utterance PN00F02U010, best cost 44.8697 + 1687.47 = 1732.34 over 628 frames.
PN00F02U010 ikk satt tinn tinn athth chaar chaar 
LOG (lattice-best-path[5.5.620~1-dce1dc]:main():lattice-best-path.cc:99) For utterance PN00F02U011, best cost 54.6885 + 1791.31 = 1846 over 630 frames.
PN00F02U011 chaar satt tinn panj chhe 
LOG (lattice-best-path[5.5.620~1-dce1dc]:main():lattice-best-path.cc:99) For utterance PN00F02U012, best cost 41.0346 + 1587.96 = 1629 over 656 frames.
PN00F02U012 chhe athth do athth ikk chhe do 
LOG (lattice-best-path[5.5.620~1-dce1dc]:main():lattice-best-path.cc:99) For utterance PN00F02U013, best cost 42.0371 + 1577.69 = 1619.72 over 630 frames.
PN00F02U013 do chhe ikk do tinn satt ikk 
LOG (lattice-best-path[5.5.620~1-dce1dc]:main():lattice-best-path.cc:99) For utterance PN00F02U014, best cost 45.4378 + 1774.36 = 1819.8 over 629 frames.
PN00F02U014 ikk chaar chhe sifar chaar panj sifar 
LOG (lattice-best-path[5.5.620~1-dce1dc]:main():lattice-best-path.cc:99) For utterance PN00F02U015, best cost 46.9069 + 1771.1 = 1818.01 over 630 frames.
PN00F02U015 sifar panj satt sifar do do tinn 
LOG (lattice-best-path[5.5.620~1-dce1dc]:main():lattice-best-path.cc:99) For utterance PN00F02U016, best cost 44.9168 + 1723.02 = 1767.94 over 629 frames.
PN00F02U016 tinn panj chhe satt athth sifar ikk 
LOG (lattice-best-path[5.5.620~1-dce1dc]:main():lattice-best-path.cc:99) For utterance PN00F02U017, best cost 45.3656 + 1753.24 = 1798.6 over 657 frames.
PN00F02U017 ikk tinn chaar panj panj chhe chhe 
LOG (lattice-best-path[5.5.620~1-dce1dc]:main():lattice-best-path.cc:99) For utterance PN00F02U018, best cost 42.2538 + 1654.34 = 1696.59 over 652 frames.
PN00F02U018 chhe satt satt athth athth naun naun 
LOG (lattice-best-path[5.5.620~1-dce1dc]:main():lattice-best-path.cc:99) For utterance PN00F02U019, best cost 44.3193 + 1666.99 = 1711.31 over 653 frames.
PN00F02U019 naun sifar ikk ikk do ikk satt 
LOG (lattice-best-path[5.5.620~1-dce1dc]:main():lattice-best-path.cc:99) For utterance PN00F02U020, best cost 40.663 + 1573.25 = 1613.91 over 628 frames.
PN00F02U020 satt naun ikk tinn panj satt naun 
LOG (lattice-best-path[5.5.620~1-dce1dc]:main():lattice-best-path.cc:99) For utterance PN00F02U021, best cost 55.2867 + 1999.42 = 2054.7 over 629 frames.
PN00F02U021 sifar sifar sifar ikk tinn chaar panj 
LOG (lattice-best-path[5.5.620~1-dce1dc]:main():lattice-best-path.cc:99) For utterance PN00F02U022, best cost 44.7127 + 1634.82 = 1679.54 over 656 frames.
PN00F02U022 panj chhe satt athth naun ikk sifar 
LOG (lattice-best-path[5.5.620~1-dce1dc]:main():lattice-best-path.cc:99) For utterance PN00F02U023, best cost 42.0889 + 1602.46 = 1644.55 over 630 frames.
PN00F02U023 sifar do chaar chhe athth do sifar 
LOG (lattice-best-path[5.5.620~1-dce1dc]:main():lattice-best-path.cc:99) For utterance PN00F02U024, best cost 45.426 + 1752.63 = 1798.06 over 630 frames.
PN00F02U024 sifar tinn panj satt naun tinn sifar 
LOG (lattice-best-path[5.5.620~1-dce1dc]:main():lattice-best-path.cc:99) For utterance PN00F02U025, best cost 45.359 + 1741.29 = 1786.65 over 630 frames.
PN00F02U025 sifar chaar satt chaar sifar panj athth 
LOG (lattice-best-path[5.5.620~1-dce1dc]:main():lattice-best-path.cc:99) For utterance PN00F02U026, best cost 44.9556 + 1797.96 = 1842.91 over 630 frames.
PN00F02U026 athth panj sifar chhe naun chhe sifar 
LOG (lattice-best-path[5.5.620~1-dce1dc]:main():lattice-best-path.cc:99) For utterance PN00F02U027, best cost 46.684 + 1713.22 = 1759.9 over 656 frames.
PN00F02U027 sifar satt satt sifar athth athth sifar 
LOG (lattice-best-path[5.5.620~1-dce1dc]:main():lattice-best-path.cc:99) For utterance PN00F02U028, best cost 42.9341 + 1711.79 = 1754.73 over 629 frames.
PN00F02U028 sifar naun naun sifar ikk ikk tinn 
LOG (lattice-best-path[5.5.620~1-dce1dc]:main():lattice-best-path.cc:99) For utterance PN00F02U029, best cost 40.6295 + 1674.66 = 1715.29 over 630 frames.
PN00F02U029 tinn chhe ikk chaar athth ikk panj 
LOG (lattice-best-path[5.5.620~1-dce1dc]:main():lattice-best-path.cc:99) For utterance PN00F02U030, best cost 42.0816 + 1634.01 = 1676.09 over 630 frames.
PN00F02U030 panj naun do panj chaar ikk chhe 
LOG (lattice-best-path[5.5.620~1-dce1dc]:main():lattice-best-path.cc:99) For utterance PN00F02U031, best cost 41.8606 + 1706.45 = 1748.31 over 630 frames.
PN00F02U031 chhe panj ikk satt chhe do chhe 
LOG (lattice-best-path[5.5.620~1-dce1dc]:main():lattice-best-path.cc:99) For utterance PN00F02U032, best cost 40.3129 + 1560.12 = 1600.44 over 629 frames.
PN00F02U032 chhe tinn satt ikk athth tinn athth 
LOG (lattice-best-path[5.5.620~1-dce1dc]:main():lattice-best-path.cc:99) For utterance PN00F02U033, best cost 41.2023 + 1628.83 = 1670.03 over 630 frames.
PN00F02U033 athth naun chaar naun panj do ikk 
LOG (lattice-best-path[5.5.620~1-dce1dc]:main():lattice-best-path.cc:99) For utterance PN00F02U034, best cost 40.5181 + 1632.76 = 1673.27 over 630 frames.
PN00F02U034 ikk naun satt do satt panj tinn 
LOG (lattice-best-path[5.5.620~1-dce1dc]:main():lattice-best-path.cc:99) For utterance PN00F02U035, best cost 40.5472 + 1634.02 = 1674.56 over 630 frames.
PN00F02U035 tinn naun athth satt tinn ikk do 
LOG (lattice-best-path[5.5.620~1-dce1dc]:main():lattice-best-path.cc:99) For utterance PN00F02U036, best cost 43.8968 + 1716.8 = 1760.69 over 630 frames.
PN00F02U036 do do athth chaar do naun sifar 
LOG (lattice-best-path[5.5.620~1-dce1dc]:main():lattice-best-path.cc:99) For utterance PN00F02U037, best cost 42.6684 + 1586.84 = 1629.5 over 655 frames.
PN00F02U037 sifar ikk do tinn do tinn tinn 
LOG (lattice-best-path[5.5.620~1-dce1dc]:main():lattice-best-path.cc:99) For utterance PN00F02U038, best cost 46.1269 + 1582.63 = 1628.76 over 630 frames.
PN00F02U038 tinn chaar tinn chaar chaar panj panj 
LOG (lattice-best-path[5.5.620~1-dce1dc]:main():lattice-best-path.cc:99) For utterance PN00F02U039, best cost 43.9748 + 1595.05 = 1639.03 over 629 frames.
PN00F02U039 panj chhe chaar panj chhe chhe satt 
LOG (lattice-best-path[5.5.620~1-dce1dc]:main():lattice-best-path.cc:99) For utterance PN00F02U040, best cost 44.4676 + 1497.48 = 1541.95 over 629 frames.
PN00F02U040 satt athth chhe satt ikk do chaar 
LOG (lattice-best-path[5.5.620~1-dce1dc]:main():lattice-best-path.cc:99) For utterance PN00F02U041, best cost 42.8476 + 1729.57 = 1772.42 over 630 frames.
PN00F02U041 sifar naun sifar ikk do tinn chaar 
LOG (lattice-best-path[5.5.620~1-dce1dc]:main():lattice-best-path.cc:99) For utterance PN00F02U042, best cost 43.0517 + 1706.67 = 1749.72 over 648 frames.
PN00F02U042 chaar panj chhe satt athth naun athth 
LOG (lattice-best-path[5.5.620~1-dce1dc]:main():lattice-best-path.cc:99) For utterance PN00F02U043, best cost 41.7734 + 1677.27 = 1719.05 over 630 frames.
PN00F02U043 athth sifar do chaar chhe athth satt 
LOG (lattice-best-path[5.5.620~1-dce1dc]:main():lattice-best-path.cc:99) For utterance PN00F02U044, best cost 42.8468 + 1568.28 = 1611.13 over 630 frames.
PN00F02U044 satt sifar tinn panj satt naun chhe 
LOG (lattice-best-path[5.5.620~1-dce1dc]:main():lattice-best-path.cc:99) For utterance PN00F02U045, best cost 44.3158 + 1728.09 = 1772.41 over 630 frames.
PN00F02U045 chhe sifar chaar satt panj sifar panj 
LOG (lattice-best-path[5.5.620~1-dce1dc]:main():lattice-best-path.cc:99) For utterance PN00F02U046, best cost 44.6998 + 1553.41 = 1598.11 over 630 frames.
PN00F02U046 panj athth chaar sifar chhe naun tinn 
LOG (lattice-best-path[5.5.620~1-dce1dc]:main():lattice-best-path.cc:99) For utterance PN00F02U047, best cost 45.5582 + 1613.45 = 1659.01 over 630 frames.
PN00F02U047 tinn sifar satt do sifar athth ikk 
LOG (lattice-best-path[5.5.620~1-dce1dc]:main():lattice-best-path.cc:99) For utterance PN00F02U048, best cost 45.3042 + 1553.15 = 1598.45 over 630 frames.
PN00F02U048 ikk sifar sifar ikk naun ikk tinn 
LOG (lattice-best-path[5.5.620~1-dce1dc]:main():lattice-best-path.cc:99) For utterance PN00F02U049, best cost 41.8127 + 1624.32 = 1666.13 over 630 frames.
PN00F02U049 tinn chhe ikk chaar athth do panj 
LOG (lattice-best-path[5.5.620~1-dce1dc]:main():lattice-best-path.cc:99) For utterance PN00F02U050, best cost 41.8857 + 1561.79 = 1603.67 over 629 frames.
PN00F02U050 panj naun do chhe panj ikk panj 
LOG (lattice-best-path[5.5.620~1-dce1dc]:main():lattice-best-path.cc:99) For utterance PN00F02U051, best cost 40.5644 + 1589.14 = 1629.7 over 630 frames.
PN00F02U051 panj chaar ikk chhe tinn ikk satt 
LOG (lattice-best-path[5.5.620~1-dce1dc]:main():lattice-best-path.cc:99) For utterance PN00F02U052, best cost 41.0933 + 1567.35 = 1608.45 over 629 frames.
PN00F02U052 satt ikk athth tinn satt tinn athth 
LOG (lattice-best-path[5.5.620~1-dce1dc]:main():lattice-best-path.cc:99) For utterance PN00F02U053, best cost 40.7982 + 1532.39 = 1573.19 over 630 frames.
PN00F02U053 athth naun naun chaar naun panj do 
LOG (lattice-best-path[5.5.620~1-dce1dc]:main():lattice-best-path.cc:99) For utterance PN00F02U054, best cost 42.5267 + 1621.92 = 1664.45 over 630 frames.
PN00F02U054 do satt chhe do athth panj tinn 
LOG (lattice-best-path[5.5.620~1-dce1dc]:main():lattice-best-path.cc:99) For utterance PN00F02U055, best cost 41.4283 + 1622.04 = 1663.46 over 630 frames.
PN00F02U055 tinn naun satt chaar do ikk ikk 
LOG (lattice-best-path[5.5.620~1-dce1dc]:main():lattice-best-path.cc:99) For utterance PN00F02U056, best cost 44.3824 + 1598.6 = 1642.98 over 656 frames.
PN00F02U056 ikk do naun sifar ikk do do 
LOG (lattice-best-path[5.5.620~1-dce1dc]:main():lattice-best-path.cc:99) For utterance PN00F02U057, best cost 44.2045 + 1490.52 = 1534.73 over 629 frames.
PN00F02U057 do tinn do tinn tinn chaar tinn 
LOG (lattice-best-path[5.5.620~1-dce1dc]:main():lattice-best-path.cc:99) For utterance PN00F02U058, best cost 44.4741 + 1612.92 = 1657.39 over 630 frames.
PN00F02U058 tinn chaar chaar panj panj chhe chaar 
LOG (lattice-best-path[5.5.620~1-dce1dc]:main():lattice-best-path.cc:99) For utterance PN00F02U059, best cost 46.972 + 1688.19 = 1735.16 over 629 frames.
PN00F02U059 athth athth athth sifar sifar sifar sifar 
LOG (lattice-best-path[5.5.620~1-dce1dc]:main():lattice-best-path.cc:99) For utterance PN00F02U060, best cost 42.6627 + 1648.34 = 1691 over 629 frames.
PN00F02U060 athth chhe satt athth athth naun sifar 
LOG (lattice-best-path[5.5.620~1-dce1dc]:main():lattice-best-path.cc:99) For utterance PN00F02U061, best cost 41.4551 + 1706.1 = 1747.56 over 630 frames.
PN00F02U061 sifar naun naun athth satt chhe panj 
LOG (lattice-best-path[5.5.620~1-dce1dc]:main():lattice-best-path.cc:99) For utterance PN00F02U062, best cost 41.6833 + 1549.52 = 1591.2 over 630 frames.
PN00F02U062 panj chaar tinn do ikk sifar athth 
LOG (lattice-best-path[5.5.620~1-dce1dc]:main():lattice-best-path.cc:99) For utterance PN00F02U063, best cost 40.2117 + 1516.54 = 1556.75 over 629 frames.
PN00F02U063 athth naun satt panj tinn ikk satt 
LOG (lattice-best-path[5.5.620~1-dce1dc]:main():lattice-best-path.cc:99) For utterance PN00F02U064, best cost 40.9779 + 1595.06 = 1636.04 over 630 frames.
PN00F02U064 satt naun chhe chaar do sifar chhe 
LOG (lattice-best-path[5.5.620~1-dce1dc]:main():lattice-best-path.cc:99) For utterance PN00F02U065, best cost 41.2144 + 1479.34 = 1520.55 over 630 frames.
PN00F02U065 chhe naun panj do panj naun chaar 
LOG (lattice-best-path[5.5.620~1-dce1dc]:main():lattice-best-path.cc:99) For utterance PN00F02U066, best cost 44.0086 + 1528.39 = 1572.4 over 630 frames.
PN00F02U066 chaar ikk chaar naun tinn sifar tinn 
LOG (lattice-best-path[5.5.620~1-dce1dc]:main():lattice-best-path.cc:99) For utterance PN00F02U067, best cost 41.7775 + 1481.71 = 1523.49 over 630 frames.
PN00F02U067 tinn naun do do naun ikk ikk 
LOG (lattice-best-path[5.5.620~1-dce1dc]:main():lattice-best-path.cc:99) For utterance PN00F02U068, best cost 45.9067 + 1739.57 = 1785.48 over 629 frames.
PN00F02U068 ikk naun sifar sifar satt chaar sifar 
LOG (lattice-best-path[5.5.620~1-dce1dc]:main():lattice-best-path.cc:99) For utterance PN00F02U069, best cost 39.3042 + 1665.04 = 1704.35 over 630 frames.
PN00F02U069 sifar ikk athth chhe tinn athth 
LOG (lattice-best-path[5.5.620~1-dce1dc]:main():lattice-best-path.cc:99) For utterance PN00F02U070, best cost 40.802 + 1603.09 = 1643.89 over 656 frames.
PN00F02U070 athth panj ikk chhe do chhe athth 
LOG (lattice-best-path[5.5.620~1-dce1dc]:main():lattice-best-path.cc:99) For utterance PN00F02U071, best cost 46.6611 + 1595.98 = 1642.64 over 630 frames.
PN00F02U071 athth chaar panj athth tinn chaar athth 
LOG (lattice-best-path[5.5.620~1-dce1dc]:main():lattice-best-path.cc:99) For utterance PN00F02U072, best cost 43.118 + 1548.62 = 1591.74 over 630 frames.
PN00F02U072 athth do tinn satt tinn chhe ikk 
LOG (lattice-best-path[5.5.620~1-dce1dc]:main():lattice-best-path.cc:99) For utterance PN00F02U073, best cost 44.392 + 1575.86 = 1620.25 over 630 frames.
PN00F02U073 ikk panj sifar panj chhe satt do 
LOG (lattice-best-path[5.5.620~1-dce1dc]:main():lattice-best-path.cc:99) For utterance PN00F02U074, best cost 44.6063 + 1558.3 = 1602.91 over 630 frames.
PN00F02U074 do athth ikk tinn panj panj satt 
LOG (lattice-best-path[5.5.620~1-dce1dc]:main():lattice-best-path.cc:99) For utterance PN00F02U075, best cost 42.5556 + 1585.15 = 1627.7 over 630 frames.
PN00F02U075 satt ikk do satt sifar do chaar 
LOG (lattice-best-path[5.5.620~1-dce1dc]:main():lattice-best-path.cc:99) For utterance PN00F02U076, best cost 43.4169 + 1642.71 = 1686.12 over 629 frames.
PN00F02U076 chaar satt athth sifar ikk do tinn 
LOG (lattice-best-path[5.5.620~1-dce1dc]:main():lattice-best-path.cc:99) For utterance PN00F02U077, best cost 44.855 + 1568.46 = 1613.31 over 630 frames.
PN00F02U077 tinn tinn chaar chhe sifar chaar chaar 
LOG (lattice-best-path[5.5.620~1-dce1dc]:main():lattice-best-path.cc:99) For utterance PN00F02U078, best cost 42.7506 + 1528.41 = 1571.16 over 629 frames.
PN00F02U078 chaar panj chhe chhe satt satt athth 
LOG (lattice-best-path[5.5.620~1-dce1dc]:main():lattice-best-path.cc:99) For utterance PN00F02U079, best cost 42.7388 + 1490.01 = 1532.75 over 629 frames.
PN00F02U079 naun naun ikk tinn panj satt naun 
LOG (lattice-best-path[5.5.620~1-dce1dc]:main():lattice-best-path.cc:99) For utterance PN00F02U080, best cost 45.9606 + 1619.83 = 1665.79 over 629 frames.
PN00F02U080 do chhe naun ikk do chaar tinn 
LOG (lattice-best-path[5.5.620~1-dce1dc]:main():lattice-best-path.cc:99) For utterance PN00F04U001, best cost 37.9148 + 1729.38 = 1767.3 over 630 frames.
PN00F04U001 sifar sifar naun athth satt chhe panj 
LOG (lattice-best-path[5.5.620~1-dce1dc]:main():lattice-best-path.cc:99) For utterance PN00F04U002, best cost 36.7507 + 1544.05 = 1580.8 over 630 frames.
PN00F04U002 panj chaar tinn do ikk sifar ikk 
LOG (lattice-best-path[5.5.620~1-dce1dc]:main():lattice-best-path.cc:99) For utterance PN00F04U003, best cost 37.5207 + 1624.93 = 1662.45 over 630 frames.
PN00F04U003 ikk naun satt panj tinn ikk do 
LOG (lattice-best-path[5.5.620~1-dce1dc]:main():lattice-best-path.cc:99) For utterance PN00F04U004, best cost 37.5275 + 1571.64 = 1609.17 over 629 frames.
PN00F04U004 do naun chhe chaar do sifar tinn 
LOG (lattice-best-path[5.5.620~1-dce1dc]:main():lattice-best-path.cc:99) For utterance PN00F04U005, best cost 37.0976 + 1598.73 = 1635.83 over 630 frames.
PN00F04U005 tinn naun panj do chaar naun chaar 
LOG (lattice-best-path[5.5.620~1-dce1dc]:main():lattice-best-path.cc:99) For utterance PN00F04U006, best cost 38.2753 + 1754.22 = 1792.5 over 630 frames.
PN00F04U006 chaar ikk panj naun tinn sifar chhe 
LOG (lattice-best-path[5.5.620~1-dce1dc]:main():lattice-best-path.cc:99) For utterance PN00F04U007, best cost 38.8244 + 1584.73 = 1623.56 over 630 frames.
PN00F04U007 chhe naun do satt naun ikk athth 
LOG (lattice-best-path[5.5.620~1-dce1dc]:main():lattice-best-path.cc:99) For utterance PN00F04U008, best cost 39.2149 + 1598.23 = 1637.45 over 629 frames.
PN00F04U008 athth naun sifar athth chhe tinn chaar 
LOG (lattice-best-path[5.5.620~1-dce1dc]:main():lattice-best-path.cc:99) For utterance PN00F04U009, best cost 39.8458 + 1636.6 = 1676.45 over 630 frames.
PN00F04U009 chaar sifar satt chaar athth panj ikk 
LOG (lattice-best-path[5.5.620~1-dce1dc]:main():lattice-best-path.cc:99) For utterance PN00F04U010, best cost 40.7642 + 1631.23 = 1672 over 630 frames.
PN00F04U010 ikk satt tinn tinn athth chaar chaar 
LOG (lattice-best-path[5.5.620~1-dce1dc]:main():lattice-best-path.cc:99) For utterance PN00F04U011, best cost 39.0628 + 1718.61 = 1757.67 over 629 frames.
PN00F04U011 chhe satt do panj athth tinn chhe 
LOG (lattice-best-path[5.5.620~1-dce1dc]:main():lattice-best-path.cc:99) For utterance PN00F04U012, best cost 35.5549 + 1528.94 = 1564.49 over 630 frames.
PN00F04U012 chhe athth do athth ikk chhe do 
LOG (lattice-best-path[5.5.620~1-dce1dc]:main():lattice-best-path.cc:99) For utterance PN00F04U013, best cost 37.1584 + 1596.94 = 1634.1 over 630 frames.
PN00F04U013 do chhe ikk do tinn satt ikk 
LOG (lattice-best-path[5.5.620~1-dce1dc]:main():lattice-best-path.cc:99) For utterance PN00F04U014, best cost 40.0969 + 1577.7 = 1617.8 over 630 frames.
PN00F04U014 ikk chaar chhe sifar chaar panj sifar 
LOG (lattice-best-path[5.5.620~1-dce1dc]:main():lattice-best-path.cc:99) For utterance PN00F04U015, best cost 41.4953 + 1547.7 = 1589.2 over 630 frames.
PN00F04U015 sifar panj satt sifar do do tinn 
LOG (lattice-best-path[5.5.620~1-dce1dc]:main():lattice-best-path.cc:99) For utterance PN00F04U016, best cost 39.33 + 1510.09 = 1549.42 over 629 frames.
PN00F04U016 tinn panj chhe satt athth sifar ikk 
LOG (lattice-best-path[5.5.620~1-dce1dc]:main():lattice-best-path.cc:99) For utterance PN00F04U017, best cost 39.1593 + 1570.17 = 1609.33 over 630 frames.
PN00F04U017 ikk tinn chaar panj panj chhe chhe 
LOG (lattice-best-path[5.5.620~1-dce1dc]:main():lattice-best-path.cc:99) For utterance PN00F04U018, best cost 37.5158 + 1487.75 = 1525.26 over 630 frames.
PN00F04U018 chhe satt satt athth athth naun naun 
LOG (lattice-best-path[5.5.620~1-dce1dc]:main():lattice-best-path.cc:99) For utterance PN00F04U019, best cost 40.0131 + 1558.86 = 1598.87 over 630 frames.
PN00F04U019 naun sifar ikk ikk do ikk satt 
LOG (lattice-best-path[5.5.620~1-dce1dc]:main():lattice-best-path.cc:99) For utterance PN00F04U020, best cost 36.2374 + 1469.07 = 1505.3 over 630 frames.
PN00F04U020 satt naun ikk tinn panj satt naun 
LOG (lattice-best-path[5.5.620~1-dce1dc]:main():lattice-best-path.cc:99) For utterance PN00F04U021, best cost 41.3867 + 1577.33 = 1618.72 over 630 frames.
PN00F04U021 sifar sifar ikk do tinn chaar panj 
LOG (lattice-best-path[5.5.620~1-dce1dc]:main():lattice-best-path.cc:99) For utterance PN00F04U022, best cost 40.4188 + 1607.42 = 1647.84 over 630 frames.
PN00F04U022 panj chhe satt athth naun ikk sifar 
LOG (lattice-best-path[5.5.620~1-dce1dc]:main():lattice-best-path.cc:99) For utterance PN00F04U023, best cost 38.6042 + 1555.62 = 1594.22 over 629 frames.
PN00F04U023 sifar do chaar chhe athth do sifar 
LOG (lattice-best-path[5.5.620~1-dce1dc]:main():lattice-best-path.cc:99) For utterance PN00F04U024, best cost 39.6298 + 1665.34 = 1704.97 over 630 frames.
PN00F04U024 sifar tinn panj satt naun tinn sifar 
LOG (lattice-best-path[5.5.620~1-dce1dc]:main():lattice-best-path.cc:99) For utterance PN00F04U025, best cost 40.8643 + 1650.89 = 1691.76 over 630 frames.
PN00F04U025 sifar chaar satt chaar sifar panj athth 
LOG (lattice-best-path[5.5.620~1-dce1dc]:main():lattice-best-path.cc:99) For utterance PN00F04U026, best cost 40.0588 + 1725.6 = 1765.66 over 630 frames.
PN00F04U026 athth panj sifar chhe naun chhe sifar 
LOG (lattice-best-path[5.5.620~1-dce1dc]:main():lattice-best-path.cc:99) For utterance PN00F04U027, best cost 41.787 + 1788.62 = 1830.41 over 630 frames.
PN00F04U027 sifar satt satt sifar athth athth sifar 
LOG (lattice-best-path[5.5.620~1-dce1dc]:main():lattice-best-path.cc:99) For utterance PN00F04U028, best cost 38.3356 + 1617.69 = 1656.02 over 630 frames.
PN00F04U028 sifar naun naun sifar ikk ikk tinn 
LOG (lattice-best-path[5.5.620~1-dce1dc]:main():lattice-best-path.cc:99) For utterance PN00F04U029, best cost 35.6604 + 1565.73 = 1601.39 over 630 frames.
PN00F04U029 tinn chhe ikk chaar athth ikk panj 
LOG (lattice-best-path[5.5.620~1-dce1dc]:main():lattice-best-path.cc:99) For utterance PN00F04U030, best cost 37.7092 + 1546.44 = 1584.15 over 630 frames.
PN00F04U030 panj naun do panj chaar ikk chhe 
LOG (lattice-best-path[5.5.620~1-dce1dc]:main():lattice-best-path.cc:99) For utterance PN00F04U031, best cost 36.6667 + 1627.56 = 1664.23 over 629 frames.
PN00F04U031 chhe panj ikk satt chhe do chhe 
LOG (lattice-best-path[5.5.620~1-dce1dc]:main():lattice-best-path.cc:99) For utterance PN00F04U032, best cost 36.5977 + 1570.49 = 1607.09 over 630 frames.
PN00F04U032 chhe tinn satt ikk athth tinn athth 
LOG (lattice-best-path[5.5.620~1-dce1dc]:main():lattice-best-path.cc:99) For utterance PN00F04U033, best cost 35.7008 + 1442.14 = 1477.85 over 630 frames.
PN00F04U033 athth naun chaar naun panj do ikk 
LOG (lattice-best-path[5.5.620~1-dce1dc]:main():lattice-best-path.cc:99) For utterance PN00F04U034, best cost 37.0909 + 1490.3 = 1527.39 over 630 frames.
PN00F04U034 ikk naun satt do satt panj tinn 
LOG (lattice-best-path[5.5.620~1-dce1dc]:main():lattice-best-path.cc:99) For utterance PN00F04U035, best cost 36.6794 + 1544.48 = 1581.16 over 630 frames.
PN00F04U035 tinn naun athth satt tinn ikk do 
LOG (lattice-best-path[5.5.620~1-dce1dc]:main():lattice-best-path.cc:99) For utterance PN00F04U036, best cost 39.7596 + 1500.83 = 1540.58 over 630 frames.
PN00F04U036 do do athth chaar do naun sifar 
LOG (lattice-best-path[5.5.620~1-dce1dc]:main():lattice-best-path.cc:99) For utterance PN00F04U037, best cost 39.2708 + 1605.21 = 1644.49 over 630 frames.
PN00F04U037 sifar ikk do tinn do tinn tinn 
LOG (lattice-best-path[5.5.620~1-dce1dc]:main():lattice-best-path.cc:99) For utterance PN00F04U038, best cost 40.5546 + 1481.13 = 1521.68 over 630 frames.
PN00F04U038 tinn chaar tinn chaar chaar panj panj 
LOG (lattice-best-path[5.5.620~1-dce1dc]:main():lattice-best-path.cc:99) For utterance PN00F04U039, best cost 38.0762 + 1596.3 = 1634.38 over 630 frames.
PN00F04U039 panj chhe chaar panj chhe chhe satt 
LOG (lattice-best-path[5.5.620~1-dce1dc]:main():lattice-best-path.cc:99) For utterance PN00F04U040, best cost 40.6656 + 1532.4 = 1573.07 over 629 frames.
PN00F04U040 satt athth chhe satt ikk do chaar 
LOG (lattice-best-path[5.5.620~1-dce1dc]:main():lattice-best-path.cc:99) For utterance PN00F04U041, best cost 39.5726 + 1605.1 = 1644.67 over 630 frames.
PN00F04U041 sifar naun sifar ikk do tinn chaar 
LOG (lattice-best-path[5.5.620~1-dce1dc]:main():lattice-best-path.cc:99) For utterance PN00F04U042, best cost 38.4095 + 1524.73 = 1563.14 over 630 frames.
PN00F04U042 chaar panj chhe satt athth naun athth 
LOG (lattice-best-path[5.5.620~1-dce1dc]:main():lattice-best-path.cc:99) For utterance PN00F04U043, best cost 38.1185 + 1550.85 = 1588.96 over 630 frames.
PN00F04U043 athth sifar do chaar chhe athth satt 
LOG (lattice-best-path[5.5.620~1-dce1dc]:main():lattice-best-path.cc:99) For utterance PN00F04U044, best cost 39.2805 + 1788.89 = 1828.17 over 630 frames.
PN00F04U044 satt sifar tinn panj satt naun chhe 
LOG (lattice-best-path[5.5.620~1-dce1dc]:main():lattice-best-path.cc:99) For utterance PN00F04U045, best cost 39.4238 + 1649.73 = 1689.16 over 630 frames.
PN00F04U045 chhe sifar chaar satt panj sifar panj 
LOG (lattice-best-path[5.5.620~1-dce1dc]:main():lattice-best-path.cc:99) For utterance PN00F04U046, best cost 39.3871 + 1581.31 = 1620.7 over 630 frames.
PN00F04U046 panj athth chaar sifar chhe naun tinn 
LOG (lattice-best-path[5.5.620~1-dce1dc]:main():lattice-best-path.cc:99) For utterance PN00F04U047, best cost 40.3931 + 1638.6 = 1679 over 630 frames.
PN00F04U047 tinn sifar satt do sifar athth ikk 
LOG (lattice-best-path[5.5.620~1-dce1dc]:main():lattice-best-path.cc:99) For utterance PN00F04U048, best cost 42.5529 + 1714.92 = 1757.48 over 630 frames.
PN00F04U048 ikk sifar sifar ikk naun ikk tinn 
LOG (lattice-best-path[5.5.620~1-dce1dc]:main():lattice-best-path.cc:99) For utterance PN00F04U049, best cost 36.0199 + 1423.99 = 1460.01 over 630 frames.
PN00F04U049 tinn chhe ikk chaar athth do panj 
LOG (lattice-best-path[5.5.620~1-dce1dc]:main():lattice-best-path.cc:99) For utterance PN00F04U050, best cost 38.1616 + 1543.25 = 1581.41 over 630 frames.
PN00F04U050 panj naun do chhe panj ikk panj 
LOG (lattice-best-path[5.5.620~1-dce1dc]:main():lattice-best-path.cc:99) For utterance PN00F04U051, best cost 36.4403 + 1562.84 = 1599.28 over 630 frames.
PN00F04U051 panj chaar ikk chhe tinn ikk satt 
LOG (lattice-best-path[5.5.620~1-dce1dc]:main():lattice-best-path.cc:99) For utterance PN00F04U052, best cost 37.2655 + 1586.01 = 1623.28 over 630 frames.
PN00F04U052 satt ikk athth tinn satt tinn athth 
LOG (lattice-best-path[5.5.620~1-dce1dc]:main():lattice-best-path.cc:99) For utterance PN00F04U053, best cost 35.443 + 1355.56 = 1391 over 630 frames.
PN00F04U053 athth naun naun chaar naun panj do 
LOG (lattice-best-path[5.5.620~1-dce1dc]:main():lattice-best-path.cc:99) For utterance PN00F04U054, best cost 37.3992 + 1455.36 = 1492.76 over 630 frames.
PN00F04U054 do satt chhe do athth panj tinn 
LOG (lattice-best-path[5.5.620~1-dce1dc]:main():lattice-best-path.cc:99) For utterance PN00F04U055, best cost 37.7754 + 1452.81 = 1490.58 over 630 frames.
PN00F04U055 tinn naun satt chaar do ikk ikk 
LOG (lattice-best-path[5.5.620~1-dce1dc]:main():lattice-best-path.cc:99) For utterance PN00F04U056, best cost 38.7257 + 1414.25 = 1452.97 over 630 frames.
PN00F04U056 ikk do naun sifar ikk do do 
LOG (lattice-best-path[5.5.620~1-dce1dc]:main():lattice-best-path.cc:99) For utterance PN00F04U057, best cost 38.7304 + 1446.89 = 1485.62 over 630 frames.
PN00F04U057 do tinn do tinn tinn chaar tinn 
LOG (lattice-best-path[5.5.620~1-dce1dc]:main():lattice-best-path.cc:99) For utterance PN00F04U058, best cost 38.7798 + 1434.38 = 1473.16 over 630 frames.
PN00F04U058 tinn chaar chaar panj panj chhe chaar 
LOG (lattice-best-path[5.5.620~1-dce1dc]:main():lattice-best-path.cc:99) For utterance PN00F04U059, best cost 41.9608 + 1603.54 = 1645.5 over 630 frames.
PN00F04U059 athth athth athth sifar sifar sifar sifar 
LOG (lattice-best-path[5.5.620~1-dce1dc]:main():lattice-best-path.cc:99) For utterance PN00F04U060, best cost 38.3728 + 1482.9 = 1521.28 over 630 frames.
PN00F04U060 athth chhe satt athth athth naun sifar 
LOG (lattice-best-path[5.5.620~1-dce1dc]:main():lattice-best-path.cc:99) For utterance PN00F04U061, best cost 35.5771 + 1486.92 = 1522.5 over 630 frames.
PN00F04U061 sifar naun naun athth satt chhe panj 
LOG (lattice-best-path[5.5.620~1-dce1dc]:main():lattice-best-path.cc:99) For utterance PN00F04U062, best cost 36.5729 + 1481.24 = 1517.82 over 629 frames.
PN00F04U062 panj chaar tinn do ikk sifar athth 
LOG (lattice-best-path[5.5.620~1-dce1dc]:main():lattice-best-path.cc:99) For utterance PN00F04U063, best cost 35.4205 + 1496.39 = 1531.81 over 630 frames.
PN00F04U063 athth naun satt panj tinn ikk satt 
LOG (lattice-best-path[5.5.620~1-dce1dc]:main():lattice-best-path.cc:99) For utterance PN00F04U064, best cost 36.0964 + 1504.78 = 1540.87 over 630 frames.
PN00F04U064 satt naun chhe chaar do sifar chhe 
LOG (lattice-best-path[5.5.620~1-dce1dc]:main():lattice-best-path.cc:99) For utterance PN00F04U065, best cost 36.9579 + 1415.26 = 1452.21 over 630 frames.
PN00F04U065 chhe naun panj do panj naun chaar 
LOG (lattice-best-path[5.5.620~1-dce1dc]:main():lattice-best-path.cc:99) For utterance PN00F04U066, best cost 37.8114 + 1527.96 = 1565.78 over 630 frames.
PN00F04U066 chaar ikk chaar naun tinn sifar tinn 
LOG (lattice-best-path[5.5.620~1-dce1dc]:main():lattice-best-path.cc:99) For utterance PN00F04U067, best cost 36.5815 + 1314.46 = 1351.05 over 630 frames.
PN00F04U067 tinn naun do do naun ikk ikk 
LOG (lattice-best-path[5.5.620~1-dce1dc]:main():lattice-best-path.cc:99) For utterance PN00F04U068, best cost 39.0632 + 1587.72 = 1626.78 over 630 frames.
PN00F04U068 ikk naun sifar sifar satt chaar sifar 
LOG (lattice-best-path[5.5.620~1-dce1dc]:main():lattice-best-path.cc:99) For utterance PN00F04U069, best cost 48.8916 + 1569.59 = 1618.48 over 630 frames.
PN00F04U069 sifar ikk athth chhe tinn athth athth 
LOG (lattice-best-path[5.5.620~1-dce1dc]:main():lattice-best-path.cc:99) For utterance PN00F04U070, best cost 36.0733 + 1401.5 = 1437.57 over 629 frames.
PN00F04U070 athth panj ikk chhe do chhe athth 
LOG (lattice-best-path[5.5.620~1-dce1dc]:main():lattice-best-path.cc:99) For utterance PN00F04U071, best cost 40.6633 + 1561.96 = 1602.62 over 629 frames.
PN00F04U071 athth chaar panj athth tinn chaar athth 
LOG (lattice-best-path[5.5.620~1-dce1dc]:main():lattice-best-path.cc:99) For utterance PN00F04U072, best cost 36.6315 + 1432.03 = 1468.66 over 630 frames.
PN00F04U072 athth do tinn satt tinn chhe ikk 
LOG (lattice-best-path[5.5.620~1-dce1dc]:main():lattice-best-path.cc:99) For utterance PN00F04U073, best cost 40.1525 + 1586.45 = 1626.6 over 630 frames.
PN00F04U073 ikk panj sifar panj chhe satt do 
LOG (lattice-best-path[5.5.620~1-dce1dc]:main():lattice-best-path.cc:99) For utterance PN00F04U074, best cost 41.2077 + 1507.06 = 1548.27 over 629 frames.
PN00F04U074 do athth ikk tinn panj panj satt 
LOG (lattice-best-path[5.5.620~1-dce1dc]:main():lattice-best-path.cc:99) For utterance PN00F04U075, best cost 38.2279 + 1514.77 = 1553 over 630 frames.
PN00F04U075 satt ikk do satt sifar do chaar 
LOG (lattice-best-path[5.5.620~1-dce1dc]:main():lattice-best-path.cc:99) For utterance PN00F04U076, best cost 37.8252 + 1421.96 = 1459.78 over 630 frames.
PN00F04U076 chaar satt athth sifar ikk do tinn 
LOG (lattice-best-path[5.5.620~1-dce1dc]:main():lattice-best-path.cc:99) For utterance PN00F04U077, best cost 37.7657 + 1510.84 = 1548.61 over 630 frames.
PN00F04U077 tinn tinn chaar chhe sifar chaar chaar 
LOG (lattice-best-path[5.5.620~1-dce1dc]:main():lattice-best-path.cc:99) For utterance PN00F04U078, best cost 37.847 + 1558.29 = 1596.13 over 630 frames.
PN00F04U078 chaar panj chhe chhe satt satt athth 
LOG (lattice-best-path[5.5.620~1-dce1dc]:main():lattice-best-path.cc:99) For utterance PN00F04U079, best cost 36.9366 + 1378.18 = 1415.11 over 630 frames.
PN00F04U079 naun naun ikk tinn panj satt naun 
LOG (lattice-best-path[5.5.620~1-dce1dc]:main():lattice-best-path.cc:99) For utterance PN00F04U080, best cost 39.9967 + 1411.03 = 1451.03 over 630 frames.
PN00F04U080 do chhe naun ikk do chaar tinn 
LOG (lattice-best-path[5.5.620~1-dce1dc]:main():lattice-best-path.cc:99) For utterance PN00M01U001, best cost 41.2839 + 1823.34 = 1864.63 over 630 frames.
PN00M01U001 sifar sifar naun athth satt chhe panj 
LOG (lattice-best-path[5.5.620~1-dce1dc]:main():lattice-best-path.cc:99) For utterance PN00M01U002, best cost 38.1135 + 1614 = 1652.12 over 630 frames.
PN00M01U002 panj chaar tinn do ikk sifar ikk 
LOG (lattice-best-path[5.5.620~1-dce1dc]:main():lattice-best-path.cc:99) For utterance PN00M01U003, best cost 36.9282 + 1628.36 = 1665.29 over 630 frames.
PN00M01U003 ikk naun satt panj tinn ikk do 
LOG (lattice-best-path[5.5.620~1-dce1dc]:main():lattice-best-path.cc:99) For utterance PN00M01U004, best cost 37.3736 + 1494.88 = 1532.25 over 630 frames.
PN00M01U004 do naun chhe chaar do sifar tinn 
LOG (lattice-best-path[5.5.620~1-dce1dc]:main():lattice-best-path.cc:99) For utterance PN00M01U005, best cost 37.9347 + 1458.3 = 1496.24 over 630 frames.
PN00M01U005 tinn naun panj do chaar naun chaar 
LOG (lattice-best-path[5.5.620~1-dce1dc]:main():lattice-best-path.cc:99) For utterance PN00M01U006, best cost 38.9204 + 1557.54 = 1596.46 over 630 frames.
PN00M01U006 chaar ikk panj naun tinn sifar chhe 
LOG (lattice-best-path[5.5.620~1-dce1dc]:main():lattice-best-path.cc:99) For utterance PN00M01U007, best cost 39.5489 + 1657.34 = 1696.89 over 629 frames.
PN00M01U007 chhe naun do satt naun ikk athth 
LOG (lattice-best-path[5.5.620~1-dce1dc]:main():lattice-best-path.cc:99) For utterance PN00M01U008, best cost 39.7282 + 1664.68 = 1704.41 over 630 frames.
PN00M01U008 athth naun sifar athth chhe tinn chaar 
LOG (lattice-best-path[5.5.620~1-dce1dc]:main():lattice-best-path.cc:99) For utterance PN00M01U009, best cost 40.9521 + 1764.05 = 1805 over 630 frames.
PN00M01U009 chaar sifar satt chaar athth panj ikk 
LOG (lattice-best-path[5.5.620~1-dce1dc]:main():lattice-best-path.cc:99) For utterance PN00M01U010, best cost 41.1492 + 1696.75 = 1737.9 over 630 frames.
PN00M01U010 ikk satt tinn tinn athth chaar chaar 
LOG (lattice-best-path[5.5.620~1-dce1dc]:main():lattice-best-path.cc:99) For utterance PN00M01U011, best cost 45.9017 + 1667.1 = 1713.01 over 577 frames.
PN00M01U011 chaar satt do panj athth tinn chhe 
LOG (lattice-best-path[5.5.620~1-dce1dc]:main():lattice-best-path.cc:99) For utterance PN00M01U012, best cost 35.614 + 1775.06 = 1810.67 over 630 frames.
PN00M01U012 chhe athth do athth ikk chhe do 
LOG (lattice-best-path[5.5.620~1-dce1dc]:main():lattice-best-path.cc:99) For utterance PN00M01U013, best cost 40.9446 + 1816.68 = 1857.63 over 630 frames.
PN00M01U013 do chhe ikk do tinn satt ikk 
LOG (lattice-best-path[5.5.620~1-dce1dc]:main():lattice-best-path.cc:99) For utterance PN00M01U014, best cost 39.63 + 1845.98 = 1885.61 over 630 frames.
PN00M01U014 ikk chaar chhe sifar chaar panj sifar 
LOG (lattice-best-path[5.5.620~1-dce1dc]:main():lattice-best-path.cc:99) For utterance PN00M01U015, best cost 42.0831 + 1792.43 = 1834.51 over 630 frames.
PN00M01U015 sifar panj satt sifar do do tinn 
LOG (lattice-best-path[5.5.620~1-dce1dc]:main():lattice-best-path.cc:99) For utterance PN00M01U016, best cost 39.5387 + 1734.48 = 1774.01 over 630 frames.
PN00M01U016 tinn panj chhe satt athth sifar ikk 
LOG (lattice-best-path[5.5.620~1-dce1dc]:main():lattice-best-path.cc:99) For utterance PN00M01U017, best cost 39.6565 + 1693 = 1732.66 over 630 frames.
PN00M01U017 ikk tinn chaar panj panj chhe chhe 
LOG (lattice-best-path[5.5.620~1-dce1dc]:main():lattice-best-path.cc:99) For utterance PN00M01U018, best cost 36.7223 + 1643.6 = 1680.32 over 630 frames.
PN00M01U018 chhe satt satt athth athth naun naun 
LOG (lattice-best-path[5.5.620~1-dce1dc]:main():lattice-best-path.cc:99) For utterance PN00M01U019, best cost 40.6552 + 1752.44 = 1793.1 over 630 frames.
PN00M01U019 naun sifar ikk ikk do ikk satt 
LOG (lattice-best-path[5.5.620~1-dce1dc]:main():lattice-best-path.cc:99) For utterance PN00M01U020, best cost 36.868 + 1738.54 = 1775.41 over 630 frames.
PN00M01U020 satt naun ikk tinn panj satt naun 
LOG (lattice-best-path[5.5.620~1-dce1dc]:main():lattice-best-path.cc:99) For utterance PN00M01U021, best cost 40.6926 + 1835.37 = 1876.06 over 630 frames.
PN00M01U021 sifar sifar ikk do tinn chaar panj 
LOG (lattice-best-path[5.5.620~1-dce1dc]:main():lattice-best-path.cc:99) For utterance PN00M01U022, best cost 42.1714 + 1728.09 = 1770.26 over 655 frames.
PN00M01U022 panj chhe satt athth naun ikk sifar 
LOG (lattice-best-path[5.5.620~1-dce1dc]:main():lattice-best-path.cc:99) For utterance PN00M01U023, best cost 37.9518 + 1701.21 = 1739.16 over 629 frames.
PN00M01U023 sifar do chaar chhe athth do sifar 
LOG (lattice-best-path[5.5.620~1-dce1dc]:main():lattice-best-path.cc:99) For utterance PN00M01U024, best cost 40.2978 + 1772.82 = 1813.12 over 630 frames.
PN00M01U024 sifar tinn panj satt naun tinn sifar 
LOG (lattice-best-path[5.5.620~1-dce1dc]:main():lattice-best-path.cc:99) For utterance PN00M01U025, best cost 43.2298 + 1887.54 = 1930.77 over 630 frames.
PN00M01U025 sifar chaar satt chaar sifar panj athth 
LOG (lattice-best-path[5.5.620~1-dce1dc]:main():lattice-best-path.cc:99) For utterance PN00M01U026, best cost 40.642 + 1710.53 = 1751.17 over 630 frames.
PN00M01U026 athth panj sifar chhe naun chhe sifar 
LOG (lattice-best-path[5.5.620~1-dce1dc]:main():lattice-best-path.cc:99) For utterance PN00M01U027, best cost 42.6143 + 1730.97 = 1773.59 over 630 frames.
PN00M01U027 sifar satt satt sifar athth athth sifar 
LOG (lattice-best-path[5.5.620~1-dce1dc]:main():lattice-best-path.cc:99) For utterance PN00M01U028, best cost 39.268 + 1689.85 = 1729.12 over 629 frames.
PN00M01U028 sifar naun naun sifar ikk ikk tinn 
LOG (lattice-best-path[5.5.620~1-dce1dc]:main():lattice-best-path.cc:99) For utterance PN00M01U029, best cost 36.6859 + 1716.74 = 1753.42 over 630 frames.
PN00M01U029 tinn chhe ikk chaar athth ikk panj 
LOG (lattice-best-path[5.5.620~1-dce1dc]:main():lattice-best-path.cc:99) For utterance PN00M01U030, best cost 37.5922 + 1667.48 = 1705.08 over 630 frames.
PN00M01U030 panj naun do panj chaar ikk chhe 
LOG (lattice-best-path[5.5.620~1-dce1dc]:main():lattice-best-path.cc:99) For utterance PN00M01U031, best cost 36.7931 + 1619.99 = 1656.78 over 629 frames.
PN00M01U031 chhe panj ikk satt chhe do chhe 
LOG (lattice-best-path[5.5.620~1-dce1dc]:main():lattice-best-path.cc:99) For utterance PN00M01U032, best cost 39.8702 + 1696.29 = 1736.16 over 629 frames.
PN00M01U032 chhe tinn satt ikk athth tinn athth 
LOG (lattice-best-path[5.5.620~1-dce1dc]:main():lattice-best-path.cc:99) For utterance PN00M01U033, best cost 36.0752 + 1628.88 = 1664.96 over 656 frames.
PN00M01U033 athth naun chaar naun panj do ikk 
LOG (lattice-best-path[5.5.620~1-dce1dc]:main():lattice-best-path.cc:99) For utterance PN00M01U034, best cost 39.0367 + 1571.73 = 1610.77 over 630 frames.
PN00M01U034 ikk naun satt do satt panj tinn 
LOG (lattice-best-path[5.5.620~1-dce1dc]:main():lattice-best-path.cc:99) For utterance PN00M01U035, best cost 39.9523 + 1596.48 = 1636.43 over 630 frames.
PN00M01U035 tinn naun athth satt tinn ikk do 
LOG (lattice-best-path[5.5.620~1-dce1dc]:main():lattice-best-path.cc:99) For utterance PN00M01U036, best cost 40.7163 + 1684.42 = 1725.13 over 630 frames.
PN00M01U036 do do athth chaar do naun sifar 
LOG (lattice-best-path[5.5.620~1-dce1dc]:main():lattice-best-path.cc:99) For utterance PN00M01U037, best cost 40.5437 + 1674.59 = 1715.14 over 630 frames.
PN00M01U037 sifar ikk do tinn do tinn tinn 
LOG (lattice-best-path[5.5.620~1-dce1dc]:main():lattice-best-path.cc:99) For utterance PN00M01U038, best cost 41.4338 + 1635.6 = 1677.03 over 629 frames.
PN00M01U038 tinn chaar tinn chaar chaar panj panj 
LOG (lattice-best-path[5.5.620~1-dce1dc]:main():lattice-best-path.cc:99) For utterance PN00M01U039, best cost 42.0182 + 1683.12 = 1725.14 over 630 frames.
PN00M01U039 panj chhe chaar panj chhe chhe satt 
LOG (lattice-best-path[5.5.620~1-dce1dc]:main():lattice-best-path.cc:99) For utterance PN00M01U040, best cost 41.459 + 1665.23 = 1706.68 over 630 frames.
PN00M01U040 satt athth chhe satt ikk do chaar 
LOG (lattice-best-path[5.5.620~1-dce1dc]:main():lattice-best-path.cc:99) For utterance PN00M01U041, best cost 41.7585 + 1690.15 = 1731.91 over 630 frames.
PN00M01U041 sifar naun sifar ikk do tinn chaar 
LOG (lattice-best-path[5.5.620~1-dce1dc]:main():lattice-best-path.cc:99) For utterance PN00M01U042, best cost 42.2136 + 1680.27 = 1722.48 over 630 frames.
PN00M01U042 chaar panj chhe satt athth naun athth 
LOG (lattice-best-path[5.5.620~1-dce1dc]:main():lattice-best-path.cc:99) For utterance PN00M01U043, best cost 40.3613 + 1790.67 = 1831.03 over 629 frames.
PN00M01U043 athth sifar do chaar chhe athth satt 
LOG (lattice-best-path[5.5.620~1-dce1dc]:main():lattice-best-path.cc:99) For utterance PN00M01U044, best cost 42.1912 + 1829.5 = 1871.69 over 656 frames.
PN00M01U044 satt sifar tinn panj satt naun chhe 
LOG (lattice-best-path[5.5.620~1-dce1dc]:main():lattice-best-path.cc:99) For utterance PN00M01U045, best cost 40.1925 + 1791.62 = 1831.81 over 630 frames.
PN00M01U045 chhe sifar chaar satt panj sifar panj 
LOG (lattice-best-path[5.5.620~1-dce1dc]:main():lattice-best-path.cc:99) For utterance PN00M01U046, best cost 41.1112 + 1715.78 = 1756.89 over 630 frames.
PN00M01U046 panj athth chaar sifar chhe naun tinn 
LOG (lattice-best-path[5.5.620~1-dce1dc]:main():lattice-best-path.cc:99) For utterance PN00M01U047, best cost 44.8287 + 1799.28 = 1844.11 over 630 frames.
PN00M01U047 tinn sifar satt do sifar athth ikk 
LOG (lattice-best-path[5.5.620~1-dce1dc]:main():lattice-best-path.cc:99) For utterance PN00M01U048, best cost 44.6467 + 1781.09 = 1825.74 over 630 frames.
PN00M01U048 ikk sifar sifar ikk naun ikk tinn 
LOG (lattice-best-path[5.5.620~1-dce1dc]:main():lattice-best-path.cc:99) For utterance PN00M01U049, best cost 39.0957 + 1661.94 = 1701.04 over 630 frames.
PN00M01U049 tinn chhe ikk chaar athth do panj 
LOG (lattice-best-path[5.5.620~1-dce1dc]:main():lattice-best-path.cc:99) For utterance PN00M01U050, best cost 38.3824 + 1588.1 = 1626.49 over 630 frames.
PN00M01U050 panj naun do chhe panj ikk panj 
LOG (lattice-best-path[5.5.620~1-dce1dc]:main():lattice-best-path.cc:99) For utterance PN00M01U051, best cost 38.0687 + 1718.43 = 1756.5 over 629 frames.
PN00M01U051 panj chaar ikk chhe tinn ikk satt 
LOG (lattice-best-path[5.5.620~1-dce1dc]:main():lattice-best-path.cc:99) For utterance PN00M01U052, best cost 40.3139 + 1763.42 = 1803.74 over 630 frames.
PN00M01U052 satt ikk athth tinn satt tinn athth 
LOG (lattice-best-path[5.5.620~1-dce1dc]:main():lattice-best-path.cc:99) For utterance PN00M01U053, best cost 35.7352 + 1590.23 = 1625.96 over 629 frames.
PN00M01U053 athth naun naun chaar naun panj do 
LOG (lattice-best-path[5.5.620~1-dce1dc]:main():lattice-best-path.cc:99) For utterance PN00M01U054, best cost 38.6307 + 1724.43 = 1763.06 over 629 frames.
PN00M01U054 do satt chhe do athth panj tinn 
LOG (lattice-best-path[5.5.620~1-dce1dc]:main():lattice-best-path.cc:99) For utterance PN00M01U055, best cost 40.3812 + 1785.46 = 1825.84 over 629 frames.
PN00M01U055 tinn naun satt chaar do ikk ikk 
LOG (lattice-best-path[5.5.620~1-dce1dc]:main():lattice-best-path.cc:99) For utterance PN00M01U056, best cost 39.8866 + 1643.31 = 1683.19 over 630 frames.
PN00M01U056 ikk do naun sifar ikk do do 
LOG (lattice-best-path[5.5.620~1-dce1dc]:main():lattice-best-path.cc:99) For utterance PN00M01U057, best cost 43.6888 + 1507.59 = 1551.27 over 630 frames.
PN00M01U057 do tinn do tinn tinn chaar tinn 
LOG (lattice-best-path[5.5.620~1-dce1dc]:main():lattice-best-path.cc:99) For utterance PN00M01U058, best cost 41.9013 + 1624.03 = 1665.94 over 656 frames.
PN00M01U058 tinn chaar chaar panj panj chhe chaar 
LOG (lattice-best-path[5.5.620~1-dce1dc]:main():lattice-best-path.cc:99) For utterance PN00M01U059, best cost 44.1383 + 1923.92 = 1968.06 over 630 frames.
PN00M01U059 athth athth athth sifar sifar sifar sifar 
LOG (lattice-best-path[5.5.620~1-dce1dc]:main():lattice-best-path.cc:99) For utterance PN00M01U060, best cost 38.7554 + 1764.65 = 1803.4 over 630 frames.
PN00M01U060 athth chhe satt athth athth naun sifar 
LOG (lattice-best-path[5.5.620~1-dce1dc]:main():lattice-best-path.cc:99) For utterance PN00M01U061, best cost 36.4704 + 1661.73 = 1698.2 over 630 frames.
PN00M01U061 sifar naun naun athth satt chhe panj 
LOG (lattice-best-path[5.5.620~1-dce1dc]:main():lattice-best-path.cc:99) For utterance PN00M01U062, best cost 37.3137 + 1631.3 = 1668.61 over 630 frames.
PN00M01U062 panj chaar tinn do ikk sifar athth 
LOG (lattice-best-path[5.5.620~1-dce1dc]:main():lattice-best-path.cc:99) For utterance PN00M01U063, best cost 36.4853 + 1616.25 = 1652.73 over 630 frames.
PN00M01U063 athth naun satt panj tinn ikk satt 
LOG (lattice-best-path[5.5.620~1-dce1dc]:main():lattice-best-path.cc:99) For utterance PN00M01U064, best cost 36.7747 + 1602.84 = 1639.62 over 630 frames.
PN00M01U064 satt naun chhe chaar do sifar chhe 
LOG (lattice-best-path[5.5.620~1-dce1dc]:main():lattice-best-path.cc:99) For utterance PN00M01U065, best cost 37.0383 + 1476.91 = 1513.95 over 629 frames.
PN00M01U065 chhe naun panj do panj naun chaar 
LOG (lattice-best-path[5.5.620~1-dce1dc]:main():lattice-best-path.cc:99) For utterance PN00M01U066, best cost 41.8985 + 1577.54 = 1619.44 over 630 frames.
PN00M01U066 chaar ikk chaar naun tinn sifar tinn 
LOG (lattice-best-path[5.5.620~1-dce1dc]:main():lattice-best-path.cc:99) For utterance PN00M01U067, best cost 40.2629 + 1546.88 = 1587.14 over 630 frames.
PN00M01U067 tinn naun do do naun ikk ikk 
LOG (lattice-best-path[5.5.620~1-dce1dc]:main():lattice-best-path.cc:99) For utterance PN00M01U068, best cost 41.5996 + 1763.71 = 1805.31 over 630 frames.
PN00M01U068 ikk naun sifar sifar satt chaar sifar 
LOG (lattice-best-path[5.5.620~1-dce1dc]:main():lattice-best-path.cc:99) For utterance PN00M01U069, best cost 51.3725 + 1724.27 = 1775.64 over 630 frames.
PN00M01U069 sifar ikk athth chhe tinn athth athth 
LOG (lattice-best-path[5.5.620~1-dce1dc]:main():lattice-best-path.cc:99) For utterance PN00M01U070, best cost 38.6048 + 1638.63 = 1677.23 over 630 frames.
PN00M01U070 athth panj ikk chhe do chhe athth 
LOG (lattice-best-path[5.5.620~1-dce1dc]:main():lattice-best-path.cc:99) For utterance PN00M01U071, best cost 43.1519 + 1677.4 = 1720.55 over 630 frames.
PN00M01U071 athth chaar panj athth tinn chaar athth 
LOG (lattice-best-path[5.5.620~1-dce1dc]:main():lattice-best-path.cc:99) For utterance PN00M01U072, best cost 38.515 + 1630.27 = 1668.79 over 630 frames.
PN00M01U072 athth do tinn satt tinn chhe ikk 
LOG (lattice-best-path[5.5.620~1-dce1dc]:main():lattice-best-path.cc:99) For utterance PN00M01U073, best cost 40.3652 + 1662.52 = 1702.88 over 630 frames.
PN00M01U073 ikk panj sifar panj chhe satt do 
LOG (lattice-best-path[5.5.620~1-dce1dc]:main():lattice-best-path.cc:99) For utterance PN00M01U074, best cost 42.7199 + 1633.75 = 1676.47 over 629 frames.
PN00M01U074 do athth ikk tinn panj panj satt 
LOG (lattice-best-path[5.5.620~1-dce1dc]:main():lattice-best-path.cc:99) For utterance PN00M01U075, best cost 42.3623 + 1719.04 = 1761.4 over 629 frames.
PN00M01U075 satt ikk do satt sifar do chaar 
LOG (lattice-best-path[5.5.620~1-dce1dc]:main():lattice-best-path.cc:99) For utterance PN00M01U076, best cost 41.9242 + 1664.95 = 1706.88 over 630 frames.
PN00M01U076 chaar satt athth sifar ikk do tinn 
LOG (lattice-best-path[5.5.620~1-dce1dc]:main():lattice-best-path.cc:99) For utterance PN00M01U077, best cost 42.3508 + 1574.42 = 1616.77 over 630 frames.
PN00M01U077 tinn tinn chaar chhe sifar chaar chaar 
LOG (lattice-best-path[5.5.620~1-dce1dc]:main():lattice-best-path.cc:99) For utterance PN00M01U078, best cost 41.8831 + 1660.45 = 1702.33 over 630 frames.
PN00M01U078 chaar panj chhe chhe satt satt athth 
LOG (lattice-best-path[5.5.620~1-dce1dc]:main():lattice-best-path.cc:99) For utterance PN00M01U079, best cost 40.5854 + 1569.41 = 1609.99 over 629 frames.
PN00M01U079 naun naun ikk tinn panj satt naun 
LOG (lattice-best-path[5.5.620~1-dce1dc]:main():lattice-best-path.cc:99) For utterance PN00M01U080, best cost 43.343 + 1578.44 = 1621.78 over 630 frames.
PN00M01U080 do chhe naun ikk do chaar tinn 
LOG (lattice-best-path[5.5.620~1-dce1dc]:main():lattice-best-path.cc:99) For utterance PN00M03U001, best cost 36.9036 + 1665.02 = 1701.92 over 629 frames.
PN00M03U001 sifar sifar naun athth satt chhe panj 
LOG (lattice-best-path[5.5.620~1-dce1dc]:main():lattice-best-path.cc:99) For utterance PN00M03U002, best cost 36.2991 + 1619.59 = 1655.89 over 630 frames.
PN00M03U002 panj chaar tinn do ikk sifar ikk 
LOG (lattice-best-path[5.5.620~1-dce1dc]:main():lattice-best-path.cc:99) For utterance PN00M03U003, best cost 34.2806 + 1517.36 = 1551.64 over 630 frames.
PN00M03U003 ikk naun satt panj tinn ikk do 
LOG (lattice-best-path[5.5.620~1-dce1dc]:main():lattice-best-path.cc:99) For utterance PN00M03U004, best cost 37.1256 + 1575.61 = 1612.74 over 630 frames.
PN00M03U004 do naun chhe chaar do sifar tinn 
LOG (lattice-best-path[5.5.620~1-dce1dc]:main():lattice-best-path.cc:99) For utterance PN00M03U005, best cost 37.8971 + 1540.89 = 1578.79 over 629 frames.
PN00M03U005 tinn naun panj do chaar naun chaar 
LOG (lattice-best-path[5.5.620~1-dce1dc]:main():lattice-best-path.cc:99) For utterance PN00M03U006, best cost 36.8802 + 1519.34 = 1556.22 over 630 frames.
PN00M03U006 chaar ikk panj naun tinn sifar chhe 
LOG (lattice-best-path[5.5.620~1-dce1dc]:main():lattice-best-path.cc:99) For utterance PN00M03U007, best cost 37.6215 + 1539.71 = 1577.33 over 630 frames.
PN00M03U007 chhe naun do satt naun ikk athth 
LOG (lattice-best-path[5.5.620~1-dce1dc]:main():lattice-best-path.cc:99) For utterance PN00M03U008, best cost 38.7152 + 1624.14 = 1662.86 over 630 frames.
PN00M03U008 athth naun sifar athth chhe tinn chaar 
LOG (lattice-best-path[5.5.620~1-dce1dc]:main():lattice-best-path.cc:99) For utterance PN00M03U009, best cost 38.6034 + 1630.12 = 1668.73 over 630 frames.
PN00M03U009 chaar sifar satt chaar athth panj ikk 
LOG (lattice-best-path[5.5.620~1-dce1dc]:main():lattice-best-path.cc:99) For utterance PN00M03U010, best cost 38.9113 + 1596.94 = 1635.85 over 630 frames.
PN00M03U010 ikk satt tinn tinn athth chaar chaar 
LOG (lattice-best-path[5.5.620~1-dce1dc]:main():lattice-best-path.cc:99) For utterance PN00M03U011, best cost 40.4652 + 1666.41 = 1706.88 over 630 frames.
PN00M03U011 chhe satt do panj athth tinn chhe 
LOG (lattice-best-path[5.5.620~1-dce1dc]:main():lattice-best-path.cc:99) For utterance PN00M03U012, best cost 35.3573 + 1502.86 = 1538.22 over 630 frames.
PN00M03U012 chhe athth do athth ikk chhe do 
LOG (lattice-best-path[5.5.620~1-dce1dc]:main():lattice-best-path.cc:99) For utterance PN00M03U013, best cost 37.3423 + 1461.39 = 1498.74 over 630 frames.
PN00M03U013 do chhe ikk do tinn satt ikk 
LOG (lattice-best-path[5.5.620~1-dce1dc]:main():lattice-best-path.cc:99) For utterance PN00M03U014, best cost 39.5628 + 1535.8 = 1575.37 over 630 frames.
PN00M03U014 ikk chaar chhe sifar chaar panj sifar 
LOG (lattice-best-path[5.5.620~1-dce1dc]:main():lattice-best-path.cc:99) For utterance PN00M03U015, best cost 40.8067 + 1558.24 = 1599.04 over 630 frames.
PN00M03U015 sifar panj satt sifar do do tinn 
LOG (lattice-best-path[5.5.620~1-dce1dc]:main():lattice-best-path.cc:99) For utterance PN00M03U016, best cost 39.0994 + 1539.89 = 1578.99 over 630 frames.
PN00M03U016 tinn panj chhe satt athth sifar ikk 
LOG (lattice-best-path[5.5.620~1-dce1dc]:main():lattice-best-path.cc:99) For utterance PN00M03U017, best cost 40.3957 + 1486.13 = 1526.53 over 630 frames.
PN00M03U017 ikk tinn chaar panj panj chhe chhe 
LOG (lattice-best-path[5.5.620~1-dce1dc]:main():lattice-best-path.cc:99) For utterance PN00M03U018, best cost 37.5883 + 1478.42 = 1516.01 over 630 frames.
PN00M03U018 chhe satt satt athth athth naun naun 
LOG (lattice-best-path[5.5.620~1-dce1dc]:main():lattice-best-path.cc:99) For utterance PN00M03U019, best cost 38.7037 + 1458.31 = 1497.01 over 629 frames.
PN00M03U019 naun sifar ikk ikk do ikk satt 
LOG (lattice-best-path[5.5.620~1-dce1dc]:main():lattice-best-path.cc:99) For utterance PN00M03U020, best cost 35.9083 + 1502.63 = 1538.54 over 630 frames.
PN00M03U020 satt naun ikk tinn panj satt naun 
LOG (lattice-best-path[5.5.620~1-dce1dc]:main():lattice-best-path.cc:99) For utterance PN00M03U021, best cost 43.3925 + 1782.29 = 1825.68 over 630 frames.
PN00M03U021 sifar sifar ikk do tinn chaar panj 
LOG (lattice-best-path[5.5.620~1-dce1dc]:main():lattice-best-path.cc:99) For utterance PN00M03U022, best cost 39.5339 + 1632.52 = 1672.05 over 630 frames.
PN00M03U022 panj chhe satt athth naun ikk sifar 
LOG (lattice-best-path[5.5.620~1-dce1dc]:main():lattice-best-path.cc:99) For utterance PN00M03U023, best cost 37.9496 + 1631.19 = 1669.14 over 629 frames.
PN00M03U023 sifar do chaar chhe athth do sifar 
LOG (lattice-best-path[5.5.620~1-dce1dc]:main():lattice-best-path.cc:99) For utterance PN00M03U024, best cost 39.5828 + 1598.12 = 1637.7 over 630 frames.
PN00M03U024 sifar tinn panj satt naun tinn sifar 
LOG (lattice-best-path[5.5.620~1-dce1dc]:main():lattice-best-path.cc:99) For utterance PN00M03U025, best cost 42.2638 + 1590.43 = 1632.69 over 630 frames.
PN00M03U025 sifar chaar satt chaar sifar panj athth 
LOG (lattice-best-path[5.5.620~1-dce1dc]:main():lattice-best-path.cc:99) For utterance PN00M03U026, best cost 39.732 + 1635.36 = 1675.09 over 629 frames.
PN00M03U026 athth panj sifar chhe naun chhe sifar 
LOG (lattice-best-path[5.5.620~1-dce1dc]:main():lattice-best-path.cc:99) For utterance PN00M03U027, best cost 40.4698 + 1625.43 = 1665.9 over 629 frames.
PN00M03U027 sifar satt satt sifar athth athth sifar 
LOG (lattice-best-path[5.5.620~1-dce1dc]:main():lattice-best-path.cc:99) For utterance PN00M03U028, best cost 38.1504 + 1531.49 = 1569.64 over 630 frames.
PN00M03U028 sifar naun naun sifar ikk ikk tinn 
LOG (lattice-best-path[5.5.620~1-dce1dc]:main():lattice-best-path.cc:99) For utterance PN00M03U029, best cost 35.9846 + 1465.51 = 1501.5 over 630 frames.
PN00M03U029 tinn chhe ikk chaar athth ikk panj 
LOG (lattice-best-path[5.5.620~1-dce1dc]:main():lattice-best-path.cc:99) For utterance PN00M03U030, best cost 36.5094 + 1470.38 = 1506.89 over 630 frames.
PN00M03U030 panj naun do panj chaar ikk chhe 
LOG (lattice-best-path[5.5.620~1-dce1dc]:main():lattice-best-path.cc:99) For utterance PN00M03U031, best cost 36.1489 + 1476.6 = 1512.75 over 629 frames.
PN00M03U031 chhe panj ikk satt chhe do chhe 
LOG (lattice-best-path[5.5.620~1-dce1dc]:main():lattice-best-path.cc:99) For utterance PN00M03U032, best cost 36.9447 + 1589.93 = 1626.87 over 629 frames.
PN00M03U032 chhe tinn satt ikk athth tinn athth 
LOG (lattice-best-path[5.5.620~1-dce1dc]:main():lattice-best-path.cc:99) For utterance PN00M03U033, best cost 36.6773 + 1527.39 = 1564.07 over 630 frames.
PN00M03U033 athth naun chaar naun panj do ikk 
LOG (lattice-best-path[5.5.620~1-dce1dc]:main():lattice-best-path.cc:99) For utterance PN00M03U034, best cost 36.0347 + 1425.4 = 1461.43 over 630 frames.
PN00M03U034 ikk naun satt do satt panj tinn 
LOG (lattice-best-path[5.5.620~1-dce1dc]:main():lattice-best-path.cc:99) For utterance PN00M03U035, best cost 35.3548 + 1441.9 = 1477.25 over 630 frames.
PN00M03U035 tinn naun athth satt tinn ikk do 
LOG (lattice-best-path[5.5.620~1-dce1dc]:main():lattice-best-path.cc:99) For utterance PN00M03U036, best cost 39.2481 + 1568.83 = 1608.08 over 629 frames.
PN00M03U036 do do athth chaar do naun sifar 
LOG (lattice-best-path[5.5.620~1-dce1dc]:main():lattice-best-path.cc:99) For utterance PN00M03U037, best cost 39.5892 + 1531.02 = 1570.61 over 629 frames.
PN00M03U037 sifar ikk do tinn do tinn tinn 
LOG (lattice-best-path[5.5.620~1-dce1dc]:main():lattice-best-path.cc:99) For utterance PN00M03U038, best cost 42.2195 + 1946.9 = 1989.12 over 630 frames.
PN00M03U038 tinn chaar tinn chaar chaar panj panj 
LOG (lattice-best-path[5.5.620~1-dce1dc]:main():lattice-best-path.cc:99) For utterance PN00M03U039, best cost 38.4502 + 1514.64 = 1553.09 over 630 frames.
PN00M03U039 panj chhe chaar panj chhe chhe satt 
LOG (lattice-best-path[5.5.620~1-dce1dc]:main():lattice-best-path.cc:99) For utterance PN00M03U040, best cost 40.0203 + 1531.26 = 1571.28 over 630 frames.
PN00M03U040 satt athth chhe satt ikk do chaar 
LOG (lattice-best-path[5.5.620~1-dce1dc]:main():lattice-best-path.cc:99) For utterance PN00M03U041, best cost 38.536 + 1646.53 = 1685.07 over 629 frames.
PN00M03U041 sifar naun sifar ikk do tinn chaar 
LOG (lattice-best-path[5.5.620~1-dce1dc]:main():lattice-best-path.cc:99) For utterance PN00M03U042, best cost 39.8219 + 1542.39 = 1582.21 over 630 frames.
PN00M03U042 chaar panj chhe satt athth naun athth 
LOG (lattice-best-path[5.5.620~1-dce1dc]:main():lattice-best-path.cc:99) For utterance PN00M03U043, best cost 37.3888 + 1619.48 = 1656.87 over 629 frames.
PN00M03U043 athth sifar do chaar chhe athth satt 
LOG (lattice-best-path[5.5.620~1-dce1dc]:main():lattice-best-path.cc:99) For utterance PN00M03U044, best cost 38.1327 + 1524.83 = 1562.96 over 629 frames.
PN00M03U044 satt sifar tinn panj satt naun chhe 
LOG (lattice-best-path[5.5.620~1-dce1dc]:main():lattice-best-path.cc:99) For utterance PN00M03U045, best cost 37.872 + 1559.62 = 1597.49 over 630 frames.
PN00M03U045 chhe sifar chaar satt panj sifar panj 
LOG (lattice-best-path[5.5.620~1-dce1dc]:main():lattice-best-path.cc:99) For utterance PN00M03U046, best cost 38.7823 + 1438.53 = 1477.31 over 629 frames.
PN00M03U046 panj athth chaar sifar chhe naun tinn 
LOG (lattice-scale[5.5.620~1-dce1dc]:main():lattice-scale.cc:107) Done 320 lattices.
LOG (lattice-best-path[5.5.620~1-dce1dc]:main():lattice-best-path.cc:99) For utterance PN00M03U047, best cost 40.1732 + 1526.12 = 1566.29 over 630 frames.
PN00M03U047 tinn sifar satt do sifar athth ikk 
LOG (lattice-best-path[5.5.620~1-dce1dc]:main():lattice-best-path.cc:99) For utterance PN00M03U048, best cost 39.704 + 1536.83 = 1576.54 over 630 frames.
PN00M03U048 ikk sifar sifar ikk naun ikk tinn 
LOG (lattice-best-path[5.5.620~1-dce1dc]:main():lattice-best-path.cc:99) For utterance PN00M03U049, best cost 36.6769 + 1488.47 = 1525.15 over 630 frames.
PN00M03U049 tinn chhe ikk chaar athth do panj 
LOG (lattice-best-path[5.5.620~1-dce1dc]:main():lattice-best-path.cc:99) For utterance PN00M03U050, best cost 36.8135 + 1409.75 = 1446.56 over 630 frames.
PN00M03U050 panj naun do chhe panj ikk panj 
LOG (lattice-best-path[5.5.620~1-dce1dc]:main():lattice-best-path.cc:99) For utterance PN00M03U051, best cost 35.9891 + 1414.13 = 1450.12 over 629 frames.
PN00M03U051 panj chaar ikk chhe tinn ikk satt 
LOG (lattice-best-path[5.5.620~1-dce1dc]:main():lattice-best-path.cc:99) For utterance PN00M03U052, best cost 37.0046 + 1545.7 = 1582.71 over 632 frames.
PN00M03U052 satt ikk athth tinn satt tinn athth 
LOG (lattice-best-path[5.5.620~1-dce1dc]:main():lattice-best-path.cc:99) For utterance PN00M03U053, best cost 35.4464 + 1558.44 = 1593.88 over 653 frames.
PN00M03U053 athth naun naun chaar naun panj do 
LOG (lattice-best-path[5.5.620~1-dce1dc]:main():lattice-best-path.cc:99) For utterance PN00M03U054, best cost 38.2175 + 1595.29 = 1633.51 over 651 frames.
PN00M03U054 do satt chhe do athth panj tinn 
LOG (lattice-best-path[5.5.620~1-dce1dc]:main():lattice-best-path.cc:99) For utterance PN00M03U055, best cost 37.9792 + 1488.12 = 1526.1 over 654 frames.
PN00M03U055 tinn naun satt chaar do ikk ikk 
LOG (lattice-best-path[5.5.620~1-dce1dc]:main():lattice-best-path.cc:99) For utterance PN00M03U056, best cost 39.8606 + 1515.44 = 1555.31 over 629 frames.
PN00M03U056 ikk do naun sifar ikk do do 
LOG (lattice-best-path[5.5.620~1-dce1dc]:main():lattice-best-path.cc:99) For utterance PN00M03U057, best cost 42.4916 + 1684.83 = 1727.32 over 623 frames.
PN00M03U057 do tinn do tinn tinn chaar tinn 
LOG (lattice-best-path[5.5.620~1-dce1dc]:main():lattice-best-path.cc:99) For utterance PN00M03U058, best cost 40.7206 + 1568.09 = 1608.81 over 622 frames.
PN00M03U058 tinn chaar chaar panj panj chhe chaar 
LOG (lattice-best-path[5.5.620~1-dce1dc]:main():lattice-best-path.cc:99) For utterance PN00M03U059, best cost 43.4917 + 1729.89 = 1773.38 over 625 frames.
PN00M03U059 athth athth athth sifar sifar sifar sifar 
LOG (lattice-best-path[5.5.620~1-dce1dc]:main():lattice-best-path.cc:99) For utterance PN00M03U060, best cost 38.261 + 1654.78 = 1693.04 over 628 frames.
PN00M03U060 athth chhe satt athth athth naun sifar 
LOG (lattice-best-path[5.5.620~1-dce1dc]:main():lattice-best-path.cc:99) For utterance PN00M03U061, best cost 35.5715 + 1635.87 = 1671.44 over 629 frames.
PN00M03U061 sifar naun naun athth satt chhe panj 
LOG (lattice-best-path[5.5.620~1-dce1dc]:main():lattice-best-path.cc:99) For utterance PN00M03U062, best cost 36.7738 + 1623.46 = 1660.23 over 630 frames.
PN00M03U062 panj chaar tinn do ikk sifar athth 
LOG (lattice-best-path[5.5.620~1-dce1dc]:main():lattice-best-path.cc:99) For utterance PN00M03U063, best cost 34.5672 + 1502.33 = 1536.9 over 629 frames.
PN00M03U063 athth naun satt panj tinn ikk satt 
LOG (lattice-add-penalty[5.5.620~1-dce1dc]:main():lattice-add-penalty.cc:62) Done adding word insertion penalty to 320 lattices.
LOG (lattice-best-path[5.5.620~1-dce1dc]:main():lattice-best-path.cc:99) For utterance PN00M03U064, best cost 36.3003 + 1673.58 = 1709.89 over 629 frames.
PN00M03U064 satt naun chhe chaar do sifar chhe 
LOG (lattice-best-path[5.5.620~1-dce1dc]:main():lattice-best-path.cc:99) For utterance PN00M03U065, best cost 37.2801 + 1552.82 = 1590.1 over 629 frames.
PN00M03U065 chhe naun panj do panj naun chaar 
LOG (lattice-best-path[5.5.620~1-dce1dc]:main():lattice-best-path.cc:99) For utterance PN00M03U066, best cost 38.7214 + 1525.03 = 1563.75 over 630 frames.
PN00M03U066 chaar ikk chaar naun tinn sifar tinn 
LOG (lattice-best-path[5.5.620~1-dce1dc]:main():lattice-best-path.cc:99) For utterance PN00M03U067, best cost 38.3878 + 1469.03 = 1507.42 over 627 frames.
PN00M03U067 tinn naun do do naun ikk ikk 
LOG (lattice-best-path[5.5.620~1-dce1dc]:main():lattice-best-path.cc:99) For utterance PN00M03U068, best cost 41.5928 + 1789.9 = 1831.49 over 630 frames.
PN00M03U068 ikk naun sifar sifar satt chaar sifar 
LOG (lattice-best-path[5.5.620~1-dce1dc]:main():lattice-best-path.cc:99) For utterance PN00M03U069, best cost 35.5215 + 1635.47 = 1670.99 over 629 frames.
PN00M03U069 sifar ikk athth chhe tinn athth 
LOG (lattice-best-path[5.5.620~1-dce1dc]:main():lattice-best-path.cc:99) For utterance PN00M03U070, best cost 36.0739 + 1616.24 = 1652.31 over 630 frames.
PN00M03U070 athth panj ikk chhe do chhe athth 
LOG (lattice-best-path[5.5.620~1-dce1dc]:main():lattice-best-path.cc:99) For utterance PN00M03U071, best cost 40.6967 + 1544.75 = 1585.45 over 630 frames.
PN00M03U071 athth chaar panj athth tinn chaar athth 
LOG (lattice-best-path[5.5.620~1-dce1dc]:main():lattice-best-path.cc:99) For utterance PN00M03U072, best cost 37.1839 + 1556.47 = 1593.66 over 629 frames.
PN00M03U072 athth do tinn satt tinn chhe ikk 
LOG (lattice-best-path[5.5.620~1-dce1dc]:main():lattice-best-path.cc:99) For utterance PN00M03U073, best cost 40.4654 + 1594.45 = 1634.92 over 630 frames.
PN00M03U073 ikk panj sifar panj chhe satt do 
LOG (lattice-best-path[5.5.620~1-dce1dc]:main():lattice-best-path.cc:99) For utterance PN00M03U074, best cost 41.7262 + 1578.94 = 1620.67 over 630 frames.
PN00M03U074 do athth ikk tinn panj panj satt 
LOG (lattice-best-path[5.5.620~1-dce1dc]:main():lattice-best-path.cc:99) For utterance PN00M03U075, best cost 38.0173 + 1797.62 = 1835.64 over 630 frames.
PN00M03U075 satt ikk do satt sifar do chaar 
LOG (lattice-best-path[5.5.620~1-dce1dc]:main():lattice-best-path.cc:99) For utterance PN00M03U076, best cost 39.1069 + 1627.13 = 1666.24 over 620 frames.
PN00M03U076 chaar satt athth sifar ikk do tinn 
LOG (lattice-best-path[5.5.620~1-dce1dc]:main():lattice-best-path.cc:99) For utterance PN00M03U077, best cost 40.3183 + 1631.9 = 1672.22 over 624 frames.
PN00M03U077 tinn tinn chaar chhe sifar chaar chaar 
LOG (lattice-best-path[5.5.620~1-dce1dc]:main():lattice-best-path.cc:99) For utterance PN00M03U078, best cost 39.2226 + 1749.96 = 1789.19 over 627 frames.
PN00M03U078 chaar panj chhe chhe satt satt athth 
LOG (lattice-best-path[5.5.620~1-dce1dc]:main():lattice-best-path.cc:99) For utterance PN00M03U079, best cost 37.9709 + 1618.56 = 1656.53 over 629 frames.
PN00M03U079 naun naun ikk tinn panj satt naun 
LOG (lattice-best-path[5.5.620~1-dce1dc]:main():lattice-best-path.cc:99) For utterance PN00M03U080, best cost 40.4718 + 1552 = 1592.48 over 629 frames.
PN00M03U080 do chhe naun ikk do chaar tinn 
LOG (lattice-best-path[5.5.620~1-dce1dc]:main():lattice-best-path.cc:124) Overall cost per frame is 2.61576 = 0.063668 [graph] + 2.55209 [acoustic] over 201866 frames.
LOG (lattice-best-path[5.5.620~1-dce1dc]:main():lattice-best-path.cc:128) Done 320 lattices, failed for 0
# Accounting: time=0 threads=1
# Ended (code 0) at Sun Mar 22 09:33:24 IST 2020, elapsed time 0 seconds
