# lattice-scale --inv-acoustic-scale=8 "ark:gunzip -c exp/tri4/decode/lat.*.gz|" ark:- | lattice-add-penalty --word-ins-penalty=1.0 ark:- ark:- | lattice-best-path --word-symbol-table=exp/tri4/graph/words.txt ark:- ark,t:- | utils/int2sym.pl -f 2- exp/tri4/graph/words.txt | local/wer_hyp_filter > exp/tri4/decode/scoring_kaldi/penalty_1.0/8.txt 
# Started at Sun Mar 22 09:33:51 IST 2020
#
lattice-add-penalty --word-ins-penalty=1.0 ark:- ark:- 
lattice-scale --inv-acoustic-scale=8 'ark:gunzip -c exp/tri4/decode/lat.*.gz|' ark:- 
lattice-best-path --word-symbol-table=exp/tri4/graph/words.txt ark:- ark,t:- 
LOG (lattice-best-path[5.5.620~1-dce1dc]:main():lattice-best-path.cc:99) For utterance PN00F02U001, best cost 47.3422 + 3366.41 = 3413.76 over 630 frames.
PN00F02U001 sifar sifar naun athth satt chhe panj 
LOG (lattice-best-path[5.5.620~1-dce1dc]:main():lattice-best-path.cc:99) For utterance PN00F02U002, best cost 46.0424 + 3018.85 = 3064.9 over 656 frames.
PN00F02U002 panj chaar tinn do ikk sifar ikk 
LOG (lattice-best-path[5.5.620~1-dce1dc]:main():lattice-best-path.cc:99) For utterance PN00F02U003, best cost 43.5944 + 2914.9 = 2958.5 over 630 frames.
PN00F02U003 ikk naun satt panj tinn ikk do 
LOG (lattice-best-path[5.5.620~1-dce1dc]:main():lattice-best-path.cc:99) For utterance PN00F02U004, best cost 46.2154 + 2914.23 = 2960.45 over 629 frames.
PN00F02U004 do naun chhe chaar do sifar tinn 
LOG (lattice-best-path[5.5.620~1-dce1dc]:main():lattice-best-path.cc:99) For utterance PN00F02U005, best cost 45.3228 + 2761.47 = 2806.79 over 628 frames.
PN00F02U005 tinn naun panj do chaar naun chaar 
LOG (lattice-best-path[5.5.620~1-dce1dc]:main():lattice-best-path.cc:99) For utterance PN00F02U006, best cost 47.575 + 2953.57 = 3001.14 over 629 frames.
PN00F02U006 chaar ikk panj naun tinn sifar chhe 
LOG (lattice-best-path[5.5.620~1-dce1dc]:main():lattice-best-path.cc:99) For utterance PN00F02U007, best cost 46.7243 + 2917.48 = 2964.21 over 630 frames.
PN00F02U007 chhe naun do satt naun ikk athth 
LOG (lattice-best-path[5.5.620~1-dce1dc]:main():lattice-best-path.cc:99) For utterance PN00F02U008, best cost 47.7299 + 2941.04 = 2988.77 over 629 frames.
PN00F02U008 athth naun sifar athth chhe tinn chaar 
LOG (lattice-best-path[5.5.620~1-dce1dc]:main():lattice-best-path.cc:99) For utterance PN00F02U009, best cost 48.1328 + 3036.63 = 3084.77 over 626 frames.
PN00F02U009 chaar sifar satt chaar athth panj ikk 
LOG (lattice-best-path[5.5.620~1-dce1dc]:main():lattice-best-path.cc:99) For utterance PN00F02U010, best cost 48.3598 + 3028.11 = 3076.47 over 628 frames.
PN00F02U010 ikk satt tinn tinn athth chaar chaar 
LOG (lattice-best-path[5.5.620~1-dce1dc]:main():lattice-best-path.cc:99) For utterance PN00F02U011, best cost 61.499 + 3192.17 = 3253.67 over 630 frames.
PN00F02U011 chhe satt satt tinn panj chhe 
LOG (lattice-best-path[5.5.620~1-dce1dc]:main():lattice-best-path.cc:99) For utterance PN00F02U012, best cost 44.6506 + 2882.12 = 2926.77 over 656 frames.
PN00F02U012 chhe athth do athth ikk chhe do 
LOG (lattice-best-path[5.5.620~1-dce1dc]:main():lattice-best-path.cc:99) For utterance PN00F02U013, best cost 45.5401 + 2869.21 = 2914.75 over 630 frames.
PN00F02U013 do chhe ikk do tinn satt ikk 
LOG (lattice-best-path[5.5.620~1-dce1dc]:main():lattice-best-path.cc:99) For utterance PN00F02U014, best cost 48.9359 + 3161.03 = 3209.97 over 629 frames.
PN00F02U014 ikk chaar chhe sifar chaar panj sifar 
LOG (lattice-best-path[5.5.620~1-dce1dc]:main():lattice-best-path.cc:99) For utterance PN00F02U015, best cost 50.4409 + 3186.08 = 3236.52 over 630 frames.
PN00F02U015 sifar panj satt sifar do do tinn 
LOG (lattice-best-path[5.5.620~1-dce1dc]:main():lattice-best-path.cc:99) For utterance PN00F02U016, best cost 48.4337 + 3101.97 = 3150.41 over 629 frames.
PN00F02U016 tinn panj chhe satt athth sifar ikk 
LOG (lattice-best-path[5.5.620~1-dce1dc]:main():lattice-best-path.cc:99) For utterance PN00F02U017, best cost 48.8483 + 3149.95 = 3198.8 over 657 frames.
PN00F02U017 ikk tinn chaar panj panj chhe chhe 
LOG (lattice-best-path[5.5.620~1-dce1dc]:main():lattice-best-path.cc:99) For utterance PN00F02U018, best cost 45.7408 + 3003.04 = 3048.78 over 652 frames.
PN00F02U018 chhe satt satt athth athth naun naun 
LOG (lattice-best-path[5.5.620~1-dce1dc]:main():lattice-best-path.cc:99) For utterance PN00F02U019, best cost 47.8218 + 3005.76 = 3053.58 over 653 frames.
PN00F02U019 naun sifar ikk ikk do ikk satt 
LOG (lattice-best-path[5.5.620~1-dce1dc]:main():lattice-best-path.cc:99) For utterance PN00F02U020, best cost 44.052 + 2869.04 = 2913.09 over 628 frames.
PN00F02U020 satt naun ikk tinn panj satt naun 
LOG (lattice-best-path[5.5.620~1-dce1dc]:main():lattice-best-path.cc:99) For utterance PN00F02U021, best cost 52.8049 + 3585.33 = 3638.13 over 629 frames.
PN00F02U021 sifar sifar ikk ikk tinn chaar panj 
LOG (lattice-best-path[5.5.620~1-dce1dc]:main():lattice-best-path.cc:99) For utterance PN00F02U022, best cost 48.2317 + 2992.63 = 3040.86 over 656 frames.
PN00F02U022 panj chhe satt athth naun ikk sifar 
LOG (lattice-best-path[5.5.620~1-dce1dc]:main():lattice-best-path.cc:99) For utterance PN00F02U023, best cost 45.5948 + 2921.58 = 2967.18 over 630 frames.
PN00F02U023 sifar do chaar chhe athth do sifar 
LOG (lattice-best-path[5.5.620~1-dce1dc]:main():lattice-best-path.cc:99) For utterance PN00F02U024, best cost 48.8682 + 3125.67 = 3174.54 over 630 frames.
PN00F02U024 sifar tinn panj satt naun tinn sifar 
LOG (lattice-best-path[5.5.620~1-dce1dc]:main():lattice-best-path.cc:99) For utterance PN00F02U025, best cost 48.925 + 3144.04 = 3192.96 over 630 frames.
PN00F02U025 sifar chaar satt chaar sifar panj athth 
LOG (lattice-best-path[5.5.620~1-dce1dc]:main():lattice-best-path.cc:99) For utterance PN00F02U026, best cost 48.6387 + 3198.05 = 3246.69 over 630 frames.
PN00F02U026 athth panj sifar chhe naun chhe sifar 
LOG (lattice-best-path[5.5.620~1-dce1dc]:main():lattice-best-path.cc:99) For utterance PN00F02U027, best cost 50.254 + 3109.38 = 3159.63 over 656 frames.
PN00F02U027 sifar satt satt sifar athth athth sifar 
LOG (lattice-best-path[5.5.620~1-dce1dc]:main():lattice-best-path.cc:99) For utterance PN00F02U028, best cost 46.6952 + 3067.02 = 3113.72 over 629 frames.
PN00F02U028 sifar naun naun sifar ikk ikk tinn 
LOG (lattice-best-path[5.5.620~1-dce1dc]:main():lattice-best-path.cc:99) For utterance PN00F02U029, best cost 43.8928 + 3010.03 = 3053.92 over 630 frames.
PN00F02U029 tinn chhe ikk chaar athth ikk panj 
LOG (lattice-best-path[5.5.620~1-dce1dc]:main():lattice-best-path.cc:99) For utterance PN00F02U030, best cost 45.6376 + 2971.35 = 3016.99 over 630 frames.
PN00F02U030 panj naun do panj chaar ikk chhe 
LOG (lattice-best-path[5.5.620~1-dce1dc]:main():lattice-best-path.cc:99) For utterance PN00F02U031, best cost 45.3401 + 3059.76 = 3105.1 over 630 frames.
PN00F02U031 chhe panj ikk satt chhe do chhe 
LOG (lattice-best-path[5.5.620~1-dce1dc]:main():lattice-best-path.cc:99) For utterance PN00F02U032, best cost 43.8952 + 2825.09 = 2868.99 over 629 frames.
PN00F02U032 chhe tinn satt ikk athth tinn athth 
LOG (lattice-best-path[5.5.620~1-dce1dc]:main():lattice-best-path.cc:99) For utterance PN00F02U033, best cost 44.7787 + 2957.82 = 3002.6 over 630 frames.
PN00F02U033 athth naun chaar naun panj do ikk 
LOG (lattice-best-path[5.5.620~1-dce1dc]:main():lattice-best-path.cc:99) For utterance PN00F02U034, best cost 44.0482 + 2935.42 = 2979.47 over 630 frames.
PN00F02U034 ikk naun satt do satt panj tinn 
LOG (lattice-best-path[5.5.620~1-dce1dc]:main():lattice-best-path.cc:99) For utterance PN00F02U035, best cost 44.1488 + 2946.79 = 2990.94 over 630 frames.
PN00F02U035 tinn naun athth satt tinn ikk do 
LOG (lattice-best-path[5.5.620~1-dce1dc]:main():lattice-best-path.cc:99) For utterance PN00F02U036, best cost 47.3889 + 3091.63 = 3139.02 over 630 frames.
PN00F02U036 do do athth chaar do naun sifar 
LOG (lattice-best-path[5.5.620~1-dce1dc]:main():lattice-best-path.cc:99) For utterance PN00F02U037, best cost 46.2702 + 2887.44 = 2933.71 over 655 frames.
PN00F02U037 sifar ikk do tinn do tinn tinn 
LOG (lattice-best-path[5.5.620~1-dce1dc]:main():lattice-best-path.cc:99) For utterance PN00F02U038, best cost 49.5868 + 2868.7 = 2918.29 over 630 frames.
PN00F02U038 tinn chaar tinn chaar chaar panj panj 
LOG (lattice-best-path[5.5.620~1-dce1dc]:main():lattice-best-path.cc:99) For utterance PN00F02U039, best cost 47.4714 + 2898.06 = 2945.53 over 629 frames.
PN00F02U039 panj chhe chaar panj chhe chhe satt 
LOG (lattice-best-path[5.5.620~1-dce1dc]:main():lattice-best-path.cc:99) For utterance PN00F02U040, best cost 48.0056 + 2740.34 = 2788.35 over 629 frames.
PN00F02U040 satt athth chhe satt ikk do chaar 
LOG (lattice-best-path[5.5.620~1-dce1dc]:main():lattice-best-path.cc:99) For utterance PN00F02U041, best cost 46.5166 + 3097.92 = 3144.43 over 630 frames.
PN00F02U041 sifar naun sifar ikk do tinn chaar 
LOG (lattice-best-path[5.5.620~1-dce1dc]:main():lattice-best-path.cc:99) For utterance PN00F02U042, best cost 46.5429 + 3046.98 = 3093.52 over 648 frames.
PN00F02U042 chaar panj chhe satt athth naun athth 
LOG (lattice-best-path[5.5.620~1-dce1dc]:main():lattice-best-path.cc:99) For utterance PN00F02U043, best cost 45.2642 + 3002.25 = 3047.51 over 630 frames.
PN00F02U043 athth sifar do chaar chhe athth satt 
LOG (lattice-best-path[5.5.620~1-dce1dc]:main():lattice-best-path.cc:99) For utterance PN00F02U044, best cost 46.408 + 2838.39 = 2884.79 over 630 frames.
PN00F02U044 satt sifar tinn panj satt naun chhe 
LOG (lattice-best-path[5.5.620~1-dce1dc]:main():lattice-best-path.cc:99) For utterance PN00F02U045, best cost 47.6746 + 3090.85 = 3138.52 over 630 frames.
PN00F02U045 chhe sifar chaar satt panj sifar panj 
LOG (lattice-best-path[5.5.620~1-dce1dc]:main():lattice-best-path.cc:99) For utterance PN00F02U046, best cost 48.1157 + 2829.22 = 2877.33 over 630 frames.
PN00F02U046 panj athth chaar sifar chhe naun tinn 
LOG (lattice-best-path[5.5.620~1-dce1dc]:main():lattice-best-path.cc:99) For utterance PN00F02U047, best cost 48.9091 + 2912.96 = 2961.87 over 630 frames.
PN00F02U047 tinn sifar satt do sifar athth ikk 
LOG (lattice-best-path[5.5.620~1-dce1dc]:main():lattice-best-path.cc:99) For utterance PN00F02U048, best cost 48.8415 + 2834.95 = 2883.8 over 630 frames.
PN00F02U048 ikk sifar sifar ikk naun ikk tinn 
LOG (lattice-best-path[5.5.620~1-dce1dc]:main():lattice-best-path.cc:99) For utterance PN00F02U049, best cost 45.1483 + 2920.27 = 2965.42 over 630 frames.
PN00F02U049 tinn chhe ikk chaar athth do panj 
LOG (lattice-best-path[5.5.620~1-dce1dc]:main():lattice-best-path.cc:99) For utterance PN00F02U050, best cost 45.2881 + 2846.28 = 2891.57 over 629 frames.
PN00F02U050 panj naun do chhe panj ikk panj 
LOG (lattice-best-path[5.5.620~1-dce1dc]:main():lattice-best-path.cc:99) For utterance PN00F02U051, best cost 44.0645 + 2865.84 = 2909.91 over 630 frames.
PN00F02U051 panj chaar ikk chhe tinn ikk satt 
LOG (lattice-best-path[5.5.620~1-dce1dc]:main():lattice-best-path.cc:99) For utterance PN00F02U052, best cost 44.5909 + 2852.39 = 2896.98 over 629 frames.
PN00F02U052 satt ikk athth tinn satt tinn athth 
LOG (lattice-best-path[5.5.620~1-dce1dc]:main():lattice-best-path.cc:99) For utterance PN00F02U053, best cost 44.3462 + 2779.72 = 2824.06 over 630 frames.
PN00F02U053 athth naun naun chaar naun panj do 
LOG (lattice-best-path[5.5.620~1-dce1dc]:main():lattice-best-path.cc:99) For utterance PN00F02U054, best cost 45.9548 + 2932.24 = 2978.2 over 630 frames.
PN00F02U054 do satt chhe do athth panj tinn 
LOG (lattice-best-path[5.5.620~1-dce1dc]:main():lattice-best-path.cc:99) For utterance PN00F02U055, best cost 44.8376 + 2909.48 = 2954.32 over 630 frames.
PN00F02U055 tinn naun satt chaar do ikk ikk 
LOG (lattice-best-path[5.5.620~1-dce1dc]:main():lattice-best-path.cc:99) For utterance PN00F02U056, best cost 47.8239 + 2907.27 = 2955.1 over 656 frames.
PN00F02U056 ikk do naun sifar ikk do do 
LOG (lattice-best-path[5.5.620~1-dce1dc]:main():lattice-best-path.cc:99) For utterance PN00F02U057, best cost 47.6377 + 2712.64 = 2760.27 over 629 frames.
PN00F02U057 do tinn do tinn tinn chaar tinn 
LOG (lattice-best-path[5.5.620~1-dce1dc]:main():lattice-best-path.cc:99) For utterance PN00F02U058, best cost 47.9132 + 2928.27 = 2976.18 over 630 frames.
PN00F02U058 tinn chaar chaar panj panj chhe chaar 
LOG (lattice-best-path[5.5.620~1-dce1dc]:main():lattice-best-path.cc:99) For utterance PN00F02U059, best cost 50.4649 + 3058.68 = 3109.14 over 629 frames.
PN00F02U059 athth athth athth sifar sifar sifar sifar 
LOG (lattice-best-path[5.5.620~1-dce1dc]:main():lattice-best-path.cc:99) For utterance PN00F02U060, best cost 46.2024 + 2984.1 = 3030.3 over 629 frames.
PN00F02U060 athth chhe satt athth athth naun sifar 
LOG (lattice-best-path[5.5.620~1-dce1dc]:main():lattice-best-path.cc:99) For utterance PN00F02U061, best cost 44.9196 + 3078.92 = 3123.84 over 630 frames.
PN00F02U061 sifar naun naun athth satt chhe panj 
LOG (lattice-best-path[5.5.620~1-dce1dc]:main():lattice-best-path.cc:99) For utterance PN00F02U062, best cost 45.1449 + 2817.39 = 2862.53 over 630 frames.
PN00F02U062 panj chaar tinn do ikk sifar athth 
LOG (lattice-best-path[5.5.620~1-dce1dc]:main():lattice-best-path.cc:99) For utterance PN00F02U063, best cost 43.7247 + 2776.01 = 2819.73 over 629 frames.
PN00F02U063 athth naun satt panj tinn ikk satt 
LOG (lattice-best-path[5.5.620~1-dce1dc]:main():lattice-best-path.cc:99) For utterance PN00F02U064, best cost 44.4779 + 2909.86 = 2954.34 over 630 frames.
PN00F02U064 satt naun chhe chaar do sifar chhe 
LOG (lattice-best-path[5.5.620~1-dce1dc]:main():lattice-best-path.cc:99) For utterance PN00F02U065, best cost 44.6837 + 2737.89 = 2782.58 over 630 frames.
PN00F02U065 chhe naun panj do panj naun chaar 
LOG (lattice-best-path[5.5.620~1-dce1dc]:main():lattice-best-path.cc:99) For utterance PN00F02U066, best cost 47.5195 + 2810.04 = 2857.56 over 630 frames.
PN00F02U066 chaar ikk chaar naun tinn sifar tinn 
LOG (lattice-best-path[5.5.620~1-dce1dc]:main():lattice-best-path.cc:99) For utterance PN00F02U067, best cost 45.2642 + 2705.7 = 2750.96 over 630 frames.
PN00F02U067 tinn naun do do naun ikk ikk 
LOG (lattice-best-path[5.5.620~1-dce1dc]:main():lattice-best-path.cc:99) For utterance PN00F02U068, best cost 49.3287 + 3119.6 = 3168.93 over 629 frames.
PN00F02U068 ikk naun sifar sifar satt chaar sifar 
LOG (lattice-best-path[5.5.620~1-dce1dc]:main():lattice-best-path.cc:99) For utterance PN00F02U069, best cost 42.3656 + 2980.14 = 3022.5 over 630 frames.
PN00F02U069 sifar ikk athth chhe tinn athth 
LOG (lattice-best-path[5.5.620~1-dce1dc]:main():lattice-best-path.cc:99) For utterance PN00F02U070, best cost 44.3321 + 2926.29 = 2970.62 over 656 frames.
PN00F02U070 athth panj ikk chhe do chhe athth 
LOG (lattice-best-path[5.5.620~1-dce1dc]:main():lattice-best-path.cc:99) For utterance PN00F02U071, best cost 49.8643 + 2892.55 = 2942.41 over 630 frames.
PN00F02U071 athth chaar panj athth tinn chaar athth 
LOG (lattice-best-path[5.5.620~1-dce1dc]:main():lattice-best-path.cc:99) For utterance PN00F02U072, best cost 46.543 + 2812.51 = 2859.05 over 630 frames.
PN00F02U072 athth do tinn satt tinn chhe ikk 
LOG (lattice-best-path[5.5.620~1-dce1dc]:main():lattice-best-path.cc:99) For utterance PN00F02U073, best cost 47.9377 + 2874.01 = 2921.94 over 630 frames.
PN00F02U073 ikk panj sifar panj chhe satt do 
LOG (lattice-best-path[5.5.620~1-dce1dc]:main():lattice-best-path.cc:99) For utterance PN00F02U074, best cost 48.1061 + 2844.94 = 2893.05 over 630 frames.
PN00F02U074 do athth ikk tinn panj panj satt 
LOG (lattice-best-path[5.5.620~1-dce1dc]:main():lattice-best-path.cc:99) For utterance PN00F02U075, best cost 46.0719 + 2865.59 = 2911.67 over 630 frames.
PN00F02U075 satt ikk do satt sifar do chaar 
LOG (lattice-best-path[5.5.620~1-dce1dc]:main():lattice-best-path.cc:99) For utterance PN00F02U076, best cost 46.9438 + 2974.33 = 3021.27 over 629 frames.
PN00F02U076 chaar satt athth sifar ikk do tinn 
LOG (lattice-best-path[5.5.620~1-dce1dc]:main():lattice-best-path.cc:99) For utterance PN00F02U077, best cost 48.3697 + 2859.4 = 2907.77 over 630 frames.
PN00F02U077 tinn tinn chaar chhe sifar chaar chaar 
LOG (lattice-best-path[5.5.620~1-dce1dc]:main():lattice-best-path.cc:99) For utterance PN00F02U078, best cost 46.2707 + 2786.55 = 2832.82 over 629 frames.
PN00F02U078 chaar panj chhe chhe satt satt athth 
LOG (lattice-best-path[5.5.620~1-dce1dc]:main():lattice-best-path.cc:99) For utterance PN00F02U079, best cost 46.1929 + 2738.35 = 2784.54 over 629 frames.
PN00F02U079 naun naun ikk tinn panj satt naun 
LOG (lattice-best-path[5.5.620~1-dce1dc]:main():lattice-best-path.cc:99) For utterance PN00F02U080, best cost 49.4367 + 2941.58 = 2991.02 over 629 frames.
PN00F02U080 do chhe naun ikk do chaar tinn 
LOG (lattice-best-path[5.5.620~1-dce1dc]:main():lattice-best-path.cc:99) For utterance PN00F04U001, best cost 41.4612 + 3018.54 = 3060 over 630 frames.
PN00F04U001 sifar sifar naun athth satt chhe panj 
LOG (lattice-best-path[5.5.620~1-dce1dc]:main():lattice-best-path.cc:99) For utterance PN00F04U002, best cost 40.2906 + 2743.87 = 2784.16 over 630 frames.
PN00F04U002 panj chaar tinn do ikk sifar ikk 
LOG (lattice-best-path[5.5.620~1-dce1dc]:main():lattice-best-path.cc:99) For utterance PN00F04U003, best cost 40.9969 + 2871.46 = 2912.45 over 630 frames.
PN00F04U003 ikk naun satt panj tinn ikk do 
LOG (lattice-best-path[5.5.620~1-dce1dc]:main():lattice-best-path.cc:99) For utterance PN00F04U004, best cost 40.988 + 2805.85 = 2846.84 over 629 frames.
PN00F04U004 do naun chhe chaar do sifar tinn 
LOG (lattice-best-path[5.5.620~1-dce1dc]:main():lattice-best-path.cc:99) For utterance PN00F04U005, best cost 40.6669 + 2830.4 = 2871.07 over 630 frames.
PN00F04U005 tinn naun panj do chaar naun chaar 
LOG (lattice-best-path[5.5.620~1-dce1dc]:main():lattice-best-path.cc:99) For utterance PN00F04U006, best cost 41.7975 + 3076.1 = 3117.9 over 630 frames.
PN00F04U006 chaar ikk panj naun tinn sifar chhe 
LOG (lattice-best-path[5.5.620~1-dce1dc]:main():lattice-best-path.cc:99) For utterance PN00F04U007, best cost 42.3245 + 2808.19 = 2850.52 over 630 frames.
PN00F04U007 chhe naun do satt naun ikk athth 
LOG (lattice-best-path[5.5.620~1-dce1dc]:main():lattice-best-path.cc:99) For utterance PN00F04U008, best cost 42.7047 + 2827.02 = 2869.73 over 629 frames.
PN00F04U008 athth naun sifar athth chhe tinn chaar 
LOG (lattice-best-path[5.5.620~1-dce1dc]:main():lattice-best-path.cc:99) For utterance PN00F04U009, best cost 43.3354 + 2883.75 = 2927.09 over 630 frames.
PN00F04U009 chaar sifar satt chaar athth panj ikk 
LOG (lattice-best-path[5.5.620~1-dce1dc]:main():lattice-best-path.cc:99) For utterance PN00F04U010, best cost 44.2353 + 2887 = 2931.24 over 630 frames.
PN00F04U010 ikk satt tinn tinn athth chaar chaar 
LOG (lattice-best-path[5.5.620~1-dce1dc]:main():lattice-best-path.cc:99) For utterance PN00F04U011, best cost 42.6195 + 3016.48 = 3059.1 over 629 frames.
PN00F04U011 chhe satt do panj athth tinn chhe 
LOG (lattice-best-path[5.5.620~1-dce1dc]:main():lattice-best-path.cc:99) For utterance PN00F04U012, best cost 39.0542 + 2718.58 = 2757.63 over 630 frames.
PN00F04U012 chhe athth do athth ikk chhe do 
LOG (lattice-best-path[5.5.620~1-dce1dc]:main():lattice-best-path.cc:99) For utterance PN00F04U013, best cost 40.6553 + 2818.61 = 2859.27 over 630 frames.
PN00F04U013 do chhe ikk do tinn satt ikk 
LOG (lattice-best-path[5.5.620~1-dce1dc]:main():lattice-best-path.cc:99) For utterance PN00F04U014, best cost 43.6047 + 2781.28 = 2824.88 over 630 frames.
PN00F04U014 ikk chaar chhe sifar chaar panj sifar 
LOG (lattice-best-path[5.5.620~1-dce1dc]:main():lattice-best-path.cc:99) For utterance PN00F04U015, best cost 44.9668 + 2748.4 = 2793.36 over 630 frames.
PN00F04U015 sifar panj satt sifar do do tinn 
LOG (lattice-best-path[5.5.620~1-dce1dc]:main():lattice-best-path.cc:99) For utterance PN00F04U016, best cost 42.8299 + 2675.3 = 2718.13 over 629 frames.
PN00F04U016 tinn panj chhe satt athth sifar ikk 
LOG (lattice-best-path[5.5.620~1-dce1dc]:main():lattice-best-path.cc:99) For utterance PN00F04U017, best cost 42.6849 + 2737.73 = 2780.41 over 630 frames.
PN00F04U017 ikk tinn chaar panj panj chhe chhe 
LOG (lattice-best-path[5.5.620~1-dce1dc]:main():lattice-best-path.cc:99) For utterance PN00F04U018, best cost 40.9408 + 2618.43 = 2659.37 over 630 frames.
PN00F04U018 chhe satt satt athth athth naun naun 
LOG (lattice-best-path[5.5.620~1-dce1dc]:main():lattice-best-path.cc:99) For utterance PN00F04U019, best cost 43.4592 + 2736.02 = 2779.48 over 630 frames.
PN00F04U019 naun sifar ikk ikk do ikk satt 
LOG (lattice-best-path[5.5.620~1-dce1dc]:main():lattice-best-path.cc:99) For utterance PN00F04U020, best cost 39.7466 + 2566.34 = 2606.09 over 630 frames.
PN00F04U020 satt naun ikk tinn panj satt naun 
LOG (lattice-best-path[5.5.620~1-dce1dc]:main():lattice-best-path.cc:99) For utterance PN00F04U021, best cost 44.96 + 2784.47 = 2829.43 over 630 frames.
PN00F04U021 sifar sifar ikk do tinn chaar panj 
LOG (lattice-best-path[5.5.620~1-dce1dc]:main():lattice-best-path.cc:99) For utterance PN00F04U022, best cost 43.8478 + 2833.64 = 2877.48 over 630 frames.
PN00F04U022 panj chhe satt athth naun ikk sifar 
LOG (lattice-best-path[5.5.620~1-dce1dc]:main():lattice-best-path.cc:99) For utterance PN00F04U023, best cost 42.0605 + 2746.57 = 2788.63 over 629 frames.
PN00F04U023 sifar do chaar chhe athth do sifar 
LOG (lattice-best-path[5.5.620~1-dce1dc]:main():lattice-best-path.cc:99) For utterance PN00F04U024, best cost 43.1158 + 2902.74 = 2945.86 over 630 frames.
PN00F04U024 sifar tinn panj satt naun tinn sifar 
LOG (lattice-best-path[5.5.620~1-dce1dc]:main():lattice-best-path.cc:99) For utterance PN00F04U025, best cost 44.3285 + 2918.29 = 2962.62 over 630 frames.
PN00F04U025 sifar chaar satt chaar sifar panj athth 
LOG (lattice-best-path[5.5.620~1-dce1dc]:main():lattice-best-path.cc:99) For utterance PN00F04U026, best cost 43.5588 + 3016.06 = 3059.62 over 630 frames.
PN00F04U026 athth panj sifar chhe naun chhe sifar 
LOG (lattice-best-path[5.5.620~1-dce1dc]:main():lattice-best-path.cc:99) For utterance PN00F04U027, best cost 45.2254 + 3128.15 = 3173.37 over 630 frames.
PN00F04U027 sifar satt satt sifar athth athth sifar 
LOG (lattice-best-path[5.5.620~1-dce1dc]:main():lattice-best-path.cc:99) For utterance PN00F04U028, best cost 41.8045 + 2840.58 = 2882.39 over 630 frames.
PN00F04U028 sifar naun naun sifar ikk ikk tinn 
LOG (lattice-best-path[5.5.620~1-dce1dc]:main():lattice-best-path.cc:99) For utterance PN00F04U029, best cost 39.133 + 2779.17 = 2818.3 over 630 frames.
PN00F04U029 tinn chhe ikk chaar athth ikk panj 
LOG (lattice-best-path[5.5.620~1-dce1dc]:main():lattice-best-path.cc:99) For utterance PN00F04U030, best cost 41.2432 + 2736.69 = 2777.93 over 630 frames.
PN00F04U030 panj naun do panj chaar ikk chhe 
LOG (lattice-best-path[5.5.620~1-dce1dc]:main():lattice-best-path.cc:99) For utterance PN00F04U031, best cost 40.1174 + 2838.12 = 2878.24 over 629 frames.
PN00F04U031 chhe panj ikk satt chhe do chhe 
LOG (lattice-best-path[5.5.620~1-dce1dc]:main():lattice-best-path.cc:99) For utterance PN00F04U032, best cost 40.0722 + 2773.44 = 2813.52 over 630 frames.
PN00F04U032 chhe tinn satt ikk athth tinn athth 
LOG (lattice-best-path[5.5.620~1-dce1dc]:main():lattice-best-path.cc:99) For utterance PN00F04U033, best cost 39.191 + 2554.66 = 2593.85 over 630 frames.
PN00F04U033 athth naun chaar naun panj do ikk 
LOG (lattice-best-path[5.5.620~1-dce1dc]:main():lattice-best-path.cc:99) For utterance PN00F04U034, best cost 40.5172 + 2648.05 = 2688.57 over 630 frames.
PN00F04U034 ikk naun satt do satt panj tinn 
LOG (lattice-best-path[5.5.620~1-dce1dc]:main():lattice-best-path.cc:99) For utterance PN00F04U035, best cost 40.0227 + 2716.98 = 2757 over 630 frames.
PN00F04U035 tinn naun athth satt tinn ikk do 
LOG (lattice-best-path[5.5.620~1-dce1dc]:main():lattice-best-path.cc:99) For utterance PN00F04U036, best cost 43.2452 + 2658.09 = 2701.34 over 630 frames.
PN00F04U036 do do athth chaar do naun sifar 
LOG (lattice-best-path[5.5.620~1-dce1dc]:main():lattice-best-path.cc:99) For utterance PN00F04U037, best cost 42.7668 + 2833.3 = 2876.07 over 630 frames.
PN00F04U037 sifar ikk do tinn do tinn tinn 
LOG (lattice-best-path[5.5.620~1-dce1dc]:main():lattice-best-path.cc:99) For utterance PN00F04U038, best cost 43.9273 + 2625.17 = 2669.1 over 630 frames.
PN00F04U038 tinn chaar tinn chaar chaar panj panj 
LOG (lattice-best-path[5.5.620~1-dce1dc]:main():lattice-best-path.cc:99) For utterance PN00F04U039, best cost 41.6078 + 2793.58 = 2835.19 over 630 frames.
PN00F04U039 panj chhe chaar panj chhe chhe satt 
LOG (lattice-best-path[5.5.620~1-dce1dc]:main():lattice-best-path.cc:99) For utterance PN00F04U040, best cost 44.1625 + 2712 = 2756.16 over 629 frames.
PN00F04U040 satt athth chhe satt ikk do chaar 
LOG (lattice-best-path[5.5.620~1-dce1dc]:main():lattice-best-path.cc:99) For utterance PN00F04U041, best cost 43.1175 + 2826.98 = 2870.1 over 630 frames.
PN00F04U041 sifar naun sifar ikk do tinn chaar 
LOG (lattice-best-path[5.5.620~1-dce1dc]:main():lattice-best-path.cc:99) For utterance PN00F04U042, best cost 41.9716 + 2693.44 = 2735.41 over 630 frames.
PN00F04U042 chaar panj chhe satt athth naun athth 
LOG (lattice-best-path[5.5.620~1-dce1dc]:main():lattice-best-path.cc:99) For utterance PN00F04U043, best cost 41.7258 + 2727.14 = 2768.87 over 630 frames.
PN00F04U043 athth sifar do chaar chhe athth satt 
LOG (lattice-best-path[5.5.620~1-dce1dc]:main():lattice-best-path.cc:99) For utterance PN00F04U044, best cost 42.7876 + 3115.5 = 3158.29 over 630 frames.
PN00F04U044 satt sifar tinn panj satt naun chhe 
LOG (lattice-best-path[5.5.620~1-dce1dc]:main():lattice-best-path.cc:99) For utterance PN00F04U045, best cost 42.9294 + 2875.28 = 2918.21 over 630 frames.
PN00F04U045 chhe sifar chaar satt panj sifar panj 
LOG (lattice-best-path[5.5.620~1-dce1dc]:main():lattice-best-path.cc:99) For utterance PN00F04U046, best cost 42.9995 + 2766.34 = 2809.34 over 630 frames.
PN00F04U046 panj athth chaar sifar chhe naun tinn 
LOG (lattice-best-path[5.5.620~1-dce1dc]:main():lattice-best-path.cc:99) For utterance PN00F04U047, best cost 43.8783 + 2864.9 = 2908.77 over 630 frames.
PN00F04U047 tinn sifar satt do sifar athth ikk 
LOG (lattice-best-path[5.5.620~1-dce1dc]:main():lattice-best-path.cc:99) For utterance PN00F04U048, best cost 46.1994 + 3000.77 = 3046.97 over 630 frames.
PN00F04U048 ikk sifar sifar ikk naun ikk tinn 
LOG (lattice-best-path[5.5.620~1-dce1dc]:main():lattice-best-path.cc:99) For utterance PN00F04U049, best cost 39.5199 + 2542.96 = 2582.48 over 630 frames.
PN00F04U049 tinn chhe ikk chaar athth do panj 
LOG (lattice-best-path[5.5.620~1-dce1dc]:main():lattice-best-path.cc:99) For utterance PN00F04U050, best cost 41.6266 + 2705.92 = 2747.55 over 630 frames.
PN00F04U050 panj naun do chhe panj ikk panj 
LOG (lattice-best-path[5.5.620~1-dce1dc]:main():lattice-best-path.cc:99) For utterance PN00F04U051, best cost 39.9492 + 2748.63 = 2788.58 over 630 frames.
PN00F04U051 panj chaar ikk chhe tinn ikk satt 
LOG (lattice-best-path[5.5.620~1-dce1dc]:main():lattice-best-path.cc:99) For utterance PN00F04U052, best cost 40.751 + 2790.28 = 2831.03 over 630 frames.
PN00F04U052 satt ikk athth tinn satt tinn athth 
LOG (lattice-best-path[5.5.620~1-dce1dc]:main():lattice-best-path.cc:99) For utterance PN00F04U053, best cost 39.0199 + 2422.46 = 2461.48 over 630 frames.
PN00F04U053 athth naun naun chaar naun panj do 
LOG (lattice-best-path[5.5.620~1-dce1dc]:main():lattice-best-path.cc:99) For utterance PN00F04U054, best cost 40.9102 + 2572.82 = 2613.73 over 630 frames.
PN00F04U054 do satt chhe do athth panj tinn 
LOG (lattice-best-path[5.5.620~1-dce1dc]:main():lattice-best-path.cc:99) For utterance PN00F04U055, best cost 41.2696 + 2584.3 = 2625.57 over 630 frames.
PN00F04U055 tinn naun satt chaar do ikk ikk 
LOG (lattice-best-path[5.5.620~1-dce1dc]:main():lattice-best-path.cc:99) For utterance PN00F04U056, best cost 42.2361 + 2486.16 = 2528.4 over 630 frames.
PN00F04U056 ikk do naun sifar ikk do do 
LOG (lattice-best-path[5.5.620~1-dce1dc]:main():lattice-best-path.cc:99) For utterance PN00F04U057, best cost 42.2439 + 2543.27 = 2585.51 over 630 frames.
PN00F04U057 do tinn do tinn tinn chaar tinn 
LOG (lattice-best-path[5.5.620~1-dce1dc]:main():lattice-best-path.cc:99) For utterance PN00F04U058, best cost 42.3096 + 2524.07 = 2566.38 over 630 frames.
PN00F04U058 tinn chaar chaar panj panj chhe chaar 
LOG (lattice-best-path[5.5.620~1-dce1dc]:main():lattice-best-path.cc:99) For utterance PN00F04U059, best cost 45.4798 + 2813.35 = 2858.83 over 630 frames.
PN00F04U059 athth athth athth sifar sifar sifar sifar 
LOG (lattice-best-path[5.5.620~1-dce1dc]:main():lattice-best-path.cc:99) For utterance PN00F04U060, best cost 41.8837 + 2614.02 = 2655.9 over 630 frames.
PN00F04U060 athth chhe satt athth athth naun sifar 
LOG (lattice-best-path[5.5.620~1-dce1dc]:main():lattice-best-path.cc:99) For utterance PN00F04U061, best cost 39.0596 + 2626.56 = 2665.62 over 630 frames.
PN00F04U061 sifar naun naun athth satt chhe panj 
LOG (lattice-best-path[5.5.620~1-dce1dc]:main():lattice-best-path.cc:99) For utterance PN00F04U062, best cost 40.0305 + 2608.36 = 2648.39 over 629 frames.
PN00F04U062 panj chaar tinn do ikk sifar athth 
LOG (lattice-best-path[5.5.620~1-dce1dc]:main():lattice-best-path.cc:99) For utterance PN00F04U063, best cost 38.8376 + 2636.58 = 2675.42 over 630 frames.
PN00F04U063 athth naun satt panj tinn ikk satt 
LOG (lattice-best-path[5.5.620~1-dce1dc]:main():lattice-best-path.cc:99) For utterance PN00F04U064, best cost 39.6036 + 2627.36 = 2666.97 over 630 frames.
PN00F04U064 satt naun chhe chaar do sifar chhe 
LOG (lattice-best-path[5.5.620~1-dce1dc]:main():lattice-best-path.cc:99) For utterance PN00F04U065, best cost 40.3237 + 2487.1 = 2527.42 over 630 frames.
PN00F04U065 chhe naun panj do panj naun chaar 
LOG (lattice-best-path[5.5.620~1-dce1dc]:main():lattice-best-path.cc:99) For utterance PN00F04U066, best cost 41.2823 + 2689.06 = 2730.35 over 630 frames.
PN00F04U066 chaar ikk chaar naun tinn sifar tinn 
LOG (lattice-best-path[5.5.620~1-dce1dc]:main():lattice-best-path.cc:99) For utterance PN00F04U067, best cost 40.0003 + 2343.09 = 2383.09 over 630 frames.
PN00F04U067 tinn naun do do naun ikk ikk 
LOG (lattice-best-path[5.5.620~1-dce1dc]:main():lattice-best-path.cc:99) For utterance PN00F04U068, best cost 42.5014 + 2777 = 2819.51 over 630 frames.
PN00F04U068 ikk naun sifar sifar satt chaar sifar 
LOG (lattice-best-path[5.5.620~1-dce1dc]:main():lattice-best-path.cc:99) For utterance PN00F04U069, best cost 52.3834 + 2768.86 = 2821.24 over 630 frames.
PN00F04U069 sifar ikk athth chhe tinn athth athth 
LOG (lattice-best-path[5.5.620~1-dce1dc]:main():lattice-best-path.cc:99) For utterance PN00F04U070, best cost 39.557 + 2503.54 = 2543.09 over 629 frames.
PN00F04U070 athth panj ikk chhe do chhe athth 
LOG (lattice-best-path[5.5.620~1-dce1dc]:main():lattice-best-path.cc:99) For utterance PN00F04U071, best cost 44.125 + 2766.69 = 2810.81 over 629 frames.
PN00F04U071 athth chaar panj athth tinn chaar athth 
LOG (lattice-best-path[5.5.620~1-dce1dc]:main():lattice-best-path.cc:99) For utterance PN00F04U072, best cost 40.0426 + 2530.56 = 2570.6 over 630 frames.
PN00F04U072 athth do tinn satt tinn chhe ikk 
LOG (lattice-best-path[5.5.620~1-dce1dc]:main():lattice-best-path.cc:99) For utterance PN00F04U073, best cost 43.6496 + 2792.74 = 2836.38 over 630 frames.
PN00F04U073 ikk panj sifar panj chhe satt do 
LOG (lattice-best-path[5.5.620~1-dce1dc]:main():lattice-best-path.cc:99) For utterance PN00F04U074, best cost 44.6673 + 2648.48 = 2693.14 over 629 frames.
PN00F04U074 do athth ikk tinn panj panj satt 
LOG (lattice-best-path[5.5.620~1-dce1dc]:main():lattice-best-path.cc:99) For utterance PN00F04U075, best cost 41.6944 + 2665.81 = 2707.51 over 630 frames.
PN00F04U075 satt ikk do satt sifar do chaar 
LOG (lattice-best-path[5.5.620~1-dce1dc]:main():lattice-best-path.cc:99) For utterance PN00F04U076, best cost 41.3201 + 2527.02 = 2568.34 over 630 frames.
PN00F04U076 chaar satt athth sifar ikk do tinn 
LOG (lattice-best-path[5.5.620~1-dce1dc]:main():lattice-best-path.cc:99) For utterance PN00F04U077, best cost 41.2803 + 2686.72 = 2728 over 630 frames.
PN00F04U077 tinn tinn chaar chhe sifar chaar chaar 
LOG (lattice-best-path[5.5.620~1-dce1dc]:main():lattice-best-path.cc:99) For utterance PN00F04U078, best cost 41.3023 + 2728.93 = 2770.23 over 630 frames.
PN00F04U078 chaar panj chhe chhe satt satt athth 
LOG (lattice-best-path[5.5.620~1-dce1dc]:main():lattice-best-path.cc:99) For utterance PN00F04U079, best cost 40.4252 + 2454.57 = 2494.99 over 630 frames.
PN00F04U079 naun naun ikk tinn panj satt naun 
LOG (lattice-best-path[5.5.620~1-dce1dc]:main():lattice-best-path.cc:99) For utterance PN00F04U080, best cost 43.5009 + 2509.35 = 2552.85 over 630 frames.
PN00F04U080 do chhe naun ikk do chaar tinn 
LOG (lattice-best-path[5.5.620~1-dce1dc]:main():lattice-best-path.cc:99) For utterance PN00M01U001, best cost 44.7573 + 3139.55 = 3184.31 over 630 frames.
PN00M01U001 sifar sifar naun athth satt chhe panj 
LOG (lattice-best-path[5.5.620~1-dce1dc]:main():lattice-best-path.cc:99) For utterance PN00M01U002, best cost 41.661 + 2833.63 = 2875.29 over 630 frames.
PN00M01U002 panj chaar tinn do ikk sifar ikk 
LOG (lattice-best-path[5.5.620~1-dce1dc]:main():lattice-best-path.cc:99) For utterance PN00M01U003, best cost 40.3402 + 2840.46 = 2880.8 over 630 frames.
PN00M01U003 ikk naun satt panj tinn ikk do 
LOG (lattice-best-path[5.5.620~1-dce1dc]:main():lattice-best-path.cc:99) For utterance PN00M01U004, best cost 40.8863 + 2643.37 = 2684.26 over 630 frames.
PN00M01U004 do naun chhe chaar do sifar tinn 
LOG (lattice-best-path[5.5.620~1-dce1dc]:main():lattice-best-path.cc:99) For utterance PN00M01U005, best cost 41.275 + 2578.23 = 2619.5 over 630 frames.
PN00M01U005 tinn naun panj do chaar naun chaar 
LOG (lattice-best-path[5.5.620~1-dce1dc]:main():lattice-best-path.cc:99) For utterance PN00M01U006, best cost 42.4267 + 2749.54 = 2791.96 over 630 frames.
PN00M01U006 chaar ikk panj naun tinn sifar chhe 
LOG (lattice-best-path[5.5.620~1-dce1dc]:main():lattice-best-path.cc:99) For utterance PN00M01U007, best cost 43.0489 + 2889.96 = 2933.01 over 629 frames.
PN00M01U007 chhe naun do satt naun ikk athth 
LOG (lattice-best-path[5.5.620~1-dce1dc]:main():lattice-best-path.cc:99) For utterance PN00M01U008, best cost 43.1186 + 2894.72 = 2937.84 over 630 frames.
PN00M01U008 athth naun sifar athth chhe tinn chaar 
LOG (lattice-best-path[5.5.620~1-dce1dc]:main():lattice-best-path.cc:99) For utterance PN00M01U009, best cost 44.5279 + 3064.64 = 3109.17 over 630 frames.
PN00M01U009 chaar sifar satt chaar athth panj ikk 
LOG (lattice-best-path[5.5.620~1-dce1dc]:main():lattice-best-path.cc:99) For utterance PN00M01U010, best cost 44.685 + 2941.54 = 2986.23 over 630 frames.
PN00M01U010 ikk satt tinn tinn athth chaar chaar 
LOG (lattice-best-path[5.5.620~1-dce1dc]:main():lattice-best-path.cc:99) For utterance PN00M01U011, best cost 49.414 + 2864.38 = 2913.8 over 577 frames.
PN00M01U011 chaar satt do panj athth tinn chhe 
LOG (lattice-best-path[5.5.620~1-dce1dc]:main():lattice-best-path.cc:99) For utterance PN00M01U012, best cost 39.0976 + 3053.73 = 3092.83 over 630 frames.
PN00M01U012 chhe athth do athth ikk chhe do 
LOG (lattice-best-path[5.5.620~1-dce1dc]:main():lattice-best-path.cc:99) For utterance PN00M01U013, best cost 44.4403 + 3133.09 = 3177.53 over 630 frames.
PN00M01U013 do chhe ikk do tinn satt ikk 
LOG (lattice-best-path[5.5.620~1-dce1dc]:main():lattice-best-path.cc:99) For utterance PN00M01U014, best cost 43.0072 + 3166.03 = 3209.04 over 630 frames.
PN00M01U014 ikk chaar chhe sifar chaar panj sifar 
LOG (lattice-best-path[5.5.620~1-dce1dc]:main():lattice-best-path.cc:99) For utterance PN00M01U015, best cost 45.563 + 3127.28 = 3172.84 over 630 frames.
PN00M01U015 sifar panj satt sifar do do tinn 
LOG (lattice-best-path[5.5.620~1-dce1dc]:main():lattice-best-path.cc:99) For utterance PN00M01U016, best cost 42.9832 + 3039.66 = 3082.65 over 630 frames.
PN00M01U016 tinn panj chhe satt athth sifar ikk 
LOG (lattice-best-path[5.5.620~1-dce1dc]:main():lattice-best-path.cc:99) For utterance PN00M01U017, best cost 43.1487 + 2955.4 = 2998.54 over 630 frames.
PN00M01U017 ikk tinn chaar panj panj chhe chhe 
LOG (lattice-best-path[5.5.620~1-dce1dc]:main():lattice-best-path.cc:99) For utterance PN00M01U018, best cost 40.253 + 2905.14 = 2945.39 over 630 frames.
PN00M01U018 chhe satt satt athth athth naun naun 
LOG (lattice-best-path[5.5.620~1-dce1dc]:main():lattice-best-path.cc:99) For utterance PN00M01U019, best cost 44.1557 + 3062.04 = 3106.2 over 630 frames.
PN00M01U019 naun sifar ikk ikk do ikk satt 
LOG (lattice-best-path[5.5.620~1-dce1dc]:main():lattice-best-path.cc:99) For utterance PN00M01U020, best cost 40.4513 + 3029.02 = 3069.47 over 630 frames.
PN00M01U020 satt naun ikk tinn panj satt naun 
LOG (lattice-best-path[5.5.620~1-dce1dc]:main():lattice-best-path.cc:99) For utterance PN00M01U021, best cost 44.1999 + 3180.51 = 3224.71 over 630 frames.
PN00M01U021 sifar sifar ikk do tinn chaar panj 
LOG (lattice-best-path[5.5.620~1-dce1dc]:main():lattice-best-path.cc:99) For utterance PN00M01U022, best cost 45.5717 + 3004.07 = 3049.64 over 655 frames.
PN00M01U022 panj chhe satt athth naun ikk sifar 
LOG (lattice-best-path[5.5.620~1-dce1dc]:main():lattice-best-path.cc:99) For utterance PN00M01U023, best cost 41.3635 + 2939.96 = 2981.32 over 629 frames.
PN00M01U023 sifar do chaar chhe athth do sifar 
LOG (lattice-best-path[5.5.620~1-dce1dc]:main():lattice-best-path.cc:99) For utterance PN00M01U024, best cost 43.6798 + 3055.37 = 3099.05 over 630 frames.
PN00M01U024 sifar tinn panj satt naun tinn sifar 
LOG (lattice-best-path[5.5.620~1-dce1dc]:main():lattice-best-path.cc:99) For utterance PN00M01U025, best cost 46.7066 + 3228.84 = 3275.55 over 630 frames.
PN00M01U025 sifar chaar satt chaar sifar panj athth 
LOG (lattice-best-path[5.5.620~1-dce1dc]:main():lattice-best-path.cc:99) For utterance PN00M01U026, best cost 44.1298 + 2989.41 = 3033.54 over 630 frames.
PN00M01U026 athth panj sifar chhe naun chhe sifar 
LOG (lattice-best-path[5.5.620~1-dce1dc]:main():lattice-best-path.cc:99) For utterance PN00M01U027, best cost 46.0663 + 2997.98 = 3044.05 over 630 frames.
PN00M01U027 sifar satt satt sifar athth athth sifar 
LOG (lattice-best-path[5.5.620~1-dce1dc]:main():lattice-best-path.cc:99) For utterance PN00M01U028, best cost 42.7721 + 2967.96 = 3010.73 over 629 frames.
PN00M01U028 sifar naun naun sifar ikk ikk tinn 
LOG (lattice-best-path[5.5.620~1-dce1dc]:main():lattice-best-path.cc:99) For utterance PN00M01U029, best cost 40.2494 + 3027.75 = 3067.99 over 630 frames.
PN00M01U029 tinn chhe ikk chaar athth ikk panj 
LOG (lattice-best-path[5.5.620~1-dce1dc]:main():lattice-best-path.cc:99) For utterance PN00M01U030, best cost 41.0876 + 2938.05 = 2979.14 over 630 frames.
PN00M01U030 panj naun do panj chaar ikk chhe 
LOG (lattice-best-path[5.5.620~1-dce1dc]:main():lattice-best-path.cc:99) For utterance PN00M01U031, best cost 40.2615 + 2868.07 = 2908.33 over 629 frames.
PN00M01U031 chhe panj ikk satt chhe do chhe 
LOG (lattice-best-path[5.5.620~1-dce1dc]:main():lattice-best-path.cc:99) For utterance PN00M01U032, best cost 43.3404 + 2967.21 = 3010.55 over 629 frames.
PN00M01U032 chhe tinn satt ikk athth tinn athth 
LOG (lattice-best-path[5.5.620~1-dce1dc]:main():lattice-best-path.cc:99) For utterance PN00M01U033, best cost 39.5089 + 2829.69 = 2869.2 over 656 frames.
PN00M01U033 athth naun chaar naun panj do ikk 
LOG (lattice-best-path[5.5.620~1-dce1dc]:main():lattice-best-path.cc:99) For utterance PN00M01U034, best cost 42.4995 + 2754.74 = 2797.24 over 630 frames.
PN00M01U034 ikk naun satt do satt panj tinn 
LOG (lattice-best-path[5.5.620~1-dce1dc]:main():lattice-best-path.cc:99) For utterance PN00M01U035, best cost 43.4294 + 2782.11 = 2825.54 over 630 frames.
PN00M01U035 tinn naun athth satt tinn ikk do 
LOG (lattice-best-path[5.5.620~1-dce1dc]:main():lattice-best-path.cc:99) For utterance PN00M01U036, best cost 44.1703 + 2885.21 = 2929.38 over 630 frames.
PN00M01U036 do do athth chaar do naun sifar 
LOG (lattice-best-path[5.5.620~1-dce1dc]:main():lattice-best-path.cc:99) For utterance PN00M01U037, best cost 44.0235 + 2914.31 = 2958.34 over 630 frames.
PN00M01U037 sifar ikk do tinn do tinn tinn 
LOG (lattice-best-path[5.5.620~1-dce1dc]:main():lattice-best-path.cc:99) For utterance PN00M01U038, best cost 44.9004 + 2843.37 = 2888.27 over 629 frames.
PN00M01U038 tinn chaar tinn chaar chaar panj panj 
LOG (lattice-best-path[5.5.620~1-dce1dc]:main():lattice-best-path.cc:99) For utterance PN00M01U039, best cost 45.4908 + 2936.47 = 2981.96 over 630 frames.
PN00M01U039 panj chhe chaar panj chhe chhe satt 
LOG (lattice-best-path[5.5.620~1-dce1dc]:main():lattice-best-path.cc:99) For utterance PN00M01U040, best cost 44.9701 + 2923.19 = 2968.16 over 630 frames.
PN00M01U040 satt athth chhe satt ikk do chaar 
LOG (lattice-best-path[5.5.620~1-dce1dc]:main():lattice-best-path.cc:99) For utterance PN00M01U041, best cost 45.2146 + 2975.02 = 3020.24 over 630 frames.
PN00M01U041 sifar naun sifar ikk do tinn chaar 
LOG (lattice-best-path[5.5.620~1-dce1dc]:main():lattice-best-path.cc:99) For utterance PN00M01U042, best cost 45.6593 + 2944.35 = 2990.01 over 630 frames.
PN00M01U042 chaar panj chhe satt athth naun athth 
LOG (lattice-best-path[5.5.620~1-dce1dc]:main():lattice-best-path.cc:99) For utterance PN00M01U043, best cost 43.8439 + 3082.08 = 3125.93 over 629 frames.
PN00M01U043 athth sifar do chaar chhe athth satt 
LOG (lattice-best-path[5.5.620~1-dce1dc]:main():lattice-best-path.cc:99) For utterance PN00M01U044, best cost 45.6267 + 3159.46 = 3205.09 over 656 frames.
PN00M01U044 satt sifar tinn panj satt naun chhe 
LOG (lattice-best-path[5.5.620~1-dce1dc]:main():lattice-best-path.cc:99) For utterance PN00M01U045, best cost 43.6246 + 3068.52 = 3112.15 over 630 frames.
PN00M01U045 chhe sifar chaar satt panj sifar panj 
LOG (lattice-best-path[5.5.620~1-dce1dc]:main():lattice-best-path.cc:99) For utterance PN00M01U046, best cost 44.5315 + 2955.56 = 3000.1 over 630 frames.
PN00M01U046 panj athth chaar sifar chhe naun tinn 
LOG (lattice-best-path[5.5.620~1-dce1dc]:main():lattice-best-path.cc:99) For utterance PN00M01U047, best cost 48.3723 + 3113.63 = 3162 over 630 frames.
PN00M01U047 tinn sifar satt do sifar athth ikk 
LOG (lattice-best-path[5.5.620~1-dce1dc]:main():lattice-best-path.cc:99) For utterance PN00M01U048, best cost 48.1216 + 3071.98 = 3120.1 over 630 frames.
PN00M01U048 ikk sifar sifar ikk naun ikk tinn 
LOG (lattice-best-path[5.5.620~1-dce1dc]:main():lattice-best-path.cc:99) For utterance PN00M01U049, best cost 42.5926 + 2890.88 = 2933.47 over 630 frames.
PN00M01U049 tinn chhe ikk chaar athth do panj 
LOG (lattice-best-path[5.5.620~1-dce1dc]:main():lattice-best-path.cc:99) For utterance PN00M01U050, best cost 41.8648 + 2790.18 = 2832.05 over 630 frames.
PN00M01U050 panj naun do chhe panj ikk panj 
LOG (lattice-best-path[5.5.620~1-dce1dc]:main():lattice-best-path.cc:99) For utterance PN00M01U051, best cost 41.5585 + 2994.2 = 3035.76 over 629 frames.
PN00M01U051 panj chaar ikk chhe tinn ikk satt 
LOG (lattice-best-path[5.5.620~1-dce1dc]:main():lattice-best-path.cc:99) For utterance PN00M01U052, best cost 43.8416 + 3084.25 = 3128.09 over 630 frames.
PN00M01U052 satt ikk athth tinn satt tinn athth 
LOG (lattice-best-path[5.5.620~1-dce1dc]:main():lattice-best-path.cc:99) For utterance PN00M01U053, best cost 39.2152 + 2802.78 = 2841.99 over 629 frames.
PN00M01U053 athth naun naun chaar naun panj do 
LOG (lattice-best-path[5.5.620~1-dce1dc]:main():lattice-best-path.cc:99) For utterance PN00M01U054, best cost 42.1746 + 3037.96 = 3080.13 over 629 frames.
PN00M01U054 do satt chhe do athth panj tinn 
LOG (lattice-best-path[5.5.620~1-dce1dc]:main():lattice-best-path.cc:99) For utterance PN00M01U055, best cost 43.7713 + 3120.14 = 3163.91 over 629 frames.
PN00M01U055 tinn naun satt chaar do ikk ikk 
LOG (lattice-best-path[5.5.620~1-dce1dc]:main():lattice-best-path.cc:99) For utterance PN00M01U056, best cost 43.3661 + 2899.13 = 2942.49 over 630 frames.
PN00M01U056 ikk do naun sifar ikk do do 
LOG (lattice-best-path[5.5.620~1-dce1dc]:main():lattice-best-path.cc:99) For utterance PN00M01U057, best cost 47.2641 + 2648.77 = 2696.04 over 630 frames.
PN00M01U057 do tinn do tinn tinn chaar tinn 
LOG (lattice-best-path[5.5.620~1-dce1dc]:main():lattice-best-path.cc:99) For utterance PN00M01U058, best cost 45.3468 + 2811.42 = 2856.76 over 656 frames.
PN00M01U058 tinn chaar chaar panj panj chhe chaar 
LOG (lattice-best-path[5.5.620~1-dce1dc]:main():lattice-best-path.cc:99) For utterance PN00M01U059, best cost 47.5956 + 3280.95 = 3328.54 over 630 frames.
PN00M01U059 athth athth athth sifar sifar sifar sifar 
LOG (lattice-best-path[5.5.620~1-dce1dc]:main():lattice-best-path.cc:99) For utterance PN00M01U060, best cost 42.281 + 3047.29 = 3089.57 over 630 frames.
PN00M01U060 athth chhe satt athth athth naun sifar 
LOG (lattice-best-path[5.5.620~1-dce1dc]:main():lattice-best-path.cc:99) For utterance PN00M01U061, best cost 39.9412 + 2900.26 = 2940.2 over 630 frames.
PN00M01U061 sifar naun naun athth satt chhe panj 
LOG (lattice-best-path[5.5.620~1-dce1dc]:main():lattice-best-path.cc:99) For utterance PN00M01U062, best cost 40.8219 + 2872.34 = 2913.17 over 630 frames.
PN00M01U062 panj chaar tinn do ikk sifar athth 
LOG (lattice-best-path[5.5.620~1-dce1dc]:main():lattice-best-path.cc:99) For utterance PN00M01U063, best cost 40.0109 + 2846.1 = 2886.11 over 630 frames.
PN00M01U063 athth naun satt panj tinn ikk satt 
LOG (lattice-best-path[5.5.620~1-dce1dc]:main():lattice-best-path.cc:99) For utterance PN00M01U064, best cost 40.3651 + 2787.04 = 2827.4 over 630 frames.
PN00M01U064 satt naun chhe chaar do sifar chhe 
LOG (lattice-best-path[5.5.620~1-dce1dc]:main():lattice-best-path.cc:99) For utterance PN00M01U065, best cost 40.545 + 2585.67 = 2626.21 over 629 frames.
PN00M01U065 chhe naun panj do panj naun chaar 
LOG (lattice-best-path[5.5.620~1-dce1dc]:main():lattice-best-path.cc:99) For utterance PN00M01U066, best cost 45.3388 + 2749.91 = 2795.25 over 630 frames.
PN00M01U066 chaar ikk chaar naun tinn sifar tinn 
LOG (lattice-best-path[5.5.620~1-dce1dc]:main():lattice-best-path.cc:99) For utterance PN00M01U067, best cost 43.6454 + 2707.02 = 2750.67 over 630 frames.
PN00M01U067 tinn naun do do naun ikk ikk 
LOG (lattice-best-path[5.5.620~1-dce1dc]:main():lattice-best-path.cc:99) For utterance PN00M01U068, best cost 45.1169 + 3028.6 = 3073.71 over 630 frames.
PN00M01U068 ikk naun sifar sifar satt chaar sifar 
LOG (lattice-best-path[5.5.620~1-dce1dc]:main():lattice-best-path.cc:99) For utterance PN00M01U069, best cost 54.7848 + 2968.51 = 3023.29 over 630 frames.
PN00M01U069 sifar ikk athth chhe tinn athth athth 
LOG (lattice-best-path[5.5.620~1-dce1dc]:main():lattice-best-path.cc:99) For utterance PN00M01U070, best cost 42.0059 + 2849.76 = 2891.76 over 630 frames.
PN00M01U070 athth panj ikk chhe do chhe athth 
LOG (lattice-best-path[5.5.620~1-dce1dc]:main():lattice-best-path.cc:99) For utterance PN00M01U071, best cost 46.5682 + 2902.07 = 2948.64 over 630 frames.
PN00M01U071 athth chaar panj athth tinn chaar athth 
LOG (lattice-best-path[5.5.620~1-dce1dc]:main():lattice-best-path.cc:99) For utterance PN00M01U072, best cost 42.0091 + 2831.04 = 2873.05 over 630 frames.
PN00M01U072 athth do tinn satt tinn chhe ikk 
LOG (lattice-best-path[5.5.620~1-dce1dc]:main():lattice-best-path.cc:99) For utterance PN00M01U073, best cost 43.9837 + 2902.89 = 2946.88 over 630 frames.
PN00M01U073 ikk panj sifar panj chhe satt do 
LOG (lattice-best-path[5.5.620~1-dce1dc]:main():lattice-best-path.cc:99) For utterance PN00M01U074, best cost 46.1296 + 2801.17 = 2847.29 over 629 frames.
PN00M01U074 do athth ikk tinn panj panj satt 
LOG (lattice-best-path[5.5.620~1-dce1dc]:main():lattice-best-path.cc:99) For utterance PN00M01U075, best cost 45.8392 + 2956.67 = 3002.51 over 629 frames.
PN00M01U075 satt ikk do satt sifar do chaar 
LOG (lattice-best-path[5.5.620~1-dce1dc]:main():lattice-best-path.cc:99) For utterance PN00M01U076, best cost 45.4019 + 2888.01 = 2933.41 over 630 frames.
PN00M01U076 chaar satt athth sifar ikk do tinn 
LOG (lattice-best-path[5.5.620~1-dce1dc]:main():lattice-best-path.cc:99) For utterance PN00M01U077, best cost 45.7863 + 2754.32 = 2800.11 over 630 frames.
PN00M01U077 tinn tinn chaar chhe sifar chaar chaar 
LOG (lattice-best-path[5.5.620~1-dce1dc]:main():lattice-best-path.cc:99) For utterance PN00M01U078, best cost 45.3557 + 2906.11 = 2951.46 over 630 frames.
PN00M01U078 chaar panj chhe chhe satt satt athth 
LOG (lattice-best-path[5.5.620~1-dce1dc]:main():lattice-best-path.cc:99) For utterance PN00M01U079, best cost 44.0932 + 2774.36 = 2818.45 over 629 frames.
PN00M01U079 naun naun ikk tinn panj satt naun 
LOG (lattice-best-path[5.5.620~1-dce1dc]:main():lattice-best-path.cc:99) For utterance PN00M01U080, best cost 46.8761 + 2770.54 = 2817.41 over 630 frames.
PN00M01U080 do chhe naun ikk do chaar tinn 
LOG (lattice-best-path[5.5.620~1-dce1dc]:main():lattice-best-path.cc:99) For utterance PN00M03U001, best cost 40.3544 + 3059.16 = 3099.51 over 629 frames.
PN00M03U001 sifar sifar naun athth satt chhe panj 
LOG (lattice-best-path[5.5.620~1-dce1dc]:main():lattice-best-path.cc:99) For utterance PN00M03U002, best cost 39.6663 + 2959.94 = 2999.61 over 630 frames.
PN00M03U002 panj chaar tinn do ikk sifar ikk 
LOG (lattice-best-path[5.5.620~1-dce1dc]:main():lattice-best-path.cc:99) For utterance PN00M03U003, best cost 37.7094 + 2762.3 = 2800.01 over 630 frames.
PN00M03U003 ikk naun satt panj tinn ikk do 
LOG (lattice-best-path[5.5.620~1-dce1dc]:main():lattice-best-path.cc:99) For utterance PN00M03U004, best cost 40.621 + 2861.89 = 2902.51 over 630 frames.
PN00M03U004 do naun chhe chaar do sifar tinn 
LOG (lattice-best-path[5.5.620~1-dce1dc]:main():lattice-best-path.cc:99) For utterance PN00M03U005, best cost 41.1123 + 2787.6 = 2828.71 over 629 frames.
PN00M03U005 tinn naun panj do chaar naun chaar 
LOG (lattice-best-path[5.5.620~1-dce1dc]:main():lattice-best-path.cc:99) For utterance PN00M03U006, best cost 40.3714 + 2780.89 = 2821.26 over 630 frames.
PN00M03U006 chaar ikk panj naun tinn sifar chhe 
LOG (lattice-best-path[5.5.620~1-dce1dc]:main():lattice-best-path.cc:99) For utterance PN00M03U007, best cost 41.1026 + 2809.65 = 2850.75 over 630 frames.
PN00M03U007 chhe naun do satt naun ikk athth 
LOG (lattice-best-path[5.5.620~1-dce1dc]:main():lattice-best-path.cc:99) For utterance PN00M03U008, best cost 42.1398 + 2947.88 = 2990.01 over 630 frames.
PN00M03U008 athth naun sifar athth chhe tinn chaar 
LOG (lattice-best-path[5.5.620~1-dce1dc]:main():lattice-best-path.cc:99) For utterance PN00M03U009, best cost 42.035 + 2939.96 = 2982 over 630 frames.
PN00M03U009 chaar sifar satt chaar athth panj ikk 
LOG (lattice-best-path[5.5.620~1-dce1dc]:main():lattice-best-path.cc:99) For utterance PN00M03U010, best cost 42.4248 + 2920.88 = 2963.31 over 630 frames.
PN00M03U010 ikk satt tinn tinn athth chaar chaar 
LOG (lattice-best-path[5.5.620~1-dce1dc]:main():lattice-best-path.cc:99) For utterance PN00M03U011, best cost 43.9391 + 2980.76 = 3024.7 over 630 frames.
PN00M03U011 chhe satt do panj athth tinn chhe 
LOG (lattice-best-path[5.5.620~1-dce1dc]:main():lattice-best-path.cc:99) For utterance PN00M03U012, best cost 38.9196 + 2723.05 = 2761.97 over 630 frames.
PN00M03U012 chhe athth do athth ikk chhe do 
LOG (lattice-best-path[5.5.620~1-dce1dc]:main():lattice-best-path.cc:99) For utterance PN00M03U013, best cost 40.8468 + 2684.17 = 2725.02 over 630 frames.
PN00M03U013 do chhe ikk do tinn satt ikk 
LOG (lattice-best-path[5.5.620~1-dce1dc]:main():lattice-best-path.cc:99) For utterance PN00M03U014, best cost 42.9794 + 2787.89 = 2830.87 over 630 frames.
PN00M03U014 ikk chaar chhe sifar chaar panj sifar 
LOG (lattice-best-path[5.5.620~1-dce1dc]:main():lattice-best-path.cc:99) For utterance PN00M03U015, best cost 44.2718 + 2846.15 = 2890.42 over 630 frames.
PN00M03U015 sifar panj satt sifar do do tinn 
LOG (lattice-best-path[5.5.620~1-dce1dc]:main():lattice-best-path.cc:99) For utterance PN00M03U016, best cost 42.6329 + 2808.19 = 2850.82 over 630 frames.
PN00M03U016 tinn panj chhe satt athth sifar ikk 
LOG (lattice-best-path[5.5.620~1-dce1dc]:main():lattice-best-path.cc:99) For utterance PN00M03U017, best cost 43.9707 + 2684.89 = 2728.86 over 630 frames.
PN00M03U017 ikk tinn chaar panj panj chhe chhe 
LOG (lattice-best-path[5.5.620~1-dce1dc]:main():lattice-best-path.cc:99) For utterance PN00M03U018, best cost 41.0584 + 2695.42 = 2736.48 over 630 frames.
PN00M03U018 chhe satt satt athth athth naun naun 
LOG (lattice-best-path[5.5.620~1-dce1dc]:main():lattice-best-path.cc:99) For utterance PN00M03U019, best cost 41.9724 + 2653.2 = 2695.18 over 629 frames.
PN00M03U019 naun sifar ikk ikk do ikk satt 
LOG (lattice-best-path[5.5.620~1-dce1dc]:main():lattice-best-path.cc:99) For utterance PN00M03U020, best cost 39.3967 + 2726.43 = 2765.83 over 630 frames.
PN00M03U020 satt naun ikk tinn panj satt naun 
LOG (lattice-best-path[5.5.620~1-dce1dc]:main():lattice-best-path.cc:99) For utterance PN00M03U021, best cost 46.9959 + 3170.61 = 3217.61 over 630 frames.
PN00M03U021 sifar sifar ikk do tinn chaar panj 
LOG (lattice-best-path[5.5.620~1-dce1dc]:main():lattice-best-path.cc:99) For utterance PN00M03U022, best cost 43.0262 + 2915.37 = 2958.4 over 630 frames.
PN00M03U022 panj chhe satt athth naun ikk sifar 
LOG (lattice-best-path[5.5.620~1-dce1dc]:main():lattice-best-path.cc:99) For utterance PN00M03U023, best cost 41.4249 + 2913.93 = 2955.35 over 629 frames.
PN00M03U023 sifar do chaar chhe athth do sifar 
LOG (lattice-best-path[5.5.620~1-dce1dc]:main():lattice-best-path.cc:99) For utterance PN00M03U024, best cost 43.0366 + 2892.29 = 2935.33 over 630 frames.
PN00M03U024 sifar tinn panj satt naun tinn sifar 
LOG (lattice-best-path[5.5.620~1-dce1dc]:main():lattice-best-path.cc:99) For utterance PN00M03U025, best cost 45.7526 + 2875.55 = 2921.3 over 630 frames.
PN00M03U025 sifar chaar satt chaar sifar panj athth 
LOG (lattice-best-path[5.5.620~1-dce1dc]:main():lattice-best-path.cc:99) For utterance PN00M03U026, best cost 43.2639 + 2950.37 = 2993.63 over 629 frames.
PN00M03U026 athth panj sifar chhe naun chhe sifar 
LOG (lattice-best-path[5.5.620~1-dce1dc]:main():lattice-best-path.cc:99) For utterance PN00M03U027, best cost 44.0018 + 2933.93 = 2977.94 over 629 frames.
PN00M03U027 sifar satt satt sifar athth athth sifar 
LOG (lattice-best-path[5.5.620~1-dce1dc]:main():lattice-best-path.cc:99) For utterance PN00M03U028, best cost 41.7503 + 2763.11 = 2804.86 over 630 frames.
PN00M03U028 sifar naun naun sifar ikk ikk tinn 
LOG (lattice-best-path[5.5.620~1-dce1dc]:main():lattice-best-path.cc:99) For utterance PN00M03U029, best cost 39.4001 + 2632.67 = 2672.07 over 630 frames.
PN00M03U029 tinn chhe ikk chaar athth ikk panj 
LOG (lattice-best-path[5.5.620~1-dce1dc]:main():lattice-best-path.cc:99) For utterance PN00M03U030, best cost 40.046 + 2653.67 = 2693.72 over 630 frames.
PN00M03U030 panj naun do panj chaar ikk chhe 
LOG (lattice-best-path[5.5.620~1-dce1dc]:main():lattice-best-path.cc:99) For utterance PN00M03U031, best cost 39.5269 + 2651.23 = 2690.75 over 629 frames.
PN00M03U031 chhe panj ikk satt chhe do chhe 
LOG (lattice-best-path[5.5.620~1-dce1dc]:main():lattice-best-path.cc:99) For utterance PN00M03U032, best cost 40.5398 + 2852.77 = 2893.31 over 629 frames.
PN00M03U032 chhe tinn satt ikk athth tinn athth 
LOG (lattice-best-path[5.5.620~1-dce1dc]:main():lattice-best-path.cc:99) For utterance PN00M03U033, best cost 40.0695 + 2733.07 = 2773.14 over 630 frames.
PN00M03U033 athth naun chaar naun panj do ikk 
LOG (lattice-best-path[5.5.620~1-dce1dc]:main():lattice-best-path.cc:99) For utterance PN00M03U034, best cost 39.5818 + 2575.05 = 2614.63 over 630 frames.
PN00M03U034 ikk naun satt do satt panj tinn 
LOG (lattice-best-path[5.5.620~1-dce1dc]:main():lattice-best-path.cc:99) For utterance PN00M03U035, best cost 38.8108 + 2593.45 = 2632.26 over 630 frames.
PN00M03U035 tinn naun athth satt tinn ikk do 
LOG (lattice-best-path[5.5.620~1-dce1dc]:main():lattice-best-path.cc:99) For utterance PN00M03U036, best cost 42.621 + 2819.09 = 2861.72 over 629 frames.
PN00M03U036 do do athth chaar do naun sifar 
LOG (lattice-best-path[5.5.620~1-dce1dc]:main():lattice-best-path.cc:99) For utterance PN00M03U037, best cost 42.9499 + 2747.89 = 2790.84 over 629 frames.
PN00M03U037 sifar ikk do tinn do tinn tinn 
LOG (lattice-best-path[5.5.620~1-dce1dc]:main():lattice-best-path.cc:99) For utterance PN00M03U038, best cost 45.5769 + 3398.94 = 3444.52 over 630 frames.
PN00M03U038 tinn chaar tinn chaar chaar panj panj 
LOG (lattice-best-path[5.5.620~1-dce1dc]:main():lattice-best-path.cc:99) For utterance PN00M03U039, best cost 41.9068 + 2715.15 = 2757.05 over 630 frames.
PN00M03U039 panj chhe chaar panj chhe chhe satt 
LOG (lattice-best-path[5.5.620~1-dce1dc]:main():lattice-best-path.cc:99) For utterance PN00M03U040, best cost 43.5134 + 2727.5 = 2771.01 over 630 frames.
PN00M03U040 satt athth chhe satt ikk do chaar 
LOG (lattice-best-path[5.5.620~1-dce1dc]:main():lattice-best-path.cc:99) For utterance PN00M03U041, best cost 42.0151 + 2943.63 = 2985.64 over 629 frames.
PN00M03U041 sifar naun sifar ikk do tinn chaar 
LOG (lattice-best-path[5.5.620~1-dce1dc]:main():lattice-best-path.cc:99) For utterance PN00M03U042, best cost 43.1553 + 2747.32 = 2790.47 over 630 frames.
PN00M03U042 chaar panj chhe satt athth naun athth 
LOG (lattice-best-path[5.5.620~1-dce1dc]:main():lattice-best-path.cc:99) For utterance PN00M03U043, best cost 40.8643 + 2869.69 = 2910.55 over 629 frames.
PN00M03U043 athth sifar do chaar chhe athth satt 
LOG (lattice-best-path[5.5.620~1-dce1dc]:main():lattice-best-path.cc:99) For utterance PN00M03U044, best cost 41.6515 + 2733.35 = 2775 over 629 frames.
PN00M03U044 satt sifar tinn panj satt naun chhe 
LOG (lattice-best-path[5.5.620~1-dce1dc]:main():lattice-best-path.cc:99) For utterance PN00M03U045, best cost 41.2854 + 2784.33 = 2825.62 over 630 frames.
PN00M03U045 chhe sifar chaar satt panj sifar panj 
LOG (lattice-best-path[5.5.620~1-dce1dc]:main():lattice-best-path.cc:99) For utterance PN00M03U046, best cost 42.29 + 2591.99 = 2634.28 over 629 frames.
PN00M03U046 panj athth chaar sifar chhe naun tinn 
LOG (lattice-scale[5.5.620~1-dce1dc]:main():lattice-scale.cc:107) Done 320 lattices.
LOG (lattice-best-path[5.5.620~1-dce1dc]:main():lattice-best-path.cc:99) For utterance PN00M03U047, best cost 43.5001 + 2735.23 = 2778.73 over 630 frames.
PN00M03U047 tinn sifar satt do sifar athth ikk 
LOG (lattice-best-path[5.5.620~1-dce1dc]:main():lattice-best-path.cc:99) For utterance PN00M03U048, best cost 43.3061 + 2772.2 = 2815.51 over 630 frames.
PN00M03U048 ikk sifar sifar ikk naun ikk tinn 
LOG (lattice-best-path[5.5.620~1-dce1dc]:main():lattice-best-path.cc:99) For utterance PN00M03U049, best cost 40.1867 + 2662.32 = 2702.5 over 630 frames.
PN00M03U049 tinn chhe ikk chaar athth do panj 
LOG (lattice-best-path[5.5.620~1-dce1dc]:main():lattice-best-path.cc:99) For utterance PN00M03U050, best cost 40.3498 + 2546.77 = 2587.12 over 630 frames.
PN00M03U050 panj naun do chhe panj ikk panj 
LOG (lattice-best-path[5.5.620~1-dce1dc]:main():lattice-best-path.cc:99) For utterance PN00M03U051, best cost 39.4711 + 2522.82 = 2562.29 over 629 frames.
PN00M03U051 panj chaar ikk chhe tinn ikk satt 
LOG (lattice-best-path[5.5.620~1-dce1dc]:main():lattice-best-path.cc:99) For utterance PN00M03U052, best cost 40.3511 + 2764.13 = 2804.48 over 632 frames.
PN00M03U052 satt ikk athth tinn satt tinn athth 
LOG (lattice-best-path[5.5.620~1-dce1dc]:main():lattice-best-path.cc:99) For utterance PN00M03U053, best cost 38.8628 + 2743.4 = 2782.26 over 653 frames.
PN00M03U053 athth naun naun chaar naun panj do 
LOG (lattice-best-path[5.5.620~1-dce1dc]:main():lattice-best-path.cc:99) For utterance PN00M03U054, best cost 41.7276 + 2825.62 = 2867.35 over 651 frames.
PN00M03U054 do satt chhe do athth panj tinn 
LOG (lattice-best-path[5.5.620~1-dce1dc]:main():lattice-best-path.cc:99) For utterance PN00M03U055, best cost 41.495 + 2678.3 = 2719.79 over 654 frames.
PN00M03U055 tinn naun satt chaar do ikk ikk 
LOG (lattice-best-path[5.5.620~1-dce1dc]:main():lattice-best-path.cc:99) For utterance PN00M03U056, best cost 43.356 + 2666.48 = 2709.83 over 629 frames.
PN00M03U056 ikk do naun sifar ikk do do 
LOG (lattice-best-path[5.5.620~1-dce1dc]:main():lattice-best-path.cc:99) For utterance PN00M03U057, best cost 45.9432 + 3018.31 = 3064.25 over 623 frames.
PN00M03U057 do tinn do tinn tinn chaar tinn 
LOG (lattice-best-path[5.5.620~1-dce1dc]:main():lattice-best-path.cc:99) For utterance PN00M03U058, best cost 44.0822 + 2787.01 = 2831.09 over 622 frames.
PN00M03U058 tinn chaar chaar panj panj chhe chaar 
LOG (lattice-best-path[5.5.620~1-dce1dc]:main():lattice-best-path.cc:99) For utterance PN00M03U059, best cost 47.0589 + 3073.14 = 3120.2 over 625 frames.
PN00M03U059 athth athth athth sifar sifar sifar sifar 
LOG (lattice-best-path[5.5.620~1-dce1dc]:main():lattice-best-path.cc:99) For utterance PN00M03U060, best cost 41.7187 + 2967.03 = 3008.75 over 628 frames.
PN00M03U060 athth chhe satt athth athth naun sifar 
LOG (lattice-best-path[5.5.620~1-dce1dc]:main():lattice-best-path.cc:99) For utterance PN00M03U061, best cost 39.1317 + 2909.63 = 2948.76 over 629 frames.
PN00M03U061 sifar naun naun athth satt chhe panj 
LOG (lattice-best-path[5.5.620~1-dce1dc]:main():lattice-best-path.cc:99) For utterance PN00M03U062, best cost 40.1833 + 2904.5 = 2944.68 over 630 frames.
PN00M03U062 panj chaar tinn do ikk sifar athth 
LOG (lattice-add-penalty[5.5.620~1-dce1dc]:main():lattice-add-penalty.cc:62) Done adding word insertion penalty to 320 lattices.
LOG (lattice-best-path[5.5.620~1-dce1dc]:main():lattice-best-path.cc:99) For utterance PN00M03U063, best cost 38.1269 + 2688.97 = 2727.1 over 629 frames.
PN00M03U063 athth naun satt panj tinn ikk satt 
LOG (lattice-best-path[5.5.620~1-dce1dc]:main():lattice-best-path.cc:99) For utterance PN00M03U064, best cost 39.7975 + 2982.17 = 3021.97 over 629 frames.
PN00M03U064 satt naun chhe chaar do sifar chhe 
LOG (lattice-best-path[5.5.620~1-dce1dc]:main():lattice-best-path.cc:99) For utterance PN00M03U065, best cost 40.7946 + 2755.92 = 2796.71 over 629 frames.
PN00M03U065 chhe naun panj do panj naun chaar 
LOG (lattice-best-path[5.5.620~1-dce1dc]:main():lattice-best-path.cc:99) For utterance PN00M03U066, best cost 42.1327 + 2741.57 = 2783.7 over 630 frames.
PN00M03U066 chaar ikk chaar naun tinn sifar tinn 
LOG (lattice-best-path[5.5.620~1-dce1dc]:main():lattice-best-path.cc:99) For utterance PN00M03U067, best cost 41.8166 + 2614.56 = 2656.38 over 627 frames.
PN00M03U067 tinn naun do do naun ikk ikk 
LOG (lattice-best-path[5.5.620~1-dce1dc]:main():lattice-best-path.cc:99) For utterance PN00M03U068, best cost 44.9731 + 3128.33 = 3173.31 over 630 frames.
PN00M03U068 ikk naun sifar sifar satt chaar sifar 
LOG (lattice-best-path[5.5.620~1-dce1dc]:main():lattice-best-path.cc:99) For utterance PN00M03U069, best cost 38.5641 + 2932.98 = 2971.55 over 629 frames.
PN00M03U069 sifar ikk athth chhe tinn athth 
LOG (lattice-best-path[5.5.620~1-dce1dc]:main():lattice-best-path.cc:99) For utterance PN00M03U070, best cost 39.5171 + 2883.61 = 2923.13 over 630 frames.
PN00M03U070 athth panj ikk chhe do chhe athth 
LOG (lattice-best-path[5.5.620~1-dce1dc]:main():lattice-best-path.cc:99) For utterance PN00M03U071, best cost 44.1289 + 2766.03 = 2810.16 over 630 frames.
PN00M03U071 athth chaar panj athth tinn chaar athth 
LOG (lattice-best-path[5.5.620~1-dce1dc]:main():lattice-best-path.cc:99) For utterance PN00M03U072, best cost 40.6623 + 2790.29 = 2830.95 over 629 frames.
PN00M03U072 athth do tinn satt tinn chhe ikk 
LOG (lattice-best-path[5.5.620~1-dce1dc]:main():lattice-best-path.cc:99) For utterance PN00M03U073, best cost 43.9798 + 2831.08 = 2875.06 over 630 frames.
PN00M03U073 ikk panj sifar panj chhe satt do 
LOG (lattice-best-path[5.5.620~1-dce1dc]:main():lattice-best-path.cc:99) For utterance PN00M03U074, best cost 45.1441 + 2832.68 = 2877.83 over 630 frames.
PN00M03U074 do athth ikk tinn panj panj satt 
LOG (lattice-best-path[5.5.620~1-dce1dc]:main():lattice-best-path.cc:99) For utterance PN00M03U075, best cost 41.5624 + 3198.59 = 3240.16 over 630 frames.
PN00M03U075 satt ikk do satt sifar do chaar 
LOG (lattice-best-path[5.5.620~1-dce1dc]:main():lattice-best-path.cc:99) For utterance PN00M03U076, best cost 42.6105 + 2919.53 = 2962.14 over 620 frames.
PN00M03U076 chaar satt athth sifar ikk do tinn 
LOG (lattice-best-path[5.5.620~1-dce1dc]:main():lattice-best-path.cc:99) For utterance PN00M03U077, best cost 43.8257 + 2914.03 = 2957.86 over 624 frames.
PN00M03U077 tinn tinn chaar chhe sifar chaar chaar 
LOG (lattice-best-path[5.5.620~1-dce1dc]:main():lattice-best-path.cc:99) For utterance PN00M03U078, best cost 42.5607 + 3086.14 = 3128.7 over 627 frames.
PN00M03U078 chaar panj chhe chhe satt satt athth 
LOG (lattice-best-path[5.5.620~1-dce1dc]:main():lattice-best-path.cc:99) For utterance PN00M03U079, best cost 41.3264 + 2890 = 2931.33 over 629 frames.
PN00M03U079 naun naun ikk tinn panj satt naun 
LOG (lattice-best-path[5.5.620~1-dce1dc]:main():lattice-best-path.cc:99) For utterance PN00M03U080, best cost 43.9466 + 2796.75 = 2840.7 over 629 frames.
PN00M03U080 do chhe naun ikk do chaar tinn 
LOG (lattice-best-path[5.5.620~1-dce1dc]:main():lattice-best-path.cc:124) Overall cost per frame is 4.60416 = 0.0691702 [graph] + 4.53499 [acoustic] over 201866 frames.
LOG (lattice-best-path[5.5.620~1-dce1dc]:main():lattice-best-path.cc:128) Done 320 lattices, failed for 0
# Accounting: time=0 threads=1
# Ended (code 0) at Sun Mar 22 09:33:51 IST 2020, elapsed time 0 seconds
