# gmm-est --mix-up=15700 --power=0.25 --write-occs=exp/tri1/14.occs exp/tri1/13.mdl "gmm-sum-accs - exp/tri1/13.*.acc |" exp/tri1/14.mdl 
# Started at Sun Mar 22 09:22:55 IST 2020
#
gmm-est --mix-up=15700 --power=0.25 --write-occs=exp/tri1/14.occs exp/tri1/13.mdl 'gmm-sum-accs - exp/tri1/13.*.acc |' exp/tri1/14.mdl 
gmm-sum-accs - exp/tri1/13.1.acc exp/tri1/13.2.acc exp/tri1/13.3.acc exp/tri1/13.4.acc 
LOG (gmm-sum-accs[5.5.620~1-dce1dc]:main():gmm-sum-accs.cc:63) Summed 4 stats, total count 201866, avg like/frame -46.4452
LOG (gmm-sum-accs[5.5.620~1-dce1dc]:main():gmm-sum-accs.cc:66) Total count of stats is 201866
LOG (gmm-sum-accs[5.5.620~1-dce1dc]:main():gmm-sum-accs.cc:67) Written stats to -
LOG (gmm-est[5.5.620~1-dce1dc]:MleUpdate():transition-model.cc:528) TransitionModel::Update, objf change is 0 per frame over 201866 frames. 
LOG (gmm-est[5.5.620~1-dce1dc]:MleUpdate():transition-model.cc:531) 3 probabilities floored, 420 out of 574 transition-states skipped due to insuffient data (it is normal to have some skipped.)
LOG (gmm-est[5.5.620~1-dce1dc]:main():gmm-est.cc:102) Transition model update: Overall 0 log-like improvement per frame over 201866 frames.
WARNING (gmm-est[5.5.620~1-dce1dc]:MleDiagGmmUpdate():mle-diag-gmm.cc:359) Too little data - removing Gaussian (weight 0.001032, occupation count 9.888782, vector size 39)
WARNING (gmm-est[5.5.620~1-dce1dc]:MleDiagGmmUpdate():mle-diag-gmm.cc:359) Too little data - removing Gaussian (weight 0.001013, occupation count 9.706206, vector size 39)
WARNING (gmm-est[5.5.620~1-dce1dc]:MleDiagGmmUpdate():mle-diag-gmm.cc:359) Too little data - removing Gaussian (weight 0.000944, occupation count 9.042420, vector size 39)
WARNING (gmm-est[5.5.620~1-dce1dc]:MleDiagGmmUpdate():mle-diag-gmm.cc:359) Too little data - removing Gaussian (weight 0.005429, occupation count 9.967518, vector size 39)
WARNING (gmm-est[5.5.620~1-dce1dc]:MleDiagGmmUpdate():mle-diag-gmm.cc:359) Too little data - removing Gaussian (weight 0.000136, occupation count 9.801741, vector size 39)
WARNING (gmm-est[5.5.620~1-dce1dc]:MleDiagGmmUpdate():mle-diag-gmm.cc:359) Too little data - removing Gaussian (weight 0.000124, occupation count 8.928564, vector size 39)
WARNING (gmm-est[5.5.620~1-dce1dc]:MleDiagGmmUpdate():mle-diag-gmm.cc:359) Too little data - removing Gaussian (weight 0.000121, occupation count 8.773602, vector size 39)
WARNING (gmm-est[5.5.620~1-dce1dc]:MleDiagGmmUpdate():mle-diag-gmm.cc:359) Too little data - removing Gaussian (weight 0.000106, occupation count 7.654108, vector size 39)
WARNING (gmm-est[5.5.620~1-dce1dc]:MleDiagGmmUpdate():mle-diag-gmm.cc:359) Too little data - removing Gaussian (weight 0.000124, occupation count 8.969682, vector size 39)
WARNING (gmm-est[5.5.620~1-dce1dc]:MleDiagGmmUpdate():mle-diag-gmm.cc:359) Too little data - removing Gaussian (weight 0.000128, occupation count 9.222061, vector size 39)
WARNING (gmm-est[5.5.620~1-dce1dc]:MleDiagGmmUpdate():mle-diag-gmm.cc:359) Too little data - removing Gaussian (weight 0.000130, occupation count 9.363889, vector size 39)
WARNING (gmm-est[5.5.620~1-dce1dc]:MleDiagGmmUpdate():mle-diag-gmm.cc:359) Too little data - removing Gaussian (weight 0.000130, occupation count 9.376333, vector size 39)
WARNING (gmm-est[5.5.620~1-dce1dc]:MleDiagGmmUpdate():mle-diag-gmm.cc:359) Too little data - removing Gaussian (weight 0.000136, occupation count 9.825788, vector size 39)
WARNING (gmm-est[5.5.620~1-dce1dc]:MleDiagGmmUpdate():mle-diag-gmm.cc:359) Too little data - removing Gaussian (weight 0.000135, occupation count 9.789186, vector size 39)
WARNING (gmm-est[5.5.620~1-dce1dc]:MleDiagGmmUpdate():mle-diag-gmm.cc:359) Too little data - removing Gaussian (weight 0.000137, occupation count 9.920498, vector size 39)
WARNING (gmm-est[5.5.620~1-dce1dc]:MleDiagGmmUpdate():mle-diag-gmm.cc:359) Too little data - removing Gaussian (weight 0.000132, occupation count 9.534566, vector size 39)
WARNING (gmm-est[5.5.620~1-dce1dc]:MleDiagGmmUpdate():mle-diag-gmm.cc:359) Too little data - removing Gaussian (weight 0.000129, occupation count 9.359478, vector size 39)
WARNING (gmm-est[5.5.620~1-dce1dc]:MleDiagGmmUpdate():mle-diag-gmm.cc:359) Too little data - removing Gaussian (weight 0.000125, occupation count 9.002973, vector size 39)
WARNING (gmm-est[5.5.620~1-dce1dc]:MleDiagGmmUpdate():mle-diag-gmm.cc:359) Too little data - removing Gaussian (weight 0.000134, occupation count 9.712874, vector size 39)
WARNING (gmm-est[5.5.620~1-dce1dc]:MleDiagGmmUpdate():mle-diag-gmm.cc:359) Too little data - removing Gaussian (weight 0.000122, occupation count 8.802648, vector size 39)
WARNING (gmm-est[5.5.620~1-dce1dc]:MleDiagGmmUpdate():mle-diag-gmm.cc:359) Too little data - removing Gaussian (weight 0.000108, occupation count 7.817792, vector size 39)
WARNING (gmm-est[5.5.620~1-dce1dc]:MleDiagGmmUpdate():mle-diag-gmm.cc:359) Too little data - removing Gaussian (weight 0.000124, occupation count 8.995313, vector size 39)
WARNING (gmm-est[5.5.620~1-dce1dc]:MleDiagGmmUpdate():mle-diag-gmm.cc:359) Too little data - removing Gaussian (weight 0.000135, occupation count 9.739411, vector size 39)
WARNING (gmm-est[5.5.620~1-dce1dc]:MleDiagGmmUpdate():mle-diag-gmm.cc:359) Too little data - removing Gaussian (weight 0.000117, occupation count 8.469250, vector size 39)
WARNING (gmm-est[5.5.620~1-dce1dc]:MleDiagGmmUpdate():mle-diag-gmm.cc:359) Too little data - removing Gaussian (weight 0.000109, occupation count 7.900299, vector size 39)
WARNING (gmm-est[5.5.620~1-dce1dc]:MleDiagGmmUpdate():mle-diag-gmm.cc:359) Too little data - removing Gaussian (weight 0.000120, occupation count 8.688596, vector size 39)
WARNING (gmm-est[5.5.620~1-dce1dc]:MleDiagGmmUpdate():mle-diag-gmm.cc:359) Too little data - removing Gaussian (weight 0.000130, occupation count 9.410845, vector size 39)
WARNING (gmm-est[5.5.620~1-dce1dc]:MleDiagGmmUpdate():mle-diag-gmm.cc:359) Too little data - removing Gaussian (weight 0.000138, occupation count 9.960322, vector size 39)
WARNING (gmm-est[5.5.620~1-dce1dc]:MleDiagGmmUpdate():mle-diag-gmm.cc:359) Too little data - removing Gaussian (weight 0.000131, occupation count 9.471169, vector size 39)
WARNING (gmm-est[5.5.620~1-dce1dc]:MleDiagGmmUpdate():mle-diag-gmm.cc:359) Too little data - removing Gaussian (weight 0.000128, occupation count 9.270021, vector size 39)
WARNING (gmm-est[5.5.620~1-dce1dc]:MleDiagGmmUpdate():mle-diag-gmm.cc:359) Too little data - removing Gaussian (weight 0.000118, occupation count 8.547909, vector size 39)
WARNING (gmm-est[5.5.620~1-dce1dc]:MleDiagGmmUpdate():mle-diag-gmm.cc:359) Too little data - removing Gaussian (weight 0.000136, occupation count 9.857698, vector size 39)
WARNING (gmm-est[5.5.620~1-dce1dc]:MleDiagGmmUpdate():mle-diag-gmm.cc:359) Too little data - removing Gaussian (weight 0.000119, occupation count 8.571232, vector size 39)
WARNING (gmm-est[5.5.620~1-dce1dc]:MleDiagGmmUpdate():mle-diag-gmm.cc:359) Too little data - removing Gaussian (weight 0.000135, occupation count 9.791311, vector size 39)
WARNING (gmm-est[5.5.620~1-dce1dc]:MleDiagGmmUpdate():mle-diag-gmm.cc:359) Too little data - removing Gaussian (weight 0.000131, occupation count 9.434839, vector size 39)
WARNING (gmm-est[5.5.620~1-dce1dc]:MleDiagGmmUpdate():mle-diag-gmm.cc:359) Too little data - removing Gaussian (weight 0.000115, occupation count 8.345866, vector size 39)
WARNING (gmm-est[5.5.620~1-dce1dc]:MleDiagGmmUpdate():mle-diag-gmm.cc:359) Too little data - removing Gaussian (weight 0.000111, occupation count 8.000216, vector size 39)
WARNING (gmm-est[5.5.620~1-dce1dc]:MleDiagGmmUpdate():mle-diag-gmm.cc:359) Too little data - removing Gaussian (weight 0.000135, occupation count 9.766401, vector size 39)
WARNING (gmm-est[5.5.620~1-dce1dc]:MleDiagGmmUpdate():mle-diag-gmm.cc:359) Too little data - removing Gaussian (weight 0.000108, occupation count 7.817823, vector size 39)
WARNING (gmm-est[5.5.620~1-dce1dc]:MleDiagGmmUpdate():mle-diag-gmm.cc:359) Too little data - removing Gaussian (weight 0.000137, occupation count 9.939722, vector size 39)
WARNING (gmm-est[5.5.620~1-dce1dc]:MleDiagGmmUpdate():mle-diag-gmm.cc:359) Too little data - removing Gaussian (weight 0.000123, occupation count 8.925810, vector size 39)
WARNING (gmm-est[5.5.620~1-dce1dc]:MleDiagGmmUpdate():mle-diag-gmm.cc:359) Too little data - removing Gaussian (weight 0.000134, occupation count 9.655914, vector size 39)
WARNING (gmm-est[5.5.620~1-dce1dc]:MleDiagGmmUpdate():mle-diag-gmm.cc:359) Too little data - removing Gaussian (weight 0.000125, occupation count 9.059168, vector size 39)
WARNING (gmm-est[5.5.620~1-dce1dc]:MleDiagGmmUpdate():mle-diag-gmm.cc:359) Too little data - removing Gaussian (weight 0.000137, occupation count 9.890107, vector size 39)
WARNING (gmm-est[5.5.620~1-dce1dc]:MleDiagGmmUpdate():mle-diag-gmm.cc:359) Too little data - removing Gaussian (weight 0.000135, occupation count 9.756714, vector size 39)
WARNING (gmm-est[5.5.620~1-dce1dc]:MleDiagGmmUpdate():mle-diag-gmm.cc:359) Too little data - removing Gaussian (weight 0.000114, occupation count 8.276137, vector size 39)
WARNING (gmm-est[5.5.620~1-dce1dc]:MleDiagGmmUpdate():mle-diag-gmm.cc:359) Too little data - removing Gaussian (weight 0.000088, occupation count 6.334767, vector size 39)
WARNING (gmm-est[5.5.620~1-dce1dc]:MleDiagGmmUpdate():mle-diag-gmm.cc:359) Too little data - removing Gaussian (weight 0.000129, occupation count 9.323042, vector size 39)
WARNING (gmm-est[5.5.620~1-dce1dc]:MleDiagGmmUpdate():mle-diag-gmm.cc:359) Too little data - removing Gaussian (weight 0.000132, occupation count 9.515530, vector size 39)
WARNING (gmm-est[5.5.620~1-dce1dc]:MleDiagGmmUpdate():mle-diag-gmm.cc:359) Too little data - removing Gaussian (weight 0.000123, occupation count 8.922938, vector size 39)
WARNING (gmm-est[5.5.620~1-dce1dc]:MleDiagGmmUpdate():mle-diag-gmm.cc:359) Too little data - removing Gaussian (weight 0.000135, occupation count 9.777819, vector size 39)
WARNING (gmm-est[5.5.620~1-dce1dc]:MleDiagGmmUpdate():mle-diag-gmm.cc:359) Too little data - removing Gaussian (weight 0.000134, occupation count 9.716528, vector size 39)
WARNING (gmm-est[5.5.620~1-dce1dc]:MleDiagGmmUpdate():mle-diag-gmm.cc:359) Too little data - removing Gaussian (weight 0.000122, occupation count 8.845804, vector size 39)
WARNING (gmm-est[5.5.620~1-dce1dc]:MleDiagGmmUpdate():mle-diag-gmm.cc:359) Too little data - removing Gaussian (weight 0.000134, occupation count 9.660033, vector size 39)
WARNING (gmm-est[5.5.620~1-dce1dc]:MleDiagGmmUpdate():mle-diag-gmm.cc:359) Too little data - removing Gaussian (weight 0.000135, occupation count 9.746342, vector size 39)
WARNING (gmm-est[5.5.620~1-dce1dc]:MleDiagGmmUpdate():mle-diag-gmm.cc:359) Too little data - removing Gaussian (weight 0.000129, occupation count 9.317343, vector size 39)
WARNING (gmm-est[5.5.620~1-dce1dc]:MleDiagGmmUpdate():mle-diag-gmm.cc:359) Too little data - removing Gaussian (weight 0.000123, occupation count 8.919178, vector size 39)
WARNING (gmm-est[5.5.620~1-dce1dc]:MleDiagGmmUpdate():mle-diag-gmm.cc:359) Too little data - removing Gaussian (weight 0.000135, occupation count 9.754517, vector size 39)
WARNING (gmm-est[5.5.620~1-dce1dc]:MleDiagGmmUpdate():mle-diag-gmm.cc:359) Too little data - removing Gaussian (weight 0.000120, occupation count 8.695922, vector size 39)
WARNING (gmm-est[5.5.620~1-dce1dc]:MleDiagGmmUpdate():mle-diag-gmm.cc:359) Too little data - removing Gaussian (weight 0.000122, occupation count 8.805652, vector size 39)
WARNING (gmm-est[5.5.620~1-dce1dc]:MleDiagGmmUpdate():mle-diag-gmm.cc:359) Too little data - removing Gaussian (weight 0.000118, occupation count 8.508183, vector size 39)
WARNING (gmm-est[5.5.620~1-dce1dc]:MleDiagGmmUpdate():mle-diag-gmm.cc:359) Too little data - removing Gaussian (weight 0.000137, occupation count 9.889626, vector size 39)
WARNING (gmm-est[5.5.620~1-dce1dc]:MleDiagGmmUpdate():mle-diag-gmm.cc:359) Too little data - removing Gaussian (weight 0.000406, occupation count 9.616846, vector size 39)
WARNING (gmm-est[5.5.620~1-dce1dc]:MleDiagGmmUpdate():mle-diag-gmm.cc:359) Too little data - removing Gaussian (weight 0.000350, occupation count 8.303489, vector size 39)
WARNING (gmm-est[5.5.620~1-dce1dc]:MleDiagGmmUpdate():mle-diag-gmm.cc:359) Too little data - removing Gaussian (weight 0.000417, occupation count 9.890772, vector size 39)
WARNING (gmm-est[5.5.620~1-dce1dc]:MleDiagGmmUpdate():mle-diag-gmm.cc:359) Too little data - removing Gaussian (weight 0.000393, occupation count 9.318071, vector size 39)
WARNING (gmm-est[5.5.620~1-dce1dc]:MleDiagGmmUpdate():mle-diag-gmm.cc:359) Too little data - removing Gaussian (weight 0.000420, occupation count 9.965111, vector size 39)
WARNING (gmm-est[5.5.620~1-dce1dc]:MleDiagGmmUpdate():mle-diag-gmm.cc:359) Too little data - removing Gaussian (weight 0.000410, occupation count 9.719374, vector size 39)
WARNING (gmm-est[5.5.620~1-dce1dc]:MleDiagGmmUpdate():mle-diag-gmm.cc:359) Too little data - removing Gaussian (weight 0.000418, occupation count 9.909735, vector size 39)
WARNING (gmm-est[5.5.620~1-dce1dc]:MleDiagGmmUpdate():mle-diag-gmm.cc:359) Too little data - removing Gaussian (weight 0.000418, occupation count 9.899581, vector size 39)
WARNING (gmm-est[5.5.620~1-dce1dc]:MleDiagGmmUpdate():mle-diag-gmm.cc:359) Too little data - removing Gaussian (weight 0.000411, occupation count 9.748336, vector size 39)
WARNING (gmm-est[5.5.620~1-dce1dc]:MleDiagGmmUpdate():mle-diag-gmm.cc:359) Too little data - removing Gaussian (weight 0.000377, occupation count 8.946813, vector size 39)
WARNING (gmm-est[5.5.620~1-dce1dc]:MleDiagGmmUpdate():mle-diag-gmm.cc:359) Too little data - removing Gaussian (weight 0.000421, occupation count 9.978913, vector size 39)
WARNING (gmm-est[5.5.620~1-dce1dc]:MleDiagGmmUpdate():mle-diag-gmm.cc:359) Too little data - removing Gaussian (weight 0.000394, occupation count 9.341302, vector size 39)
WARNING (gmm-est[5.5.620~1-dce1dc]:MleDiagGmmUpdate():mle-diag-gmm.cc:359) Too little data - removing Gaussian (weight 0.000323, occupation count 7.646097, vector size 39)
WARNING (gmm-est[5.5.620~1-dce1dc]:MleDiagGmmUpdate():mle-diag-gmm.cc:359) Too little data - removing Gaussian (weight 0.004073, occupation count 9.937350, vector size 39)
WARNING (gmm-est[5.5.620~1-dce1dc]:MleDiagGmmUpdate():mle-diag-gmm.cc:359) Too little data - removing Gaussian (weight 0.004492, occupation count 8.624356, vector size 39)
WARNING (gmm-est[5.5.620~1-dce1dc]:MleDiagGmmUpdate():mle-diag-gmm.cc:359) Too little data - removing Gaussian (weight 0.007598, occupation count 9.984063, vector size 39)
WARNING (gmm-est[5.5.620~1-dce1dc]:MleDiagGmmUpdate():mle-diag-gmm.cc:359) Too little data - removing Gaussian (weight 0.015255, occupation count 9.991801, vector size 39)
WARNING (gmm-est[5.5.620~1-dce1dc]:MleDiagGmmUpdate():mle-diag-gmm.cc:359) Too little data - removing Gaussian (weight 0.003999, occupation count 9.726610, vector size 39)
WARNING (gmm-est[5.5.620~1-dce1dc]:MleDiagGmmUpdate():mle-diag-gmm.cc:359) Too little data - removing Gaussian (weight 0.004017, occupation count 9.768464, vector size 39)
WARNING (gmm-est[5.5.620~1-dce1dc]:MleDiagGmmUpdate():mle-diag-gmm.cc:359) Too little data - removing Gaussian (weight 0.008741, occupation count 9.999597, vector size 39)
WARNING (gmm-est[5.5.620~1-dce1dc]:MleDiagGmmUpdate():mle-diag-gmm.cc:359) Too little data - removing Gaussian (weight 0.053191, occupation count 9.999988, vector size 39)
LOG (gmm-est[5.5.620~1-dce1dc]:MleAmDiagGmmUpdate():mle-am-diag-gmm.cc:225) 436 variance elements floored in 436 Gaussians, out of 9957
LOG (gmm-est[5.5.620~1-dce1dc]:MleAmDiagGmmUpdate():mle-am-diag-gmm.cc:229) Removed 83 Gaussians due to counts < --min-gaussian-occupancy=10 and --remove-low-count-gaussians=true
LOG (gmm-est[5.5.620~1-dce1dc]:main():gmm-est.cc:113) GMM update: Overall 0.233468 objective function improvement per frame over 201866 frames
LOG (gmm-est[5.5.620~1-dce1dc]:main():gmm-est.cc:116) GMM update: Overall avg like per frame = -46.4452 over 201866 frames.
WARNING (gmm-est[5.5.620~1-dce1dc]:GetSplitTargets():model-common.cc:134) Could not split up to 15700 due to min-count = 20 (or no counts at all)

LOG (gmm-est[5.5.620~1-dce1dc]:SplitByCount():am-diag-gmm.cc:116) Split 144 states with target = 15700, power = 0.25, perturb_factor = 0.01 and min_count = 20, split #Gauss from 9957 to 10039
LOG (gmm-est[5.5.620~1-dce1dc]:main():gmm-est.cc:146) Written model to exp/tri1/14.mdl
# Accounting: time=0 threads=1
# Ended (code 0) at Sun Mar 22 09:22:55 IST 2020, elapsed time 0 seconds
