# gmm-est --mix-up=12400 --power=0.25 --write-occs=exp/tri1/11.occs exp/tri1/10.mdl "gmm-sum-accs - exp/tri1/10.*.acc |" exp/tri1/11.mdl 
# Started at Sun Mar 22 09:22:39 IST 2020
#
gmm-est --mix-up=12400 --power=0.25 --write-occs=exp/tri1/11.occs exp/tri1/10.mdl 'gmm-sum-accs - exp/tri1/10.*.acc |' exp/tri1/11.mdl 
gmm-sum-accs - exp/tri1/10.1.acc exp/tri1/10.2.acc exp/tri1/10.3.acc exp/tri1/10.4.acc 
LOG (gmm-sum-accs[5.5.620~1-dce1dc]:main():gmm-sum-accs.cc:63) Summed 4 stats, total count 201866, avg like/frame -47.9018
LOG (gmm-sum-accs[5.5.620~1-dce1dc]:main():gmm-sum-accs.cc:66) Total count of stats is 201866
LOG (gmm-sum-accs[5.5.620~1-dce1dc]:main():gmm-sum-accs.cc:67) Written stats to -
LOG (gmm-est[5.5.620~1-dce1dc]:MleUpdate():transition-model.cc:528) TransitionModel::Update, objf change is 0.000428662 per frame over 201866 frames. 
LOG (gmm-est[5.5.620~1-dce1dc]:MleUpdate():transition-model.cc:531) 3 probabilities floored, 420 out of 574 transition-states skipped due to insuffient data (it is normal to have some skipped.)
LOG (gmm-est[5.5.620~1-dce1dc]:main():gmm-est.cc:102) Transition model update: Overall 0.000428662 log-like improvement per frame over 201866 frames.
WARNING (gmm-est[5.5.620~1-dce1dc]:MleDiagGmmUpdate():mle-diag-gmm.cc:359) Too little data - removing Gaussian (weight 0.001039, occupation count 9.959477, vector size 39)
WARNING (gmm-est[5.5.620~1-dce1dc]:MleDiagGmmUpdate():mle-diag-gmm.cc:359) Too little data - removing Gaussian (weight 0.001019, occupation count 9.761791, vector size 39)
WARNING (gmm-est[5.5.620~1-dce1dc]:MleDiagGmmUpdate():mle-diag-gmm.cc:359) Too little data - removing Gaussian (weight 0.001033, occupation count 9.897330, vector size 39)
WARNING (gmm-est[5.5.620~1-dce1dc]:MleDiagGmmUpdate():mle-diag-gmm.cc:359) Too little data - removing Gaussian (weight 0.000929, occupation count 8.899076, vector size 39)
WARNING (gmm-est[5.5.620~1-dce1dc]:MleDiagGmmUpdate():mle-diag-gmm.cc:359) Too little data - removing Gaussian (weight 0.001028, occupation count 9.851599, vector size 39)
WARNING (gmm-est[5.5.620~1-dce1dc]:MleDiagGmmUpdate():mle-diag-gmm.cc:359) Too little data - removing Gaussian (weight 0.004533, occupation count 9.855172, vector size 39)
WARNING (gmm-est[5.5.620~1-dce1dc]:MleDiagGmmUpdate():mle-diag-gmm.cc:359) Too little data - removing Gaussian (weight 0.011250, occupation count 9.089696, vector size 39)
WARNING (gmm-est[5.5.620~1-dce1dc]:MleDiagGmmUpdate():mle-diag-gmm.cc:359) Too little data - removing Gaussian (weight 0.005693, occupation count 9.825947, vector size 39)
WARNING (gmm-est[5.5.620~1-dce1dc]:MleDiagGmmUpdate():mle-diag-gmm.cc:359) Too little data - removing Gaussian (weight 0.000118, occupation count 8.565857, vector size 39)
WARNING (gmm-est[5.5.620~1-dce1dc]:MleDiagGmmUpdate():mle-diag-gmm.cc:359) Too little data - removing Gaussian (weight 0.000136, occupation count 9.833256, vector size 39)
WARNING (gmm-est[5.5.620~1-dce1dc]:MleDiagGmmUpdate():mle-diag-gmm.cc:359) Too little data - removing Gaussian (weight 0.000129, occupation count 9.302250, vector size 39)
WARNING (gmm-est[5.5.620~1-dce1dc]:MleDiagGmmUpdate():mle-diag-gmm.cc:359) Too little data - removing Gaussian (weight 0.000128, occupation count 9.230606, vector size 39)
WARNING (gmm-est[5.5.620~1-dce1dc]:MleDiagGmmUpdate():mle-diag-gmm.cc:359) Too little data - removing Gaussian (weight 0.000122, occupation count 8.815364, vector size 39)
WARNING (gmm-est[5.5.620~1-dce1dc]:MleDiagGmmUpdate():mle-diag-gmm.cc:359) Too little data - removing Gaussian (weight 0.000116, occupation count 8.370425, vector size 39)
WARNING (gmm-est[5.5.620~1-dce1dc]:MleDiagGmmUpdate():mle-diag-gmm.cc:359) Too little data - removing Gaussian (weight 0.000122, occupation count 8.807122, vector size 39)
WARNING (gmm-est[5.5.620~1-dce1dc]:MleDiagGmmUpdate():mle-diag-gmm.cc:359) Too little data - removing Gaussian (weight 0.000138, occupation count 9.993355, vector size 39)
WARNING (gmm-est[5.5.620~1-dce1dc]:MleDiagGmmUpdate():mle-diag-gmm.cc:359) Too little data - removing Gaussian (weight 0.000127, occupation count 9.199314, vector size 39)
WARNING (gmm-est[5.5.620~1-dce1dc]:MleDiagGmmUpdate():mle-diag-gmm.cc:359) Too little data - removing Gaussian (weight 0.000127, occupation count 9.199194, vector size 39)
WARNING (gmm-est[5.5.620~1-dce1dc]:MleDiagGmmUpdate():mle-diag-gmm.cc:359) Too little data - removing Gaussian (weight 0.000129, occupation count 9.355412, vector size 39)
WARNING (gmm-est[5.5.620~1-dce1dc]:MleDiagGmmUpdate():mle-diag-gmm.cc:359) Too little data - removing Gaussian (weight 0.000131, occupation count 9.477724, vector size 39)
WARNING (gmm-est[5.5.620~1-dce1dc]:MleDiagGmmUpdate():mle-diag-gmm.cc:359) Too little data - removing Gaussian (weight 0.000138, occupation count 9.976271, vector size 39)
WARNING (gmm-est[5.5.620~1-dce1dc]:MleDiagGmmUpdate():mle-diag-gmm.cc:359) Too little data - removing Gaussian (weight 0.000133, occupation count 9.627151, vector size 39)
WARNING (gmm-est[5.5.620~1-dce1dc]:MleDiagGmmUpdate():mle-diag-gmm.cc:359) Too little data - removing Gaussian (weight 0.000133, occupation count 9.637706, vector size 39)
WARNING (gmm-est[5.5.620~1-dce1dc]:MleDiagGmmUpdate():mle-diag-gmm.cc:359) Too little data - removing Gaussian (weight 0.000138, occupation count 9.975715, vector size 39)
WARNING (gmm-est[5.5.620~1-dce1dc]:MleDiagGmmUpdate():mle-diag-gmm.cc:359) Too little data - removing Gaussian (weight 0.000120, occupation count 8.643676, vector size 39)
WARNING (gmm-est[5.5.620~1-dce1dc]:MleDiagGmmUpdate():mle-diag-gmm.cc:359) Too little data - removing Gaussian (weight 0.000135, occupation count 9.788043, vector size 39)
WARNING (gmm-est[5.5.620~1-dce1dc]:MleDiagGmmUpdate():mle-diag-gmm.cc:359) Too little data - removing Gaussian (weight 0.000136, occupation count 9.853473, vector size 39)
WARNING (gmm-est[5.5.620~1-dce1dc]:MleDiagGmmUpdate():mle-diag-gmm.cc:359) Too little data - removing Gaussian (weight 0.000113, occupation count 8.201842, vector size 39)
WARNING (gmm-est[5.5.620~1-dce1dc]:MleDiagGmmUpdate():mle-diag-gmm.cc:359) Too little data - removing Gaussian (weight 0.000114, occupation count 8.264804, vector size 39)
WARNING (gmm-est[5.5.620~1-dce1dc]:MleDiagGmmUpdate():mle-diag-gmm.cc:359) Too little data - removing Gaussian (weight 0.000123, occupation count 8.901009, vector size 39)
WARNING (gmm-est[5.5.620~1-dce1dc]:MleDiagGmmUpdate():mle-diag-gmm.cc:359) Too little data - removing Gaussian (weight 0.000122, occupation count 8.813111, vector size 39)
WARNING (gmm-est[5.5.620~1-dce1dc]:MleDiagGmmUpdate():mle-diag-gmm.cc:359) Too little data - removing Gaussian (weight 0.000116, occupation count 8.402040, vector size 39)
WARNING (gmm-est[5.5.620~1-dce1dc]:MleDiagGmmUpdate():mle-diag-gmm.cc:359) Too little data - removing Gaussian (weight 0.000135, occupation count 9.748391, vector size 39)
WARNING (gmm-est[5.5.620~1-dce1dc]:MleDiagGmmUpdate():mle-diag-gmm.cc:359) Too little data - removing Gaussian (weight 0.000121, occupation count 8.770288, vector size 39)
WARNING (gmm-est[5.5.620~1-dce1dc]:MleDiagGmmUpdate():mle-diag-gmm.cc:359) Too little data - removing Gaussian (weight 0.000123, occupation count 8.885130, vector size 39)
WARNING (gmm-est[5.5.620~1-dce1dc]:MleDiagGmmUpdate():mle-diag-gmm.cc:359) Too little data - removing Gaussian (weight 0.000136, occupation count 9.808414, vector size 39)
WARNING (gmm-est[5.5.620~1-dce1dc]:MleDiagGmmUpdate():mle-diag-gmm.cc:359) Too little data - removing Gaussian (weight 0.000124, occupation count 8.974710, vector size 39)
WARNING (gmm-est[5.5.620~1-dce1dc]:MleDiagGmmUpdate():mle-diag-gmm.cc:359) Too little data - removing Gaussian (weight 0.000131, occupation count 9.448579, vector size 39)
WARNING (gmm-est[5.5.620~1-dce1dc]:MleDiagGmmUpdate():mle-diag-gmm.cc:359) Too little data - removing Gaussian (weight 0.000135, occupation count 9.795204, vector size 39)
WARNING (gmm-est[5.5.620~1-dce1dc]:MleDiagGmmUpdate():mle-diag-gmm.cc:359) Too little data - removing Gaussian (weight 0.000136, occupation count 9.825175, vector size 39)
WARNING (gmm-est[5.5.620~1-dce1dc]:MleDiagGmmUpdate():mle-diag-gmm.cc:359) Too little data - removing Gaussian (weight 0.000129, occupation count 9.347493, vector size 39)
WARNING (gmm-est[5.5.620~1-dce1dc]:MleDiagGmmUpdate():mle-diag-gmm.cc:359) Too little data - removing Gaussian (weight 0.000116, occupation count 8.400104, vector size 39)
WARNING (gmm-est[5.5.620~1-dce1dc]:MleDiagGmmUpdate():mle-diag-gmm.cc:359) Too little data - removing Gaussian (weight 0.000129, occupation count 9.341097, vector size 39)
WARNING (gmm-est[5.5.620~1-dce1dc]:MleDiagGmmUpdate():mle-diag-gmm.cc:359) Too little data - removing Gaussian (weight 0.000135, occupation count 9.762705, vector size 39)
WARNING (gmm-est[5.5.620~1-dce1dc]:MleDiagGmmUpdate():mle-diag-gmm.cc:359) Too little data - removing Gaussian (weight 0.000116, occupation count 8.349811, vector size 39)
WARNING (gmm-est[5.5.620~1-dce1dc]:MleDiagGmmUpdate():mle-diag-gmm.cc:359) Too little data - removing Gaussian (weight 0.000136, occupation count 9.867376, vector size 39)
WARNING (gmm-est[5.5.620~1-dce1dc]:MleDiagGmmUpdate():mle-diag-gmm.cc:359) Too little data - removing Gaussian (weight 0.000420, occupation count 9.961461, vector size 39)
WARNING (gmm-est[5.5.620~1-dce1dc]:MleDiagGmmUpdate():mle-diag-gmm.cc:359) Too little data - removing Gaussian (weight 0.000405, occupation count 9.595927, vector size 39)
WARNING (gmm-est[5.5.620~1-dce1dc]:MleDiagGmmUpdate():mle-diag-gmm.cc:359) Too little data - removing Gaussian (weight 0.000392, occupation count 9.282857, vector size 39)
WARNING (gmm-est[5.5.620~1-dce1dc]:MleDiagGmmUpdate():mle-diag-gmm.cc:359) Too little data - removing Gaussian (weight 0.000413, occupation count 9.793185, vector size 39)
WARNING (gmm-est[5.5.620~1-dce1dc]:MleDiagGmmUpdate():mle-diag-gmm.cc:359) Too little data - removing Gaussian (weight 0.000416, occupation count 9.856686, vector size 39)
WARNING (gmm-est[5.5.620~1-dce1dc]:MleDiagGmmUpdate():mle-diag-gmm.cc:359) Too little data - removing Gaussian (weight 0.000406, occupation count 9.631313, vector size 39)
WARNING (gmm-est[5.5.620~1-dce1dc]:MleDiagGmmUpdate():mle-diag-gmm.cc:359) Too little data - removing Gaussian (weight 0.000386, occupation count 9.158008, vector size 39)
WARNING (gmm-est[5.5.620~1-dce1dc]:MleDiagGmmUpdate():mle-diag-gmm.cc:359) Too little data - removing Gaussian (weight 0.000410, occupation count 9.707571, vector size 39)
WARNING (gmm-est[5.5.620~1-dce1dc]:MleDiagGmmUpdate():mle-diag-gmm.cc:359) Too little data - removing Gaussian (weight 0.000415, occupation count 9.833606, vector size 39)
WARNING (gmm-est[5.5.620~1-dce1dc]:MleDiagGmmUpdate():mle-diag-gmm.cc:359) Too little data - removing Gaussian (weight 0.000395, occupation count 9.362191, vector size 39)
WARNING (gmm-est[5.5.620~1-dce1dc]:MleDiagGmmUpdate():mle-diag-gmm.cc:359) Too little data - removing Gaussian (weight 0.000401, occupation count 9.500303, vector size 39)
WARNING (gmm-est[5.5.620~1-dce1dc]:MleDiagGmmUpdate():mle-diag-gmm.cc:359) Too little data - removing Gaussian (weight 0.000406, occupation count 9.633172, vector size 39)
WARNING (gmm-est[5.5.620~1-dce1dc]:MleDiagGmmUpdate():mle-diag-gmm.cc:359) Too little data - removing Gaussian (weight 0.000407, occupation count 9.644293, vector size 39)
WARNING (gmm-est[5.5.620~1-dce1dc]:MleDiagGmmUpdate():mle-diag-gmm.cc:359) Too little data - removing Gaussian (weight 0.000365, occupation count 8.663397, vector size 39)
WARNING (gmm-est[5.5.620~1-dce1dc]:MleDiagGmmUpdate():mle-diag-gmm.cc:359) Too little data - removing Gaussian (weight 0.000400, occupation count 9.472256, vector size 39)
WARNING (gmm-est[5.5.620~1-dce1dc]:MleDiagGmmUpdate():mle-diag-gmm.cc:359) Too little data - removing Gaussian (weight 0.000359, occupation count 8.514280, vector size 39)
WARNING (gmm-est[5.5.620~1-dce1dc]:MleDiagGmmUpdate():mle-diag-gmm.cc:359) Too little data - removing Gaussian (weight 0.000366, occupation count 8.676741, vector size 39)
WARNING (gmm-est[5.5.620~1-dce1dc]:MleDiagGmmUpdate():mle-diag-gmm.cc:359) Too little data - removing Gaussian (weight 0.000385, occupation count 9.115671, vector size 39)
WARNING (gmm-est[5.5.620~1-dce1dc]:MleDiagGmmUpdate():mle-diag-gmm.cc:359) Too little data - removing Gaussian (weight 0.000366, occupation count 8.682639, vector size 39)
WARNING (gmm-est[5.5.620~1-dce1dc]:MleDiagGmmUpdate():mle-diag-gmm.cc:359) Too little data - removing Gaussian (weight 0.000410, occupation count 9.728879, vector size 39)
WARNING (gmm-est[5.5.620~1-dce1dc]:MleDiagGmmUpdate():mle-diag-gmm.cc:359) Too little data - removing Gaussian (weight 0.000375, occupation count 8.899902, vector size 39)
WARNING (gmm-est[5.5.620~1-dce1dc]:MleDiagGmmUpdate():mle-diag-gmm.cc:359) Too little data - removing Gaussian (weight 0.000351, occupation count 8.328069, vector size 39)
WARNING (gmm-est[5.5.620~1-dce1dc]:MleDiagGmmUpdate():mle-diag-gmm.cc:359) Too little data - removing Gaussian (weight 0.000404, occupation count 9.572583, vector size 39)
WARNING (gmm-est[5.5.620~1-dce1dc]:MleDiagGmmUpdate():mle-diag-gmm.cc:359) Too little data - removing Gaussian (weight 0.000417, occupation count 9.891639, vector size 39)
WARNING (gmm-est[5.5.620~1-dce1dc]:MleDiagGmmUpdate():mle-diag-gmm.cc:359) Too little data - removing Gaussian (weight 0.000418, occupation count 9.902740, vector size 39)
WARNING (gmm-est[5.5.620~1-dce1dc]:MleDiagGmmUpdate():mle-diag-gmm.cc:359) Too little data - removing Gaussian (weight 0.000364, occupation count 8.635970, vector size 39)
WARNING (gmm-est[5.5.620~1-dce1dc]:MleDiagGmmUpdate():mle-diag-gmm.cc:359) Too little data - removing Gaussian (weight 0.000311, occupation count 7.374243, vector size 39)
WARNING (gmm-est[5.5.620~1-dce1dc]:MleDiagGmmUpdate():mle-diag-gmm.cc:359) Too little data - removing Gaussian (weight 0.000401, occupation count 9.517546, vector size 39)
WARNING (gmm-est[5.5.620~1-dce1dc]:MleDiagGmmUpdate():mle-diag-gmm.cc:359) Too little data - removing Gaussian (weight 0.000399, occupation count 9.460482, vector size 39)
WARNING (gmm-est[5.5.620~1-dce1dc]:MleDiagGmmUpdate():mle-diag-gmm.cc:359) Too little data - removing Gaussian (weight 0.007036, occupation count 9.998688, vector size 39)
WARNING (gmm-est[5.5.620~1-dce1dc]:MleDiagGmmUpdate():mle-diag-gmm.cc:359) Too little data - removing Gaussian (weight 0.007354, occupation count 9.134225, vector size 39)
WARNING (gmm-est[5.5.620~1-dce1dc]:MleDiagGmmUpdate():mle-diag-gmm.cc:359) Too little data - removing Gaussian (weight 0.064753, occupation count 9.000611, vector size 39)
WARNING (gmm-est[5.5.620~1-dce1dc]:MleDiagGmmUpdate():mle-diag-gmm.cc:359) Too little data - removing Gaussian (weight 0.011751, occupation count 9.999792, vector size 39)
WARNING (gmm-est[5.5.620~1-dce1dc]:MleDiagGmmUpdate():mle-diag-gmm.cc:359) Too little data - removing Gaussian (weight 0.015917, occupation count 9.772889, vector size 39)
WARNING (gmm-est[5.5.620~1-dce1dc]:MleDiagGmmUpdate():mle-diag-gmm.cc:359) Too little data - removing Gaussian (weight 0.008694, occupation count 8.007511, vector size 39)
WARNING (gmm-est[5.5.620~1-dce1dc]:MleDiagGmmUpdate():mle-diag-gmm.cc:359) Too little data - removing Gaussian (weight 0.010698, occupation count 9.852742, vector size 39)
WARNING (gmm-est[5.5.620~1-dce1dc]:MleDiagGmmUpdate():mle-diag-gmm.cc:359) Too little data - removing Gaussian (weight 0.004642, occupation count 9.692283, vector size 39)
WARNING (gmm-est[5.5.620~1-dce1dc]:MleDiagGmmUpdate():mle-diag-gmm.cc:359) Too little data - removing Gaussian (weight 0.006081, occupation count 9.978507, vector size 39)
WARNING (gmm-est[5.5.620~1-dce1dc]:MleDiagGmmUpdate():mle-diag-gmm.cc:359) Too little data - removing Gaussian (weight 0.005913, occupation count 7.267004, vector size 39)
WARNING (gmm-est[5.5.620~1-dce1dc]:MleDiagGmmUpdate():mle-diag-gmm.cc:359) Too little data - removing Gaussian (weight 0.005504, occupation count 6.764161, vector size 39)
WARNING (gmm-est[5.5.620~1-dce1dc]:MleDiagGmmUpdate():mle-diag-gmm.cc:359) Too little data - removing Gaussian (weight 0.000203, occupation count 0.067028, vector size 39)
WARNING (gmm-est[5.5.620~1-dce1dc]:MleDiagGmmUpdate():mle-diag-gmm.cc:359) Too little data - removing Gaussian (weight 0.007373, occupation count 8.434189, vector size 39)
WARNING (gmm-est[5.5.620~1-dce1dc]:MleDiagGmmUpdate():mle-diag-gmm.cc:359) Too little data - removing Gaussian (weight 0.009336, occupation count 9.999378, vector size 39)
WARNING (gmm-est[5.5.620~1-dce1dc]:MleDiagGmmUpdate():mle-diag-gmm.cc:359) Too little data - removing Gaussian (weight 0.007532, occupation count 9.708681, vector size 39)
WARNING (gmm-est[5.5.620~1-dce1dc]:MleDiagGmmUpdate():mle-diag-gmm.cc:359) Too little data - removing Gaussian (weight 0.024944, occupation count 9.279225, vector size 39)
WARNING (gmm-est[5.5.620~1-dce1dc]:MleDiagGmmUpdate():mle-diag-gmm.cc:359) Too little data - removing Gaussian (weight 0.023015, occupation count 8.999046, vector size 39)
WARNING (gmm-est[5.5.620~1-dce1dc]:MleDiagGmmUpdate():mle-diag-gmm.cc:359) Too little data - removing Gaussian (weight 0.025253, occupation count 9.874009, vector size 39)
WARNING (gmm-est[5.5.620~1-dce1dc]:MleDiagGmmUpdate():mle-diag-gmm.cc:359) Too little data - removing Gaussian (weight 0.021433, occupation count 9.516144, vector size 39)
WARNING (gmm-est[5.5.620~1-dce1dc]:MleDiagGmmUpdate():mle-diag-gmm.cc:359) Too little data - removing Gaussian (weight 0.019560, occupation count 8.000000, vector size 39)
WARNING (gmm-est[5.5.620~1-dce1dc]:MleDiagGmmUpdate():mle-diag-gmm.cc:359) Too little data - removing Gaussian (weight 0.016376, occupation count 9.039432, vector size 39)
WARNING (gmm-est[5.5.620~1-dce1dc]:MleDiagGmmUpdate():mle-diag-gmm.cc:359) Too little data - removing Gaussian (weight 0.024779, occupation count 9.936356, vector size 39)
WARNING (gmm-est[5.5.620~1-dce1dc]:MleDiagGmmUpdate():mle-diag-gmm.cc:359) Too little data - removing Gaussian (weight 0.017076, occupation count 9.664784, vector size 39)
WARNING (gmm-est[5.5.620~1-dce1dc]:MleDiagGmmUpdate():mle-diag-gmm.cc:359) Too little data - removing Gaussian (weight 0.006309, occupation count 9.968034, vector size 39)
WARNING (gmm-est[5.5.620~1-dce1dc]:MleDiagGmmUpdate():mle-diag-gmm.cc:359) Too little data - removing Gaussian (weight 0.016514, occupation count 9.000033, vector size 39)
WARNING (gmm-est[5.5.620~1-dce1dc]:MleDiagGmmUpdate():mle-diag-gmm.cc:359) Too little data - removing Gaussian (weight 0.018300, occupation count 9.973636, vector size 39)
WARNING (gmm-est[5.5.620~1-dce1dc]:MleDiagGmmUpdate():mle-diag-gmm.cc:359) Too little data - removing Gaussian (weight 0.018348, occupation count 9.999427, vector size 39)
WARNING (gmm-est[5.5.620~1-dce1dc]:MleDiagGmmUpdate():mle-diag-gmm.cc:359) Too little data - removing Gaussian (weight 0.007928, occupation count 7.000000, vector size 39)
WARNING (gmm-est[5.5.620~1-dce1dc]:MleDiagGmmUpdate():mle-diag-gmm.cc:359) Too little data - removing Gaussian (weight 0.039998, occupation count 7.999696, vector size 39)
WARNING (gmm-est[5.5.620~1-dce1dc]:MleDiagGmmUpdate():mle-diag-gmm.cc:359) Too little data - removing Gaussian (weight 0.019294, occupation count 9.010374, vector size 39)
WARNING (gmm-est[5.5.620~1-dce1dc]:MleDiagGmmUpdate():mle-diag-gmm.cc:359) Too little data - removing Gaussian (weight 0.006757, occupation count 9.000001, vector size 39)
WARNING (gmm-est[5.5.620~1-dce1dc]:MleDiagGmmUpdate():mle-diag-gmm.cc:359) Too little data - removing Gaussian (weight 0.006780, occupation count 9.030924, vector size 39)
WARNING (gmm-est[5.5.620~1-dce1dc]:MleDiagGmmUpdate():mle-diag-gmm.cc:359) Too little data - removing Gaussian (weight 0.014546, occupation count 6.822262, vector size 39)
WARNING (gmm-est[5.5.620~1-dce1dc]:MleDiagGmmUpdate():mle-diag-gmm.cc:359) Too little data - removing Gaussian (weight 0.008919, occupation count 9.998048, vector size 39)
WARNING (gmm-est[5.5.620~1-dce1dc]:MleDiagGmmUpdate():mle-diag-gmm.cc:359) Too little data - removing Gaussian (weight 0.021944, occupation count 9.041049, vector size 39)
WARNING (gmm-est[5.5.620~1-dce1dc]:MleDiagGmmUpdate():mle-diag-gmm.cc:359) Too little data - removing Gaussian (weight 0.028815, occupation count 8.413871, vector size 39)
WARNING (gmm-est[5.5.620~1-dce1dc]:MleDiagGmmUpdate():mle-diag-gmm.cc:359) Too little data - removing Gaussian (weight 0.031930, occupation count 6.002807, vector size 39)
WARNING (gmm-est[5.5.620~1-dce1dc]:MleDiagGmmUpdate():mle-diag-gmm.cc:359) Too little data - removing Gaussian (weight 0.047877, occupation count 9.000921, vector size 39)
WARNING (gmm-est[5.5.620~1-dce1dc]:MleDiagGmmUpdate():mle-diag-gmm.cc:359) Too little data - removing Gaussian (weight 0.026720, occupation count 5.023271, vector size 39)
WARNING (gmm-est[5.5.620~1-dce1dc]:MleDiagGmmUpdate():mle-diag-gmm.cc:359) Too little data - removing Gaussian (weight 0.042197, occupation count 7.932947, vector size 39)
LOG (gmm-est[5.5.620~1-dce1dc]:MleAmDiagGmmUpdate():mle-am-diag-gmm.cc:225) 20 variance elements floored in 20 Gaussians, out of 9913
LOG (gmm-est[5.5.620~1-dce1dc]:MleAmDiagGmmUpdate():mle-am-diag-gmm.cc:229) Removed 115 Gaussians due to counts < --min-gaussian-occupancy=10 and --remove-low-count-gaussians=true
LOG (gmm-est[5.5.620~1-dce1dc]:main():gmm-est.cc:113) GMM update: Overall 0.335513 objective function improvement per frame over 201866 frames
LOG (gmm-est[5.5.620~1-dce1dc]:main():gmm-est.cc:116) GMM update: Overall avg like per frame = -47.9018 over 201866 frames.
WARNING (gmm-est[5.5.620~1-dce1dc]:GetSplitTargets():model-common.cc:134) Could not split up to 12400 due to min-count = 20 (or no counts at all)

LOG (gmm-est[5.5.620~1-dce1dc]:SplitByCount():am-diag-gmm.cc:116) Split 144 states with target = 12400, power = 0.25, perturb_factor = 0.01 and min_count = 20, split #Gauss from 9913 to 10048
LOG (gmm-est[5.5.620~1-dce1dc]:main():gmm-est.cc:146) Written model to exp/tri1/11.mdl
# Accounting: time=0 threads=1
# Ended (code 0) at Sun Mar 22 09:22:39 IST 2020, elapsed time 0 seconds
