# ali-to-post "ark:gunzip -c exp/tri4/ali.2.gz|" ark:- | gmm-acc-stats-twofeats exp/tri4/35.mdl "ark,s,cs:apply-cmvn  --utt2spk=ark:data/train/split4/2/utt2spk scp:data/train/split4/2/cmvn.scp scp:data/train/split4/2/feats.scp ark:- | splice-feats  ark:- ark:- | transform-feats exp/tri3/final.mat ark:- ark:- | transform-feats --utt2spk=ark:data/train/split4/2/utt2spk ark:exp/tri4/trans.2 ark:- ark:- |" "ark,s,cs:apply-cmvn  --utt2spk=ark:data/train/split4/2/utt2spk scp:data/train/split4/2/cmvn.scp scp:data/train/split4/2/feats.scp ark:- | splice-feats  ark:- ark:- | transform-feats exp/tri3/final.mat ark:- ark:- |" ark,s,cs:- exp/tri4/35.2.acc 
# Started at Sun Mar 22 09:33:05 IST 2020
#
ali-to-post 'ark:gunzip -c exp/tri4/ali.2.gz|' ark:- 
gmm-acc-stats-twofeats exp/tri4/35.mdl 'ark,s,cs:apply-cmvn  --utt2spk=ark:data/train/split4/2/utt2spk scp:data/train/split4/2/cmvn.scp scp:data/train/split4/2/feats.scp ark:- | splice-feats  ark:- ark:- | transform-feats exp/tri3/final.mat ark:- ark:- | transform-feats --utt2spk=ark:data/train/split4/2/utt2spk ark:exp/tri4/trans.2 ark:- ark:- |' 'ark,s,cs:apply-cmvn  --utt2spk=ark:data/train/split4/2/utt2spk scp:data/train/split4/2/cmvn.scp scp:data/train/split4/2/feats.scp ark:- | splice-feats  ark:- ark:- | transform-feats exp/tri3/final.mat ark:- ark:- |' ark,s,cs:- exp/tri4/35.2.acc 
transform-feats exp/tri3/final.mat ark:- ark:- 
transform-feats --utt2spk=ark:data/train/split4/2/utt2spk ark:exp/tri4/trans.2 ark:- ark:- 
splice-feats ark:- ark:- 
apply-cmvn --utt2spk=ark:data/train/split4/2/utt2spk scp:data/train/split4/2/cmvn.scp scp:data/train/split4/2/feats.scp ark:- 
apply-cmvn --utt2spk=ark:data/train/split4/2/utt2spk scp:data/train/split4/2/cmvn.scp scp:data/train/split4/2/feats.scp ark:- 
transform-feats exp/tri3/final.mat ark:- ark:- 
splice-feats ark:- ark:- 
LOG (gmm-acc-stats-twofeats[5.5.620~1-dce1dc]:main():gmm-acc-stats-twofeats.cc:140) Average like for this file is -38.6936 over 630 frames.
LOG (gmm-acc-stats-twofeats[5.5.620~1-dce1dc]:main():gmm-acc-stats-twofeats.cc:140) Average like for this file is -35.1838 over 630 frames.
LOG (gmm-acc-stats-twofeats[5.5.620~1-dce1dc]:main():gmm-acc-stats-twofeats.cc:140) Average like for this file is -36.7853 over 630 frames.
LOG (gmm-acc-stats-twofeats[5.5.620~1-dce1dc]:main():gmm-acc-stats-twofeats.cc:140) Average like for this file is -36.0209 over 629 frames.
LOG (gmm-acc-stats-twofeats[5.5.620~1-dce1dc]:main():gmm-acc-stats-twofeats.cc:140) Average like for this file is -36.2951 over 630 frames.
LOG (gmm-acc-stats-twofeats[5.5.620~1-dce1dc]:main():gmm-acc-stats-twofeats.cc:140) Average like for this file is -39.3956 over 630 frames.
LOG (gmm-acc-stats-twofeats[5.5.620~1-dce1dc]:main():gmm-acc-stats-twofeats.cc:140) Average like for this file is -35.9932 over 630 frames.
LOG (gmm-acc-stats-twofeats[5.5.620~1-dce1dc]:main():gmm-acc-stats-twofeats.cc:140) Average like for this file is -36.2829 over 629 frames.
LOG (gmm-acc-stats-twofeats[5.5.620~1-dce1dc]:main():gmm-acc-stats-twofeats.cc:140) Average like for this file is -36.9637 over 630 frames.
LOG (gmm-acc-stats-twofeats[5.5.620~1-dce1dc]:main():gmm-acc-stats-twofeats.cc:140) Average like for this file is -36.9957 over 630 frames.
LOG (gmm-acc-stats-twofeats[5.5.620~1-dce1dc]:main():gmm-acc-stats-twofeats.cc:146) Avg like per frame so far is -36.8612
LOG (gmm-acc-stats-twofeats[5.5.620~1-dce1dc]:main():gmm-acc-stats-twofeats.cc:140) Average like for this file is -38.7307 over 629 frames.
LOG (gmm-acc-stats-twofeats[5.5.620~1-dce1dc]:main():gmm-acc-stats-twofeats.cc:140) Average like for this file is -34.8813 over 630 frames.
LOG (gmm-acc-stats-twofeats[5.5.620~1-dce1dc]:main():gmm-acc-stats-twofeats.cc:140) Average like for this file is -36.1302 over 630 frames.
LOG (gmm-acc-stats-twofeats[5.5.620~1-dce1dc]:main():gmm-acc-stats-twofeats.cc:140) Average like for this file is -35.6332 over 630 frames.
LOG (gmm-acc-stats-twofeats[5.5.620~1-dce1dc]:main():gmm-acc-stats-twofeats.cc:140) Average like for this file is -35.2287 over 630 frames.
LOG (gmm-acc-stats-twofeats[5.5.620~1-dce1dc]:main():gmm-acc-stats-twofeats.cc:140) Average like for this file is -34.3237 over 629 frames.
LOG (gmm-acc-stats-twofeats[5.5.620~1-dce1dc]:main():gmm-acc-stats-twofeats.cc:140) Average like for this file is -35.0836 over 630 frames.
LOG (gmm-acc-stats-twofeats[5.5.620~1-dce1dc]:main():gmm-acc-stats-twofeats.cc:140) Average like for this file is -33.568 over 630 frames.
LOG (gmm-acc-stats-twofeats[5.5.620~1-dce1dc]:main():gmm-acc-stats-twofeats.cc:140) Average like for this file is -35.0659 over 630 frames.
LOG (gmm-acc-stats-twofeats[5.5.620~1-dce1dc]:main():gmm-acc-stats-twofeats.cc:140) Average like for this file is -32.9021 over 630 frames.
LOG (gmm-acc-stats-twofeats[5.5.620~1-dce1dc]:main():gmm-acc-stats-twofeats.cc:146) Avg like per frame so far is -36.0078
LOG (gmm-acc-stats-twofeats[5.5.620~1-dce1dc]:main():gmm-acc-stats-twofeats.cc:140) Average like for this file is -35.6912 over 630 frames.
LOG (gmm-acc-stats-twofeats[5.5.620~1-dce1dc]:main():gmm-acc-stats-twofeats.cc:140) Average like for this file is -36.2897 over 630 frames.
LOG (gmm-acc-stats-twofeats[5.5.620~1-dce1dc]:main():gmm-acc-stats-twofeats.cc:140) Average like for this file is -35.2464 over 629 frames.
LOG (gmm-acc-stats-twofeats[5.5.620~1-dce1dc]:main():gmm-acc-stats-twofeats.cc:140) Average like for this file is -37.132 over 630 frames.
LOG (gmm-acc-stats-twofeats[5.5.620~1-dce1dc]:main():gmm-acc-stats-twofeats.cc:140) Average like for this file is -37.3448 over 630 frames.
LOG (gmm-acc-stats-twofeats[5.5.620~1-dce1dc]:main():gmm-acc-stats-twofeats.cc:140) Average like for this file is -38.5675 over 630 frames.
LOG (gmm-acc-stats-twofeats[5.5.620~1-dce1dc]:main():gmm-acc-stats-twofeats.cc:140) Average like for this file is -40.0077 over 630 frames.
LOG (gmm-acc-stats-twofeats[5.5.620~1-dce1dc]:main():gmm-acc-stats-twofeats.cc:140) Average like for this file is -36.3828 over 630 frames.
LOG (gmm-acc-stats-twofeats[5.5.620~1-dce1dc]:main():gmm-acc-stats-twofeats.cc:140) Average like for this file is -35.57 over 630 frames.
LOG (gmm-acc-stats-twofeats[5.5.620~1-dce1dc]:main():gmm-acc-stats-twofeats.cc:140) Average like for this file is -35.0679 over 630 frames.
LOG (gmm-acc-stats-twofeats[5.5.620~1-dce1dc]:main():gmm-acc-stats-twofeats.cc:146) Avg like per frame so far is -36.2486
LOG (gmm-acc-stats-twofeats[5.5.620~1-dce1dc]:main():gmm-acc-stats-twofeats.cc:140) Average like for this file is -36.4526 over 629 frames.
LOG (gmm-acc-stats-twofeats[5.5.620~1-dce1dc]:main():gmm-acc-stats-twofeats.cc:140) Average like for this file is -35.5529 over 630 frames.
LOG (gmm-acc-stats-twofeats[5.5.620~1-dce1dc]:main():gmm-acc-stats-twofeats.cc:140) Average like for this file is -32.8081 over 630 frames.
LOG (gmm-acc-stats-twofeats[5.5.620~1-dce1dc]:main():gmm-acc-stats-twofeats.cc:140) Average like for this file is -33.9285 over 630 frames.
LOG (gmm-acc-stats-twofeats[5.5.620~1-dce1dc]:main():gmm-acc-stats-twofeats.cc:140) Average like for this file is -34.8268 over 630 frames.
LOG (gmm-acc-stats-twofeats[5.5.620~1-dce1dc]:main():gmm-acc-stats-twofeats.cc:140) Average like for this file is -34.0892 over 630 frames.
LOG (gmm-acc-stats-twofeats[5.5.620~1-dce1dc]:main():gmm-acc-stats-twofeats.cc:140) Average like for this file is -36.2727 over 630 frames.
LOG (gmm-acc-stats-twofeats[5.5.620~1-dce1dc]:main():gmm-acc-stats-twofeats.cc:140) Average like for this file is -33.6531 over 630 frames.
LOG (gmm-acc-stats-twofeats[5.5.620~1-dce1dc]:main():gmm-acc-stats-twofeats.cc:140) Average like for this file is -35.7669 over 630 frames.
LOG (gmm-acc-stats-twofeats[5.5.620~1-dce1dc]:main():gmm-acc-stats-twofeats.cc:140) Average like for this file is -34.8102 over 629 frames.
LOG (gmm-acc-stats-twofeats[5.5.620~1-dce1dc]:main():gmm-acc-stats-twofeats.cc:146) Avg like per frame so far is -35.8904
LOG (gmm-acc-stats-twofeats[5.5.620~1-dce1dc]:main():gmm-acc-stats-twofeats.cc:140) Average like for this file is -36.2154 over 630 frames.
LOG (gmm-acc-stats-twofeats[5.5.620~1-dce1dc]:main():gmm-acc-stats-twofeats.cc:140) Average like for this file is -34.5122 over 630 frames.
LOG (gmm-acc-stats-twofeats[5.5.620~1-dce1dc]:main():gmm-acc-stats-twofeats.cc:140) Average like for this file is -34.9227 over 630 frames.
LOG (gmm-acc-stats-twofeats[5.5.620~1-dce1dc]:main():gmm-acc-stats-twofeats.cc:140) Average like for this file is -39.8873 over 630 frames.
LOG (gmm-acc-stats-twofeats[5.5.620~1-dce1dc]:main():gmm-acc-stats-twofeats.cc:140) Average like for this file is -36.838 over 630 frames.
LOG (gmm-acc-stats-twofeats[5.5.620~1-dce1dc]:main():gmm-acc-stats-twofeats.cc:140) Average like for this file is -35.4471 over 630 frames.
LOG (gmm-acc-stats-twofeats[5.5.620~1-dce1dc]:main():gmm-acc-stats-twofeats.cc:140) Average like for this file is -36.7203 over 630 frames.
LOG (gmm-acc-stats-twofeats[5.5.620~1-dce1dc]:main():gmm-acc-stats-twofeats.cc:140) Average like for this file is -38.3965 over 630 frames.
LOG (gmm-acc-stats-twofeats[5.5.620~1-dce1dc]:main():gmm-acc-stats-twofeats.cc:140) Average like for this file is -32.5694 over 630 frames.
LOG (gmm-acc-stats-twofeats[5.5.620~1-dce1dc]:main():gmm-acc-stats-twofeats.cc:140) Average like for this file is -34.6334 over 630 frames.
LOG (gmm-acc-stats-twofeats[5.5.620~1-dce1dc]:main():gmm-acc-stats-twofeats.cc:146) Avg like per frame so far is -35.9152
LOG (gmm-acc-stats-twofeats[5.5.620~1-dce1dc]:main():gmm-acc-stats-twofeats.cc:140) Average like for this file is -35.2331 over 630 frames.
LOG (gmm-acc-stats-twofeats[5.5.620~1-dce1dc]:main():gmm-acc-stats-twofeats.cc:140) Average like for this file is -35.6966 over 630 frames.
LOG (gmm-acc-stats-twofeats[5.5.620~1-dce1dc]:main():gmm-acc-stats-twofeats.cc:140) Average like for this file is -31.0514 over 630 frames.
LOG (gmm-acc-stats-twofeats[5.5.620~1-dce1dc]:main():gmm-acc-stats-twofeats.cc:140) Average like for this file is -32.9535 over 630 frames.
LOG (gmm-acc-stats-twofeats[5.5.620~1-dce1dc]:main():gmm-acc-stats-twofeats.cc:140) Average like for this file is -33.1335 over 630 frames.
LOG (gmm-acc-stats-twofeats[5.5.620~1-dce1dc]:main():gmm-acc-stats-twofeats.cc:140) Average like for this file is -31.8733 over 630 frames.
LOG (gmm-acc-stats-twofeats[5.5.620~1-dce1dc]:main():gmm-acc-stats-twofeats.cc:140) Average like for this file is -32.6367 over 630 frames.
LOG (gmm-acc-stats-twofeats[5.5.620~1-dce1dc]:main():gmm-acc-stats-twofeats.cc:140) Average like for this file is -32.3477 over 630 frames.
LOG (gmm-acc-stats-twofeats[5.5.620~1-dce1dc]:main():gmm-acc-stats-twofeats.cc:140) Average like for this file is -36.0226 over 630 frames.
LOG (gmm-acc-stats-twofeats[5.5.620~1-dce1dc]:main():gmm-acc-stats-twofeats.cc:140) Average like for this file is -33.462 over 630 frames.
LOG (gmm-acc-stats-twofeats[5.5.620~1-dce1dc]:main():gmm-acc-stats-twofeats.cc:146) Avg like per frame so far is -35.5028
LOG (gmm-acc-stats-twofeats[5.5.620~1-dce1dc]:main():gmm-acc-stats-twofeats.cc:140) Average like for this file is -33.6311 over 630 frames.
LOG (gmm-acc-stats-twofeats[5.5.620~1-dce1dc]:main():gmm-acc-stats-twofeats.cc:140) Average like for this file is -33.4598 over 629 frames.
LOG (gmm-acc-stats-twofeats[5.5.620~1-dce1dc]:main():gmm-acc-stats-twofeats.cc:140) Average like for this file is -33.7679 over 630 frames.
LOG (gmm-acc-stats-twofeats[5.5.620~1-dce1dc]:main():gmm-acc-stats-twofeats.cc:140) Average like for this file is -33.6356 over 630 frames.
LOG (gmm-acc-stats-twofeats[5.5.620~1-dce1dc]:main():gmm-acc-stats-twofeats.cc:140) Average like for this file is -31.8753 over 630 frames.
LOG (gmm-acc-stats-twofeats[5.5.620~1-dce1dc]:main():gmm-acc-stats-twofeats.cc:140) Average like for this file is -34.416 over 630 frames.
LOG (gmm-acc-stats-twofeats[5.5.620~1-dce1dc]:main():gmm-acc-stats-twofeats.cc:140) Average like for this file is -30.052 over 630 frames.
LOG (gmm-acc-stats-twofeats[5.5.620~1-dce1dc]:main():gmm-acc-stats-twofeats.cc:140) Average like for this file is -35.5435 over 630 frames.
LOG (gmm-acc-stats-twofeats[5.5.620~1-dce1dc]:main():gmm-acc-stats-twofeats.cc:140) Average like for this file is -35.694 over 630 frames.
LOG (gmm-acc-stats-twofeats[5.5.620~1-dce1dc]:main():gmm-acc-stats-twofeats.cc:140) Average like for this file is -32.1749 over 629 frames.
LOG (gmm-acc-stats-twofeats[5.5.620~1-dce1dc]:main():gmm-acc-stats-twofeats.cc:146) Avg like per frame so far is -35.206
LOG (gmm-acc-stats-twofeats[5.5.620~1-dce1dc]:main():gmm-acc-stats-twofeats.cc:140) Average like for this file is -35.4691 over 629 frames.
LOG (gmm-acc-stats-twofeats[5.5.620~1-dce1dc]:main():gmm-acc-stats-twofeats.cc:140) Average like for this file is -32.4028 over 630 frames.
LOG (ali-to-post[5.5.620~1-dce1dc]:main():ali-to-post.cc:73) Converted 80 alignments.
LOG (gmm-acc-stats-twofeats[5.5.620~1-dce1dc]:main():gmm-acc-stats-twofeats.cc:140) Average like for this file is -35.8229 over 630 frames.
LOG (gmm-acc-stats-twofeats[5.5.620~1-dce1dc]:main():gmm-acc-stats-twofeats.cc:140) Average like for this file is -33.9592 over 629 frames.
LOG (apply-cmvn[5.5.620~1-dce1dc]:main():apply-cmvn.cc:162) Applied cepstral mean normalization to 80 utterances, errors on 0
LOG (gmm-acc-stats-twofeats[5.5.620~1-dce1dc]:main():gmm-acc-stats-twofeats.cc:140) Average like for this file is -34.1403 over 630 frames.
LOG (apply-cmvn[5.5.620~1-dce1dc]:main():apply-cmvn.cc:162) Applied cepstral mean normalization to 80 utterances, errors on 0
LOG (gmm-acc-stats-twofeats[5.5.620~1-dce1dc]:main():gmm-acc-stats-twofeats.cc:140) Average like for this file is -32.3972 over 630 frames.
LOG (gmm-acc-stats-twofeats[5.5.620~1-dce1dc]:main():gmm-acc-stats-twofeats.cc:140) Average like for this file is -34.4099 over 630 frames.
LOG (gmm-acc-stats-twofeats[5.5.620~1-dce1dc]:main():gmm-acc-stats-twofeats.cc:140) Average like for this file is -34.9046 over 630 frames.
LOG (transform-feats[5.5.620~1-dce1dc]:main():transform-feats.cc:158) Overall average [pseudo-]logdet is -54.6572 over 50389 frames.
LOG (transform-feats[5.5.620~1-dce1dc]:main():transform-feats.cc:161) Applied transform to 80 utterances; 0 had errors.
LOG (gmm-acc-stats-twofeats[5.5.620~1-dce1dc]:main():gmm-acc-stats-twofeats.cc:140) Average like for this file is -31.4685 over 630 frames.
LOG (transform-feats[5.5.620~1-dce1dc]:main():transform-feats.cc:158) Overall average logdet is 4.16681 over 50389 frames.
LOG (transform-feats[5.5.620~1-dce1dc]:main():transform-feats.cc:161) Applied transform to 80 utterances; 0 had errors.
LOG (transform-feats[5.5.620~1-dce1dc]:main():transform-feats.cc:158) Overall average [pseudo-]logdet is -54.6572 over 50389 frames.
LOG (transform-feats[5.5.620~1-dce1dc]:main():transform-feats.cc:161) Applied transform to 80 utterances; 0 had errors.
LOG (gmm-acc-stats-twofeats[5.5.620~1-dce1dc]:main():gmm-acc-stats-twofeats.cc:140) Average like for this file is -32.1363 over 630 frames.
LOG (gmm-acc-stats-twofeats[5.5.620~1-dce1dc]:main():gmm-acc-stats-twofeats.cc:146) Avg like per frame so far is -35.0191
LOG (gmm-acc-stats-twofeats[5.5.620~1-dce1dc]:main():gmm-acc-stats-twofeats.cc:150) Done 80 files, 0 with no posteriors, 0 with no second features, 0 with other errors.
LOG (gmm-acc-stats-twofeats[5.5.620~1-dce1dc]:main():gmm-acc-stats-twofeats.cc:155) Overall avg like per frame (Gaussian only) = -35.0191 over 50389 frames.
LOG (gmm-acc-stats-twofeats[5.5.620~1-dce1dc]:main():gmm-acc-stats-twofeats.cc:163) Written accs.
# Accounting: time=6 threads=1
# Ended (code 0) at Sun Mar 22 09:33:11 IST 2020, elapsed time 6 seconds
