# ali-to-post "ark:gunzip -c exp/tri4/ali.3.gz|" ark:- | weight-silence-post 0.0 1:2:3:4:5 exp/tri4/2.mdl ark:- ark:- | gmm-est-fmllr --fmllr-update-type=full --spk2utt=ark:data/train/split4/3/spk2utt exp/tri4/2.mdl "ark,s,cs:apply-cmvn  --utt2spk=ark:data/train/split4/3/utt2spk scp:data/train/split4/3/cmvn.scp scp:data/train/split4/3/feats.scp ark:- | splice-feats  ark:- ark:- | transform-feats exp/tri3/final.mat ark:- ark:- | transform-feats --utt2spk=ark:data/train/split4/3/utt2spk ark,s,cs:exp/tri4/trans.3 ark:- ark:- |" ark:- ark:exp/tri4/tmp_trans.3 
# Started at Sun Mar 22 09:31:03 IST 2020
#
gmm-est-fmllr --fmllr-update-type=full --spk2utt=ark:data/train/split4/3/spk2utt exp/tri4/2.mdl 'ark,s,cs:apply-cmvn  --utt2spk=ark:data/train/split4/3/utt2spk scp:data/train/split4/3/cmvn.scp scp:data/train/split4/3/feats.scp ark:- | splice-feats  ark:- ark:- | transform-feats exp/tri3/final.mat ark:- ark:- | transform-feats --utt2spk=ark:data/train/split4/3/utt2spk ark,s,cs:exp/tri4/trans.3 ark:- ark:- |' ark:- ark:exp/tri4/tmp_trans.3 
ali-to-post 'ark:gunzip -c exp/tri4/ali.3.gz|' ark:- 
transform-feats exp/tri3/final.mat ark:- ark:- 
apply-cmvn --utt2spk=ark:data/train/split4/3/utt2spk scp:data/train/split4/3/cmvn.scp scp:data/train/split4/3/feats.scp ark:- 
splice-feats ark:- ark:- 
transform-feats --utt2spk=ark:data/train/split4/3/utt2spk ark,s,cs:exp/tri4/trans.3 ark:- ark:- 
weight-silence-post 0.0 1:2:3:4:5 exp/tri4/2.mdl ark:- ark:- 
LOG (ali-to-post[5.5.620~1-dce1dc]:main():ali-to-post.cc:73) Converted 80 alignments.
LOG (weight-silence-post[5.5.620~1-dce1dc]:main():weight-silence-post.cc:95) Done 80 posteriors.
LOG (apply-cmvn[5.5.620~1-dce1dc]:main():apply-cmvn.cc:162) Applied cepstral mean normalization to 80 utterances, errors on 0
LOG (transform-feats[5.5.620~1-dce1dc]:main():transform-feats.cc:158) Overall average [pseudo-]logdet is -54.6572 over 50435 frames.
LOG (transform-feats[5.5.620~1-dce1dc]:main():transform-feats.cc:161) Applied transform to 80 utterances; 0 had errors.
LOG (transform-feats[5.5.620~1-dce1dc]:main():transform-feats.cc:158) Overall average logdet is 0.2977 over 50435 frames.
LOG (transform-feats[5.5.620~1-dce1dc]:main():transform-feats.cc:161) Applied transform to 80 utterances; 0 had errors.
LOG (gmm-est-fmllr[5.5.620~1-dce1dc]:ComputeFmllrMatrixDiagGmmFull():fmllr-diag-gmm.cc:262) fMLLR objf improvement is 2.35229 per frame over 26104 frames.
LOG (gmm-est-fmllr[5.5.620~1-dce1dc]:main():gmm-est-fmllr.cc:143) For speaker PN00M01, auxf-impr from fMLLR is 2.35229, over 26104 frames.
LOG (gmm-est-fmllr[5.5.620~1-dce1dc]:main():gmm-est-fmllr.cc:188) Done 80 files, 0 with no posts, 0 with other errors.
LOG (gmm-est-fmllr[5.5.620~1-dce1dc]:main():gmm-est-fmllr.cc:190) Overall fMLLR auxf impr per frame is 2.35229 over 26104 frames.
# Accounting: time=0 threads=1
# Ended (code 0) at Sun Mar 22 09:31:03 IST 2020, elapsed time 0 seconds
