# gmm-est --power=0.2 --write-occs=exp/tri4/11.occs --mix-up=7040 exp/tri4/10.mdl "gmm-sum-accs - exp/tri4/10.*.acc |" exp/tri4/11.mdl 
# Started at Sun Mar 22 09:31:10 IST 2020
#
gmm-est --power=0.2 --write-occs=exp/tri4/11.occs --mix-up=7040 exp/tri4/10.mdl 'gmm-sum-accs - exp/tri4/10.*.acc |' exp/tri4/11.mdl 
gmm-sum-accs - exp/tri4/10.1.acc exp/tri4/10.2.acc exp/tri4/10.3.acc exp/tri4/10.4.acc 
LOG (gmm-sum-accs[5.5.620~1-dce1dc]:main():gmm-sum-accs.cc:63) Summed 4 stats, total count 201866, avg like/frame -40.2954
LOG (gmm-sum-accs[5.5.620~1-dce1dc]:main():gmm-sum-accs.cc:66) Total count of stats is 201866
LOG (gmm-sum-accs[5.5.620~1-dce1dc]:main():gmm-sum-accs.cc:67) Written stats to -
LOG (gmm-est[5.5.620~1-dce1dc]:MleUpdate():transition-model.cc:528) TransitionModel::Update, objf change is 0.000232248 per frame over 201866 frames. 
LOG (gmm-est[5.5.620~1-dce1dc]:MleUpdate():transition-model.cc:531) 15 probabilities floored, 532 out of 719 transition-states skipped due to insuffient data (it is normal to have some skipped.)
LOG (gmm-est[5.5.620~1-dce1dc]:main():gmm-est.cc:102) Transition model update: Overall 0.000232248 log-like improvement per frame over 201866 frames.
WARNING (gmm-est[5.5.620~1-dce1dc]:MleDiagGmmUpdate():mle-diag-gmm.cc:359) Too little data - removing Gaussian (weight 0.025188, occupation count 9.999531, vector size 40)
WARNING (gmm-est[5.5.620~1-dce1dc]:MleDiagGmmUpdate():mle-diag-gmm.cc:359) Too little data - removing Gaussian (weight 0.014151, occupation count 8.136781, vector size 40)
WARNING (gmm-est[5.5.620~1-dce1dc]:MleDiagGmmUpdate():mle-diag-gmm.cc:359) Too little data - removing Gaussian (weight 0.005383, occupation count 9.882785, vector size 40)
WARNING (gmm-est[5.5.620~1-dce1dc]:MleDiagGmmUpdate():mle-diag-gmm.cc:359) Too little data - removing Gaussian (weight 0.005195, occupation count 9.538050, vector size 40)
WARNING (gmm-est[5.5.620~1-dce1dc]:MleDiagGmmUpdate():mle-diag-gmm.cc:359) Too little data - removing Gaussian (weight 0.005627, occupation count 9.876035, vector size 40)
WARNING (gmm-est[5.5.620~1-dce1dc]:MleDiagGmmUpdate():mle-diag-gmm.cc:359) Too little data - removing Gaussian (weight 0.012316, occupation count 9.902281, vector size 40)
WARNING (gmm-est[5.5.620~1-dce1dc]:MleDiagGmmUpdate():mle-diag-gmm.cc:359) Too little data - removing Gaussian (weight 0.009261, occupation count 9.983143, vector size 40)
WARNING (gmm-est[5.5.620~1-dce1dc]:MleDiagGmmUpdate():mle-diag-gmm.cc:359) Too little data - removing Gaussian (weight 0.006606, occupation count 8.006577, vector size 40)
WARNING (gmm-est[5.5.620~1-dce1dc]:MleDiagGmmUpdate():mle-diag-gmm.cc:359) Too little data - removing Gaussian (weight 0.006623, occupation count 8.126030, vector size 40)
WARNING (gmm-est[5.5.620~1-dce1dc]:MleDiagGmmUpdate():mle-diag-gmm.cc:359) Too little data - removing Gaussian (weight 0.007667, occupation count 9.407649, vector size 40)
WARNING (gmm-est[5.5.620~1-dce1dc]:MleDiagGmmUpdate():mle-diag-gmm.cc:359) Too little data - removing Gaussian (weight 0.003773, occupation count 7.622306, vector size 40)
WARNING (gmm-est[5.5.620~1-dce1dc]:MleDiagGmmUpdate():mle-diag-gmm.cc:359) Too little data - removing Gaussian (weight 0.004624, occupation count 9.340076, vector size 40)
WARNING (gmm-est[5.5.620~1-dce1dc]:MleDiagGmmUpdate():mle-diag-gmm.cc:359) Too little data - removing Gaussian (weight 0.004210, occupation count 8.504827, vector size 40)
WARNING (gmm-est[5.5.620~1-dce1dc]:MleDiagGmmUpdate():mle-diag-gmm.cc:359) Too little data - removing Gaussian (weight 0.003393, occupation count 8.895945, vector size 40)
WARNING (gmm-est[5.5.620~1-dce1dc]:MleDiagGmmUpdate():mle-diag-gmm.cc:359) Too little data - removing Gaussian (weight 0.003654, occupation count 9.581927, vector size 40)
WARNING (gmm-est[5.5.620~1-dce1dc]:MleDiagGmmUpdate():mle-diag-gmm.cc:359) Too little data - removing Gaussian (weight 0.003775, occupation count 9.896757, vector size 40)
WARNING (gmm-est[5.5.620~1-dce1dc]:MleDiagGmmUpdate():mle-diag-gmm.cc:359) Too little data - removing Gaussian (weight 0.007066, occupation count 9.736303, vector size 40)
WARNING (gmm-est[5.5.620~1-dce1dc]:MleDiagGmmUpdate():mle-diag-gmm.cc:359) Too little data - removing Gaussian (weight 0.004584, occupation count 9.896614, vector size 40)
WARNING (gmm-est[5.5.620~1-dce1dc]:MleDiagGmmUpdate():mle-diag-gmm.cc:359) Too little data - removing Gaussian (weight 0.007706, occupation count 8.769249, vector size 40)
WARNING (gmm-est[5.5.620~1-dce1dc]:MleDiagGmmUpdate():mle-diag-gmm.cc:359) Too little data - removing Gaussian (weight 0.003749, occupation count 8.882096, vector size 40)
WARNING (gmm-est[5.5.620~1-dce1dc]:MleDiagGmmUpdate():mle-diag-gmm.cc:359) Too little data - removing Gaussian (weight 0.003808, occupation count 9.021971, vector size 40)
WARNING (gmm-est[5.5.620~1-dce1dc]:MleDiagGmmUpdate():mle-diag-gmm.cc:359) Too little data - removing Gaussian (weight 0.003855, occupation count 9.131958, vector size 40)
WARNING (gmm-est[5.5.620~1-dce1dc]:MleDiagGmmUpdate():mle-diag-gmm.cc:359) Too little data - removing Gaussian (weight 0.003606, occupation count 8.543205, vector size 40)
WARNING (gmm-est[5.5.620~1-dce1dc]:MleDiagGmmUpdate():mle-diag-gmm.cc:359) Too little data - removing Gaussian (weight 0.003672, occupation count 8.699821, vector size 40)
WARNING (gmm-est[5.5.620~1-dce1dc]:MleDiagGmmUpdate():mle-diag-gmm.cc:359) Too little data - removing Gaussian (weight 0.003725, occupation count 8.825258, vector size 40)
WARNING (gmm-est[5.5.620~1-dce1dc]:MleDiagGmmUpdate():mle-diag-gmm.cc:359) Too little data - removing Gaussian (weight 0.004028, occupation count 9.493395, vector size 40)
WARNING (gmm-est[5.5.620~1-dce1dc]:MleDiagGmmUpdate():mle-diag-gmm.cc:359) Too little data - removing Gaussian (weight 0.004214, occupation count 9.932644, vector size 40)
WARNING (gmm-est[5.5.620~1-dce1dc]:MleDiagGmmUpdate():mle-diag-gmm.cc:359) Too little data - removing Gaussian (weight 0.003742, occupation count 8.819174, vector size 40)
WARNING (gmm-est[5.5.620~1-dce1dc]:MleDiagGmmUpdate():mle-diag-gmm.cc:359) Too little data - removing Gaussian (weight 0.004812, occupation count 8.526423, vector size 40)
WARNING (gmm-est[5.5.620~1-dce1dc]:MleDiagGmmUpdate():mle-diag-gmm.cc:359) Too little data - removing Gaussian (weight 0.004197, occupation count 7.437691, vector size 40)
WARNING (gmm-est[5.5.620~1-dce1dc]:MleDiagGmmUpdate():mle-diag-gmm.cc:359) Too little data - removing Gaussian (weight 0.004898, occupation count 7.959155, vector size 40)
WARNING (gmm-est[5.5.620~1-dce1dc]:MleDiagGmmUpdate():mle-diag-gmm.cc:359) Too little data - removing Gaussian (weight 0.003169, occupation count 7.933980, vector size 40)
WARNING (gmm-est[5.5.620~1-dce1dc]:MleDiagGmmUpdate():mle-diag-gmm.cc:359) Too little data - removing Gaussian (weight 0.003464, occupation count 8.674716, vector size 40)
WARNING (gmm-est[5.5.620~1-dce1dc]:MleDiagGmmUpdate():mle-diag-gmm.cc:359) Too little data - removing Gaussian (weight 0.002919, occupation count 7.310010, vector size 40)
WARNING (gmm-est[5.5.620~1-dce1dc]:MleDiagGmmUpdate():mle-diag-gmm.cc:359) Too little data - removing Gaussian (weight 0.007341, occupation count 8.706431, vector size 40)
WARNING (gmm-est[5.5.620~1-dce1dc]:MleDiagGmmUpdate():mle-diag-gmm.cc:359) Too little data - removing Gaussian (weight 0.005451, occupation count 9.921399, vector size 40)
WARNING (gmm-est[5.5.620~1-dce1dc]:MleDiagGmmUpdate():mle-diag-gmm.cc:359) Too little data - removing Gaussian (weight 0.004244, occupation count 7.723603, vector size 40)
WARNING (gmm-est[5.5.620~1-dce1dc]:MleDiagGmmUpdate():mle-diag-gmm.cc:359) Too little data - removing Gaussian (weight 0.003192, occupation count 5.810144, vector size 40)
WARNING (gmm-est[5.5.620~1-dce1dc]:MleDiagGmmUpdate():mle-diag-gmm.cc:359) Too little data - removing Gaussian (weight 0.003846, occupation count 6.999788, vector size 40)
WARNING (gmm-est[5.5.620~1-dce1dc]:MleDiagGmmUpdate():mle-diag-gmm.cc:359) Too little data - removing Gaussian (weight 0.006184, occupation count 7.705534, vector size 40)
WARNING (gmm-est[5.5.620~1-dce1dc]:MleDiagGmmUpdate():mle-diag-gmm.cc:359) Too little data - removing Gaussian (weight 0.007989, occupation count 9.954430, vector size 40)
WARNING (gmm-est[5.5.620~1-dce1dc]:MleDiagGmmUpdate():mle-diag-gmm.cc:359) Too little data - removing Gaussian (weight 0.006747, occupation count 8.407374, vector size 40)
WARNING (gmm-est[5.5.620~1-dce1dc]:MleDiagGmmUpdate():mle-diag-gmm.cc:359) Too little data - removing Gaussian (weight 0.018176, occupation count 9.015224, vector size 40)
WARNING (gmm-est[5.5.620~1-dce1dc]:MleDiagGmmUpdate():mle-diag-gmm.cc:359) Too little data - removing Gaussian (weight 0.049191, occupation count 9.985723, vector size 40)
WARNING (gmm-est[5.5.620~1-dce1dc]:MleDiagGmmUpdate():mle-diag-gmm.cc:359) Too little data - removing Gaussian (weight 0.004919, occupation count 7.172274, vector size 40)
WARNING (gmm-est[5.5.620~1-dce1dc]:MleDiagGmmUpdate():mle-diag-gmm.cc:359) Too little data - removing Gaussian (weight 0.003501, occupation count 5.901847, vector size 40)
WARNING (gmm-est[5.5.620~1-dce1dc]:MleDiagGmmUpdate():mle-diag-gmm.cc:359) Too little data - removing Gaussian (weight 0.004546, occupation count 7.664723, vector size 40)
WARNING (gmm-est[5.5.620~1-dce1dc]:MleDiagGmmUpdate():mle-diag-gmm.cc:359) Too little data - removing Gaussian (weight 0.018820, occupation count 9.899512, vector size 40)
WARNING (gmm-est[5.5.620~1-dce1dc]:MleDiagGmmUpdate():mle-diag-gmm.cc:359) Too little data - removing Gaussian (weight 0.096685, occupation count 8.024823, vector size 40)
WARNING (gmm-est[5.5.620~1-dce1dc]:MleDiagGmmUpdate():mle-diag-gmm.cc:359) Too little data - removing Gaussian (weight 0.008907, occupation count 9.895371, vector size 40)
WARNING (gmm-est[5.5.620~1-dce1dc]:MleDiagGmmUpdate():mle-diag-gmm.cc:359) Too little data - removing Gaussian (weight 0.010008, occupation count 8.997252, vector size 40)
WARNING (gmm-est[5.5.620~1-dce1dc]:MleDiagGmmUpdate():mle-diag-gmm.cc:359) Too little data - removing Gaussian (weight 0.010286, occupation count 9.247367, vector size 40)
WARNING (gmm-est[5.5.620~1-dce1dc]:MleDiagGmmUpdate():mle-diag-gmm.cc:359) Too little data - removing Gaussian (weight 0.018750, occupation count 9.000018, vector size 40)
WARNING (gmm-est[5.5.620~1-dce1dc]:MleDiagGmmUpdate():mle-diag-gmm.cc:359) Too little data - removing Gaussian (weight 0.020341, occupation count 9.885492, vector size 40)
WARNING (gmm-est[5.5.620~1-dce1dc]:MleDiagGmmUpdate():mle-diag-gmm.cc:359) Too little data - removing Gaussian (weight 0.010508, occupation count 8.479705, vector size 40)
WARNING (gmm-est[5.5.620~1-dce1dc]:MleDiagGmmUpdate():mle-diag-gmm.cc:359) Too little data - removing Gaussian (weight 0.048962, occupation count 9.792486, vector size 40)
WARNING (gmm-est[5.5.620~1-dce1dc]:MleDiagGmmUpdate():mle-diag-gmm.cc:359) Too little data - removing Gaussian (weight 0.022559, occupation count 9.113939, vector size 40)
WARNING (gmm-est[5.5.620~1-dce1dc]:MleDiagGmmUpdate():mle-diag-gmm.cc:359) Too little data - removing Gaussian (weight 0.015722, occupation count 9.999418, vector size 40)
WARNING (gmm-est[5.5.620~1-dce1dc]:MleDiagGmmUpdate():mle-diag-gmm.cc:359) Too little data - removing Gaussian (weight 0.051142, occupation count 9.819333, vector size 40)
WARNING (gmm-est[5.5.620~1-dce1dc]:MleDiagGmmUpdate():mle-diag-gmm.cc:359) Too little data - removing Gaussian (weight 0.093587, occupation count 9.920218, vector size 40)
WARNING (gmm-est[5.5.620~1-dce1dc]:MleDiagGmmUpdate():mle-diag-gmm.cc:359) Too little data - removing Gaussian (weight 0.013885, occupation count 9.997499, vector size 40)
WARNING (gmm-est[5.5.620~1-dce1dc]:MleDiagGmmUpdate():mle-diag-gmm.cc:359) Too little data - removing Gaussian (weight 0.013679, occupation count 9.848645, vector size 40)
LOG (gmm-est[5.5.620~1-dce1dc]:MleAmDiagGmmUpdate():mle-am-diag-gmm.cc:225) 0 variance elements floored in 0 Gaussians, out of 6418
LOG (gmm-est[5.5.620~1-dce1dc]:MleAmDiagGmmUpdate():mle-am-diag-gmm.cc:229) Removed 62 Gaussians due to counts < --min-gaussian-occupancy=10 and --remove-low-count-gaussians=true
LOG (gmm-est[5.5.620~1-dce1dc]:main():gmm-est.cc:113) GMM update: Overall 0.295102 objective function improvement per frame over 201866 frames
LOG (gmm-est[5.5.620~1-dce1dc]:main():gmm-est.cc:116) GMM update: Overall avg like per frame = -40.2954 over 201866 frames.
LOG (gmm-est[5.5.620~1-dce1dc]:SplitByCount():am-diag-gmm.cc:116) Split 168 states with target = 7040, power = 0.2, perturb_factor = 0.01 and min_count = 20, split #Gauss from 6418 to 7043
LOG (gmm-est[5.5.620~1-dce1dc]:main():gmm-est.cc:146) Written model to exp/tri4/11.mdl
# Accounting: time=0 threads=1
# Ended (code 0) at Sun Mar 22 09:31:10 IST 2020, elapsed time 0 seconds
