# gmm-latgen-faster --max-active=2000 --beam=10.0 --lattice-beam=6.0 --acoustic-scale=0.083333 --allow-partial=true --word-symbol-table=exp/tri4/graph/words.txt exp/tri4/final.alimdl exp/tri4/graph/HCLG.fst "ark,s,cs:apply-cmvn  --utt2spk=ark:data/test/split4/2/utt2spk scp:data/test/split4/2/cmvn.scp scp:data/test/split4/2/feats.scp ark:- | splice-feats  ark:- ark:- | transform-feats exp/tri4/final.mat ark:- ark:- |" "ark:|gzip -c > exp/tri4/decode.si/lat.2.gz" 
# Started at Sun Mar 22 09:33:11 IST 2020
#
gmm-latgen-faster --max-active=2000 --beam=10.0 --lattice-beam=6.0 --acoustic-scale=0.083333 --allow-partial=true --word-symbol-table=exp/tri4/graph/words.txt exp/tri4/final.alimdl exp/tri4/graph/HCLG.fst 'ark,s,cs:apply-cmvn  --utt2spk=ark:data/test/split4/2/utt2spk scp:data/test/split4/2/cmvn.scp scp:data/test/split4/2/feats.scp ark:- | splice-feats  ark:- ark:- | transform-feats exp/tri4/final.mat ark:- ark:- |' 'ark:|gzip -c > exp/tri4/decode.si/lat.2.gz' 
transform-feats exp/tri4/final.mat ark:- ark:- 
apply-cmvn --utt2spk=ark:data/test/split4/2/utt2spk scp:data/test/split4/2/cmvn.scp scp:data/test/split4/2/feats.scp ark:- 
splice-feats ark:- ark:- 
PN00F04U001 sifar sifar naun athth satt chhe panj 
LOG (gmm-latgen-faster[5.5.620~1-dce1dc]:DecodeUtteranceLatticeFaster():decoder-wrappers.cc:375) Log-like per frame for utterance PN00F04U001 is -3.02842 over 630 frames.
PN00F04U002 panj chaar tinn do ikk sifar ikk 
LOG (gmm-latgen-faster[5.5.620~1-dce1dc]:DecodeUtteranceLatticeFaster():decoder-wrappers.cc:375) Log-like per frame for utterance PN00F04U002 is -2.70789 over 630 frames.
PN00F04U003 ikk naun satt panj tinn ikk do 
LOG (gmm-latgen-faster[5.5.620~1-dce1dc]:DecodeUtteranceLatticeFaster():decoder-wrappers.cc:375) Log-like per frame for utterance PN00F04U003 is -2.84818 over 630 frames.
PN00F04U004 do naun chhe chaar do sifar tinn 
LOG (gmm-latgen-faster[5.5.620~1-dce1dc]:DecodeUtteranceLatticeFaster():decoder-wrappers.cc:375) Log-like per frame for utterance PN00F04U004 is -2.76093 over 629 frames.
PN00F04U005 tinn naun panj do chaar naun chaar 
LOG (gmm-latgen-faster[5.5.620~1-dce1dc]:DecodeUtteranceLatticeFaster():decoder-wrappers.cc:375) Log-like per frame for utterance PN00F04U005 is -2.80246 over 630 frames.
PN00F04U006 chaar ikk panj naun tinn sifar chhe 
LOG (gmm-latgen-faster[5.5.620~1-dce1dc]:DecodeUtteranceLatticeFaster():decoder-wrappers.cc:375) Log-like per frame for utterance PN00F04U006 is -3.07171 over 630 frames.
PN00F04U007 chhe naun do satt naun ikk athth 
LOG (gmm-latgen-faster[5.5.620~1-dce1dc]:DecodeUtteranceLatticeFaster():decoder-wrappers.cc:375) Log-like per frame for utterance PN00F04U007 is -2.78113 over 630 frames.
PN00F04U008 athth naun sifar athth chhe tinn chaar 
LOG (gmm-latgen-faster[5.5.620~1-dce1dc]:DecodeUtteranceLatticeFaster():decoder-wrappers.cc:375) Log-like per frame for utterance PN00F04U008 is -2.80942 over 629 frames.
PN00F04U009 chaar sifar satt chaar athth panj ikk 
LOG (gmm-latgen-faster[5.5.620~1-dce1dc]:DecodeUtteranceLatticeFaster():decoder-wrappers.cc:375) Log-like per frame for utterance PN00F04U009 is -2.87195 over 630 frames.
PN00F04U010 ikk satt tinn tinn athth chaar chaar 
LOG (gmm-latgen-faster[5.5.620~1-dce1dc]:DecodeUtteranceLatticeFaster():decoder-wrappers.cc:375) Log-like per frame for utterance PN00F04U010 is -2.86417 over 630 frames.
PN00F04U011 chhe satt do panj athth tinn chhe 
LOG (gmm-latgen-faster[5.5.620~1-dce1dc]:DecodeUtteranceLatticeFaster():decoder-wrappers.cc:375) Log-like per frame for utterance PN00F04U011 is -3.0165 over 629 frames.
PN00F04U012 chhe athth do athth ikk chhe do 
LOG (gmm-latgen-faster[5.5.620~1-dce1dc]:DecodeUtteranceLatticeFaster():decoder-wrappers.cc:375) Log-like per frame for utterance PN00F04U012 is -2.68 over 630 frames.
PN00F04U013 do chhe ikk do tinn satt ikk 
LOG (gmm-latgen-faster[5.5.620~1-dce1dc]:DecodeUtteranceLatticeFaster():decoder-wrappers.cc:375) Log-like per frame for utterance PN00F04U013 is -2.79948 over 630 frames.
PN00F04U014 ikk chaar chhe sifar chaar panj sifar 
LOG (gmm-latgen-faster[5.5.620~1-dce1dc]:DecodeUtteranceLatticeFaster():decoder-wrappers.cc:375) Log-like per frame for utterance PN00F04U014 is -2.77106 over 630 frames.
PN00F04U015 sifar panj satt sifar do do tinn 
LOG (gmm-latgen-faster[5.5.620~1-dce1dc]:DecodeUtteranceLatticeFaster():decoder-wrappers.cc:375) Log-like per frame for utterance PN00F04U015 is -2.72169 over 630 frames.
PN00F04U016 tinn panj chhe satt athth sifar ikk 
LOG (gmm-latgen-faster[5.5.620~1-dce1dc]:DecodeUtteranceLatticeFaster():decoder-wrappers.cc:375) Log-like per frame for utterance PN00F04U016 is -2.65779 over 629 frames.
PN00F04U017 ikk tinn chaar panj panj chhe chhe 
LOG (gmm-latgen-faster[5.5.620~1-dce1dc]:DecodeUtteranceLatticeFaster():decoder-wrappers.cc:375) Log-like per frame for utterance PN00F04U017 is -2.75662 over 630 frames.
PN00F04U018 chhe satt satt athth athth naun naun 
LOG (gmm-latgen-faster[5.5.620~1-dce1dc]:DecodeUtteranceLatticeFaster():decoder-wrappers.cc:375) Log-like per frame for utterance PN00F04U018 is -2.61228 over 630 frames.
PN00F04U019 naun sifar ikk ikk do ikk satt 
LOG (gmm-latgen-faster[5.5.620~1-dce1dc]:DecodeUtteranceLatticeFaster():decoder-wrappers.cc:375) Log-like per frame for utterance PN00F04U019 is -2.73853 over 630 frames.
PN00F04U020 satt naun ikk tinn panj satt naun 
LOG (gmm-latgen-faster[5.5.620~1-dce1dc]:DecodeUtteranceLatticeFaster():decoder-wrappers.cc:375) Log-like per frame for utterance PN00F04U020 is -2.57813 over 630 frames.
PN00F04U021 sifar sifar ikk do tinn chaar panj 
LOG (gmm-latgen-faster[5.5.620~1-dce1dc]:DecodeUtteranceLatticeFaster():decoder-wrappers.cc:375) Log-like per frame for utterance PN00F04U021 is -2.77247 over 630 frames.
PN00F04U022 panj chhe satt athth naun ikk sifar 
LOG (gmm-latgen-faster[5.5.620~1-dce1dc]:DecodeUtteranceLatticeFaster():decoder-wrappers.cc:375) Log-like per frame for utterance PN00F04U022 is -2.82266 over 630 frames.
PN00F04U023 sifar do chaar chhe athth do sifar 
LOG (gmm-latgen-faster[5.5.620~1-dce1dc]:DecodeUtteranceLatticeFaster():decoder-wrappers.cc:375) Log-like per frame for utterance PN00F04U023 is -2.73505 over 629 frames.
PN00F04U024 sifar tinn panj satt naun tinn sifar 
LOG (gmm-latgen-faster[5.5.620~1-dce1dc]:DecodeUtteranceLatticeFaster():decoder-wrappers.cc:375) Log-like per frame for utterance PN00F04U024 is -2.92102 over 630 frames.
PN00F04U025 sifar chaar satt chaar sifar panj athth 
LOG (gmm-latgen-faster[5.5.620~1-dce1dc]:DecodeUtteranceLatticeFaster():decoder-wrappers.cc:375) Log-like per frame for utterance PN00F04U025 is -2.89814 over 630 frames.
PN00F04U026 athth panj sifar chhe naun chhe sifar 
LOG (gmm-latgen-faster[5.5.620~1-dce1dc]:DecodeUtteranceLatticeFaster():decoder-wrappers.cc:375) Log-like per frame for utterance PN00F04U026 is -3.02532 over 630 frames.
PN00F04U027 sifar satt satt sifar athth athth sifar 
LOG (gmm-latgen-faster[5.5.620~1-dce1dc]:DecodeUtteranceLatticeFaster():decoder-wrappers.cc:375) Log-like per frame for utterance PN00F04U027 is -3.13643 over 630 frames.
PN00F04U028 sifar naun naun sifar ikk ikk tinn 
LOG (gmm-latgen-faster[5.5.620~1-dce1dc]:DecodeUtteranceLatticeFaster():decoder-wrappers.cc:375) Log-like per frame for utterance PN00F04U028 is -2.83702 over 630 frames.
PN00F04U029 tinn chhe ikk chaar athth ikk panj 
LOG (gmm-latgen-faster[5.5.620~1-dce1dc]:DecodeUtteranceLatticeFaster():decoder-wrappers.cc:375) Log-like per frame for utterance PN00F04U029 is -2.74343 over 630 frames.
PN00F04U030 panj naun do panj chaar ikk chhe 
LOG (gmm-latgen-faster[5.5.620~1-dce1dc]:DecodeUtteranceLatticeFaster():decoder-wrappers.cc:375) Log-like per frame for utterance PN00F04U030 is -2.71352 over 630 frames.
PN00F04U031 chhe panj ikk satt chhe do chhe 
LOG (gmm-latgen-faster[5.5.620~1-dce1dc]:DecodeUtteranceLatticeFaster():decoder-wrappers.cc:375) Log-like per frame for utterance PN00F04U031 is -2.85588 over 629 frames.
PN00F04U032 chhe tinn satt ikk athth tinn athth 
LOG (gmm-latgen-faster[5.5.620~1-dce1dc]:DecodeUtteranceLatticeFaster():decoder-wrappers.cc:375) Log-like per frame for utterance PN00F04U032 is -2.75311 over 630 frames.
PN00F04U033 athth naun chaar naun panj do ikk 
LOG (gmm-latgen-faster[5.5.620~1-dce1dc]:DecodeUtteranceLatticeFaster():decoder-wrappers.cc:375) Log-like per frame for utterance PN00F04U033 is -2.53098 over 630 frames.
PN00F04U034 ikk naun satt do satt panj tinn 
LOG (gmm-latgen-faster[5.5.620~1-dce1dc]:DecodeUtteranceLatticeFaster():decoder-wrappers.cc:375) Log-like per frame for utterance PN00F04U034 is -2.616 over 630 frames.
PN00F04U035 tinn naun athth satt tinn ikk do 
LOG (gmm-latgen-faster[5.5.620~1-dce1dc]:DecodeUtteranceLatticeFaster():decoder-wrappers.cc:375) Log-like per frame for utterance PN00F04U035 is -2.7085 over 630 frames.
PN00F04U036 do do athth chaar do naun sifar 
LOG (gmm-latgen-faster[5.5.620~1-dce1dc]:DecodeUtteranceLatticeFaster():decoder-wrappers.cc:375) Log-like per frame for utterance PN00F04U036 is -2.63833 over 630 frames.
PN00F04U037 sifar ikk do tinn do tinn tinn 
LOG (gmm-latgen-faster[5.5.620~1-dce1dc]:DecodeUtteranceLatticeFaster():decoder-wrappers.cc:375) Log-like per frame for utterance PN00F04U037 is -2.81706 over 630 frames.
PN00F04U038 tinn chaar tinn chaar chaar panj panj 
LOG (gmm-latgen-faster[5.5.620~1-dce1dc]:DecodeUtteranceLatticeFaster():decoder-wrappers.cc:375) Log-like per frame for utterance PN00F04U038 is -2.60572 over 630 frames.
PN00F04U039 panj chhe chaar panj chhe chhe satt 
LOG (gmm-latgen-faster[5.5.620~1-dce1dc]:DecodeUtteranceLatticeFaster():decoder-wrappers.cc:375) Log-like per frame for utterance PN00F04U039 is -2.79983 over 630 frames.
PN00F04U040 satt athth chhe satt ikk do chaar 
LOG (gmm-latgen-faster[5.5.620~1-dce1dc]:DecodeUtteranceLatticeFaster():decoder-wrappers.cc:375) Log-like per frame for utterance PN00F04U040 is -2.69835 over 629 frames.
PN00F04U041 sifar naun sifar ikk do tinn chaar 
LOG (gmm-latgen-faster[5.5.620~1-dce1dc]:DecodeUtteranceLatticeFaster():decoder-wrappers.cc:375) Log-like per frame for utterance PN00F04U041 is -2.81734 over 630 frames.
PN00F04U042 chaar panj chhe satt athth naun athth 
LOG (gmm-latgen-faster[5.5.620~1-dce1dc]:DecodeUtteranceLatticeFaster():decoder-wrappers.cc:375) Log-like per frame for utterance PN00F04U042 is -2.67729 over 630 frames.
PN00F04U043 athth sifar do chaar chhe athth satt 
LOG (gmm-latgen-faster[5.5.620~1-dce1dc]:DecodeUtteranceLatticeFaster():decoder-wrappers.cc:375) Log-like per frame for utterance PN00F04U043 is -2.72174 over 630 frames.
PN00F04U044 satt sifar tinn panj satt naun chhe 
LOG (gmm-latgen-faster[5.5.620~1-dce1dc]:DecodeUtteranceLatticeFaster():decoder-wrappers.cc:375) Log-like per frame for utterance PN00F04U044 is -3.13292 over 630 frames.
PN00F04U045 chhe sifar chaar satt panj sifar panj 
LOG (gmm-latgen-faster[5.5.620~1-dce1dc]:DecodeUtteranceLatticeFaster():decoder-wrappers.cc:375) Log-like per frame for utterance PN00F04U045 is -2.89386 over 630 frames.
PN00F04U046 panj athth chaar sifar chhe naun tinn 
LOG (gmm-latgen-faster[5.5.620~1-dce1dc]:DecodeUtteranceLatticeFaster():decoder-wrappers.cc:375) Log-like per frame for utterance PN00F04U046 is -2.77614 over 630 frames.
PN00F04U047 tinn sifar satt do sifar athth ikk 
LOG (gmm-latgen-faster[5.5.620~1-dce1dc]:DecodeUtteranceLatticeFaster():decoder-wrappers.cc:375) Log-like per frame for utterance PN00F04U047 is -2.87625 over 630 frames.
PN00F04U048 ikk sifar sifar ikk naun ikk tinn 
LOG (gmm-latgen-faster[5.5.620~1-dce1dc]:DecodeUtteranceLatticeFaster():decoder-wrappers.cc:375) Log-like per frame for utterance PN00F04U048 is -3.01092 over 630 frames.
PN00F04U049 tinn chhe ikk chaar athth do panj 
LOG (gmm-latgen-faster[5.5.620~1-dce1dc]:DecodeUtteranceLatticeFaster():decoder-wrappers.cc:375) Log-like per frame for utterance PN00F04U049 is -2.50027 over 630 frames.
PN00F04U050 panj naun do chhe panj ikk panj 
LOG (gmm-latgen-faster[5.5.620~1-dce1dc]:DecodeUtteranceLatticeFaster():decoder-wrappers.cc:375) Log-like per frame for utterance PN00F04U050 is -2.70875 over 630 frames.
PN00F04U051 panj chaar ikk chhe tinn ikk satt 
LOG (gmm-latgen-faster[5.5.620~1-dce1dc]:DecodeUtteranceLatticeFaster():decoder-wrappers.cc:375) Log-like per frame for utterance PN00F04U051 is -2.7397 over 630 frames.
PN00F04U052 satt ikk athth tinn satt tinn athth 
LOG (gmm-latgen-faster[5.5.620~1-dce1dc]:DecodeUtteranceLatticeFaster():decoder-wrappers.cc:375) Log-like per frame for utterance PN00F04U052 is -2.78086 over 630 frames.
PN00F04U053 athth naun naun chaar naun panj do 
LOG (gmm-latgen-faster[5.5.620~1-dce1dc]:DecodeUtteranceLatticeFaster():decoder-wrappers.cc:375) Log-like per frame for utterance PN00F04U053 is -2.38168 over 630 frames.
PN00F04U054 do satt chhe do athth panj tinn 
LOG (gmm-latgen-faster[5.5.620~1-dce1dc]:DecodeUtteranceLatticeFaster():decoder-wrappers.cc:375) Log-like per frame for utterance PN00F04U054 is -2.5564 over 630 frames.
PN00F04U055 tinn naun satt chaar do ikk ikk 
LOG (gmm-latgen-faster[5.5.620~1-dce1dc]:DecodeUtteranceLatticeFaster():decoder-wrappers.cc:375) Log-like per frame for utterance PN00F04U055 is -2.55261 over 630 frames.
PN00F04U056 ikk do naun sifar ikk do do 
LOG (gmm-latgen-faster[5.5.620~1-dce1dc]:DecodeUtteranceLatticeFaster():decoder-wrappers.cc:375) Log-like per frame for utterance PN00F04U056 is -2.48781 over 630 frames.
PN00F04U057 do tinn do tinn tinn chaar tinn 
LOG (gmm-latgen-faster[5.5.620~1-dce1dc]:DecodeUtteranceLatticeFaster():decoder-wrappers.cc:375) Log-like per frame for utterance PN00F04U057 is -2.54396 over 630 frames.
PN00F04U058 tinn chaar chaar panj panj chhe chaar 
LOG (gmm-latgen-faster[5.5.620~1-dce1dc]:DecodeUtteranceLatticeFaster():decoder-wrappers.cc:375) Log-like per frame for utterance PN00F04U058 is -2.52252 over 630 frames.
PN00F04U059 athth athth athth sifar sifar sifar sifar 
LOG (gmm-latgen-faster[5.5.620~1-dce1dc]:DecodeUtteranceLatticeFaster():decoder-wrappers.cc:375) Log-like per frame for utterance PN00F04U059 is -2.81844 over 630 frames.
PN00F04U060 athth chhe satt athth athth naun sifar 
LOG (gmm-latgen-faster[5.5.620~1-dce1dc]:DecodeUtteranceLatticeFaster():decoder-wrappers.cc:375) Log-like per frame for utterance PN00F04U060 is -2.60531 over 630 frames.
PN00F04U061 sifar naun naun athth satt chhe panj 
LOG (gmm-latgen-faster[5.5.620~1-dce1dc]:DecodeUtteranceLatticeFaster():decoder-wrappers.cc:375) Log-like per frame for utterance PN00F04U061 is -2.60779 over 630 frames.
PN00F04U062 panj chaar tinn do ikk sifar athth 
LOG (gmm-latgen-faster[5.5.620~1-dce1dc]:DecodeUtteranceLatticeFaster():decoder-wrappers.cc:375) Log-like per frame for utterance PN00F04U062 is -2.60373 over 629 frames.
PN00F04U063 athth naun satt panj tinn ikk satt 
LOG (gmm-latgen-faster[5.5.620~1-dce1dc]:DecodeUtteranceLatticeFaster():decoder-wrappers.cc:375) Log-like per frame for utterance PN00F04U063 is -2.62382 over 630 frames.
PN00F04U064 satt naun chhe chaar do sifar chhe 
LOG (gmm-latgen-faster[5.5.620~1-dce1dc]:DecodeUtteranceLatticeFaster():decoder-wrappers.cc:375) Log-like per frame for utterance PN00F04U064 is -2.63931 over 630 frames.
PN00F04U065 chhe naun panj do panj naun chaar 
LOG (gmm-latgen-faster[5.5.620~1-dce1dc]:DecodeUtteranceLatticeFaster():decoder-wrappers.cc:375) Log-like per frame for utterance PN00F04U065 is -2.48674 over 630 frames.
PN00F04U066 chaar ikk chaar naun tinn sifar tinn 
LOG (gmm-latgen-faster[5.5.620~1-dce1dc]:DecodeUtteranceLatticeFaster():decoder-wrappers.cc:375) Log-like per frame for utterance PN00F04U066 is -2.68191 over 630 frames.
PN00F04U067 tinn naun do do naun ikk ikk 
LOG (gmm-latgen-faster[5.5.620~1-dce1dc]:DecodeUtteranceLatticeFaster():decoder-wrappers.cc:375) Log-like per frame for utterance PN00F04U067 is -2.31282 over 630 frames.
PN00F04U068 ikk naun sifar sifar satt chaar sifar 
LOG (gmm-latgen-faster[5.5.620~1-dce1dc]:DecodeUtteranceLatticeFaster():decoder-wrappers.cc:375) Log-like per frame for utterance PN00F04U068 is -2.78664 over 630 frames.
PN00F04U069 sifar ikk athth chhe tinn athth athth 
LOG (gmm-latgen-faster[5.5.620~1-dce1dc]:DecodeUtteranceLatticeFaster():decoder-wrappers.cc:375) Log-like per frame for utterance PN00F04U069 is -2.77107 over 630 frames.
PN00F04U070 athth panj ikk chhe do chhe athth 
LOG (gmm-latgen-faster[5.5.620~1-dce1dc]:DecodeUtteranceLatticeFaster():decoder-wrappers.cc:375) Log-like per frame for utterance PN00F04U070 is -2.46559 over 629 frames.
PN00F04U071 athth chaar panj athth tinn chaar athth 
LOG (gmm-latgen-faster[5.5.620~1-dce1dc]:DecodeUtteranceLatticeFaster():decoder-wrappers.cc:375) Log-like per frame for utterance PN00F04U071 is -2.74925 over 629 frames.
PN00F04U072 athth do tinn satt tinn chhe ikk 
LOG (gmm-latgen-faster[5.5.620~1-dce1dc]:DecodeUtteranceLatticeFaster():decoder-wrappers.cc:375) Log-like per frame for utterance PN00F04U072 is -2.51507 over 630 frames.
PN00F04U073 ikk panj sifar panj chhe satt do 
LOG (gmm-latgen-faster[5.5.620~1-dce1dc]:DecodeUtteranceLatticeFaster():decoder-wrappers.cc:375) Log-like per frame for utterance PN00F04U073 is -2.78619 over 630 frames.
PN00F04U074 do athth ikk tinn panj panj satt 
LOG (gmm-latgen-faster[5.5.620~1-dce1dc]:DecodeUtteranceLatticeFaster():decoder-wrappers.cc:375) Log-like per frame for utterance PN00F04U074 is -2.65556 over 629 frames.
PN00F04U075 satt ikk do satt sifar do chaar 
LOG (gmm-latgen-faster[5.5.620~1-dce1dc]:DecodeUtteranceLatticeFaster():decoder-wrappers.cc:375) Log-like per frame for utterance PN00F04U075 is -2.65988 over 630 frames.
LOG (apply-cmvn[5.5.620~1-dce1dc]:main():apply-cmvn.cc:162) Applied cepstral mean normalization to 80 utterances, errors on 0
PN00F04U076 chaar satt athth sifar ikk do tinn 
LOG (gmm-latgen-faster[5.5.620~1-dce1dc]:DecodeUtteranceLatticeFaster():decoder-wrappers.cc:375) Log-like per frame for utterance PN00F04U076 is -2.49964 over 630 frames.
PN00F04U077 tinn tinn chaar chhe sifar chaar chaar 
LOG (gmm-latgen-faster[5.5.620~1-dce1dc]:DecodeUtteranceLatticeFaster():decoder-wrappers.cc:375) Log-like per frame for utterance PN00F04U077 is -2.65239 over 630 frames.
PN00F04U078 chaar panj chhe chhe satt satt athth 
LOG (gmm-latgen-faster[5.5.620~1-dce1dc]:DecodeUtteranceLatticeFaster():decoder-wrappers.cc:375) Log-like per frame for utterance PN00F04U078 is -2.7341 over 630 frames.
PN00F04U079 naun naun ikk tinn panj satt naun 
LOG (gmm-latgen-faster[5.5.620~1-dce1dc]:DecodeUtteranceLatticeFaster():decoder-wrappers.cc:375) Log-like per frame for utterance PN00F04U079 is -2.42294 over 630 frames.
LOG (transform-feats[5.5.620~1-dce1dc]:main():transform-feats.cc:158) Overall average [pseudo-]logdet is -54.6572 over 50389 frames.
LOG (transform-feats[5.5.620~1-dce1dc]:main():transform-feats.cc:161) Applied transform to 80 utterances; 0 had errors.
PN00F04U080 do chhe naun ikk do chaar tinn 
LOG (gmm-latgen-faster[5.5.620~1-dce1dc]:DecodeUtteranceLatticeFaster():decoder-wrappers.cc:375) Log-like per frame for utterance PN00F04U080 is -2.48431 over 630 frames.
LOG (gmm-latgen-faster[5.5.620~1-dce1dc]:main():gmm-latgen-faster.cc:176) Time taken 11.6339s: real-time factor assuming 100 frames/sec is 0.0230883
LOG (gmm-latgen-faster[5.5.620~1-dce1dc]:main():gmm-latgen-faster.cc:179) Done 80 utterances, failed for 0
LOG (gmm-latgen-faster[5.5.620~1-dce1dc]:main():gmm-latgen-faster.cc:181) Overall log-likelihood per frame is -2.72188 over 50389 frames.
# Accounting: time=12 threads=1
# Ended (code 0) at Sun Mar 22 09:33:23 IST 2020, elapsed time 12 seconds
