# gmm-est --mix-up=28900 --power=0.25 --write-occs=exp/tri2/26.occs exp/tri2/25.mdl "gmm-sum-accs - exp/tri2/25.*.acc |" exp/tri2/26.mdl 
# Started at Sun Mar 22 09:27:14 IST 2020
#
gmm-est --mix-up=28900 --power=0.25 --write-occs=exp/tri2/26.occs exp/tri2/25.mdl 'gmm-sum-accs - exp/tri2/25.*.acc |' exp/tri2/26.mdl 
gmm-sum-accs - exp/tri2/25.1.acc exp/tri2/25.2.acc exp/tri2/25.3.acc exp/tri2/25.4.acc 
LOG (gmm-sum-accs[5.5.620~1-dce1dc]:main():gmm-sum-accs.cc:63) Summed 4 stats, total count 201866, avg like/frame -45.2868
LOG (gmm-sum-accs[5.5.620~1-dce1dc]:main():gmm-sum-accs.cc:66) Total count of stats is 201866
LOG (gmm-sum-accs[5.5.620~1-dce1dc]:main():gmm-sum-accs.cc:67) Written stats to -
LOG (gmm-est[5.5.620~1-dce1dc]:MleUpdate():transition-model.cc:528) TransitionModel::Update, objf change is 0 per frame over 201866 frames. 
LOG (gmm-est[5.5.620~1-dce1dc]:MleUpdate():transition-model.cc:531) 6 probabilities floored, 430 out of 586 transition-states skipped due to insuffient data (it is normal to have some skipped.)
LOG (gmm-est[5.5.620~1-dce1dc]:main():gmm-est.cc:102) Transition model update: Overall 0 log-like improvement per frame over 201866 frames.
WARNING (gmm-est[5.5.620~1-dce1dc]:MleDiagGmmUpdate():mle-diag-gmm.cc:359) Too little data - removing Gaussian (weight 0.004595, occupation count 9.990050, vector size 39)
WARNING (gmm-est[5.5.620~1-dce1dc]:MleDiagGmmUpdate():mle-diag-gmm.cc:359) Too little data - removing Gaussian (weight 0.006921, occupation count 9.993410, vector size 39)
LOG (gmm-est[5.5.620~1-dce1dc]:MleAmDiagGmmUpdate():mle-am-diag-gmm.cc:225) 1063 variance elements floored in 1061 Gaussians, out of 10030
LOG (gmm-est[5.5.620~1-dce1dc]:MleAmDiagGmmUpdate():mle-am-diag-gmm.cc:229) Removed 2 Gaussians due to counts < --min-gaussian-occupancy=10 and --remove-low-count-gaussians=true
LOG (gmm-est[5.5.620~1-dce1dc]:main():gmm-est.cc:113) GMM update: Overall 0.00765683 objective function improvement per frame over 201866 frames
LOG (gmm-est[5.5.620~1-dce1dc]:main():gmm-est.cc:116) GMM update: Overall avg like per frame = -45.2868 over 201866 frames.
WARNING (gmm-est[5.5.620~1-dce1dc]:GetSplitTargets():model-common.cc:134) Could not split up to 28900 due to min-count = 20 (or no counts at all)

LOG (gmm-est[5.5.620~1-dce1dc]:SplitByCount():am-diag-gmm.cc:116) Split 144 states with target = 28900, power = 0.25, perturb_factor = 0.01 and min_count = 20, split #Gauss from 10030 to 10032
LOG (gmm-est[5.5.620~1-dce1dc]:main():gmm-est.cc:146) Written model to exp/tri2/26.mdl
# Accounting: time=0 threads=1
# Ended (code 0) at Sun Mar 22 09:27:14 IST 2020, elapsed time 0 seconds
