# lattice-scale --inv-acoustic-scale=8 "ark:gunzip -c exp/tri4/decode/lat.*.gz|" ark:- | lattice-add-penalty --word-ins-penalty=0.0 ark:- ark:- | lattice-best-path --word-symbol-table=exp/tri4/graph/words.txt ark:- ark,t:- | utils/int2sym.pl -f 2- exp/tri4/graph/words.txt | local/wer_hyp_filter > exp/tri4/decode/scoring_kaldi/penalty_0.0/8.txt 
# Started at Sun Mar 22 09:33:51 IST 2020
#
lattice-best-path --word-symbol-table=exp/tri4/graph/words.txt ark:- ark,t:- 
lattice-scale --inv-acoustic-scale=8 'ark:gunzip -c exp/tri4/decode/lat.*.gz|' ark:- 
lattice-add-penalty --word-ins-penalty=0.0 ark:- ark:- 
LOG (lattice-best-path[5.5.620~1-dce1dc]:main():lattice-best-path.cc:99) For utterance PN00F02U001, best cost 40.3422 + 3366.41 = 3406.76 over 630 frames.
PN00F02U001 sifar sifar naun athth satt chhe panj 
LOG (lattice-best-path[5.5.620~1-dce1dc]:main():lattice-best-path.cc:99) For utterance PN00F02U002, best cost 39.0424 + 3018.85 = 3057.9 over 656 frames.
PN00F02U002 panj chaar tinn do ikk sifar ikk 
LOG (lattice-best-path[5.5.620~1-dce1dc]:main():lattice-best-path.cc:99) For utterance PN00F02U003, best cost 36.5944 + 2914.9 = 2951.5 over 630 frames.
PN00F02U003 ikk naun satt panj tinn ikk do 
LOG (lattice-best-path[5.5.620~1-dce1dc]:main():lattice-best-path.cc:99) For utterance PN00F02U004, best cost 39.2154 + 2914.23 = 2953.45 over 629 frames.
PN00F02U004 do naun chhe chaar do sifar tinn 
LOG (lattice-best-path[5.5.620~1-dce1dc]:main():lattice-best-path.cc:99) For utterance PN00F02U005, best cost 38.3228 + 2761.47 = 2799.79 over 628 frames.
PN00F02U005 tinn naun panj do chaar naun chaar 
LOG (lattice-best-path[5.5.620~1-dce1dc]:main():lattice-best-path.cc:99) For utterance PN00F02U006, best cost 40.575 + 2953.57 = 2994.14 over 629 frames.
PN00F02U006 chaar ikk panj naun tinn sifar chhe 
LOG (lattice-best-path[5.5.620~1-dce1dc]:main():lattice-best-path.cc:99) For utterance PN00F02U007, best cost 39.7243 + 2917.48 = 2957.21 over 630 frames.
PN00F02U007 chhe naun do satt naun ikk athth 
LOG (lattice-best-path[5.5.620~1-dce1dc]:main():lattice-best-path.cc:99) For utterance PN00F02U008, best cost 40.7299 + 2941.04 = 2981.77 over 629 frames.
PN00F02U008 athth naun sifar athth chhe tinn chaar 
LOG (lattice-best-path[5.5.620~1-dce1dc]:main():lattice-best-path.cc:99) For utterance PN00F02U009, best cost 41.1328 + 3036.63 = 3077.77 over 626 frames.
PN00F02U009 chaar sifar satt chaar athth panj ikk 
LOG (lattice-best-path[5.5.620~1-dce1dc]:main():lattice-best-path.cc:99) For utterance PN00F02U010, best cost 41.3598 + 3028.11 = 3069.47 over 628 frames.
PN00F02U010 ikk satt tinn tinn athth chaar chaar 
LOG (lattice-best-path[5.5.620~1-dce1dc]:main():lattice-best-path.cc:99) For utterance PN00F02U011, best cost 55.499 + 3192.17 = 3247.67 over 630 frames.
PN00F02U011 chhe satt satt tinn panj chhe 
LOG (lattice-best-path[5.5.620~1-dce1dc]:main():lattice-best-path.cc:99) For utterance PN00F02U012, best cost 37.6506 + 2882.12 = 2919.77 over 656 frames.
PN00F02U012 chhe athth do athth ikk chhe do 
LOG (lattice-best-path[5.5.620~1-dce1dc]:main():lattice-best-path.cc:99) For utterance PN00F02U013, best cost 38.5401 + 2869.21 = 2907.75 over 630 frames.
PN00F02U013 do chhe ikk do tinn satt ikk 
LOG (lattice-best-path[5.5.620~1-dce1dc]:main():lattice-best-path.cc:99) For utterance PN00F02U014, best cost 41.9359 + 3161.03 = 3202.97 over 629 frames.
PN00F02U014 ikk chaar chhe sifar chaar panj sifar 
LOG (lattice-best-path[5.5.620~1-dce1dc]:main():lattice-best-path.cc:99) For utterance PN00F02U015, best cost 43.4409 + 3186.08 = 3229.52 over 630 frames.
PN00F02U015 sifar panj satt sifar do do tinn 
LOG (lattice-best-path[5.5.620~1-dce1dc]:main():lattice-best-path.cc:99) For utterance PN00F02U016, best cost 41.4337 + 3101.97 = 3143.41 over 629 frames.
PN00F02U016 tinn panj chhe satt athth sifar ikk 
LOG (lattice-best-path[5.5.620~1-dce1dc]:main():lattice-best-path.cc:99) For utterance PN00F02U017, best cost 41.8483 + 3149.95 = 3191.8 over 657 frames.
PN00F02U017 ikk tinn chaar panj panj chhe chhe 
LOG (lattice-best-path[5.5.620~1-dce1dc]:main():lattice-best-path.cc:99) For utterance PN00F02U018, best cost 38.7408 + 3003.04 = 3041.78 over 652 frames.
PN00F02U018 chhe satt satt athth athth naun naun 
LOG (lattice-best-path[5.5.620~1-dce1dc]:main():lattice-best-path.cc:99) For utterance PN00F02U019, best cost 40.8218 + 3005.76 = 3046.58 over 653 frames.
PN00F02U019 naun sifar ikk ikk do ikk satt 
LOG (lattice-best-path[5.5.620~1-dce1dc]:main():lattice-best-path.cc:99) For utterance PN00F02U020, best cost 37.052 + 2869.04 = 2906.09 over 628 frames.
PN00F02U020 satt naun ikk tinn panj satt naun 
LOG (lattice-best-path[5.5.620~1-dce1dc]:main():lattice-best-path.cc:99) For utterance PN00F02U021, best cost 45.8049 + 3585.33 = 3631.13 over 629 frames.
PN00F02U021 sifar sifar ikk ikk tinn chaar panj 
LOG (lattice-best-path[5.5.620~1-dce1dc]:main():lattice-best-path.cc:99) For utterance PN00F02U022, best cost 41.2317 + 2992.63 = 3033.86 over 656 frames.
PN00F02U022 panj chhe satt athth naun ikk sifar 
LOG (lattice-best-path[5.5.620~1-dce1dc]:main():lattice-best-path.cc:99) For utterance PN00F02U023, best cost 38.5948 + 2921.58 = 2960.18 over 630 frames.
PN00F02U023 sifar do chaar chhe athth do sifar 
LOG (lattice-best-path[5.5.620~1-dce1dc]:main():lattice-best-path.cc:99) For utterance PN00F02U024, best cost 41.8682 + 3125.67 = 3167.54 over 630 frames.
PN00F02U024 sifar tinn panj satt naun tinn sifar 
LOG (lattice-best-path[5.5.620~1-dce1dc]:main():lattice-best-path.cc:99) For utterance PN00F02U025, best cost 41.925 + 3144.04 = 3185.96 over 630 frames.
PN00F02U025 sifar chaar satt chaar sifar panj athth 
LOG (lattice-best-path[5.5.620~1-dce1dc]:main():lattice-best-path.cc:99) For utterance PN00F02U026, best cost 41.6387 + 3198.05 = 3239.69 over 630 frames.
PN00F02U026 athth panj sifar chhe naun chhe sifar 
LOG (lattice-best-path[5.5.620~1-dce1dc]:main():lattice-best-path.cc:99) For utterance PN00F02U027, best cost 43.254 + 3109.38 = 3152.63 over 656 frames.
PN00F02U027 sifar satt satt sifar athth athth sifar 
LOG (lattice-best-path[5.5.620~1-dce1dc]:main():lattice-best-path.cc:99) For utterance PN00F02U028, best cost 39.6952 + 3067.02 = 3106.72 over 629 frames.
PN00F02U028 sifar naun naun sifar ikk ikk tinn 
LOG (lattice-best-path[5.5.620~1-dce1dc]:main():lattice-best-path.cc:99) For utterance PN00F02U029, best cost 36.8928 + 3010.03 = 3046.92 over 630 frames.
PN00F02U029 tinn chhe ikk chaar athth ikk panj 
LOG (lattice-best-path[5.5.620~1-dce1dc]:main():lattice-best-path.cc:99) For utterance PN00F02U030, best cost 38.6376 + 2971.35 = 3009.99 over 630 frames.
PN00F02U030 panj naun do panj chaar ikk chhe 
LOG (lattice-best-path[5.5.620~1-dce1dc]:main():lattice-best-path.cc:99) For utterance PN00F02U031, best cost 38.3401 + 3059.76 = 3098.1 over 630 frames.
PN00F02U031 chhe panj ikk satt chhe do chhe 
LOG (lattice-best-path[5.5.620~1-dce1dc]:main():lattice-best-path.cc:99) For utterance PN00F02U032, best cost 36.8952 + 2825.09 = 2861.99 over 629 frames.
PN00F02U032 chhe tinn satt ikk athth tinn athth 
LOG (lattice-best-path[5.5.620~1-dce1dc]:main():lattice-best-path.cc:99) For utterance PN00F02U033, best cost 37.7787 + 2957.82 = 2995.6 over 630 frames.
PN00F02U033 athth naun chaar naun panj do ikk 
LOG (lattice-best-path[5.5.620~1-dce1dc]:main():lattice-best-path.cc:99) For utterance PN00F02U034, best cost 37.0482 + 2935.42 = 2972.47 over 630 frames.
PN00F02U034 ikk naun satt do satt panj tinn 
LOG (lattice-best-path[5.5.620~1-dce1dc]:main():lattice-best-path.cc:99) For utterance PN00F02U035, best cost 37.1488 + 2946.79 = 2983.94 over 630 frames.
PN00F02U035 tinn naun athth satt tinn ikk do 
LOG (lattice-best-path[5.5.620~1-dce1dc]:main():lattice-best-path.cc:99) For utterance PN00F02U036, best cost 40.3889 + 3091.63 = 3132.02 over 630 frames.
PN00F02U036 do do athth chaar do naun sifar 
LOG (lattice-best-path[5.5.620~1-dce1dc]:main():lattice-best-path.cc:99) For utterance PN00F02U037, best cost 39.2702 + 2887.44 = 2926.71 over 655 frames.
PN00F02U037 sifar ikk do tinn do tinn tinn 
LOG (lattice-best-path[5.5.620~1-dce1dc]:main():lattice-best-path.cc:99) For utterance PN00F02U038, best cost 42.5868 + 2868.7 = 2911.29 over 630 frames.
PN00F02U038 tinn chaar tinn chaar chaar panj panj 
LOG (lattice-best-path[5.5.620~1-dce1dc]:main():lattice-best-path.cc:99) For utterance PN00F02U039, best cost 40.4714 + 2898.06 = 2938.53 over 629 frames.
PN00F02U039 panj chhe chaar panj chhe chhe satt 
LOG (lattice-best-path[5.5.620~1-dce1dc]:main():lattice-best-path.cc:99) For utterance PN00F02U040, best cost 41.0056 + 2740.34 = 2781.35 over 629 frames.
PN00F02U040 satt athth chhe satt ikk do chaar 
LOG (lattice-best-path[5.5.620~1-dce1dc]:main():lattice-best-path.cc:99) For utterance PN00F02U041, best cost 39.5166 + 3097.92 = 3137.43 over 630 frames.
PN00F02U041 sifar naun sifar ikk do tinn chaar 
LOG (lattice-best-path[5.5.620~1-dce1dc]:main():lattice-best-path.cc:99) For utterance PN00F02U042, best cost 39.5429 + 3046.98 = 3086.52 over 648 frames.
PN00F02U042 chaar panj chhe satt athth naun athth 
LOG (lattice-best-path[5.5.620~1-dce1dc]:main():lattice-best-path.cc:99) For utterance PN00F02U043, best cost 38.2642 + 3002.25 = 3040.51 over 630 frames.
PN00F02U043 athth sifar do chaar chhe athth satt 
LOG (lattice-best-path[5.5.620~1-dce1dc]:main():lattice-best-path.cc:99) For utterance PN00F02U044, best cost 39.408 + 2838.39 = 2877.79 over 630 frames.
PN00F02U044 satt sifar tinn panj satt naun chhe 
LOG (lattice-best-path[5.5.620~1-dce1dc]:main():lattice-best-path.cc:99) For utterance PN00F02U045, best cost 40.6746 + 3090.85 = 3131.52 over 630 frames.
PN00F02U045 chhe sifar chaar satt panj sifar panj 
LOG (lattice-best-path[5.5.620~1-dce1dc]:main():lattice-best-path.cc:99) For utterance PN00F02U046, best cost 41.1157 + 2829.22 = 2870.33 over 630 frames.
PN00F02U046 panj athth chaar sifar chhe naun tinn 
LOG (lattice-best-path[5.5.620~1-dce1dc]:main():lattice-best-path.cc:99) For utterance PN00F02U047, best cost 41.9091 + 2912.96 = 2954.87 over 630 frames.
PN00F02U047 tinn sifar satt do sifar athth ikk 
LOG (lattice-best-path[5.5.620~1-dce1dc]:main():lattice-best-path.cc:99) For utterance PN00F02U048, best cost 41.8415 + 2834.95 = 2876.8 over 630 frames.
PN00F02U048 ikk sifar sifar ikk naun ikk tinn 
LOG (lattice-best-path[5.5.620~1-dce1dc]:main():lattice-best-path.cc:99) For utterance PN00F02U049, best cost 38.1483 + 2920.27 = 2958.42 over 630 frames.
PN00F02U049 tinn chhe ikk chaar athth do panj 
LOG (lattice-best-path[5.5.620~1-dce1dc]:main():lattice-best-path.cc:99) For utterance PN00F02U050, best cost 38.2881 + 2846.28 = 2884.57 over 629 frames.
PN00F02U050 panj naun do chhe panj ikk panj 
LOG (lattice-best-path[5.5.620~1-dce1dc]:main():lattice-best-path.cc:99) For utterance PN00F02U051, best cost 37.0645 + 2865.84 = 2902.91 over 630 frames.
PN00F02U051 panj chaar ikk chhe tinn ikk satt 
LOG (lattice-best-path[5.5.620~1-dce1dc]:main():lattice-best-path.cc:99) For utterance PN00F02U052, best cost 37.5909 + 2852.39 = 2889.98 over 629 frames.
PN00F02U052 satt ikk athth tinn satt tinn athth 
LOG (lattice-best-path[5.5.620~1-dce1dc]:main():lattice-best-path.cc:99) For utterance PN00F02U053, best cost 37.3462 + 2779.72 = 2817.06 over 630 frames.
PN00F02U053 athth naun naun chaar naun panj do 
LOG (lattice-best-path[5.5.620~1-dce1dc]:main():lattice-best-path.cc:99) For utterance PN00F02U054, best cost 38.9548 + 2932.24 = 2971.2 over 630 frames.
PN00F02U054 do satt chhe do athth panj tinn 
LOG (lattice-best-path[5.5.620~1-dce1dc]:main():lattice-best-path.cc:99) For utterance PN00F02U055, best cost 37.8376 + 2909.48 = 2947.32 over 630 frames.
PN00F02U055 tinn naun satt chaar do ikk ikk 
LOG (lattice-best-path[5.5.620~1-dce1dc]:main():lattice-best-path.cc:99) For utterance PN00F02U056, best cost 40.8239 + 2907.27 = 2948.1 over 656 frames.
PN00F02U056 ikk do naun sifar ikk do do 
LOG (lattice-best-path[5.5.620~1-dce1dc]:main():lattice-best-path.cc:99) For utterance PN00F02U057, best cost 40.6377 + 2712.64 = 2753.27 over 629 frames.
PN00F02U057 do tinn do tinn tinn chaar tinn 
LOG (lattice-best-path[5.5.620~1-dce1dc]:main():lattice-best-path.cc:99) For utterance PN00F02U058, best cost 40.9132 + 2928.27 = 2969.18 over 630 frames.
PN00F02U058 tinn chaar chaar panj panj chhe chaar 
LOG (lattice-best-path[5.5.620~1-dce1dc]:main():lattice-best-path.cc:99) For utterance PN00F02U059, best cost 43.4649 + 3058.68 = 3102.14 over 629 frames.
PN00F02U059 athth athth athth sifar sifar sifar sifar 
LOG (lattice-best-path[5.5.620~1-dce1dc]:main():lattice-best-path.cc:99) For utterance PN00F02U060, best cost 39.2024 + 2984.1 = 3023.3 over 629 frames.
PN00F02U060 athth chhe satt athth athth naun sifar 
LOG (lattice-best-path[5.5.620~1-dce1dc]:main():lattice-best-path.cc:99) For utterance PN00F02U061, best cost 37.9196 + 3078.92 = 3116.84 over 630 frames.
PN00F02U061 sifar naun naun athth satt chhe panj 
LOG (lattice-best-path[5.5.620~1-dce1dc]:main():lattice-best-path.cc:99) For utterance PN00F02U062, best cost 38.1449 + 2817.39 = 2855.53 over 630 frames.
PN00F02U062 panj chaar tinn do ikk sifar athth 
LOG (lattice-best-path[5.5.620~1-dce1dc]:main():lattice-best-path.cc:99) For utterance PN00F02U063, best cost 36.7247 + 2776.01 = 2812.73 over 629 frames.
PN00F02U063 athth naun satt panj tinn ikk satt 
LOG (lattice-best-path[5.5.620~1-dce1dc]:main():lattice-best-path.cc:99) For utterance PN00F02U064, best cost 37.4779 + 2909.86 = 2947.34 over 630 frames.
PN00F02U064 satt naun chhe chaar do sifar chhe 
LOG (lattice-best-path[5.5.620~1-dce1dc]:main():lattice-best-path.cc:99) For utterance PN00F02U065, best cost 37.6837 + 2737.89 = 2775.58 over 630 frames.
PN00F02U065 chhe naun panj do panj naun chaar 
LOG (lattice-best-path[5.5.620~1-dce1dc]:main():lattice-best-path.cc:99) For utterance PN00F02U066, best cost 40.5195 + 2810.04 = 2850.56 over 630 frames.
PN00F02U066 chaar ikk chaar naun tinn sifar tinn 
LOG (lattice-best-path[5.5.620~1-dce1dc]:main():lattice-best-path.cc:99) For utterance PN00F02U067, best cost 38.2642 + 2705.7 = 2743.96 over 630 frames.
PN00F02U067 tinn naun do do naun ikk ikk 
LOG (lattice-best-path[5.5.620~1-dce1dc]:main():lattice-best-path.cc:99) For utterance PN00F02U068, best cost 42.3287 + 3119.6 = 3161.93 over 629 frames.
PN00F02U068 ikk naun sifar sifar satt chaar sifar 
LOG (lattice-best-path[5.5.620~1-dce1dc]:main():lattice-best-path.cc:99) For utterance PN00F02U069, best cost 36.3656 + 2980.14 = 3016.5 over 630 frames.
PN00F02U069 sifar ikk athth chhe tinn athth 
LOG (lattice-best-path[5.5.620~1-dce1dc]:main():lattice-best-path.cc:99) For utterance PN00F02U070, best cost 37.3321 + 2926.29 = 2963.62 over 656 frames.
PN00F02U070 athth panj ikk chhe do chhe athth 
LOG (lattice-best-path[5.5.620~1-dce1dc]:main():lattice-best-path.cc:99) For utterance PN00F02U071, best cost 42.8643 + 2892.55 = 2935.41 over 630 frames.
PN00F02U071 athth chaar panj athth tinn chaar athth 
LOG (lattice-best-path[5.5.620~1-dce1dc]:main():lattice-best-path.cc:99) For utterance PN00F02U072, best cost 39.543 + 2812.51 = 2852.05 over 630 frames.
PN00F02U072 athth do tinn satt tinn chhe ikk 
LOG (lattice-best-path[5.5.620~1-dce1dc]:main():lattice-best-path.cc:99) For utterance PN00F02U073, best cost 40.9377 + 2874.01 = 2914.94 over 630 frames.
PN00F02U073 ikk panj sifar panj chhe satt do 
LOG (lattice-best-path[5.5.620~1-dce1dc]:main():lattice-best-path.cc:99) For utterance PN00F02U074, best cost 41.1061 + 2844.94 = 2886.05 over 630 frames.
PN00F02U074 do athth ikk tinn panj panj satt 
LOG (lattice-best-path[5.5.620~1-dce1dc]:main():lattice-best-path.cc:99) For utterance PN00F02U075, best cost 39.0719 + 2865.59 = 2904.67 over 630 frames.
PN00F02U075 satt ikk do satt sifar do chaar 
LOG (lattice-best-path[5.5.620~1-dce1dc]:main():lattice-best-path.cc:99) For utterance PN00F02U076, best cost 39.9438 + 2974.33 = 3014.27 over 629 frames.
PN00F02U076 chaar satt athth sifar ikk do tinn 
LOG (lattice-best-path[5.5.620~1-dce1dc]:main():lattice-best-path.cc:99) For utterance PN00F02U077, best cost 41.3697 + 2859.4 = 2900.77 over 630 frames.
PN00F02U077 tinn tinn chaar chhe sifar chaar chaar 
LOG (lattice-best-path[5.5.620~1-dce1dc]:main():lattice-best-path.cc:99) For utterance PN00F02U078, best cost 39.2707 + 2786.55 = 2825.82 over 629 frames.
PN00F02U078 chaar panj chhe chhe satt satt athth 
LOG (lattice-best-path[5.5.620~1-dce1dc]:main():lattice-best-path.cc:99) For utterance PN00F02U079, best cost 39.1929 + 2738.35 = 2777.54 over 629 frames.
PN00F02U079 naun naun ikk tinn panj satt naun 
LOG (lattice-best-path[5.5.620~1-dce1dc]:main():lattice-best-path.cc:99) For utterance PN00F02U080, best cost 42.4367 + 2941.58 = 2984.02 over 629 frames.
PN00F02U080 do chhe naun ikk do chaar tinn 
LOG (lattice-best-path[5.5.620~1-dce1dc]:main():lattice-best-path.cc:99) For utterance PN00F04U001, best cost 34.4612 + 3018.54 = 3053 over 630 frames.
PN00F04U001 sifar sifar naun athth satt chhe panj 
LOG (lattice-best-path[5.5.620~1-dce1dc]:main():lattice-best-path.cc:99) For utterance PN00F04U002, best cost 33.2906 + 2743.87 = 2777.16 over 630 frames.
PN00F04U002 panj chaar tinn do ikk sifar ikk 
LOG (lattice-best-path[5.5.620~1-dce1dc]:main():lattice-best-path.cc:99) For utterance PN00F04U003, best cost 33.9969 + 2871.46 = 2905.45 over 630 frames.
PN00F04U003 ikk naun satt panj tinn ikk do 
LOG (lattice-best-path[5.5.620~1-dce1dc]:main():lattice-best-path.cc:99) For utterance PN00F04U004, best cost 33.988 + 2805.85 = 2839.84 over 629 frames.
PN00F04U004 do naun chhe chaar do sifar tinn 
LOG (lattice-best-path[5.5.620~1-dce1dc]:main():lattice-best-path.cc:99) For utterance PN00F04U005, best cost 33.6669 + 2830.4 = 2864.07 over 630 frames.
PN00F04U005 tinn naun panj do chaar naun chaar 
LOG (lattice-best-path[5.5.620~1-dce1dc]:main():lattice-best-path.cc:99) For utterance PN00F04U006, best cost 34.7975 + 3076.1 = 3110.9 over 630 frames.
PN00F04U006 chaar ikk panj naun tinn sifar chhe 
LOG (lattice-best-path[5.5.620~1-dce1dc]:main():lattice-best-path.cc:99) For utterance PN00F04U007, best cost 35.3245 + 2808.19 = 2843.52 over 630 frames.
PN00F04U007 chhe naun do satt naun ikk athth 
LOG (lattice-best-path[5.5.620~1-dce1dc]:main():lattice-best-path.cc:99) For utterance PN00F04U008, best cost 35.7047 + 2827.02 = 2862.73 over 629 frames.
PN00F04U008 athth naun sifar athth chhe tinn chaar 
LOG (lattice-best-path[5.5.620~1-dce1dc]:main():lattice-best-path.cc:99) For utterance PN00F04U009, best cost 36.3354 + 2883.75 = 2920.09 over 630 frames.
PN00F04U009 chaar sifar satt chaar athth panj ikk 
LOG (lattice-best-path[5.5.620~1-dce1dc]:main():lattice-best-path.cc:99) For utterance PN00F04U010, best cost 37.2353 + 2887 = 2924.24 over 630 frames.
PN00F04U010 ikk satt tinn tinn athth chaar chaar 
LOG (lattice-best-path[5.5.620~1-dce1dc]:main():lattice-best-path.cc:99) For utterance PN00F04U011, best cost 35.6195 + 3016.48 = 3052.1 over 629 frames.
PN00F04U011 chhe satt do panj athth tinn chhe 
LOG (lattice-best-path[5.5.620~1-dce1dc]:main():lattice-best-path.cc:99) For utterance PN00F04U012, best cost 32.0542 + 2718.58 = 2750.63 over 630 frames.
PN00F04U012 chhe athth do athth ikk chhe do 
LOG (lattice-best-path[5.5.620~1-dce1dc]:main():lattice-best-path.cc:99) For utterance PN00F04U013, best cost 33.6553 + 2818.61 = 2852.27 over 630 frames.
PN00F04U013 do chhe ikk do tinn satt ikk 
LOG (lattice-best-path[5.5.620~1-dce1dc]:main():lattice-best-path.cc:99) For utterance PN00F04U014, best cost 36.6047 + 2781.28 = 2817.88 over 630 frames.
PN00F04U014 ikk chaar chhe sifar chaar panj sifar 
LOG (lattice-best-path[5.5.620~1-dce1dc]:main():lattice-best-path.cc:99) For utterance PN00F04U015, best cost 37.9668 + 2748.4 = 2786.36 over 630 frames.
PN00F04U015 sifar panj satt sifar do do tinn 
LOG (lattice-best-path[5.5.620~1-dce1dc]:main():lattice-best-path.cc:99) For utterance PN00F04U016, best cost 35.8299 + 2675.3 = 2711.13 over 629 frames.
PN00F04U016 tinn panj chhe satt athth sifar ikk 
LOG (lattice-best-path[5.5.620~1-dce1dc]:main():lattice-best-path.cc:99) For utterance PN00F04U017, best cost 35.6849 + 2737.73 = 2773.41 over 630 frames.
PN00F04U017 ikk tinn chaar panj panj chhe chhe 
LOG (lattice-best-path[5.5.620~1-dce1dc]:main():lattice-best-path.cc:99) For utterance PN00F04U018, best cost 33.9408 + 2618.43 = 2652.37 over 630 frames.
PN00F04U018 chhe satt satt athth athth naun naun 
LOG (lattice-best-path[5.5.620~1-dce1dc]:main():lattice-best-path.cc:99) For utterance PN00F04U019, best cost 36.4592 + 2736.02 = 2772.48 over 630 frames.
PN00F04U019 naun sifar ikk ikk do ikk satt 
LOG (lattice-best-path[5.5.620~1-dce1dc]:main():lattice-best-path.cc:99) For utterance PN00F04U020, best cost 32.7466 + 2566.34 = 2599.09 over 630 frames.
PN00F04U020 satt naun ikk tinn panj satt naun 
LOG (lattice-best-path[5.5.620~1-dce1dc]:main():lattice-best-path.cc:99) For utterance PN00F04U021, best cost 37.96 + 2784.47 = 2822.43 over 630 frames.
PN00F04U021 sifar sifar ikk do tinn chaar panj 
LOG (lattice-best-path[5.5.620~1-dce1dc]:main():lattice-best-path.cc:99) For utterance PN00F04U022, best cost 36.8478 + 2833.64 = 2870.48 over 630 frames.
PN00F04U022 panj chhe satt athth naun ikk sifar 
LOG (lattice-best-path[5.5.620~1-dce1dc]:main():lattice-best-path.cc:99) For utterance PN00F04U023, best cost 35.0605 + 2746.57 = 2781.63 over 629 frames.
PN00F04U023 sifar do chaar chhe athth do sifar 
LOG (lattice-best-path[5.5.620~1-dce1dc]:main():lattice-best-path.cc:99) For utterance PN00F04U024, best cost 36.1158 + 2902.74 = 2938.86 over 630 frames.
PN00F04U024 sifar tinn panj satt naun tinn sifar 
LOG (lattice-best-path[5.5.620~1-dce1dc]:main():lattice-best-path.cc:99) For utterance PN00F04U025, best cost 37.3285 + 2918.29 = 2955.62 over 630 frames.
PN00F04U025 sifar chaar satt chaar sifar panj athth 
LOG (lattice-best-path[5.5.620~1-dce1dc]:main():lattice-best-path.cc:99) For utterance PN00F04U026, best cost 36.5588 + 3016.06 = 3052.62 over 630 frames.
PN00F04U026 athth panj sifar chhe naun chhe sifar 
LOG (lattice-best-path[5.5.620~1-dce1dc]:main():lattice-best-path.cc:99) For utterance PN00F04U027, best cost 38.2254 + 3128.15 = 3166.37 over 630 frames.
PN00F04U027 sifar satt satt sifar athth athth sifar 
LOG (lattice-best-path[5.5.620~1-dce1dc]:main():lattice-best-path.cc:99) For utterance PN00F04U028, best cost 34.8045 + 2840.58 = 2875.39 over 630 frames.
PN00F04U028 sifar naun naun sifar ikk ikk tinn 
LOG (lattice-best-path[5.5.620~1-dce1dc]:main():lattice-best-path.cc:99) For utterance PN00F04U029, best cost 32.133 + 2779.17 = 2811.3 over 630 frames.
PN00F04U029 tinn chhe ikk chaar athth ikk panj 
LOG (lattice-best-path[5.5.620~1-dce1dc]:main():lattice-best-path.cc:99) For utterance PN00F04U030, best cost 34.2432 + 2736.69 = 2770.93 over 630 frames.
PN00F04U030 panj naun do panj chaar ikk chhe 
LOG (lattice-best-path[5.5.620~1-dce1dc]:main():lattice-best-path.cc:99) For utterance PN00F04U031, best cost 33.1174 + 2838.12 = 2871.24 over 629 frames.
PN00F04U031 chhe panj ikk satt chhe do chhe 
LOG (lattice-best-path[5.5.620~1-dce1dc]:main():lattice-best-path.cc:99) For utterance PN00F04U032, best cost 33.0722 + 2773.44 = 2806.52 over 630 frames.
PN00F04U032 chhe tinn satt ikk athth tinn athth 
LOG (lattice-best-path[5.5.620~1-dce1dc]:main():lattice-best-path.cc:99) For utterance PN00F04U033, best cost 32.191 + 2554.66 = 2586.85 over 630 frames.
PN00F04U033 athth naun chaar naun panj do ikk 
LOG (lattice-best-path[5.5.620~1-dce1dc]:main():lattice-best-path.cc:99) For utterance PN00F04U034, best cost 33.5172 + 2648.05 = 2681.57 over 630 frames.
PN00F04U034 ikk naun satt do satt panj tinn 
LOG (lattice-best-path[5.5.620~1-dce1dc]:main():lattice-best-path.cc:99) For utterance PN00F04U035, best cost 33.0227 + 2716.98 = 2750 over 630 frames.
PN00F04U035 tinn naun athth satt tinn ikk do 
LOG (lattice-best-path[5.5.620~1-dce1dc]:main():lattice-best-path.cc:99) For utterance PN00F04U036, best cost 36.2452 + 2658.09 = 2694.34 over 630 frames.
PN00F04U036 do do athth chaar do naun sifar 
LOG (lattice-best-path[5.5.620~1-dce1dc]:main():lattice-best-path.cc:99) For utterance PN00F04U037, best cost 35.7668 + 2833.3 = 2869.07 over 630 frames.
PN00F04U037 sifar ikk do tinn do tinn tinn 
LOG (lattice-best-path[5.5.620~1-dce1dc]:main():lattice-best-path.cc:99) For utterance PN00F04U038, best cost 36.9273 + 2625.17 = 2662.1 over 630 frames.
PN00F04U038 tinn chaar tinn chaar chaar panj panj 
LOG (lattice-best-path[5.5.620~1-dce1dc]:main():lattice-best-path.cc:99) For utterance PN00F04U039, best cost 34.6078 + 2793.58 = 2828.19 over 630 frames.
PN00F04U039 panj chhe chaar panj chhe chhe satt 
LOG (lattice-best-path[5.5.620~1-dce1dc]:main():lattice-best-path.cc:99) For utterance PN00F04U040, best cost 37.1625 + 2712 = 2749.16 over 629 frames.
PN00F04U040 satt athth chhe satt ikk do chaar 
LOG (lattice-best-path[5.5.620~1-dce1dc]:main():lattice-best-path.cc:99) For utterance PN00F04U041, best cost 36.1175 + 2826.98 = 2863.1 over 630 frames.
PN00F04U041 sifar naun sifar ikk do tinn chaar 
LOG (lattice-best-path[5.5.620~1-dce1dc]:main():lattice-best-path.cc:99) For utterance PN00F04U042, best cost 34.9716 + 2693.44 = 2728.41 over 630 frames.
PN00F04U042 chaar panj chhe satt athth naun athth 
LOG (lattice-best-path[5.5.620~1-dce1dc]:main():lattice-best-path.cc:99) For utterance PN00F04U043, best cost 34.7258 + 2727.14 = 2761.87 over 630 frames.
PN00F04U043 athth sifar do chaar chhe athth satt 
LOG (lattice-best-path[5.5.620~1-dce1dc]:main():lattice-best-path.cc:99) For utterance PN00F04U044, best cost 35.7876 + 3115.5 = 3151.29 over 630 frames.
PN00F04U044 satt sifar tinn panj satt naun chhe 
LOG (lattice-best-path[5.5.620~1-dce1dc]:main():lattice-best-path.cc:99) For utterance PN00F04U045, best cost 35.9294 + 2875.28 = 2911.21 over 630 frames.
PN00F04U045 chhe sifar chaar satt panj sifar panj 
LOG (lattice-best-path[5.5.620~1-dce1dc]:main():lattice-best-path.cc:99) For utterance PN00F04U046, best cost 35.9995 + 2766.34 = 2802.34 over 630 frames.
PN00F04U046 panj athth chaar sifar chhe naun tinn 
LOG (lattice-best-path[5.5.620~1-dce1dc]:main():lattice-best-path.cc:99) For utterance PN00F04U047, best cost 36.8783 + 2864.9 = 2901.77 over 630 frames.
PN00F04U047 tinn sifar satt do sifar athth ikk 
LOG (lattice-best-path[5.5.620~1-dce1dc]:main():lattice-best-path.cc:99) For utterance PN00F04U048, best cost 39.1994 + 3000.77 = 3039.97 over 630 frames.
PN00F04U048 ikk sifar sifar ikk naun ikk tinn 
LOG (lattice-best-path[5.5.620~1-dce1dc]:main():lattice-best-path.cc:99) For utterance PN00F04U049, best cost 32.5199 + 2542.96 = 2575.48 over 630 frames.
PN00F04U049 tinn chhe ikk chaar athth do panj 
LOG (lattice-best-path[5.5.620~1-dce1dc]:main():lattice-best-path.cc:99) For utterance PN00F04U050, best cost 34.6266 + 2705.92 = 2740.55 over 630 frames.
PN00F04U050 panj naun do chhe panj ikk panj 
LOG (lattice-best-path[5.5.620~1-dce1dc]:main():lattice-best-path.cc:99) For utterance PN00F04U051, best cost 32.9492 + 2748.63 = 2781.58 over 630 frames.
PN00F04U051 panj chaar ikk chhe tinn ikk satt 
LOG (lattice-best-path[5.5.620~1-dce1dc]:main():lattice-best-path.cc:99) For utterance PN00F04U052, best cost 33.751 + 2790.28 = 2824.03 over 630 frames.
PN00F04U052 satt ikk athth tinn satt tinn athth 
LOG (lattice-best-path[5.5.620~1-dce1dc]:main():lattice-best-path.cc:99) For utterance PN00F04U053, best cost 32.0199 + 2422.46 = 2454.48 over 630 frames.
PN00F04U053 athth naun naun chaar naun panj do 
LOG (lattice-best-path[5.5.620~1-dce1dc]:main():lattice-best-path.cc:99) For utterance PN00F04U054, best cost 33.9102 + 2572.82 = 2606.73 over 630 frames.
PN00F04U054 do satt chhe do athth panj tinn 
LOG (lattice-best-path[5.5.620~1-dce1dc]:main():lattice-best-path.cc:99) For utterance PN00F04U055, best cost 34.2696 + 2584.3 = 2618.57 over 630 frames.
PN00F04U055 tinn naun satt chaar do ikk ikk 
LOG (lattice-best-path[5.5.620~1-dce1dc]:main():lattice-best-path.cc:99) For utterance PN00F04U056, best cost 35.2361 + 2486.16 = 2521.4 over 630 frames.
PN00F04U056 ikk do naun sifar ikk do do 
LOG (lattice-best-path[5.5.620~1-dce1dc]:main():lattice-best-path.cc:99) For utterance PN00F04U057, best cost 35.2439 + 2543.27 = 2578.51 over 630 frames.
PN00F04U057 do tinn do tinn tinn chaar tinn 
LOG (lattice-best-path[5.5.620~1-dce1dc]:main():lattice-best-path.cc:99) For utterance PN00F04U058, best cost 35.3096 + 2524.07 = 2559.38 over 630 frames.
PN00F04U058 tinn chaar chaar panj panj chhe chaar 
LOG (lattice-best-path[5.5.620~1-dce1dc]:main():lattice-best-path.cc:99) For utterance PN00F04U059, best cost 38.4798 + 2813.35 = 2851.83 over 630 frames.
PN00F04U059 athth athth athth sifar sifar sifar sifar 
LOG (lattice-best-path[5.5.620~1-dce1dc]:main():lattice-best-path.cc:99) For utterance PN00F04U060, best cost 34.8837 + 2614.02 = 2648.9 over 630 frames.
PN00F04U060 athth chhe satt athth athth naun sifar 
LOG (lattice-best-path[5.5.620~1-dce1dc]:main():lattice-best-path.cc:99) For utterance PN00F04U061, best cost 32.0596 + 2626.56 = 2658.62 over 630 frames.
PN00F04U061 sifar naun naun athth satt chhe panj 
LOG (lattice-best-path[5.5.620~1-dce1dc]:main():lattice-best-path.cc:99) For utterance PN00F04U062, best cost 33.0305 + 2608.36 = 2641.39 over 629 frames.
PN00F04U062 panj chaar tinn do ikk sifar athth 
LOG (lattice-best-path[5.5.620~1-dce1dc]:main():lattice-best-path.cc:99) For utterance PN00F04U063, best cost 31.8376 + 2636.58 = 2668.42 over 630 frames.
PN00F04U063 athth naun satt panj tinn ikk satt 
LOG (lattice-best-path[5.5.620~1-dce1dc]:main():lattice-best-path.cc:99) For utterance PN00F04U064, best cost 32.6036 + 2627.36 = 2659.97 over 630 frames.
PN00F04U064 satt naun chhe chaar do sifar chhe 
LOG (lattice-best-path[5.5.620~1-dce1dc]:main():lattice-best-path.cc:99) For utterance PN00F04U065, best cost 33.3237 + 2487.1 = 2520.42 over 630 frames.
PN00F04U065 chhe naun panj do panj naun chaar 
LOG (lattice-best-path[5.5.620~1-dce1dc]:main():lattice-best-path.cc:99) For utterance PN00F04U066, best cost 34.2823 + 2689.06 = 2723.35 over 630 frames.
PN00F04U066 chaar ikk chaar naun tinn sifar tinn 
LOG (lattice-best-path[5.5.620~1-dce1dc]:main():lattice-best-path.cc:99) For utterance PN00F04U067, best cost 33.0003 + 2343.09 = 2376.09 over 630 frames.
PN00F04U067 tinn naun do do naun ikk ikk 
LOG (lattice-best-path[5.5.620~1-dce1dc]:main():lattice-best-path.cc:99) For utterance PN00F04U068, best cost 35.5014 + 2777 = 2812.51 over 630 frames.
PN00F04U068 ikk naun sifar sifar satt chaar sifar 
LOG (lattice-best-path[5.5.620~1-dce1dc]:main():lattice-best-path.cc:99) For utterance PN00F04U069, best cost 45.3834 + 2768.86 = 2814.24 over 630 frames.
PN00F04U069 sifar ikk athth chhe tinn athth athth 
LOG (lattice-best-path[5.5.620~1-dce1dc]:main():lattice-best-path.cc:99) For utterance PN00F04U070, best cost 32.557 + 2503.54 = 2536.09 over 629 frames.
PN00F04U070 athth panj ikk chhe do chhe athth 
LOG (lattice-best-path[5.5.620~1-dce1dc]:main():lattice-best-path.cc:99) For utterance PN00F04U071, best cost 37.125 + 2766.69 = 2803.81 over 629 frames.
PN00F04U071 athth chaar panj athth tinn chaar athth 
LOG (lattice-best-path[5.5.620~1-dce1dc]:main():lattice-best-path.cc:99) For utterance PN00F04U072, best cost 33.0426 + 2530.56 = 2563.6 over 630 frames.
PN00F04U072 athth do tinn satt tinn chhe ikk 
LOG (lattice-best-path[5.5.620~1-dce1dc]:main():lattice-best-path.cc:99) For utterance PN00F04U073, best cost 36.6496 + 2792.74 = 2829.38 over 630 frames.
PN00F04U073 ikk panj sifar panj chhe satt do 
LOG (lattice-best-path[5.5.620~1-dce1dc]:main():lattice-best-path.cc:99) For utterance PN00F04U074, best cost 37.6673 + 2648.48 = 2686.14 over 629 frames.
PN00F04U074 do athth ikk tinn panj panj satt 
LOG (lattice-best-path[5.5.620~1-dce1dc]:main():lattice-best-path.cc:99) For utterance PN00F04U075, best cost 34.6944 + 2665.81 = 2700.51 over 630 frames.
PN00F04U075 satt ikk do satt sifar do chaar 
LOG (lattice-best-path[5.5.620~1-dce1dc]:main():lattice-best-path.cc:99) For utterance PN00F04U076, best cost 34.3201 + 2527.02 = 2561.34 over 630 frames.
PN00F04U076 chaar satt athth sifar ikk do tinn 
LOG (lattice-best-path[5.5.620~1-dce1dc]:main():lattice-best-path.cc:99) For utterance PN00F04U077, best cost 34.2803 + 2686.72 = 2721 over 630 frames.
PN00F04U077 tinn tinn chaar chhe sifar chaar chaar 
LOG (lattice-best-path[5.5.620~1-dce1dc]:main():lattice-best-path.cc:99) For utterance PN00F04U078, best cost 34.3023 + 2728.93 = 2763.23 over 630 frames.
PN00F04U078 chaar panj chhe chhe satt satt athth 
LOG (lattice-best-path[5.5.620~1-dce1dc]:main():lattice-best-path.cc:99) For utterance PN00F04U079, best cost 33.4252 + 2454.57 = 2487.99 over 630 frames.
PN00F04U079 naun naun ikk tinn panj satt naun 
LOG (lattice-best-path[5.5.620~1-dce1dc]:main():lattice-best-path.cc:99) For utterance PN00F04U080, best cost 36.5009 + 2509.35 = 2545.85 over 630 frames.
PN00F04U080 do chhe naun ikk do chaar tinn 
LOG (lattice-best-path[5.5.620~1-dce1dc]:main():lattice-best-path.cc:99) For utterance PN00M01U001, best cost 37.7573 + 3139.55 = 3177.31 over 630 frames.
PN00M01U001 sifar sifar naun athth satt chhe panj 
LOG (lattice-best-path[5.5.620~1-dce1dc]:main():lattice-best-path.cc:99) For utterance PN00M01U002, best cost 34.661 + 2833.63 = 2868.29 over 630 frames.
PN00M01U002 panj chaar tinn do ikk sifar ikk 
LOG (lattice-best-path[5.5.620~1-dce1dc]:main():lattice-best-path.cc:99) For utterance PN00M01U003, best cost 33.3402 + 2840.46 = 2873.8 over 630 frames.
PN00M01U003 ikk naun satt panj tinn ikk do 
LOG (lattice-best-path[5.5.620~1-dce1dc]:main():lattice-best-path.cc:99) For utterance PN00M01U004, best cost 33.8863 + 2643.37 = 2677.26 over 630 frames.
PN00M01U004 do naun chhe chaar do sifar tinn 
LOG (lattice-best-path[5.5.620~1-dce1dc]:main():lattice-best-path.cc:99) For utterance PN00M01U005, best cost 34.275 + 2578.23 = 2612.5 over 630 frames.
PN00M01U005 tinn naun panj do chaar naun chaar 
LOG (lattice-best-path[5.5.620~1-dce1dc]:main():lattice-best-path.cc:99) For utterance PN00M01U006, best cost 35.4267 + 2749.54 = 2784.96 over 630 frames.
PN00M01U006 chaar ikk panj naun tinn sifar chhe 
LOG (lattice-best-path[5.5.620~1-dce1dc]:main():lattice-best-path.cc:99) For utterance PN00M01U007, best cost 36.0489 + 2889.96 = 2926.01 over 629 frames.
PN00M01U007 chhe naun do satt naun ikk athth 
LOG (lattice-best-path[5.5.620~1-dce1dc]:main():lattice-best-path.cc:99) For utterance PN00M01U008, best cost 36.1186 + 2894.72 = 2930.84 over 630 frames.
PN00M01U008 athth naun sifar athth chhe tinn chaar 
LOG (lattice-best-path[5.5.620~1-dce1dc]:main():lattice-best-path.cc:99) For utterance PN00M01U009, best cost 37.5279 + 3064.64 = 3102.17 over 630 frames.
PN00M01U009 chaar sifar satt chaar athth panj ikk 
LOG (lattice-best-path[5.5.620~1-dce1dc]:main():lattice-best-path.cc:99) For utterance PN00M01U010, best cost 37.685 + 2941.54 = 2979.23 over 630 frames.
PN00M01U010 ikk satt tinn tinn athth chaar chaar 
LOG (lattice-best-path[5.5.620~1-dce1dc]:main():lattice-best-path.cc:99) For utterance PN00M01U011, best cost 42.414 + 2864.38 = 2906.8 over 577 frames.
PN00M01U011 chaar satt do panj athth tinn chhe 
LOG (lattice-best-path[5.5.620~1-dce1dc]:main():lattice-best-path.cc:99) For utterance PN00M01U012, best cost 32.0976 + 3053.73 = 3085.83 over 630 frames.
PN00M01U012 chhe athth do athth ikk chhe do 
LOG (lattice-best-path[5.5.620~1-dce1dc]:main():lattice-best-path.cc:99) For utterance PN00M01U013, best cost 37.4403 + 3133.09 = 3170.53 over 630 frames.
PN00M01U013 do chhe ikk do tinn satt ikk 
LOG (lattice-best-path[5.5.620~1-dce1dc]:main():lattice-best-path.cc:99) For utterance PN00M01U014, best cost 36.0072 + 3166.03 = 3202.04 over 630 frames.
PN00M01U014 ikk chaar chhe sifar chaar panj sifar 
LOG (lattice-best-path[5.5.620~1-dce1dc]:main():lattice-best-path.cc:99) For utterance PN00M01U015, best cost 38.563 + 3127.28 = 3165.84 over 630 frames.
PN00M01U015 sifar panj satt sifar do do tinn 
LOG (lattice-best-path[5.5.620~1-dce1dc]:main():lattice-best-path.cc:99) For utterance PN00M01U016, best cost 35.9832 + 3039.66 = 3075.65 over 630 frames.
PN00M01U016 tinn panj chhe satt athth sifar ikk 
LOG (lattice-best-path[5.5.620~1-dce1dc]:main():lattice-best-path.cc:99) For utterance PN00M01U017, best cost 36.1487 + 2955.4 = 2991.54 over 630 frames.
PN00M01U017 ikk tinn chaar panj panj chhe chhe 
LOG (lattice-best-path[5.5.620~1-dce1dc]:main():lattice-best-path.cc:99) For utterance PN00M01U018, best cost 33.253 + 2905.14 = 2938.39 over 630 frames.
PN00M01U018 chhe satt satt athth athth naun naun 
LOG (lattice-best-path[5.5.620~1-dce1dc]:main():lattice-best-path.cc:99) For utterance PN00M01U019, best cost 37.1557 + 3062.04 = 3099.2 over 630 frames.
PN00M01U019 naun sifar ikk ikk do ikk satt 
LOG (lattice-best-path[5.5.620~1-dce1dc]:main():lattice-best-path.cc:99) For utterance PN00M01U020, best cost 33.4513 + 3029.02 = 3062.47 over 630 frames.
PN00M01U020 satt naun ikk tinn panj satt naun 
LOG (lattice-best-path[5.5.620~1-dce1dc]:main():lattice-best-path.cc:99) For utterance PN00M01U021, best cost 37.1999 + 3180.51 = 3217.71 over 630 frames.
PN00M01U021 sifar sifar ikk do tinn chaar panj 
LOG (lattice-best-path[5.5.620~1-dce1dc]:main():lattice-best-path.cc:99) For utterance PN00M01U022, best cost 38.5717 + 3004.07 = 3042.64 over 655 frames.
PN00M01U022 panj chhe satt athth naun ikk sifar 
LOG (lattice-best-path[5.5.620~1-dce1dc]:main():lattice-best-path.cc:99) For utterance PN00M01U023, best cost 34.3635 + 2939.96 = 2974.32 over 629 frames.
PN00M01U023 sifar do chaar chhe athth do sifar 
LOG (lattice-best-path[5.5.620~1-dce1dc]:main():lattice-best-path.cc:99) For utterance PN00M01U024, best cost 36.6798 + 3055.37 = 3092.05 over 630 frames.
PN00M01U024 sifar tinn panj satt naun tinn sifar 
LOG (lattice-best-path[5.5.620~1-dce1dc]:main():lattice-best-path.cc:99) For utterance PN00M01U025, best cost 39.7066 + 3228.84 = 3268.55 over 630 frames.
PN00M01U025 sifar chaar satt chaar sifar panj athth 
LOG (lattice-best-path[5.5.620~1-dce1dc]:main():lattice-best-path.cc:99) For utterance PN00M01U026, best cost 37.1298 + 2989.41 = 3026.54 over 630 frames.
PN00M01U026 athth panj sifar chhe naun chhe sifar 
LOG (lattice-best-path[5.5.620~1-dce1dc]:main():lattice-best-path.cc:99) For utterance PN00M01U027, best cost 39.0663 + 2997.98 = 3037.05 over 630 frames.
PN00M01U027 sifar satt satt sifar athth athth sifar 
LOG (lattice-best-path[5.5.620~1-dce1dc]:main():lattice-best-path.cc:99) For utterance PN00M01U028, best cost 35.7721 + 2967.96 = 3003.73 over 629 frames.
PN00M01U028 sifar naun naun sifar ikk ikk tinn 
LOG (lattice-best-path[5.5.620~1-dce1dc]:main():lattice-best-path.cc:99) For utterance PN00M01U029, best cost 33.2494 + 3027.75 = 3060.99 over 630 frames.
PN00M01U029 tinn chhe ikk chaar athth ikk panj 
LOG (lattice-best-path[5.5.620~1-dce1dc]:main():lattice-best-path.cc:99) For utterance PN00M01U030, best cost 34.0876 + 2938.05 = 2972.14 over 630 frames.
PN00M01U030 panj naun do panj chaar ikk chhe 
LOG (lattice-best-path[5.5.620~1-dce1dc]:main():lattice-best-path.cc:99) For utterance PN00M01U031, best cost 33.2615 + 2868.07 = 2901.33 over 629 frames.
PN00M01U031 chhe panj ikk satt chhe do chhe 
LOG (lattice-best-path[5.5.620~1-dce1dc]:main():lattice-best-path.cc:99) For utterance PN00M01U032, best cost 36.3404 + 2967.21 = 3003.55 over 629 frames.
PN00M01U032 chhe tinn satt ikk athth tinn athth 
LOG (lattice-best-path[5.5.620~1-dce1dc]:main():lattice-best-path.cc:99) For utterance PN00M01U033, best cost 32.5089 + 2829.69 = 2862.2 over 656 frames.
PN00M01U033 athth naun chaar naun panj do ikk 
LOG (lattice-best-path[5.5.620~1-dce1dc]:main():lattice-best-path.cc:99) For utterance PN00M01U034, best cost 35.4995 + 2754.74 = 2790.24 over 630 frames.
PN00M01U034 ikk naun satt do satt panj tinn 
LOG (lattice-best-path[5.5.620~1-dce1dc]:main():lattice-best-path.cc:99) For utterance PN00M01U035, best cost 36.4294 + 2782.11 = 2818.54 over 630 frames.
PN00M01U035 tinn naun athth satt tinn ikk do 
LOG (lattice-best-path[5.5.620~1-dce1dc]:main():lattice-best-path.cc:99) For utterance PN00M01U036, best cost 37.1703 + 2885.21 = 2922.38 over 630 frames.
PN00M01U036 do do athth chaar do naun sifar 
LOG (lattice-best-path[5.5.620~1-dce1dc]:main():lattice-best-path.cc:99) For utterance PN00M01U037, best cost 37.0235 + 2914.31 = 2951.34 over 630 frames.
PN00M01U037 sifar ikk do tinn do tinn tinn 
LOG (lattice-best-path[5.5.620~1-dce1dc]:main():lattice-best-path.cc:99) For utterance PN00M01U038, best cost 37.9004 + 2843.37 = 2881.27 over 629 frames.
PN00M01U038 tinn chaar tinn chaar chaar panj panj 
LOG (lattice-best-path[5.5.620~1-dce1dc]:main():lattice-best-path.cc:99) For utterance PN00M01U039, best cost 38.4908 + 2936.47 = 2974.96 over 630 frames.
PN00M01U039 panj chhe chaar panj chhe chhe satt 
LOG (lattice-best-path[5.5.620~1-dce1dc]:main():lattice-best-path.cc:99) For utterance PN00M01U040, best cost 37.9701 + 2923.19 = 2961.16 over 630 frames.
PN00M01U040 satt athth chhe satt ikk do chaar 
LOG (lattice-best-path[5.5.620~1-dce1dc]:main():lattice-best-path.cc:99) For utterance PN00M01U041, best cost 38.2146 + 2975.02 = 3013.24 over 630 frames.
PN00M01U041 sifar naun sifar ikk do tinn chaar 
LOG (lattice-best-path[5.5.620~1-dce1dc]:main():lattice-best-path.cc:99) For utterance PN00M01U042, best cost 38.6593 + 2944.35 = 2983.01 over 630 frames.
PN00M01U042 chaar panj chhe satt athth naun athth 
LOG (lattice-best-path[5.5.620~1-dce1dc]:main():lattice-best-path.cc:99) For utterance PN00M01U043, best cost 36.8439 + 3082.08 = 3118.93 over 629 frames.
PN00M01U043 athth sifar do chaar chhe athth satt 
LOG (lattice-best-path[5.5.620~1-dce1dc]:main():lattice-best-path.cc:99) For utterance PN00M01U044, best cost 38.6267 + 3159.46 = 3198.09 over 656 frames.
PN00M01U044 satt sifar tinn panj satt naun chhe 
LOG (lattice-best-path[5.5.620~1-dce1dc]:main():lattice-best-path.cc:99) For utterance PN00M01U045, best cost 36.6246 + 3068.52 = 3105.15 over 630 frames.
PN00M01U045 chhe sifar chaar satt panj sifar panj 
LOG (lattice-best-path[5.5.620~1-dce1dc]:main():lattice-best-path.cc:99) For utterance PN00M01U046, best cost 37.5315 + 2955.56 = 2993.1 over 630 frames.
PN00M01U046 panj athth chaar sifar chhe naun tinn 
LOG (lattice-best-path[5.5.620~1-dce1dc]:main():lattice-best-path.cc:99) For utterance PN00M01U047, best cost 41.3723 + 3113.63 = 3155 over 630 frames.
PN00M01U047 tinn sifar satt do sifar athth ikk 
LOG (lattice-best-path[5.5.620~1-dce1dc]:main():lattice-best-path.cc:99) For utterance PN00M01U048, best cost 41.1216 + 3071.98 = 3113.1 over 630 frames.
PN00M01U048 ikk sifar sifar ikk naun ikk tinn 
LOG (lattice-best-path[5.5.620~1-dce1dc]:main():lattice-best-path.cc:99) For utterance PN00M01U049, best cost 35.5926 + 2890.88 = 2926.47 over 630 frames.
PN00M01U049 tinn chhe ikk chaar athth do panj 
LOG (lattice-best-path[5.5.620~1-dce1dc]:main():lattice-best-path.cc:99) For utterance PN00M01U050, best cost 34.8648 + 2790.18 = 2825.05 over 630 frames.
PN00M01U050 panj naun do chhe panj ikk panj 
LOG (lattice-best-path[5.5.620~1-dce1dc]:main():lattice-best-path.cc:99) For utterance PN00M01U051, best cost 34.5585 + 2994.2 = 3028.76 over 629 frames.
PN00M01U051 panj chaar ikk chhe tinn ikk satt 
LOG (lattice-best-path[5.5.620~1-dce1dc]:main():lattice-best-path.cc:99) For utterance PN00M01U052, best cost 36.8416 + 3084.25 = 3121.09 over 630 frames.
PN00M01U052 satt ikk athth tinn satt tinn athth 
LOG (lattice-best-path[5.5.620~1-dce1dc]:main():lattice-best-path.cc:99) For utterance PN00M01U053, best cost 32.2152 + 2802.78 = 2834.99 over 629 frames.
PN00M01U053 athth naun naun chaar naun panj do 
LOG (lattice-best-path[5.5.620~1-dce1dc]:main():lattice-best-path.cc:99) For utterance PN00M01U054, best cost 35.1746 + 3037.96 = 3073.13 over 629 frames.
PN00M01U054 do satt chhe do athth panj tinn 
LOG (lattice-best-path[5.5.620~1-dce1dc]:main():lattice-best-path.cc:99) For utterance PN00M01U055, best cost 36.7713 + 3120.14 = 3156.91 over 629 frames.
PN00M01U055 tinn naun satt chaar do ikk ikk 
LOG (lattice-best-path[5.5.620~1-dce1dc]:main():lattice-best-path.cc:99) For utterance PN00M01U056, best cost 36.3661 + 2899.13 = 2935.49 over 630 frames.
PN00M01U056 ikk do naun sifar ikk do do 
LOG (lattice-best-path[5.5.620~1-dce1dc]:main():lattice-best-path.cc:99) For utterance PN00M01U057, best cost 40.2641 + 2648.77 = 2689.04 over 630 frames.
PN00M01U057 do tinn do tinn tinn chaar tinn 
LOG (lattice-best-path[5.5.620~1-dce1dc]:main():lattice-best-path.cc:99) For utterance PN00M01U058, best cost 38.3468 + 2811.42 = 2849.76 over 656 frames.
PN00M01U058 tinn chaar chaar panj panj chhe chaar 
LOG (lattice-best-path[5.5.620~1-dce1dc]:main():lattice-best-path.cc:99) For utterance PN00M01U059, best cost 40.5956 + 3280.95 = 3321.54 over 630 frames.
PN00M01U059 athth athth athth sifar sifar sifar sifar 
LOG (lattice-best-path[5.5.620~1-dce1dc]:main():lattice-best-path.cc:99) For utterance PN00M01U060, best cost 35.281 + 3047.29 = 3082.57 over 630 frames.
PN00M01U060 athth chhe satt athth athth naun sifar 
LOG (lattice-best-path[5.5.620~1-dce1dc]:main():lattice-best-path.cc:99) For utterance PN00M01U061, best cost 32.9412 + 2900.26 = 2933.2 over 630 frames.
PN00M01U061 sifar naun naun athth satt chhe panj 
LOG (lattice-best-path[5.5.620~1-dce1dc]:main():lattice-best-path.cc:99) For utterance PN00M01U062, best cost 33.8219 + 2872.34 = 2906.17 over 630 frames.
PN00M01U062 panj chaar tinn do ikk sifar athth 
LOG (lattice-best-path[5.5.620~1-dce1dc]:main():lattice-best-path.cc:99) For utterance PN00M01U063, best cost 33.0109 + 2846.1 = 2879.11 over 630 frames.
PN00M01U063 athth naun satt panj tinn ikk satt 
LOG (lattice-best-path[5.5.620~1-dce1dc]:main():lattice-best-path.cc:99) For utterance PN00M01U064, best cost 33.3651 + 2787.04 = 2820.4 over 630 frames.
PN00M01U064 satt naun chhe chaar do sifar chhe 
LOG (lattice-best-path[5.5.620~1-dce1dc]:main():lattice-best-path.cc:99) For utterance PN00M01U065, best cost 33.545 + 2585.67 = 2619.21 over 629 frames.
PN00M01U065 chhe naun panj do panj naun chaar 
LOG (lattice-best-path[5.5.620~1-dce1dc]:main():lattice-best-path.cc:99) For utterance PN00M01U066, best cost 38.3388 + 2749.91 = 2788.25 over 630 frames.
PN00M01U066 chaar ikk chaar naun tinn sifar tinn 
LOG (lattice-best-path[5.5.620~1-dce1dc]:main():lattice-best-path.cc:99) For utterance PN00M01U067, best cost 36.6454 + 2707.02 = 2743.67 over 630 frames.
PN00M01U067 tinn naun do do naun ikk ikk 
LOG (lattice-best-path[5.5.620~1-dce1dc]:main():lattice-best-path.cc:99) For utterance PN00M01U068, best cost 38.1169 + 3028.6 = 3066.71 over 630 frames.
PN00M01U068 ikk naun sifar sifar satt chaar sifar 
LOG (lattice-best-path[5.5.620~1-dce1dc]:main():lattice-best-path.cc:99) For utterance PN00M01U069, best cost 47.7848 + 2968.51 = 3016.29 over 630 frames.
PN00M01U069 sifar ikk athth chhe tinn athth athth 
LOG (lattice-best-path[5.5.620~1-dce1dc]:main():lattice-best-path.cc:99) For utterance PN00M01U070, best cost 35.0059 + 2849.76 = 2884.76 over 630 frames.
PN00M01U070 athth panj ikk chhe do chhe athth 
LOG (lattice-best-path[5.5.620~1-dce1dc]:main():lattice-best-path.cc:99) For utterance PN00M01U071, best cost 39.5682 + 2902.07 = 2941.64 over 630 frames.
PN00M01U071 athth chaar panj athth tinn chaar athth 
LOG (lattice-best-path[5.5.620~1-dce1dc]:main():lattice-best-path.cc:99) For utterance PN00M01U072, best cost 35.0091 + 2831.04 = 2866.05 over 630 frames.
PN00M01U072 athth do tinn satt tinn chhe ikk 
LOG (lattice-best-path[5.5.620~1-dce1dc]:main():lattice-best-path.cc:99) For utterance PN00M01U073, best cost 36.9837 + 2902.89 = 2939.88 over 630 frames.
PN00M01U073 ikk panj sifar panj chhe satt do 
LOG (lattice-best-path[5.5.620~1-dce1dc]:main():lattice-best-path.cc:99) For utterance PN00M01U074, best cost 39.1296 + 2801.17 = 2840.29 over 629 frames.
PN00M01U074 do athth ikk tinn panj panj satt 
LOG (lattice-best-path[5.5.620~1-dce1dc]:main():lattice-best-path.cc:99) For utterance PN00M01U075, best cost 38.8392 + 2956.67 = 2995.51 over 629 frames.
PN00M01U075 satt ikk do satt sifar do chaar 
LOG (lattice-best-path[5.5.620~1-dce1dc]:main():lattice-best-path.cc:99) For utterance PN00M01U076, best cost 38.4019 + 2888.01 = 2926.41 over 630 frames.
PN00M01U076 chaar satt athth sifar ikk do tinn 
LOG (lattice-best-path[5.5.620~1-dce1dc]:main():lattice-best-path.cc:99) For utterance PN00M01U077, best cost 38.7863 + 2754.32 = 2793.11 over 630 frames.
PN00M01U077 tinn tinn chaar chhe sifar chaar chaar 
LOG (lattice-best-path[5.5.620~1-dce1dc]:main():lattice-best-path.cc:99) For utterance PN00M01U078, best cost 38.3557 + 2906.11 = 2944.46 over 630 frames.
PN00M01U078 chaar panj chhe chhe satt satt athth 
LOG (lattice-best-path[5.5.620~1-dce1dc]:main():lattice-best-path.cc:99) For utterance PN00M01U079, best cost 37.0932 + 2774.36 = 2811.45 over 629 frames.
PN00M01U079 naun naun ikk tinn panj satt naun 
LOG (lattice-best-path[5.5.620~1-dce1dc]:main():lattice-best-path.cc:99) For utterance PN00M01U080, best cost 39.8761 + 2770.54 = 2810.41 over 630 frames.
PN00M01U080 do chhe naun ikk do chaar tinn 
LOG (lattice-best-path[5.5.620~1-dce1dc]:main():lattice-best-path.cc:99) For utterance PN00M03U001, best cost 33.3544 + 3059.16 = 3092.51 over 629 frames.
PN00M03U001 sifar sifar naun athth satt chhe panj 
LOG (lattice-best-path[5.5.620~1-dce1dc]:main():lattice-best-path.cc:99) For utterance PN00M03U002, best cost 32.6663 + 2959.94 = 2992.61 over 630 frames.
PN00M03U002 panj chaar tinn do ikk sifar ikk 
LOG (lattice-best-path[5.5.620~1-dce1dc]:main():lattice-best-path.cc:99) For utterance PN00M03U003, best cost 30.7094 + 2762.3 = 2793.01 over 630 frames.
PN00M03U003 ikk naun satt panj tinn ikk do 
LOG (lattice-best-path[5.5.620~1-dce1dc]:main():lattice-best-path.cc:99) For utterance PN00M03U004, best cost 33.621 + 2861.89 = 2895.51 over 630 frames.
PN00M03U004 do naun chhe chaar do sifar tinn 
LOG (lattice-best-path[5.5.620~1-dce1dc]:main():lattice-best-path.cc:99) For utterance PN00M03U005, best cost 34.1123 + 2787.6 = 2821.71 over 629 frames.
PN00M03U005 tinn naun panj do chaar naun chaar 
LOG (lattice-best-path[5.5.620~1-dce1dc]:main():lattice-best-path.cc:99) For utterance PN00M03U006, best cost 33.3714 + 2780.89 = 2814.26 over 630 frames.
PN00M03U006 chaar ikk panj naun tinn sifar chhe 
LOG (lattice-best-path[5.5.620~1-dce1dc]:main():lattice-best-path.cc:99) For utterance PN00M03U007, best cost 34.1026 + 2809.65 = 2843.75 over 630 frames.
PN00M03U007 chhe naun do satt naun ikk athth 
LOG (lattice-best-path[5.5.620~1-dce1dc]:main():lattice-best-path.cc:99) For utterance PN00M03U008, best cost 35.1398 + 2947.88 = 2983.01 over 630 frames.
PN00M03U008 athth naun sifar athth chhe tinn chaar 
LOG (lattice-best-path[5.5.620~1-dce1dc]:main():lattice-best-path.cc:99) For utterance PN00M03U009, best cost 35.035 + 2939.96 = 2975 over 630 frames.
PN00M03U009 chaar sifar satt chaar athth panj ikk 
LOG (lattice-best-path[5.5.620~1-dce1dc]:main():lattice-best-path.cc:99) For utterance PN00M03U010, best cost 35.4248 + 2920.88 = 2956.31 over 630 frames.
PN00M03U010 ikk satt tinn tinn athth chaar chaar 
LOG (lattice-best-path[5.5.620~1-dce1dc]:main():lattice-best-path.cc:99) For utterance PN00M03U011, best cost 36.9391 + 2980.76 = 3017.7 over 630 frames.
PN00M03U011 chhe satt do panj athth tinn chhe 
LOG (lattice-best-path[5.5.620~1-dce1dc]:main():lattice-best-path.cc:99) For utterance PN00M03U012, best cost 31.9196 + 2723.05 = 2754.97 over 630 frames.
PN00M03U012 chhe athth do athth ikk chhe do 
LOG (lattice-best-path[5.5.620~1-dce1dc]:main():lattice-best-path.cc:99) For utterance PN00M03U013, best cost 33.8468 + 2684.17 = 2718.02 over 630 frames.
PN00M03U013 do chhe ikk do tinn satt ikk 
LOG (lattice-best-path[5.5.620~1-dce1dc]:main():lattice-best-path.cc:99) For utterance PN00M03U014, best cost 35.9794 + 2787.89 = 2823.87 over 630 frames.
PN00M03U014 ikk chaar chhe sifar chaar panj sifar 
LOG (lattice-best-path[5.5.620~1-dce1dc]:main():lattice-best-path.cc:99) For utterance PN00M03U015, best cost 37.2718 + 2846.15 = 2883.42 over 630 frames.
PN00M03U015 sifar panj satt sifar do do tinn 
LOG (lattice-best-path[5.5.620~1-dce1dc]:main():lattice-best-path.cc:99) For utterance PN00M03U016, best cost 35.6329 + 2808.19 = 2843.82 over 630 frames.
PN00M03U016 tinn panj chhe satt athth sifar ikk 
LOG (lattice-best-path[5.5.620~1-dce1dc]:main():lattice-best-path.cc:99) For utterance PN00M03U017, best cost 36.9707 + 2684.89 = 2721.86 over 630 frames.
PN00M03U017 ikk tinn chaar panj panj chhe chhe 
LOG (lattice-best-path[5.5.620~1-dce1dc]:main():lattice-best-path.cc:99) For utterance PN00M03U018, best cost 34.0584 + 2695.42 = 2729.48 over 630 frames.
PN00M03U018 chhe satt satt athth athth naun naun 
LOG (lattice-best-path[5.5.620~1-dce1dc]:main():lattice-best-path.cc:99) For utterance PN00M03U019, best cost 34.9724 + 2653.2 = 2688.18 over 629 frames.
PN00M03U019 naun sifar ikk ikk do ikk satt 
LOG (lattice-best-path[5.5.620~1-dce1dc]:main():lattice-best-path.cc:99) For utterance PN00M03U020, best cost 32.3967 + 2726.43 = 2758.83 over 630 frames.
PN00M03U020 satt naun ikk tinn panj satt naun 
LOG (lattice-best-path[5.5.620~1-dce1dc]:main():lattice-best-path.cc:99) For utterance PN00M03U021, best cost 39.9959 + 3170.61 = 3210.61 over 630 frames.
PN00M03U021 sifar sifar ikk do tinn chaar panj 
LOG (lattice-best-path[5.5.620~1-dce1dc]:main():lattice-best-path.cc:99) For utterance PN00M03U022, best cost 36.0262 + 2915.37 = 2951.4 over 630 frames.
PN00M03U022 panj chhe satt athth naun ikk sifar 
LOG (lattice-best-path[5.5.620~1-dce1dc]:main():lattice-best-path.cc:99) For utterance PN00M03U023, best cost 34.4249 + 2913.93 = 2948.35 over 629 frames.
PN00M03U023 sifar do chaar chhe athth do sifar 
LOG (lattice-best-path[5.5.620~1-dce1dc]:main():lattice-best-path.cc:99) For utterance PN00M03U024, best cost 36.0366 + 2892.29 = 2928.33 over 630 frames.
PN00M03U024 sifar tinn panj satt naun tinn sifar 
LOG (lattice-best-path[5.5.620~1-dce1dc]:main():lattice-best-path.cc:99) For utterance PN00M03U025, best cost 38.7526 + 2875.55 = 2914.3 over 630 frames.
PN00M03U025 sifar chaar satt chaar sifar panj athth 
LOG (lattice-best-path[5.5.620~1-dce1dc]:main():lattice-best-path.cc:99) For utterance PN00M03U026, best cost 36.2639 + 2950.37 = 2986.63 over 629 frames.
PN00M03U026 athth panj sifar chhe naun chhe sifar 
LOG (lattice-best-path[5.5.620~1-dce1dc]:main():lattice-best-path.cc:99) For utterance PN00M03U027, best cost 37.0018 + 2933.93 = 2970.94 over 629 frames.
PN00M03U027 sifar satt satt sifar athth athth sifar 
LOG (lattice-best-path[5.5.620~1-dce1dc]:main():lattice-best-path.cc:99) For utterance PN00M03U028, best cost 34.7503 + 2763.11 = 2797.86 over 630 frames.
PN00M03U028 sifar naun naun sifar ikk ikk tinn 
LOG (lattice-best-path[5.5.620~1-dce1dc]:main():lattice-best-path.cc:99) For utterance PN00M03U029, best cost 32.4001 + 2632.67 = 2665.07 over 630 frames.
PN00M03U029 tinn chhe ikk chaar athth ikk panj 
LOG (lattice-best-path[5.5.620~1-dce1dc]:main():lattice-best-path.cc:99) For utterance PN00M03U030, best cost 33.046 + 2653.67 = 2686.72 over 630 frames.
PN00M03U030 panj naun do panj chaar ikk chhe 
LOG (lattice-best-path[5.5.620~1-dce1dc]:main():lattice-best-path.cc:99) For utterance PN00M03U031, best cost 32.5269 + 2651.23 = 2683.75 over 629 frames.
PN00M03U031 chhe panj ikk satt chhe do chhe 
LOG (lattice-best-path[5.5.620~1-dce1dc]:main():lattice-best-path.cc:99) For utterance PN00M03U032, best cost 33.5398 + 2852.77 = 2886.31 over 629 frames.
PN00M03U032 chhe tinn satt ikk athth tinn athth 
LOG (lattice-best-path[5.5.620~1-dce1dc]:main():lattice-best-path.cc:99) For utterance PN00M03U033, best cost 33.0695 + 2733.07 = 2766.14 over 630 frames.
PN00M03U033 athth naun chaar naun panj do ikk 
LOG (lattice-best-path[5.5.620~1-dce1dc]:main():lattice-best-path.cc:99) For utterance PN00M03U034, best cost 32.5818 + 2575.05 = 2607.63 over 630 frames.
PN00M03U034 ikk naun satt do satt panj tinn 
LOG (lattice-best-path[5.5.620~1-dce1dc]:main():lattice-best-path.cc:99) For utterance PN00M03U035, best cost 31.8108 + 2593.45 = 2625.26 over 630 frames.
PN00M03U035 tinn naun athth satt tinn ikk do 
LOG (lattice-best-path[5.5.620~1-dce1dc]:main():lattice-best-path.cc:99) For utterance PN00M03U036, best cost 35.621 + 2819.09 = 2854.72 over 629 frames.
PN00M03U036 do do athth chaar do naun sifar 
LOG (lattice-best-path[5.5.620~1-dce1dc]:main():lattice-best-path.cc:99) For utterance PN00M03U037, best cost 35.9499 + 2747.89 = 2783.84 over 629 frames.
PN00M03U037 sifar ikk do tinn do tinn tinn 
LOG (lattice-best-path[5.5.620~1-dce1dc]:main():lattice-best-path.cc:99) For utterance PN00M03U038, best cost 38.5769 + 3398.94 = 3437.52 over 630 frames.
PN00M03U038 tinn chaar tinn chaar chaar panj panj 
LOG (lattice-best-path[5.5.620~1-dce1dc]:main():lattice-best-path.cc:99) For utterance PN00M03U039, best cost 34.9068 + 2715.15 = 2750.05 over 630 frames.
PN00M03U039 panj chhe chaar panj chhe chhe satt 
LOG (lattice-best-path[5.5.620~1-dce1dc]:main():lattice-best-path.cc:99) For utterance PN00M03U040, best cost 36.5134 + 2727.5 = 2764.01 over 630 frames.
PN00M03U040 satt athth chhe satt ikk do chaar 
LOG (lattice-best-path[5.5.620~1-dce1dc]:main():lattice-best-path.cc:99) For utterance PN00M03U041, best cost 35.0151 + 2943.63 = 2978.64 over 629 frames.
PN00M03U041 sifar naun sifar ikk do tinn chaar 
LOG (lattice-best-path[5.5.620~1-dce1dc]:main():lattice-best-path.cc:99) For utterance PN00M03U042, best cost 36.1553 + 2747.32 = 2783.47 over 630 frames.
PN00M03U042 chaar panj chhe satt athth naun athth 
LOG (lattice-best-path[5.5.620~1-dce1dc]:main():lattice-best-path.cc:99) For utterance PN00M03U043, best cost 33.8643 + 2869.69 = 2903.55 over 629 frames.
PN00M03U043 athth sifar do chaar chhe athth satt 
LOG (lattice-best-path[5.5.620~1-dce1dc]:main():lattice-best-path.cc:99) For utterance PN00M03U044, best cost 34.6515 + 2733.35 = 2768 over 629 frames.
PN00M03U044 satt sifar tinn panj satt naun chhe 
LOG (lattice-best-path[5.5.620~1-dce1dc]:main():lattice-best-path.cc:99) For utterance PN00M03U045, best cost 34.2854 + 2784.33 = 2818.62 over 630 frames.
PN00M03U045 chhe sifar chaar satt panj sifar panj 
LOG (lattice-best-path[5.5.620~1-dce1dc]:main():lattice-best-path.cc:99) For utterance PN00M03U046, best cost 35.29 + 2591.99 = 2627.28 over 629 frames.
PN00M03U046 panj athth chaar sifar chhe naun tinn 
LOG (lattice-scale[5.5.620~1-dce1dc]:main():lattice-scale.cc:107) Done 320 lattices.
LOG (lattice-best-path[5.5.620~1-dce1dc]:main():lattice-best-path.cc:99) For utterance PN00M03U047, best cost 36.5001 + 2735.23 = 2771.73 over 630 frames.
PN00M03U047 tinn sifar satt do sifar athth ikk 
LOG (lattice-best-path[5.5.620~1-dce1dc]:main():lattice-best-path.cc:99) For utterance PN00M03U048, best cost 36.3061 + 2772.2 = 2808.51 over 630 frames.
PN00M03U048 ikk sifar sifar ikk naun ikk tinn 
LOG (lattice-best-path[5.5.620~1-dce1dc]:main():lattice-best-path.cc:99) For utterance PN00M03U049, best cost 33.1867 + 2662.32 = 2695.5 over 630 frames.
PN00M03U049 tinn chhe ikk chaar athth do panj 
LOG (lattice-best-path[5.5.620~1-dce1dc]:main():lattice-best-path.cc:99) For utterance PN00M03U050, best cost 33.3498 + 2546.77 = 2580.12 over 630 frames.
PN00M03U050 panj naun do chhe panj ikk panj 
LOG (lattice-best-path[5.5.620~1-dce1dc]:main():lattice-best-path.cc:99) For utterance PN00M03U051, best cost 32.4711 + 2522.82 = 2555.29 over 629 frames.
PN00M03U051 panj chaar ikk chhe tinn ikk satt 
LOG (lattice-best-path[5.5.620~1-dce1dc]:main():lattice-best-path.cc:99) For utterance PN00M03U052, best cost 33.3511 + 2764.13 = 2797.48 over 632 frames.
PN00M03U052 satt ikk athth tinn satt tinn athth 
LOG (lattice-best-path[5.5.620~1-dce1dc]:main():lattice-best-path.cc:99) For utterance PN00M03U053, best cost 31.8628 + 2743.4 = 2775.26 over 653 frames.
PN00M03U053 athth naun naun chaar naun panj do 
LOG (lattice-best-path[5.5.620~1-dce1dc]:main():lattice-best-path.cc:99) For utterance PN00M03U054, best cost 34.7276 + 2825.62 = 2860.35 over 651 frames.
PN00M03U054 do satt chhe do athth panj tinn 
LOG (lattice-best-path[5.5.620~1-dce1dc]:main():lattice-best-path.cc:99) For utterance PN00M03U055, best cost 34.495 + 2678.3 = 2712.79 over 654 frames.
PN00M03U055 tinn naun satt chaar do ikk ikk 
LOG (lattice-best-path[5.5.620~1-dce1dc]:main():lattice-best-path.cc:99) For utterance PN00M03U056, best cost 36.356 + 2666.48 = 2702.83 over 629 frames.
PN00M03U056 ikk do naun sifar ikk do do 
LOG (lattice-best-path[5.5.620~1-dce1dc]:main():lattice-best-path.cc:99) For utterance PN00M03U057, best cost 38.9432 + 3018.31 = 3057.25 over 623 frames.
PN00M03U057 do tinn do tinn tinn chaar tinn 
LOG (lattice-best-path[5.5.620~1-dce1dc]:main():lattice-best-path.cc:99) For utterance PN00M03U058, best cost 37.0822 + 2787.01 = 2824.09 over 622 frames.
PN00M03U058 tinn chaar chaar panj panj chhe chaar 
LOG (lattice-best-path[5.5.620~1-dce1dc]:main():lattice-best-path.cc:99) For utterance PN00M03U059, best cost 40.0589 + 3073.14 = 3113.2 over 625 frames.
PN00M03U059 athth athth athth sifar sifar sifar sifar 
LOG (lattice-best-path[5.5.620~1-dce1dc]:main():lattice-best-path.cc:99) For utterance PN00M03U060, best cost 34.7187 + 2967.03 = 3001.75 over 628 frames.
PN00M03U060 athth chhe satt athth athth naun sifar 
LOG (lattice-best-path[5.5.620~1-dce1dc]:main():lattice-best-path.cc:99) For utterance PN00M03U061, best cost 32.1317 + 2909.63 = 2941.76 over 629 frames.
PN00M03U061 sifar naun naun athth satt chhe panj 
LOG (lattice-best-path[5.5.620~1-dce1dc]:main():lattice-best-path.cc:99) For utterance PN00M03U062, best cost 33.1833 + 2904.5 = 2937.68 over 630 frames.
PN00M03U062 panj chaar tinn do ikk sifar athth 
LOG (lattice-best-path[5.5.620~1-dce1dc]:main():lattice-best-path.cc:99) For utterance PN00M03U063, best cost 31.1269 + 2688.97 = 2720.1 over 629 frames.
PN00M03U063 athth naun satt panj tinn ikk satt 
LOG (lattice-add-penalty[5.5.620~1-dce1dc]:main():lattice-add-penalty.cc:62) Done adding word insertion penalty to 320 lattices.
LOG (lattice-best-path[5.5.620~1-dce1dc]:main():lattice-best-path.cc:99) For utterance PN00M03U064, best cost 32.7975 + 2982.17 = 3014.97 over 629 frames.
PN00M03U064 satt naun chhe chaar do sifar chhe 
LOG (lattice-best-path[5.5.620~1-dce1dc]:main():lattice-best-path.cc:99) For utterance PN00M03U065, best cost 33.7946 + 2755.92 = 2789.71 over 629 frames.
PN00M03U065 chhe naun panj do panj naun chaar 
LOG (lattice-best-path[5.5.620~1-dce1dc]:main():lattice-best-path.cc:99) For utterance PN00M03U066, best cost 35.1327 + 2741.57 = 2776.7 over 630 frames.
PN00M03U066 chaar ikk chaar naun tinn sifar tinn 
LOG (lattice-best-path[5.5.620~1-dce1dc]:main():lattice-best-path.cc:99) For utterance PN00M03U067, best cost 34.8166 + 2614.56 = 2649.38 over 627 frames.
PN00M03U067 tinn naun do do naun ikk ikk 
LOG (lattice-best-path[5.5.620~1-dce1dc]:main():lattice-best-path.cc:99) For utterance PN00M03U068, best cost 37.9731 + 3128.33 = 3166.31 over 630 frames.
PN00M03U068 ikk naun sifar sifar satt chaar sifar 
LOG (lattice-best-path[5.5.620~1-dce1dc]:main():lattice-best-path.cc:99) For utterance PN00M03U069, best cost 32.5641 + 2932.98 = 2965.55 over 629 frames.
PN00M03U069 sifar ikk athth chhe tinn athth 
LOG (lattice-best-path[5.5.620~1-dce1dc]:main():lattice-best-path.cc:99) For utterance PN00M03U070, best cost 32.5171 + 2883.61 = 2916.13 over 630 frames.
PN00M03U070 athth panj ikk chhe do chhe athth 
LOG (lattice-best-path[5.5.620~1-dce1dc]:main():lattice-best-path.cc:99) For utterance PN00M03U071, best cost 37.1289 + 2766.03 = 2803.16 over 630 frames.
PN00M03U071 athth chaar panj athth tinn chaar athth 
LOG (lattice-best-path[5.5.620~1-dce1dc]:main():lattice-best-path.cc:99) For utterance PN00M03U072, best cost 33.6623 + 2790.29 = 2823.95 over 629 frames.
PN00M03U072 athth do tinn satt tinn chhe ikk 
LOG (lattice-best-path[5.5.620~1-dce1dc]:main():lattice-best-path.cc:99) For utterance PN00M03U073, best cost 36.9798 + 2831.08 = 2868.06 over 630 frames.
PN00M03U073 ikk panj sifar panj chhe satt do 
LOG (lattice-best-path[5.5.620~1-dce1dc]:main():lattice-best-path.cc:99) For utterance PN00M03U074, best cost 38.1441 + 2832.68 = 2870.83 over 630 frames.
PN00M03U074 do athth ikk tinn panj panj satt 
LOG (lattice-best-path[5.5.620~1-dce1dc]:main():lattice-best-path.cc:99) For utterance PN00M03U075, best cost 34.5624 + 3198.59 = 3233.16 over 630 frames.
PN00M03U075 satt ikk do satt sifar do chaar 
LOG (lattice-best-path[5.5.620~1-dce1dc]:main():lattice-best-path.cc:99) For utterance PN00M03U076, best cost 35.6105 + 2919.53 = 2955.14 over 620 frames.
PN00M03U076 chaar satt athth sifar ikk do tinn 
LOG (lattice-best-path[5.5.620~1-dce1dc]:main():lattice-best-path.cc:99) For utterance PN00M03U077, best cost 36.8257 + 2914.03 = 2950.86 over 624 frames.
PN00M03U077 tinn tinn chaar chhe sifar chaar chaar 
LOG (lattice-best-path[5.5.620~1-dce1dc]:main():lattice-best-path.cc:99) For utterance PN00M03U078, best cost 35.5607 + 3086.14 = 3121.7 over 627 frames.
PN00M03U078 chaar panj chhe chhe satt satt athth 
LOG (lattice-best-path[5.5.620~1-dce1dc]:main():lattice-best-path.cc:99) For utterance PN00M03U079, best cost 34.3264 + 2890 = 2924.33 over 629 frames.
PN00M03U079 naun naun ikk tinn panj satt naun 
LOG (lattice-best-path[5.5.620~1-dce1dc]:main():lattice-best-path.cc:99) For utterance PN00M03U080, best cost 36.9466 + 2796.75 = 2833.7 over 629 frames.
PN00M03U080 do chhe naun ikk do chaar tinn 
LOG (lattice-best-path[5.5.620~1-dce1dc]:main():lattice-best-path.cc:124) Overall cost per frame is 4.59308 = 0.0580886 [graph] + 4.53499 [acoustic] over 201866 frames.
LOG (lattice-best-path[5.5.620~1-dce1dc]:main():lattice-best-path.cc:128) Done 320 lattices, failed for 0
# Accounting: time=0 threads=1
# Ended (code 0) at Sun Mar 22 09:33:51 IST 2020, elapsed time 0 seconds
