# sgmm2-latgen-faster --max-active=7000 --beam=13.0 --lattice-beam=6.0 --acoustic-scale=0.1 --determinize-lattice=false --allow-partial=true --word-symbol-table=exp/sgmm/graph/words.txt --max-mem=50000000 "--gselect=ark,s,cs:gunzip -c exp/sgmm/decode/gselect.3.gz| copy-gselect --n=3 ark:- ark:- |" exp/sgmm/final.alimdl exp/sgmm/graph/HCLG.fst "ark,s,cs:apply-cmvn  --utt2spk=ark:data/test/split4/3/utt2spk scp:data/test/split4/3/cmvn.scp scp:data/test/split4/3/feats.scp ark:- | splice-feats  ark:- ark:- | transform-feats exp/sgmm/final.mat ark:- ark:- | transform-feats --utt2spk=ark:data/test/split4/3/utt2spk ark,s,cs:exp/tri4/decode/trans.3 ark:- ark:- |" "ark:|gzip -c > exp/sgmm/decode/pre_lat.3.gz" 
# Started at Sun Mar 22 09:55:27 IST 2020
#
sgmm2-latgen-faster --max-active=7000 --beam=13.0 --lattice-beam=6.0 --acoustic-scale=0.1 --determinize-lattice=false --allow-partial=true --word-symbol-table=exp/sgmm/graph/words.txt --max-mem=50000000 '--gselect=ark,s,cs:gunzip -c exp/sgmm/decode/gselect.3.gz| copy-gselect --n=3 ark:- ark:- |' exp/sgmm/final.alimdl exp/sgmm/graph/HCLG.fst 'ark,s,cs:apply-cmvn  --utt2spk=ark:data/test/split4/3/utt2spk scp:data/test/split4/3/cmvn.scp scp:data/test/split4/3/feats.scp ark:- | splice-feats  ark:- ark:- | transform-feats exp/sgmm/final.mat ark:- ark:- | transform-feats --utt2spk=ark:data/test/split4/3/utt2spk ark,s,cs:exp/tri4/decode/trans.3 ark:- ark:- |' 'ark:|gzip -c > exp/sgmm/decode/pre_lat.3.gz' 
copy-gselect --n=3 ark:- ark:- 
splice-feats ark:- ark:- 
apply-cmvn --utt2spk=ark:data/test/split4/3/utt2spk scp:data/test/split4/3/cmvn.scp scp:data/test/split4/3/feats.scp ark:- 
transform-feats --utt2spk=ark:data/test/split4/3/utt2spk ark,s,cs:exp/tri4/decode/trans.3 ark:- ark:- 
transform-feats exp/sgmm/final.mat ark:- ark:- 
PN00M01U001 sifar sifar naun athth satt chhe panj 
LOG (sgmm2-latgen-faster[5.5.620~1-dce1dc]:DecodeUtteranceLatticeFaster():decoder-wrappers.cc:375) Log-like per frame for utterance PN00M01U001 is -3.20871 over 630 frames.
LOG (sgmm2-latgen-faster[5.5.620~1-dce1dc]:main():sgmm2-latgen-faster.cc:209) Log-like per frame for utterance PN00M01U001 is -3.20871 over 630 frames.
PN00M01U002 panj chaar tinn do ikk sifar ikk 
LOG (sgmm2-latgen-faster[5.5.620~1-dce1dc]:DecodeUtteranceLatticeFaster():decoder-wrappers.cc:375) Log-like per frame for utterance PN00M01U002 is -3.01584 over 630 frames.
LOG (sgmm2-latgen-faster[5.5.620~1-dce1dc]:main():sgmm2-latgen-faster.cc:209) Log-like per frame for utterance PN00M01U002 is -3.01584 over 630 frames.
PN00M01U003 ikk naun satt panj tinn ikk do 
LOG (sgmm2-latgen-faster[5.5.620~1-dce1dc]:DecodeUtteranceLatticeFaster():decoder-wrappers.cc:375) Log-like per frame for utterance PN00M01U003 is -2.95144 over 630 frames.
LOG (sgmm2-latgen-faster[5.5.620~1-dce1dc]:main():sgmm2-latgen-faster.cc:209) Log-like per frame for utterance PN00M01U003 is -2.95144 over 630 frames.
PN00M01U004 do naun chhe chaar do sifar tinn 
LOG (sgmm2-latgen-faster[5.5.620~1-dce1dc]:DecodeUtteranceLatticeFaster():decoder-wrappers.cc:375) Log-like per frame for utterance PN00M01U004 is -2.7954 over 630 frames.
LOG (sgmm2-latgen-faster[5.5.620~1-dce1dc]:main():sgmm2-latgen-faster.cc:209) Log-like per frame for utterance PN00M01U004 is -2.7954 over 630 frames.
PN00M01U005 tinn naun panj do chaar naun chaar 
LOG (sgmm2-latgen-faster[5.5.620~1-dce1dc]:DecodeUtteranceLatticeFaster():decoder-wrappers.cc:375) Log-like per frame for utterance PN00M01U005 is -2.72226 over 630 frames.
LOG (sgmm2-latgen-faster[5.5.620~1-dce1dc]:main():sgmm2-latgen-faster.cc:209) Log-like per frame for utterance PN00M01U005 is -2.72226 over 630 frames.
PN00M01U006 chaar ikk panj naun tinn sifar chhe 
LOG (sgmm2-latgen-faster[5.5.620~1-dce1dc]:DecodeUtteranceLatticeFaster():decoder-wrappers.cc:375) Log-like per frame for utterance PN00M01U006 is -2.93223 over 630 frames.
LOG (sgmm2-latgen-faster[5.5.620~1-dce1dc]:main():sgmm2-latgen-faster.cc:209) Log-like per frame for utterance PN00M01U006 is -2.93223 over 630 frames.
PN00M01U007 chhe naun do satt naun ikk athth 
LOG (sgmm2-latgen-faster[5.5.620~1-dce1dc]:DecodeUtteranceLatticeFaster():decoder-wrappers.cc:375) Log-like per frame for utterance PN00M01U007 is -2.9296 over 629 frames.
LOG (sgmm2-latgen-faster[5.5.620~1-dce1dc]:main():sgmm2-latgen-faster.cc:209) Log-like per frame for utterance PN00M01U007 is -2.9296 over 629 frames.
PN00M01U008 athth naun sifar athth chhe tinn chaar 
LOG (sgmm2-latgen-faster[5.5.620~1-dce1dc]:DecodeUtteranceLatticeFaster():decoder-wrappers.cc:375) Log-like per frame for utterance PN00M01U008 is -2.93801 over 630 frames.
LOG (sgmm2-latgen-faster[5.5.620~1-dce1dc]:main():sgmm2-latgen-faster.cc:209) Log-like per frame for utterance PN00M01U008 is -2.93801 over 630 frames.
PN00M01U009 chaar sifar satt chaar athth panj ikk 
LOG (sgmm2-latgen-faster[5.5.620~1-dce1dc]:DecodeUtteranceLatticeFaster():decoder-wrappers.cc:375) Log-like per frame for utterance PN00M01U009 is -3.22371 over 630 frames.
LOG (sgmm2-latgen-faster[5.5.620~1-dce1dc]:main():sgmm2-latgen-faster.cc:209) Log-like per frame for utterance PN00M01U009 is -3.22371 over 630 frames.
PN00M01U010 ikk satt tinn tinn athth chaar chaar 
LOG (sgmm2-latgen-faster[5.5.620~1-dce1dc]:DecodeUtteranceLatticeFaster():decoder-wrappers.cc:375) Log-like per frame for utterance PN00M01U010 is -3.02345 over 630 frames.
LOG (sgmm2-latgen-faster[5.5.620~1-dce1dc]:main():sgmm2-latgen-faster.cc:209) Log-like per frame for utterance PN00M01U010 is -3.02345 over 630 frames.
PN00M01U011 chhe satt do panj athth tinn chhe 
LOG (sgmm2-latgen-faster[5.5.620~1-dce1dc]:DecodeUtteranceLatticeFaster():decoder-wrappers.cc:375) Log-like per frame for utterance PN00M01U011 is -3.19232 over 577 frames.
LOG (sgmm2-latgen-faster[5.5.620~1-dce1dc]:main():sgmm2-latgen-faster.cc:209) Log-like per frame for utterance PN00M01U011 is -3.19232 over 577 frames.
PN00M01U012 chhe athth do athth ikk chhe do 
LOG (sgmm2-latgen-faster[5.5.620~1-dce1dc]:DecodeUtteranceLatticeFaster():decoder-wrappers.cc:375) Log-like per frame for utterance PN00M01U012 is -3.16202 over 630 frames.
LOG (sgmm2-latgen-faster[5.5.620~1-dce1dc]:main():sgmm2-latgen-faster.cc:209) Log-like per frame for utterance PN00M01U012 is -3.16202 over 630 frames.
PN00M01U013 do chhe ikk do tinn satt ikk 
LOG (sgmm2-latgen-faster[5.5.620~1-dce1dc]:DecodeUtteranceLatticeFaster():decoder-wrappers.cc:375) Log-like per frame for utterance PN00M01U013 is -3.37929 over 630 frames.
LOG (sgmm2-latgen-faster[5.5.620~1-dce1dc]:main():sgmm2-latgen-faster.cc:209) Log-like per frame for utterance PN00M01U013 is -3.37929 over 630 frames.
PN00M01U014 ikk chaar chhe sifar chaar panj sifar 
LOG (sgmm2-latgen-faster[5.5.620~1-dce1dc]:DecodeUtteranceLatticeFaster():decoder-wrappers.cc:375) Log-like per frame for utterance PN00M01U014 is -3.35389 over 630 frames.
LOG (sgmm2-latgen-faster[5.5.620~1-dce1dc]:main():sgmm2-latgen-faster.cc:209) Log-like per frame for utterance PN00M01U014 is -3.35389 over 630 frames.
PN00M01U015 sifar panj satt sifar do do tinn 
LOG (sgmm2-latgen-faster[5.5.620~1-dce1dc]:DecodeUtteranceLatticeFaster():decoder-wrappers.cc:375) Log-like per frame for utterance PN00M01U015 is -3.19342 over 630 frames.
LOG (sgmm2-latgen-faster[5.5.620~1-dce1dc]:main():sgmm2-latgen-faster.cc:209) Log-like per frame for utterance PN00M01U015 is -3.19342 over 630 frames.
PN00M01U016 tinn panj chhe satt athth sifar ikk 
LOG (sgmm2-latgen-faster[5.5.620~1-dce1dc]:DecodeUtteranceLatticeFaster():decoder-wrappers.cc:375) Log-like per frame for utterance PN00M01U016 is -3.21068 over 630 frames.
LOG (sgmm2-latgen-faster[5.5.620~1-dce1dc]:main():sgmm2-latgen-faster.cc:209) Log-like per frame for utterance PN00M01U016 is -3.21068 over 630 frames.
PN00M01U017 ikk tinn chaar panj panj chhe chhe 
LOG (sgmm2-latgen-faster[5.5.620~1-dce1dc]:DecodeUtteranceLatticeFaster():decoder-wrappers.cc:375) Log-like per frame for utterance PN00M01U017 is -3.11753 over 630 frames.
LOG (sgmm2-latgen-faster[5.5.620~1-dce1dc]:main():sgmm2-latgen-faster.cc:209) Log-like per frame for utterance PN00M01U017 is -3.11753 over 630 frames.
PN00M01U018 chhe satt satt athth athth naun naun 
LOG (sgmm2-latgen-faster[5.5.620~1-dce1dc]:DecodeUtteranceLatticeFaster():decoder-wrappers.cc:375) Log-like per frame for utterance PN00M01U018 is -3.1168 over 630 frames.
LOG (sgmm2-latgen-faster[5.5.620~1-dce1dc]:main():sgmm2-latgen-faster.cc:209) Log-like per frame for utterance PN00M01U018 is -3.1168 over 630 frames.
PN00M01U019 naun sifar ikk ikk do ikk satt 
LOG (sgmm2-latgen-faster[5.5.620~1-dce1dc]:DecodeUtteranceLatticeFaster():decoder-wrappers.cc:375) Log-like per frame for utterance PN00M01U019 is -3.26078 over 630 frames.
LOG (sgmm2-latgen-faster[5.5.620~1-dce1dc]:main():sgmm2-latgen-faster.cc:209) Log-like per frame for utterance PN00M01U019 is -3.26078 over 630 frames.
PN00M01U020 satt naun ikk tinn panj satt naun 
LOG (sgmm2-latgen-faster[5.5.620~1-dce1dc]:DecodeUtteranceLatticeFaster():decoder-wrappers.cc:375) Log-like per frame for utterance PN00M01U020 is -3.19949 over 630 frames.
LOG (sgmm2-latgen-faster[5.5.620~1-dce1dc]:main():sgmm2-latgen-faster.cc:209) Log-like per frame for utterance PN00M01U020 is -3.19949 over 630 frames.
PN00M01U021 sifar sifar ikk do tinn chaar panj 
LOG (sgmm2-latgen-faster[5.5.620~1-dce1dc]:DecodeUtteranceLatticeFaster():decoder-wrappers.cc:375) Log-like per frame for utterance PN00M01U021 is -3.38374 over 630 frames.
LOG (sgmm2-latgen-faster[5.5.620~1-dce1dc]:main():sgmm2-latgen-faster.cc:209) Log-like per frame for utterance PN00M01U021 is -3.38374 over 630 frames.
PN00M01U022 panj chhe satt athth naun ikk sifar 
LOG (sgmm2-latgen-faster[5.5.620~1-dce1dc]:DecodeUtteranceLatticeFaster():decoder-wrappers.cc:375) Log-like per frame for utterance PN00M01U022 is -3.17359 over 655 frames.
LOG (sgmm2-latgen-faster[5.5.620~1-dce1dc]:main():sgmm2-latgen-faster.cc:209) Log-like per frame for utterance PN00M01U022 is -3.17359 over 655 frames.
PN00M01U023 sifar do chaar chhe athth do sifar 
LOG (sgmm2-latgen-faster[5.5.620~1-dce1dc]:DecodeUtteranceLatticeFaster():decoder-wrappers.cc:375) Log-like per frame for utterance PN00M01U023 is -3.14156 over 629 frames.
LOG (sgmm2-latgen-faster[5.5.620~1-dce1dc]:main():sgmm2-latgen-faster.cc:209) Log-like per frame for utterance PN00M01U023 is -3.14156 over 629 frames.
PN00M01U024 sifar tinn panj satt naun tinn sifar 
LOG (sgmm2-latgen-faster[5.5.620~1-dce1dc]:DecodeUtteranceLatticeFaster():decoder-wrappers.cc:375) Log-like per frame for utterance PN00M01U024 is -3.29499 over 630 frames.
LOG (sgmm2-latgen-faster[5.5.620~1-dce1dc]:main():sgmm2-latgen-faster.cc:209) Log-like per frame for utterance PN00M01U024 is -3.29499 over 630 frames.
PN00M01U025 sifar chaar satt chaar sifar panj athth 
LOG (sgmm2-latgen-faster[5.5.620~1-dce1dc]:DecodeUtteranceLatticeFaster():decoder-wrappers.cc:375) Log-like per frame for utterance PN00M01U025 is -3.52729 over 630 frames.
LOG (sgmm2-latgen-faster[5.5.620~1-dce1dc]:main():sgmm2-latgen-faster.cc:209) Log-like per frame for utterance PN00M01U025 is -3.52729 over 630 frames.
PN00M01U026 athth panj sifar chhe naun chhe sifar 
LOG (sgmm2-latgen-faster[5.5.620~1-dce1dc]:DecodeUtteranceLatticeFaster():decoder-wrappers.cc:375) Log-like per frame for utterance PN00M01U026 is -3.28462 over 630 frames.
LOG (sgmm2-latgen-faster[5.5.620~1-dce1dc]:main():sgmm2-latgen-faster.cc:209) Log-like per frame for utterance PN00M01U026 is -3.28462 over 630 frames.
PN00M01U027 sifar satt satt sifar athth athth sifar 
LOG (sgmm2-latgen-faster[5.5.620~1-dce1dc]:DecodeUtteranceLatticeFaster():decoder-wrappers.cc:375) Log-like per frame for utterance PN00M01U027 is -3.40108 over 630 frames.
LOG (sgmm2-latgen-faster[5.5.620~1-dce1dc]:main():sgmm2-latgen-faster.cc:209) Log-like per frame for utterance PN00M01U027 is -3.40108 over 630 frames.
PN00M01U028 sifar naun naun sifar ikk ikk tinn 
LOG (sgmm2-latgen-faster[5.5.620~1-dce1dc]:DecodeUtteranceLatticeFaster():decoder-wrappers.cc:375) Log-like per frame for utterance PN00M01U028 is -3.24685 over 629 frames.
LOG (sgmm2-latgen-faster[5.5.620~1-dce1dc]:main():sgmm2-latgen-faster.cc:209) Log-like per frame for utterance PN00M01U028 is -3.24685 over 629 frames.
PN00M01U029 tinn chhe ikk chaar athth ikk panj 
LOG (sgmm2-latgen-faster[5.5.620~1-dce1dc]:DecodeUtteranceLatticeFaster():decoder-wrappers.cc:375) Log-like per frame for utterance PN00M01U029 is -3.26946 over 630 frames.
LOG (sgmm2-latgen-faster[5.5.620~1-dce1dc]:main():sgmm2-latgen-faster.cc:209) Log-like per frame for utterance PN00M01U029 is -3.26946 over 630 frames.
PN00M01U030 panj naun do panj chaar ikk chhe 
LOG (sgmm2-latgen-faster[5.5.620~1-dce1dc]:DecodeUtteranceLatticeFaster():decoder-wrappers.cc:375) Log-like per frame for utterance PN00M01U030 is -3.17997 over 630 frames.
LOG (sgmm2-latgen-faster[5.5.620~1-dce1dc]:main():sgmm2-latgen-faster.cc:209) Log-like per frame for utterance PN00M01U030 is -3.17997 over 630 frames.
PN00M01U031 chhe panj ikk satt chhe do chhe 
LOG (sgmm2-latgen-faster[5.5.620~1-dce1dc]:DecodeUtteranceLatticeFaster():decoder-wrappers.cc:375) Log-like per frame for utterance PN00M01U031 is -3.26145 over 629 frames.
LOG (sgmm2-latgen-faster[5.5.620~1-dce1dc]:main():sgmm2-latgen-faster.cc:209) Log-like per frame for utterance PN00M01U031 is -3.26145 over 629 frames.
PN00M01U032 chhe tinn satt ikk athth tinn athth 
LOG (sgmm2-latgen-faster[5.5.620~1-dce1dc]:DecodeUtteranceLatticeFaster():decoder-wrappers.cc:375) Log-like per frame for utterance PN00M01U032 is -3.18699 over 629 frames.
LOG (sgmm2-latgen-faster[5.5.620~1-dce1dc]:main():sgmm2-latgen-faster.cc:209) Log-like per frame for utterance PN00M01U032 is -3.18699 over 629 frames.
PN00M01U033 athth naun chaar naun panj do ikk 
LOG (sgmm2-latgen-faster[5.5.620~1-dce1dc]:DecodeUtteranceLatticeFaster():decoder-wrappers.cc:375) Log-like per frame for utterance PN00M01U033 is -2.96028 over 656 frames.
LOG (sgmm2-latgen-faster[5.5.620~1-dce1dc]:main():sgmm2-latgen-faster.cc:209) Log-like per frame for utterance PN00M01U033 is -2.96028 over 656 frames.
PN00M01U034 ikk naun satt do satt panj tinn 
LOG (sgmm2-latgen-faster[5.5.620~1-dce1dc]:DecodeUtteranceLatticeFaster():decoder-wrappers.cc:375) Log-like per frame for utterance PN00M01U034 is -3.0648 over 630 frames.
LOG (sgmm2-latgen-faster[5.5.620~1-dce1dc]:main():sgmm2-latgen-faster.cc:209) Log-like per frame for utterance PN00M01U034 is -3.0648 over 630 frames.
PN00M01U035 tinn naun athth satt tinn ikk do 
LOG (sgmm2-latgen-faster[5.5.620~1-dce1dc]:DecodeUtteranceLatticeFaster():decoder-wrappers.cc:375) Log-like per frame for utterance PN00M01U035 is -3.10506 over 630 frames.
LOG (sgmm2-latgen-faster[5.5.620~1-dce1dc]:main():sgmm2-latgen-faster.cc:209) Log-like per frame for utterance PN00M01U035 is -3.10506 over 630 frames.
PN00M01U036 do do athth chaar do naun sifar 
LOG (sgmm2-latgen-faster[5.5.620~1-dce1dc]:DecodeUtteranceLatticeFaster():decoder-wrappers.cc:375) Log-like per frame for utterance PN00M01U036 is -3.07175 over 630 frames.
LOG (sgmm2-latgen-faster[5.5.620~1-dce1dc]:main():sgmm2-latgen-faster.cc:209) Log-like per frame for utterance PN00M01U036 is -3.07175 over 630 frames.
PN00M01U037 sifar ikk do tinn do tinn tinn 
LOG (sgmm2-latgen-faster[5.5.620~1-dce1dc]:DecodeUtteranceLatticeFaster():decoder-wrappers.cc:375) Log-like per frame for utterance PN00M01U037 is -3.10044 over 630 frames.
LOG (sgmm2-latgen-faster[5.5.620~1-dce1dc]:main():sgmm2-latgen-faster.cc:209) Log-like per frame for utterance PN00M01U037 is -3.10044 over 630 frames.
PN00M01U038 tinn chaar tinn chaar chaar panj panj 
LOG (sgmm2-latgen-faster[5.5.620~1-dce1dc]:DecodeUtteranceLatticeFaster():decoder-wrappers.cc:375) Log-like per frame for utterance PN00M01U038 is -3.14567 over 629 frames.
LOG (sgmm2-latgen-faster[5.5.620~1-dce1dc]:main():sgmm2-latgen-faster.cc:209) Log-like per frame for utterance PN00M01U038 is -3.14567 over 629 frames.
PN00M01U039 panj chhe chaar panj chhe chhe satt 
LOG (sgmm2-latgen-faster[5.5.620~1-dce1dc]:DecodeUtteranceLatticeFaster():decoder-wrappers.cc:375) Log-like per frame for utterance PN00M01U039 is -3.17704 over 630 frames.
LOG (sgmm2-latgen-faster[5.5.620~1-dce1dc]:main():sgmm2-latgen-faster.cc:209) Log-like per frame for utterance PN00M01U039 is -3.17704 over 630 frames.
PN00M01U040 satt athth chhe satt ikk do chaar 
LOG (sgmm2-latgen-faster[5.5.620~1-dce1dc]:DecodeUtteranceLatticeFaster():decoder-wrappers.cc:375) Log-like per frame for utterance PN00M01U040 is -3.17528 over 630 frames.
LOG (sgmm2-latgen-faster[5.5.620~1-dce1dc]:main():sgmm2-latgen-faster.cc:209) Log-like per frame for utterance PN00M01U040 is -3.17528 over 630 frames.
PN00M01U041 sifar naun sifar ikk do tinn chaar 
LOG (sgmm2-latgen-faster[5.5.620~1-dce1dc]:DecodeUtteranceLatticeFaster():decoder-wrappers.cc:375) Log-like per frame for utterance PN00M01U041 is -3.23683 over 630 frames.
LOG (sgmm2-latgen-faster[5.5.620~1-dce1dc]:main():sgmm2-latgen-faster.cc:209) Log-like per frame for utterance PN00M01U041 is -3.23683 over 630 frames.
PN00M01U042 chaar panj chhe satt athth naun athth 
LOG (sgmm2-latgen-faster[5.5.620~1-dce1dc]:DecodeUtteranceLatticeFaster():decoder-wrappers.cc:375) Log-like per frame for utterance PN00M01U042 is -3.15241 over 630 frames.
LOG (sgmm2-latgen-faster[5.5.620~1-dce1dc]:main():sgmm2-latgen-faster.cc:209) Log-like per frame for utterance PN00M01U042 is -3.15241 over 630 frames.
PN00M01U043 athth sifar do chaar chhe athth satt 
LOG (sgmm2-latgen-faster[5.5.620~1-dce1dc]:DecodeUtteranceLatticeFaster():decoder-wrappers.cc:375) Log-like per frame for utterance PN00M01U043 is -3.32822 over 629 frames.
LOG (sgmm2-latgen-faster[5.5.620~1-dce1dc]:main():sgmm2-latgen-faster.cc:209) Log-like per frame for utterance PN00M01U043 is -3.32822 over 629 frames.
PN00M01U044 satt sifar tinn panj satt naun chhe 
LOG (sgmm2-latgen-faster[5.5.620~1-dce1dc]:DecodeUtteranceLatticeFaster():decoder-wrappers.cc:375) Log-like per frame for utterance PN00M01U044 is -3.2427 over 656 frames.
LOG (sgmm2-latgen-faster[5.5.620~1-dce1dc]:main():sgmm2-latgen-faster.cc:209) Log-like per frame for utterance PN00M01U044 is -3.2427 over 656 frames.
PN00M01U045 chhe sifar chaar satt panj sifar panj 
LOG (sgmm2-latgen-faster[5.5.620~1-dce1dc]:DecodeUtteranceLatticeFaster():decoder-wrappers.cc:375) Log-like per frame for utterance PN00M01U045 is -3.34065 over 630 frames.
LOG (sgmm2-latgen-faster[5.5.620~1-dce1dc]:main():sgmm2-latgen-faster.cc:209) Log-like per frame for utterance PN00M01U045 is -3.34065 over 630 frames.
PN00M01U046 panj athth chaar sifar chhe naun tinn 
LOG (sgmm2-latgen-faster[5.5.620~1-dce1dc]:DecodeUtteranceLatticeFaster():decoder-wrappers.cc:375) Log-like per frame for utterance PN00M01U046 is -3.1865 over 630 frames.
LOG (sgmm2-latgen-faster[5.5.620~1-dce1dc]:main():sgmm2-latgen-faster.cc:209) Log-like per frame for utterance PN00M01U046 is -3.1865 over 630 frames.
PN00M01U047 tinn sifar satt do sifar athth ikk 
LOG (sgmm2-latgen-faster[5.5.620~1-dce1dc]:DecodeUtteranceLatticeFaster():decoder-wrappers.cc:375) Log-like per frame for utterance PN00M01U047 is -3.49459 over 630 frames.
LOG (sgmm2-latgen-faster[5.5.620~1-dce1dc]:main():sgmm2-latgen-faster.cc:209) Log-like per frame for utterance PN00M01U047 is -3.49459 over 630 frames.
PN00M01U048 ikk sifar sifar ikk naun ikk tinn 
LOG (sgmm2-latgen-faster[5.5.620~1-dce1dc]:DecodeUtteranceLatticeFaster():decoder-wrappers.cc:375) Log-like per frame for utterance PN00M01U048 is -3.38633 over 630 frames.
LOG (sgmm2-latgen-faster[5.5.620~1-dce1dc]:main():sgmm2-latgen-faster.cc:209) Log-like per frame for utterance PN00M01U048 is -3.38633 over 630 frames.
PN00M01U049 tinn chhe ikk chaar athth do panj 
LOG (sgmm2-latgen-faster[5.5.620~1-dce1dc]:DecodeUtteranceLatticeFaster():decoder-wrappers.cc:375) Log-like per frame for utterance PN00M01U049 is -3.15351 over 630 frames.
LOG (sgmm2-latgen-faster[5.5.620~1-dce1dc]:main():sgmm2-latgen-faster.cc:209) Log-like per frame for utterance PN00M01U049 is -3.15351 over 630 frames.
PN00M01U050 panj naun do chhe panj ikk panj 
LOG (sgmm2-latgen-faster[5.5.620~1-dce1dc]:DecodeUtteranceLatticeFaster():decoder-wrappers.cc:375) Log-like per frame for utterance PN00M01U050 is -2.97571 over 630 frames.
LOG (sgmm2-latgen-faster[5.5.620~1-dce1dc]:main():sgmm2-latgen-faster.cc:209) Log-like per frame for utterance PN00M01U050 is -2.97571 over 630 frames.
PN00M01U051 panj chaar ikk chhe tinn ikk satt 
LOG (sgmm2-latgen-faster[5.5.620~1-dce1dc]:DecodeUtteranceLatticeFaster():decoder-wrappers.cc:375) Log-like per frame for utterance PN00M01U051 is -3.22329 over 629 frames.
LOG (sgmm2-latgen-faster[5.5.620~1-dce1dc]:main():sgmm2-latgen-faster.cc:209) Log-like per frame for utterance PN00M01U051 is -3.22329 over 629 frames.
PN00M01U052 satt ikk athth tinn satt tinn athth 
LOG (sgmm2-latgen-faster[5.5.620~1-dce1dc]:DecodeUtteranceLatticeFaster():decoder-wrappers.cc:375) Log-like per frame for utterance PN00M01U052 is -3.43788 over 630 frames.
LOG (sgmm2-latgen-faster[5.5.620~1-dce1dc]:main():sgmm2-latgen-faster.cc:209) Log-like per frame for utterance PN00M01U052 is -3.43788 over 630 frames.
PN00M01U053 athth naun naun chaar naun panj do 
LOG (sgmm2-latgen-faster[5.5.620~1-dce1dc]:DecodeUtteranceLatticeFaster():decoder-wrappers.cc:375) Log-like per frame for utterance PN00M01U053 is -3.05716 over 629 frames.
LOG (sgmm2-latgen-faster[5.5.620~1-dce1dc]:main():sgmm2-latgen-faster.cc:209) Log-like per frame for utterance PN00M01U053 is -3.05716 over 629 frames.
PN00M01U054 do satt chhe do athth panj tinn 
LOG (sgmm2-latgen-faster[5.5.620~1-dce1dc]:DecodeUtteranceLatticeFaster():decoder-wrappers.cc:375) Log-like per frame for utterance PN00M01U054 is -3.26138 over 629 frames.
LOG (sgmm2-latgen-faster[5.5.620~1-dce1dc]:main():sgmm2-latgen-faster.cc:209) Log-like per frame for utterance PN00M01U054 is -3.26138 over 629 frames.
PN00M01U055 tinn naun satt chaar do ikk ikk 
LOG (sgmm2-latgen-faster[5.5.620~1-dce1dc]:DecodeUtteranceLatticeFaster():decoder-wrappers.cc:375) Log-like per frame for utterance PN00M01U055 is -3.32346 over 629 frames.
LOG (sgmm2-latgen-faster[5.5.620~1-dce1dc]:main():sgmm2-latgen-faster.cc:209) Log-like per frame for utterance PN00M01U055 is -3.32346 over 629 frames.
PN00M01U056 ikk do naun sifar ikk do do 
LOG (sgmm2-latgen-faster[5.5.620~1-dce1dc]:DecodeUtteranceLatticeFaster():decoder-wrappers.cc:375) Log-like per frame for utterance PN00M01U056 is -3.12042 over 630 frames.
LOG (sgmm2-latgen-faster[5.5.620~1-dce1dc]:main():sgmm2-latgen-faster.cc:209) Log-like per frame for utterance PN00M01U056 is -3.12042 over 630 frames.
PN00M01U057 do tinn do tinn tinn chaar tinn 
LOG (sgmm2-latgen-faster[5.5.620~1-dce1dc]:DecodeUtteranceLatticeFaster():decoder-wrappers.cc:375) Log-like per frame for utterance PN00M01U057 is -2.97159 over 630 frames.
LOG (sgmm2-latgen-faster[5.5.620~1-dce1dc]:main():sgmm2-latgen-faster.cc:209) Log-like per frame for utterance PN00M01U057 is -2.97159 over 630 frames.
PN00M01U058 tinn chaar chaar panj panj chhe chaar 
LOG (sgmm2-latgen-faster[5.5.620~1-dce1dc]:DecodeUtteranceLatticeFaster():decoder-wrappers.cc:375) Log-like per frame for utterance PN00M01U058 is -3.00649 over 656 frames.
LOG (sgmm2-latgen-faster[5.5.620~1-dce1dc]:main():sgmm2-latgen-faster.cc:209) Log-like per frame for utterance PN00M01U058 is -3.00649 over 656 frames.
PN00M01U059 athth athth athth sifar sifar sifar sifar 
LOG (sgmm2-latgen-faster[5.5.620~1-dce1dc]:DecodeUtteranceLatticeFaster():decoder-wrappers.cc:375) Log-like per frame for utterance PN00M01U059 is -3.57819 over 630 frames.
LOG (sgmm2-latgen-faster[5.5.620~1-dce1dc]:main():sgmm2-latgen-faster.cc:209) Log-like per frame for utterance PN00M01U059 is -3.57819 over 630 frames.
PN00M01U060 athth chhe satt athth athth naun sifar 
LOG (sgmm2-latgen-faster[5.5.620~1-dce1dc]:DecodeUtteranceLatticeFaster():decoder-wrappers.cc:375) Log-like per frame for utterance PN00M01U060 is -3.13993 over 630 frames.
LOG (sgmm2-latgen-faster[5.5.620~1-dce1dc]:main():sgmm2-latgen-faster.cc:209) Log-like per frame for utterance PN00M01U060 is -3.13993 over 630 frames.
PN00M01U061 sifar naun naun athth satt chhe panj 
LOG (sgmm2-latgen-faster[5.5.620~1-dce1dc]:DecodeUtteranceLatticeFaster():decoder-wrappers.cc:375) Log-like per frame for utterance PN00M01U061 is -3.09517 over 630 frames.
LOG (sgmm2-latgen-faster[5.5.620~1-dce1dc]:main():sgmm2-latgen-faster.cc:209) Log-like per frame for utterance PN00M01U061 is -3.09517 over 630 frames.
PN00M01U062 panj chaar tinn do ikk sifar athth 
LOG (sgmm2-latgen-faster[5.5.620~1-dce1dc]:DecodeUtteranceLatticeFaster():decoder-wrappers.cc:375) Log-like per frame for utterance PN00M01U062 is -3.16027 over 630 frames.
LOG (sgmm2-latgen-faster[5.5.620~1-dce1dc]:main():sgmm2-latgen-faster.cc:209) Log-like per frame for utterance PN00M01U062 is -3.16027 over 630 frames.
PN00M01U063 athth naun satt panj tinn ikk satt 
LOG (sgmm2-latgen-faster[5.5.620~1-dce1dc]:DecodeUtteranceLatticeFaster():decoder-wrappers.cc:375) Log-like per frame for utterance PN00M01U063 is -3.19475 over 630 frames.
LOG (sgmm2-latgen-faster[5.5.620~1-dce1dc]:main():sgmm2-latgen-faster.cc:209) Log-like per frame for utterance PN00M01U063 is -3.19475 over 630 frames.
PN00M01U064 satt naun chhe chaar do sifar chhe 
LOG (sgmm2-latgen-faster[5.5.620~1-dce1dc]:DecodeUtteranceLatticeFaster():decoder-wrappers.cc:375) Log-like per frame for utterance PN00M01U064 is -3.20875 over 630 frames.
LOG (sgmm2-latgen-faster[5.5.620~1-dce1dc]:main():sgmm2-latgen-faster.cc:209) Log-like per frame for utterance PN00M01U064 is -3.20875 over 630 frames.
PN00M01U065 chhe naun panj do panj naun chaar 
LOG (sgmm2-latgen-faster[5.5.620~1-dce1dc]:DecodeUtteranceLatticeFaster():decoder-wrappers.cc:375) Log-like per frame for utterance PN00M01U065 is -2.92304 over 629 frames.
LOG (sgmm2-latgen-faster[5.5.620~1-dce1dc]:main():sgmm2-latgen-faster.cc:209) Log-like per frame for utterance PN00M01U065 is -2.92304 over 629 frames.
PN00M01U066 chaar ikk chaar naun tinn sifar tinn 
LOG (sgmm2-latgen-faster[5.5.620~1-dce1dc]:DecodeUtteranceLatticeFaster():decoder-wrappers.cc:375) Log-like per frame for utterance PN00M01U066 is -3.10594 over 630 frames.
LOG (sgmm2-latgen-faster[5.5.620~1-dce1dc]:main():sgmm2-latgen-faster.cc:209) Log-like per frame for utterance PN00M01U066 is -3.10594 over 630 frames.
PN00M01U067 tinn naun do do naun ikk ikk 
LOG (sgmm2-latgen-faster[5.5.620~1-dce1dc]:DecodeUtteranceLatticeFaster():decoder-wrappers.cc:375) Log-like per frame for utterance PN00M01U067 is -3.02967 over 630 frames.
LOG (sgmm2-latgen-faster[5.5.620~1-dce1dc]:main():sgmm2-latgen-faster.cc:209) Log-like per frame for utterance PN00M01U067 is -3.02967 over 630 frames.
PN00M01U068 ikk naun sifar sifar satt chaar sifar 
LOG (sgmm2-latgen-faster[5.5.620~1-dce1dc]:DecodeUtteranceLatticeFaster():decoder-wrappers.cc:375) Log-like per frame for utterance PN00M01U068 is -3.32145 over 630 frames.
LOG (sgmm2-latgen-faster[5.5.620~1-dce1dc]:main():sgmm2-latgen-faster.cc:209) Log-like per frame for utterance PN00M01U068 is -3.32145 over 630 frames.
PN00M01U069 sifar ikk athth chhe tinn athth 
LOG (sgmm2-latgen-faster[5.5.620~1-dce1dc]:DecodeUtteranceLatticeFaster():decoder-wrappers.cc:375) Log-like per frame for utterance PN00M01U069 is -3.17104 over 630 frames.
LOG (sgmm2-latgen-faster[5.5.620~1-dce1dc]:main():sgmm2-latgen-faster.cc:209) Log-like per frame for utterance PN00M01U069 is -3.17104 over 630 frames.
PN00M01U070 athth panj ikk chhe do chhe athth 
LOG (sgmm2-latgen-faster[5.5.620~1-dce1dc]:DecodeUtteranceLatticeFaster():decoder-wrappers.cc:375) Log-like per frame for utterance PN00M01U070 is -3.10016 over 630 frames.
LOG (sgmm2-latgen-faster[5.5.620~1-dce1dc]:main():sgmm2-latgen-faster.cc:209) Log-like per frame for utterance PN00M01U070 is -3.10016 over 630 frames.
PN00M01U071 athth chaar panj athth tinn chaar athth 
LOG (sgmm2-latgen-faster[5.5.620~1-dce1dc]:DecodeUtteranceLatticeFaster():decoder-wrappers.cc:375) Log-like per frame for utterance PN00M01U071 is -3.22423 over 630 frames.
LOG (sgmm2-latgen-faster[5.5.620~1-dce1dc]:main():sgmm2-latgen-faster.cc:209) Log-like per frame for utterance PN00M01U071 is -3.22423 over 630 frames.
PN00M01U072 athth do tinn satt tinn chhe ikk 
LOG (sgmm2-latgen-faster[5.5.620~1-dce1dc]:DecodeUtteranceLatticeFaster():decoder-wrappers.cc:375) Log-like per frame for utterance PN00M01U072 is -3.06223 over 630 frames.
LOG (sgmm2-latgen-faster[5.5.620~1-dce1dc]:main():sgmm2-latgen-faster.cc:209) Log-like per frame for utterance PN00M01U072 is -3.06223 over 630 frames.
PN00M01U073 ikk panj sifar panj chhe satt do 
LOG (sgmm2-latgen-faster[5.5.620~1-dce1dc]:DecodeUtteranceLatticeFaster():decoder-wrappers.cc:375) Log-like per frame for utterance PN00M01U073 is -3.22144 over 630 frames.
LOG (sgmm2-latgen-faster[5.5.620~1-dce1dc]:main():sgmm2-latgen-faster.cc:209) Log-like per frame for utterance PN00M01U073 is -3.22144 over 630 frames.
PN00M01U074 do athth ikk tinn panj panj satt 
LOG (sgmm2-latgen-faster[5.5.620~1-dce1dc]:DecodeUtteranceLatticeFaster():decoder-wrappers.cc:375) Log-like per frame for utterance PN00M01U074 is -3.15263 over 629 frames.
LOG (sgmm2-latgen-faster[5.5.620~1-dce1dc]:main():sgmm2-latgen-faster.cc:209) Log-like per frame for utterance PN00M01U074 is -3.15263 over 629 frames.
LOG (apply-cmvn[5.5.620~1-dce1dc]:main():apply-cmvn.cc:162) Applied cepstral mean normalization to 80 utterances, errors on 0
PN00M01U075 satt ikk do satt sifar do chaar 
LOG (sgmm2-latgen-faster[5.5.620~1-dce1dc]:DecodeUtteranceLatticeFaster():decoder-wrappers.cc:375) Log-like per frame for utterance PN00M01U075 is -3.31662 over 629 frames.
LOG (sgmm2-latgen-faster[5.5.620~1-dce1dc]:main():sgmm2-latgen-faster.cc:209) Log-like per frame for utterance PN00M01U075 is -3.31662 over 629 frames.
LOG (copy-gselect[5.5.620~1-dce1dc]:main():copy-gselect.cc:71) Copied 80 gselect objects,  limiting sizes to 3
PN00M01U076 chaar satt athth sifar ikk do tinn 
LOG (sgmm2-latgen-faster[5.5.620~1-dce1dc]:DecodeUtteranceLatticeFaster():decoder-wrappers.cc:375) Log-like per frame for utterance PN00M01U076 is -3.18744 over 630 frames.
LOG (sgmm2-latgen-faster[5.5.620~1-dce1dc]:main():sgmm2-latgen-faster.cc:209) Log-like per frame for utterance PN00M01U076 is -3.18744 over 630 frames.
PN00M01U077 tinn tinn chaar chhe sifar chaar chaar 
LOG (sgmm2-latgen-faster[5.5.620~1-dce1dc]:DecodeUtteranceLatticeFaster():decoder-wrappers.cc:375) Log-like per frame for utterance PN00M01U077 is -3.13889 over 630 frames.
LOG (sgmm2-latgen-faster[5.5.620~1-dce1dc]:main():sgmm2-latgen-faster.cc:209) Log-like per frame for utterance PN00M01U077 is -3.13889 over 630 frames.
PN00M01U078 chaar panj chhe chhe satt satt athth 
LOG (sgmm2-latgen-faster[5.5.620~1-dce1dc]:DecodeUtteranceLatticeFaster():decoder-wrappers.cc:375) Log-like per frame for utterance PN00M01U078 is -3.25729 over 630 frames.
LOG (sgmm2-latgen-faster[5.5.620~1-dce1dc]:main():sgmm2-latgen-faster.cc:209) Log-like per frame for utterance PN00M01U078 is -3.25729 over 630 frames.
LOG (transform-feats[5.5.620~1-dce1dc]:main():transform-feats.cc:158) Overall average [pseudo-]logdet is -54.6572 over 50435 frames.
LOG (transform-feats[5.5.620~1-dce1dc]:main():transform-feats.cc:161) Applied transform to 80 utterances; 0 had errors.
PN00M01U079 naun naun ikk tinn panj satt naun 
LOG (sgmm2-latgen-faster[5.5.620~1-dce1dc]:DecodeUtteranceLatticeFaster():decoder-wrappers.cc:375) Log-like per frame for utterance PN00M01U079 is -3.08289 over 629 frames.
LOG (sgmm2-latgen-faster[5.5.620~1-dce1dc]:main():sgmm2-latgen-faster.cc:209) Log-like per frame for utterance PN00M01U079 is -3.08289 over 629 frames.
LOG (transform-feats[5.5.620~1-dce1dc]:main():transform-feats.cc:158) Overall average logdet is 3.84097 over 50435 frames.
LOG (transform-feats[5.5.620~1-dce1dc]:main():transform-feats.cc:161) Applied transform to 80 utterances; 0 had errors.
PN00M01U080 do chhe naun ikk do chaar tinn 
LOG (sgmm2-latgen-faster[5.5.620~1-dce1dc]:DecodeUtteranceLatticeFaster():decoder-wrappers.cc:375) Log-like per frame for utterance PN00M01U080 is -3.01186 over 630 frames.
LOG (sgmm2-latgen-faster[5.5.620~1-dce1dc]:main():sgmm2-latgen-faster.cc:209) Log-like per frame for utterance PN00M01U080 is -3.01186 over 630 frames.
LOG (sgmm2-latgen-faster[5.5.620~1-dce1dc]:main():sgmm2-latgen-faster.cc:252) Time taken [excluding initialization] 15.7582s: real-time factor assuming 100 frames/sec is 0.0312445
LOG (sgmm2-latgen-faster[5.5.620~1-dce1dc]:main():sgmm2-latgen-faster.cc:255) Done 80 utterances, failed for 0
LOG (sgmm2-latgen-faster[5.5.620~1-dce1dc]:main():sgmm2-latgen-faster.cc:257) Overall log-likelihood per frame = -3.17059 over 50435 frames.
# Accounting: time=16 threads=1
# Ended (code 0) at Sun Mar 22 09:55:43 IST 2020, elapsed time 16 seconds
