# sgmm2-latgen-faster --max-active=7000 --beam=13.0 --lattice-beam=6.0 --acoustic-scale=0.1 --determinize-lattice=false --allow-partial=true --word-symbol-table=exp/sgmm/graph/words.txt --max-mem=50000000 "--gselect=ark,s,cs:gunzip -c exp/sgmm/decode/gselect.2.gz| copy-gselect --n=3 ark:- ark:- |" exp/sgmm/final.alimdl exp/sgmm/graph/HCLG.fst "ark,s,cs:apply-cmvn  --utt2spk=ark:data/test/split4/2/utt2spk scp:data/test/split4/2/cmvn.scp scp:data/test/split4/2/feats.scp ark:- | splice-feats  ark:- ark:- | transform-feats exp/sgmm/final.mat ark:- ark:- | transform-feats --utt2spk=ark:data/test/split4/2/utt2spk ark,s,cs:exp/tri4/decode/trans.2 ark:- ark:- |" "ark:|gzip -c > exp/sgmm/decode/pre_lat.2.gz" 
# Started at Sun Mar 22 09:55:27 IST 2020
#
sgmm2-latgen-faster --max-active=7000 --beam=13.0 --lattice-beam=6.0 --acoustic-scale=0.1 --determinize-lattice=false --allow-partial=true --word-symbol-table=exp/sgmm/graph/words.txt --max-mem=50000000 '--gselect=ark,s,cs:gunzip -c exp/sgmm/decode/gselect.2.gz| copy-gselect --n=3 ark:- ark:- |' exp/sgmm/final.alimdl exp/sgmm/graph/HCLG.fst 'ark,s,cs:apply-cmvn  --utt2spk=ark:data/test/split4/2/utt2spk scp:data/test/split4/2/cmvn.scp scp:data/test/split4/2/feats.scp ark:- | splice-feats  ark:- ark:- | transform-feats exp/sgmm/final.mat ark:- ark:- | transform-feats --utt2spk=ark:data/test/split4/2/utt2spk ark,s,cs:exp/tri4/decode/trans.2 ark:- ark:- |' 'ark:|gzip -c > exp/sgmm/decode/pre_lat.2.gz' 
copy-gselect --n=3 ark:- ark:- 
splice-feats ark:- ark:- 
transform-feats --utt2spk=ark:data/test/split4/2/utt2spk ark,s,cs:exp/tri4/decode/trans.2 ark:- ark:- 
apply-cmvn --utt2spk=ark:data/test/split4/2/utt2spk scp:data/test/split4/2/cmvn.scp scp:data/test/split4/2/feats.scp ark:- 
transform-feats exp/sgmm/final.mat ark:- ark:- 
PN00F04U001 sifar sifar naun athth satt chhe panj 
LOG (sgmm2-latgen-faster[5.5.620~1-dce1dc]:DecodeUtteranceLatticeFaster():decoder-wrappers.cc:375) Log-like per frame for utterance PN00F04U001 is -3.12468 over 630 frames.
LOG (sgmm2-latgen-faster[5.5.620~1-dce1dc]:main():sgmm2-latgen-faster.cc:209) Log-like per frame for utterance PN00F04U001 is -3.12468 over 630 frames.
PN00F04U002 panj chaar tinn do ikk sifar ikk 
LOG (sgmm2-latgen-faster[5.5.620~1-dce1dc]:DecodeUtteranceLatticeFaster():decoder-wrappers.cc:375) Log-like per frame for utterance PN00F04U002 is -2.9714 over 630 frames.
LOG (sgmm2-latgen-faster[5.5.620~1-dce1dc]:main():sgmm2-latgen-faster.cc:209) Log-like per frame for utterance PN00F04U002 is -2.9714 over 630 frames.
PN00F04U003 ikk naun satt panj tinn ikk do 
LOG (sgmm2-latgen-faster[5.5.620~1-dce1dc]:DecodeUtteranceLatticeFaster():decoder-wrappers.cc:375) Log-like per frame for utterance PN00F04U003 is -3.16399 over 630 frames.
LOG (sgmm2-latgen-faster[5.5.620~1-dce1dc]:main():sgmm2-latgen-faster.cc:209) Log-like per frame for utterance PN00F04U003 is -3.16399 over 630 frames.
PN00F04U004 do naun chhe chaar do sifar tinn 
LOG (sgmm2-latgen-faster[5.5.620~1-dce1dc]:DecodeUtteranceLatticeFaster():decoder-wrappers.cc:375) Log-like per frame for utterance PN00F04U004 is -2.97668 over 629 frames.
LOG (sgmm2-latgen-faster[5.5.620~1-dce1dc]:main():sgmm2-latgen-faster.cc:209) Log-like per frame for utterance PN00F04U004 is -2.97668 over 629 frames.
PN00F04U005 tinn naun panj do chaar naun chaar 
LOG (sgmm2-latgen-faster[5.5.620~1-dce1dc]:DecodeUtteranceLatticeFaster():decoder-wrappers.cc:375) Log-like per frame for utterance PN00F04U005 is -2.89394 over 630 frames.
LOG (sgmm2-latgen-faster[5.5.620~1-dce1dc]:main():sgmm2-latgen-faster.cc:209) Log-like per frame for utterance PN00F04U005 is -2.89394 over 630 frames.
PN00F04U006 chaar ikk panj naun tinn sifar chhe 
LOG (sgmm2-latgen-faster[5.5.620~1-dce1dc]:DecodeUtteranceLatticeFaster():decoder-wrappers.cc:375) Log-like per frame for utterance PN00F04U006 is -2.8753 over 630 frames.
LOG (sgmm2-latgen-faster[5.5.620~1-dce1dc]:main():sgmm2-latgen-faster.cc:209) Log-like per frame for utterance PN00F04U006 is -2.8753 over 630 frames.
PN00F04U007 chhe naun do satt naun ikk athth 
LOG (sgmm2-latgen-faster[5.5.620~1-dce1dc]:DecodeUtteranceLatticeFaster():decoder-wrappers.cc:375) Log-like per frame for utterance PN00F04U007 is -2.95887 over 630 frames.
LOG (sgmm2-latgen-faster[5.5.620~1-dce1dc]:main():sgmm2-latgen-faster.cc:209) Log-like per frame for utterance PN00F04U007 is -2.95887 over 630 frames.
PN00F04U008 athth naun sifar athth chhe tinn chaar 
LOG (sgmm2-latgen-faster[5.5.620~1-dce1dc]:DecodeUtteranceLatticeFaster():decoder-wrappers.cc:375) Log-like per frame for utterance PN00F04U008 is -2.93472 over 629 frames.
LOG (sgmm2-latgen-faster[5.5.620~1-dce1dc]:main():sgmm2-latgen-faster.cc:209) Log-like per frame for utterance PN00F04U008 is -2.93472 over 629 frames.
PN00F04U009 chaar sifar satt chaar athth panj ikk 
LOG (sgmm2-latgen-faster[5.5.620~1-dce1dc]:DecodeUtteranceLatticeFaster():decoder-wrappers.cc:375) Log-like per frame for utterance PN00F04U009 is -3.06706 over 630 frames.
LOG (sgmm2-latgen-faster[5.5.620~1-dce1dc]:main():sgmm2-latgen-faster.cc:209) Log-like per frame for utterance PN00F04U009 is -3.06706 over 630 frames.
PN00F04U010 ikk satt tinn tinn athth chaar chaar 
LOG (sgmm2-latgen-faster[5.5.620~1-dce1dc]:DecodeUtteranceLatticeFaster():decoder-wrappers.cc:375) Log-like per frame for utterance PN00F04U010 is -3.01277 over 630 frames.
LOG (sgmm2-latgen-faster[5.5.620~1-dce1dc]:main():sgmm2-latgen-faster.cc:209) Log-like per frame for utterance PN00F04U010 is -3.01277 over 630 frames.
PN00F04U011 chhe satt do panj athth tinn chhe 
LOG (sgmm2-latgen-faster[5.5.620~1-dce1dc]:DecodeUtteranceLatticeFaster():decoder-wrappers.cc:375) Log-like per frame for utterance PN00F04U011 is -2.98919 over 629 frames.
LOG (sgmm2-latgen-faster[5.5.620~1-dce1dc]:main():sgmm2-latgen-faster.cc:209) Log-like per frame for utterance PN00F04U011 is -2.98919 over 629 frames.
PN00F04U012 chhe athth do athth ikk chhe do 
LOG (sgmm2-latgen-faster[5.5.620~1-dce1dc]:DecodeUtteranceLatticeFaster():decoder-wrappers.cc:375) Log-like per frame for utterance PN00F04U012 is -2.90348 over 630 frames.
LOG (sgmm2-latgen-faster[5.5.620~1-dce1dc]:main():sgmm2-latgen-faster.cc:209) Log-like per frame for utterance PN00F04U012 is -2.90348 over 630 frames.
PN00F04U013 do chhe ikk do tinn satt ikk 
LOG (sgmm2-latgen-faster[5.5.620~1-dce1dc]:DecodeUtteranceLatticeFaster():decoder-wrappers.cc:375) Log-like per frame for utterance PN00F04U013 is -2.56176 over 630 frames.
LOG (sgmm2-latgen-faster[5.5.620~1-dce1dc]:main():sgmm2-latgen-faster.cc:209) Log-like per frame for utterance PN00F04U013 is -2.56176 over 630 frames.
PN00F04U014 ikk chaar chhe sifar chaar panj sifar 
LOG (sgmm2-latgen-faster[5.5.620~1-dce1dc]:DecodeUtteranceLatticeFaster():decoder-wrappers.cc:375) Log-like per frame for utterance PN00F04U014 is -2.84537 over 630 frames.
LOG (sgmm2-latgen-faster[5.5.620~1-dce1dc]:main():sgmm2-latgen-faster.cc:209) Log-like per frame for utterance PN00F04U014 is -2.84537 over 630 frames.
PN00F04U015 sifar panj satt sifar do do tinn 
LOG (sgmm2-latgen-faster[5.5.620~1-dce1dc]:DecodeUtteranceLatticeFaster():decoder-wrappers.cc:375) Log-like per frame for utterance PN00F04U015 is -2.88842 over 630 frames.
LOG (sgmm2-latgen-faster[5.5.620~1-dce1dc]:main():sgmm2-latgen-faster.cc:209) Log-like per frame for utterance PN00F04U015 is -2.88842 over 630 frames.
PN00F04U016 tinn panj chhe satt athth sifar ikk 
LOG (sgmm2-latgen-faster[5.5.620~1-dce1dc]:DecodeUtteranceLatticeFaster():decoder-wrappers.cc:375) Log-like per frame for utterance PN00F04U016 is -2.87649 over 629 frames.
LOG (sgmm2-latgen-faster[5.5.620~1-dce1dc]:main():sgmm2-latgen-faster.cc:209) Log-like per frame for utterance PN00F04U016 is -2.87649 over 629 frames.
PN00F04U017 ikk tinn chaar panj panj chhe chhe 
LOG (sgmm2-latgen-faster[5.5.620~1-dce1dc]:DecodeUtteranceLatticeFaster():decoder-wrappers.cc:375) Log-like per frame for utterance PN00F04U017 is -2.87368 over 630 frames.
LOG (sgmm2-latgen-faster[5.5.620~1-dce1dc]:main():sgmm2-latgen-faster.cc:209) Log-like per frame for utterance PN00F04U017 is -2.87368 over 630 frames.
PN00F04U018 chhe satt satt athth athth naun naun 
LOG (sgmm2-latgen-faster[5.5.620~1-dce1dc]:DecodeUtteranceLatticeFaster():decoder-wrappers.cc:375) Log-like per frame for utterance PN00F04U018 is -2.91308 over 630 frames.
LOG (sgmm2-latgen-faster[5.5.620~1-dce1dc]:main():sgmm2-latgen-faster.cc:209) Log-like per frame for utterance PN00F04U018 is -2.91308 over 630 frames.
PN00F04U019 naun sifar ikk ikk do ikk satt 
LOG (sgmm2-latgen-faster[5.5.620~1-dce1dc]:DecodeUtteranceLatticeFaster():decoder-wrappers.cc:375) Log-like per frame for utterance PN00F04U019 is -3.18919 over 630 frames.
LOG (sgmm2-latgen-faster[5.5.620~1-dce1dc]:main():sgmm2-latgen-faster.cc:209) Log-like per frame for utterance PN00F04U019 is -3.18919 over 630 frames.
PN00F04U020 satt naun ikk tinn panj satt naun 
LOG (sgmm2-latgen-faster[5.5.620~1-dce1dc]:DecodeUtteranceLatticeFaster():decoder-wrappers.cc:375) Log-like per frame for utterance PN00F04U020 is -2.79708 over 630 frames.
LOG (sgmm2-latgen-faster[5.5.620~1-dce1dc]:main():sgmm2-latgen-faster.cc:209) Log-like per frame for utterance PN00F04U020 is -2.79708 over 630 frames.
PN00F04U021 sifar sifar ikk do tinn chaar panj 
LOG (sgmm2-latgen-faster[5.5.620~1-dce1dc]:DecodeUtteranceLatticeFaster():decoder-wrappers.cc:375) Log-like per frame for utterance PN00F04U021 is -2.90318 over 630 frames.
LOG (sgmm2-latgen-faster[5.5.620~1-dce1dc]:main():sgmm2-latgen-faster.cc:209) Log-like per frame for utterance PN00F04U021 is -2.90318 over 630 frames.
PN00F04U022 panj chhe satt athth naun ikk sifar 
LOG (sgmm2-latgen-faster[5.5.620~1-dce1dc]:DecodeUtteranceLatticeFaster():decoder-wrappers.cc:375) Log-like per frame for utterance PN00F04U022 is -3.00263 over 630 frames.
LOG (sgmm2-latgen-faster[5.5.620~1-dce1dc]:main():sgmm2-latgen-faster.cc:209) Log-like per frame for utterance PN00F04U022 is -3.00263 over 630 frames.
PN00F04U023 sifar do chaar chhe athth do sifar 
LOG (sgmm2-latgen-faster[5.5.620~1-dce1dc]:DecodeUtteranceLatticeFaster():decoder-wrappers.cc:375) Log-like per frame for utterance PN00F04U023 is -3.04143 over 629 frames.
LOG (sgmm2-latgen-faster[5.5.620~1-dce1dc]:main():sgmm2-latgen-faster.cc:209) Log-like per frame for utterance PN00F04U023 is -3.04143 over 629 frames.
PN00F04U024 sifar tinn panj satt naun tinn sifar 
LOG (sgmm2-latgen-faster[5.5.620~1-dce1dc]:DecodeUtteranceLatticeFaster():decoder-wrappers.cc:375) Log-like per frame for utterance PN00F04U024 is -3.1809 over 630 frames.
LOG (sgmm2-latgen-faster[5.5.620~1-dce1dc]:main():sgmm2-latgen-faster.cc:209) Log-like per frame for utterance PN00F04U024 is -3.1809 over 630 frames.
PN00F04U025 sifar chaar satt chaar sifar panj athth 
LOG (sgmm2-latgen-faster[5.5.620~1-dce1dc]:DecodeUtteranceLatticeFaster():decoder-wrappers.cc:375) Log-like per frame for utterance PN00F04U025 is -3.11091 over 630 frames.
LOG (sgmm2-latgen-faster[5.5.620~1-dce1dc]:main():sgmm2-latgen-faster.cc:209) Log-like per frame for utterance PN00F04U025 is -3.11091 over 630 frames.
PN00F04U026 athth panj sifar chhe naun chhe sifar 
LOG (sgmm2-latgen-faster[5.5.620~1-dce1dc]:DecodeUtteranceLatticeFaster():decoder-wrappers.cc:375) Log-like per frame for utterance PN00F04U026 is -3.14262 over 630 frames.
LOG (sgmm2-latgen-faster[5.5.620~1-dce1dc]:main():sgmm2-latgen-faster.cc:209) Log-like per frame for utterance PN00F04U026 is -3.14262 over 630 frames.
PN00F04U027 sifar satt satt sifar athth athth sifar 
LOG (sgmm2-latgen-faster[5.5.620~1-dce1dc]:DecodeUtteranceLatticeFaster():decoder-wrappers.cc:375) Log-like per frame for utterance PN00F04U027 is -3.18782 over 630 frames.
LOG (sgmm2-latgen-faster[5.5.620~1-dce1dc]:main():sgmm2-latgen-faster.cc:209) Log-like per frame for utterance PN00F04U027 is -3.18782 over 630 frames.
PN00F04U028 sifar naun naun sifar ikk ikk tinn 
LOG (sgmm2-latgen-faster[5.5.620~1-dce1dc]:DecodeUtteranceLatticeFaster():decoder-wrappers.cc:375) Log-like per frame for utterance PN00F04U028 is -3.07869 over 630 frames.
LOG (sgmm2-latgen-faster[5.5.620~1-dce1dc]:main():sgmm2-latgen-faster.cc:209) Log-like per frame for utterance PN00F04U028 is -3.07869 over 630 frames.
PN00F04U029 tinn chhe ikk chaar athth ikk panj 
LOG (sgmm2-latgen-faster[5.5.620~1-dce1dc]:DecodeUtteranceLatticeFaster():decoder-wrappers.cc:375) Log-like per frame for utterance PN00F04U029 is -3.06401 over 630 frames.
LOG (sgmm2-latgen-faster[5.5.620~1-dce1dc]:main():sgmm2-latgen-faster.cc:209) Log-like per frame for utterance PN00F04U029 is -3.06401 over 630 frames.
PN00F04U030 panj naun do panj chaar ikk chhe 
LOG (sgmm2-latgen-faster[5.5.620~1-dce1dc]:DecodeUtteranceLatticeFaster():decoder-wrappers.cc:375) Log-like per frame for utterance PN00F04U030 is -2.88809 over 630 frames.
LOG (sgmm2-latgen-faster[5.5.620~1-dce1dc]:main():sgmm2-latgen-faster.cc:209) Log-like per frame for utterance PN00F04U030 is -2.88809 over 630 frames.
PN00F04U031 chhe panj ikk satt chhe do chhe 
LOG (sgmm2-latgen-faster[5.5.620~1-dce1dc]:DecodeUtteranceLatticeFaster():decoder-wrappers.cc:375) Log-like per frame for utterance PN00F04U031 is -2.88706 over 629 frames.
LOG (sgmm2-latgen-faster[5.5.620~1-dce1dc]:main():sgmm2-latgen-faster.cc:209) Log-like per frame for utterance PN00F04U031 is -2.88706 over 629 frames.
PN00F04U032 chhe tinn satt ikk athth tinn athth 
LOG (sgmm2-latgen-faster[5.5.620~1-dce1dc]:DecodeUtteranceLatticeFaster():decoder-wrappers.cc:375) Log-like per frame for utterance PN00F04U032 is -2.90451 over 630 frames.
LOG (sgmm2-latgen-faster[5.5.620~1-dce1dc]:main():sgmm2-latgen-faster.cc:209) Log-like per frame for utterance PN00F04U032 is -2.90451 over 630 frames.
PN00F04U033 athth naun chaar naun panj do ikk 
LOG (sgmm2-latgen-faster[5.5.620~1-dce1dc]:DecodeUtteranceLatticeFaster():decoder-wrappers.cc:375) Log-like per frame for utterance PN00F04U033 is -2.78933 over 630 frames.
LOG (sgmm2-latgen-faster[5.5.620~1-dce1dc]:main():sgmm2-latgen-faster.cc:209) Log-like per frame for utterance PN00F04U033 is -2.78933 over 630 frames.
PN00F04U034 ikk naun satt do satt panj tinn 
LOG (sgmm2-latgen-faster[5.5.620~1-dce1dc]:DecodeUtteranceLatticeFaster():decoder-wrappers.cc:375) Log-like per frame for utterance PN00F04U034 is -2.89251 over 630 frames.
LOG (sgmm2-latgen-faster[5.5.620~1-dce1dc]:main():sgmm2-latgen-faster.cc:209) Log-like per frame for utterance PN00F04U034 is -2.89251 over 630 frames.
PN00F04U035 tinn naun athth satt tinn ikk do 
LOG (sgmm2-latgen-faster[5.5.620~1-dce1dc]:DecodeUtteranceLatticeFaster():decoder-wrappers.cc:375) Log-like per frame for utterance PN00F04U035 is -2.89684 over 630 frames.
LOG (sgmm2-latgen-faster[5.5.620~1-dce1dc]:main():sgmm2-latgen-faster.cc:209) Log-like per frame for utterance PN00F04U035 is -2.89684 over 630 frames.
PN00F04U036 do do athth chaar do naun sifar 
LOG (sgmm2-latgen-faster[5.5.620~1-dce1dc]:DecodeUtteranceLatticeFaster():decoder-wrappers.cc:375) Log-like per frame for utterance PN00F04U036 is -2.83478 over 630 frames.
LOG (sgmm2-latgen-faster[5.5.620~1-dce1dc]:main():sgmm2-latgen-faster.cc:209) Log-like per frame for utterance PN00F04U036 is -2.83478 over 630 frames.
PN00F04U037 sifar ikk do tinn do tinn tinn 
LOG (sgmm2-latgen-faster[5.5.620~1-dce1dc]:DecodeUtteranceLatticeFaster():decoder-wrappers.cc:375) Log-like per frame for utterance PN00F04U037 is -2.92178 over 630 frames.
LOG (sgmm2-latgen-faster[5.5.620~1-dce1dc]:main():sgmm2-latgen-faster.cc:209) Log-like per frame for utterance PN00F04U037 is -2.92178 over 630 frames.
PN00F04U038 tinn chaar tinn chaar chaar panj panj 
LOG (sgmm2-latgen-faster[5.5.620~1-dce1dc]:DecodeUtteranceLatticeFaster():decoder-wrappers.cc:375) Log-like per frame for utterance PN00F04U038 is -2.79759 over 630 frames.
LOG (sgmm2-latgen-faster[5.5.620~1-dce1dc]:main():sgmm2-latgen-faster.cc:209) Log-like per frame for utterance PN00F04U038 is -2.79759 over 630 frames.
PN00F04U039 panj chhe chaar panj chhe chhe satt 
LOG (sgmm2-latgen-faster[5.5.620~1-dce1dc]:DecodeUtteranceLatticeFaster():decoder-wrappers.cc:375) Log-like per frame for utterance PN00F04U039 is -2.89696 over 630 frames.
LOG (sgmm2-latgen-faster[5.5.620~1-dce1dc]:main():sgmm2-latgen-faster.cc:209) Log-like per frame for utterance PN00F04U039 is -2.89696 over 630 frames.
PN00F04U040 satt athth chhe satt ikk do chaar 
LOG (sgmm2-latgen-faster[5.5.620~1-dce1dc]:DecodeUtteranceLatticeFaster():decoder-wrappers.cc:375) Log-like per frame for utterance PN00F04U040 is -2.88059 over 629 frames.
LOG (sgmm2-latgen-faster[5.5.620~1-dce1dc]:main():sgmm2-latgen-faster.cc:209) Log-like per frame for utterance PN00F04U040 is -2.88059 over 629 frames.
PN00F04U041 sifar naun sifar ikk do tinn chaar 
LOG (sgmm2-latgen-faster[5.5.620~1-dce1dc]:DecodeUtteranceLatticeFaster():decoder-wrappers.cc:375) Log-like per frame for utterance PN00F04U041 is -2.95265 over 630 frames.
LOG (sgmm2-latgen-faster[5.5.620~1-dce1dc]:main():sgmm2-latgen-faster.cc:209) Log-like per frame for utterance PN00F04U041 is -2.95265 over 630 frames.
PN00F04U042 chaar panj chhe satt athth naun athth 
LOG (sgmm2-latgen-faster[5.5.620~1-dce1dc]:DecodeUtteranceLatticeFaster():decoder-wrappers.cc:375) Log-like per frame for utterance PN00F04U042 is -2.92948 over 630 frames.
LOG (sgmm2-latgen-faster[5.5.620~1-dce1dc]:main():sgmm2-latgen-faster.cc:209) Log-like per frame for utterance PN00F04U042 is -2.92948 over 630 frames.
PN00F04U043 athth sifar do chaar chhe athth satt 
LOG (sgmm2-latgen-faster[5.5.620~1-dce1dc]:DecodeUtteranceLatticeFaster():decoder-wrappers.cc:375) Log-like per frame for utterance PN00F04U043 is -2.84972 over 630 frames.
LOG (sgmm2-latgen-faster[5.5.620~1-dce1dc]:main():sgmm2-latgen-faster.cc:209) Log-like per frame for utterance PN00F04U043 is -2.84972 over 630 frames.
PN00F04U044 satt sifar tinn panj satt naun chhe 
LOG (sgmm2-latgen-faster[5.5.620~1-dce1dc]:DecodeUtteranceLatticeFaster():decoder-wrappers.cc:375) Log-like per frame for utterance PN00F04U044 is -3.09839 over 630 frames.
LOG (sgmm2-latgen-faster[5.5.620~1-dce1dc]:main():sgmm2-latgen-faster.cc:209) Log-like per frame for utterance PN00F04U044 is -3.09839 over 630 frames.
PN00F04U045 chhe sifar chaar satt panj sifar panj 
LOG (sgmm2-latgen-faster[5.5.620~1-dce1dc]:DecodeUtteranceLatticeFaster():decoder-wrappers.cc:375) Log-like per frame for utterance PN00F04U045 is -3.01371 over 630 frames.
LOG (sgmm2-latgen-faster[5.5.620~1-dce1dc]:main():sgmm2-latgen-faster.cc:209) Log-like per frame for utterance PN00F04U045 is -3.01371 over 630 frames.
PN00F04U046 panj athth chaar sifar chhe naun tinn 
LOG (sgmm2-latgen-faster[5.5.620~1-dce1dc]:DecodeUtteranceLatticeFaster():decoder-wrappers.cc:375) Log-like per frame for utterance PN00F04U046 is -2.81814 over 630 frames.
LOG (sgmm2-latgen-faster[5.5.620~1-dce1dc]:main():sgmm2-latgen-faster.cc:209) Log-like per frame for utterance PN00F04U046 is -2.81814 over 630 frames.
PN00F04U047 tinn sifar satt do sifar athth ikk 
LOG (sgmm2-latgen-faster[5.5.620~1-dce1dc]:DecodeUtteranceLatticeFaster():decoder-wrappers.cc:375) Log-like per frame for utterance PN00F04U047 is -3.06698 over 630 frames.
LOG (sgmm2-latgen-faster[5.5.620~1-dce1dc]:main():sgmm2-latgen-faster.cc:209) Log-like per frame for utterance PN00F04U047 is -3.06698 over 630 frames.
PN00F04U048 ikk sifar sifar ikk naun ikk tinn 
LOG (sgmm2-latgen-faster[5.5.620~1-dce1dc]:DecodeUtteranceLatticeFaster():decoder-wrappers.cc:375) Log-like per frame for utterance PN00F04U048 is -3.14053 over 630 frames.
LOG (sgmm2-latgen-faster[5.5.620~1-dce1dc]:main():sgmm2-latgen-faster.cc:209) Log-like per frame for utterance PN00F04U048 is -3.14053 over 630 frames.
PN00F04U049 tinn chhe ikk chaar athth do panj 
LOG (sgmm2-latgen-faster[5.5.620~1-dce1dc]:DecodeUtteranceLatticeFaster():decoder-wrappers.cc:375) Log-like per frame for utterance PN00F04U049 is -2.78936 over 630 frames.
LOG (sgmm2-latgen-faster[5.5.620~1-dce1dc]:main():sgmm2-latgen-faster.cc:209) Log-like per frame for utterance PN00F04U049 is -2.78936 over 630 frames.
PN00F04U050 panj naun do chhe panj ikk panj 
LOG (sgmm2-latgen-faster[5.5.620~1-dce1dc]:DecodeUtteranceLatticeFaster():decoder-wrappers.cc:375) Log-like per frame for utterance PN00F04U050 is -2.84318 over 630 frames.
LOG (sgmm2-latgen-faster[5.5.620~1-dce1dc]:main():sgmm2-latgen-faster.cc:209) Log-like per frame for utterance PN00F04U050 is -2.84318 over 630 frames.
PN00F04U051 panj chaar ikk chhe tinn ikk satt 
LOG (sgmm2-latgen-faster[5.5.620~1-dce1dc]:DecodeUtteranceLatticeFaster():decoder-wrappers.cc:375) Log-like per frame for utterance PN00F04U051 is -3.0104 over 630 frames.
LOG (sgmm2-latgen-faster[5.5.620~1-dce1dc]:main():sgmm2-latgen-faster.cc:209) Log-like per frame for utterance PN00F04U051 is -3.0104 over 630 frames.
PN00F04U052 satt ikk athth tinn satt tinn athth 
LOG (sgmm2-latgen-faster[5.5.620~1-dce1dc]:DecodeUtteranceLatticeFaster():decoder-wrappers.cc:375) Log-like per frame for utterance PN00F04U052 is -3.06054 over 630 frames.
LOG (sgmm2-latgen-faster[5.5.620~1-dce1dc]:main():sgmm2-latgen-faster.cc:209) Log-like per frame for utterance PN00F04U052 is -3.06054 over 630 frames.
PN00F04U053 athth naun naun chaar naun panj do 
LOG (sgmm2-latgen-faster[5.5.620~1-dce1dc]:DecodeUtteranceLatticeFaster():decoder-wrappers.cc:375) Log-like per frame for utterance PN00F04U053 is -2.5844 over 630 frames.
LOG (sgmm2-latgen-faster[5.5.620~1-dce1dc]:main():sgmm2-latgen-faster.cc:209) Log-like per frame for utterance PN00F04U053 is -2.5844 over 630 frames.
PN00F04U054 do satt chhe do athth panj tinn 
LOG (sgmm2-latgen-faster[5.5.620~1-dce1dc]:DecodeUtteranceLatticeFaster():decoder-wrappers.cc:375) Log-like per frame for utterance PN00F04U054 is -2.87904 over 630 frames.
LOG (sgmm2-latgen-faster[5.5.620~1-dce1dc]:main():sgmm2-latgen-faster.cc:209) Log-like per frame for utterance PN00F04U054 is -2.87904 over 630 frames.
PN00F04U055 tinn naun satt chaar do ikk ikk 
LOG (sgmm2-latgen-faster[5.5.620~1-dce1dc]:DecodeUtteranceLatticeFaster():decoder-wrappers.cc:375) Log-like per frame for utterance PN00F04U055 is -2.77336 over 630 frames.
LOG (sgmm2-latgen-faster[5.5.620~1-dce1dc]:main():sgmm2-latgen-faster.cc:209) Log-like per frame for utterance PN00F04U055 is -2.77336 over 630 frames.
PN00F04U056 ikk do naun sifar ikk do do 
LOG (sgmm2-latgen-faster[5.5.620~1-dce1dc]:DecodeUtteranceLatticeFaster():decoder-wrappers.cc:375) Log-like per frame for utterance PN00F04U056 is -2.73009 over 630 frames.
LOG (sgmm2-latgen-faster[5.5.620~1-dce1dc]:main():sgmm2-latgen-faster.cc:209) Log-like per frame for utterance PN00F04U056 is -2.73009 over 630 frames.
PN00F04U057 do tinn do tinn tinn chaar tinn 
LOG (sgmm2-latgen-faster[5.5.620~1-dce1dc]:DecodeUtteranceLatticeFaster():decoder-wrappers.cc:375) Log-like per frame for utterance PN00F04U057 is -2.6047 over 630 frames.
LOG (sgmm2-latgen-faster[5.5.620~1-dce1dc]:main():sgmm2-latgen-faster.cc:209) Log-like per frame for utterance PN00F04U057 is -2.6047 over 630 frames.
PN00F04U058 tinn chaar chaar panj panj chhe chaar 
LOG (sgmm2-latgen-faster[5.5.620~1-dce1dc]:DecodeUtteranceLatticeFaster():decoder-wrappers.cc:375) Log-like per frame for utterance PN00F04U058 is -2.68512 over 630 frames.
LOG (sgmm2-latgen-faster[5.5.620~1-dce1dc]:main():sgmm2-latgen-faster.cc:209) Log-like per frame for utterance PN00F04U058 is -2.68512 over 630 frames.
PN00F04U059 athth athth athth sifar sifar sifar sifar 
LOG (sgmm2-latgen-faster[5.5.620~1-dce1dc]:DecodeUtteranceLatticeFaster():decoder-wrappers.cc:375) Log-like per frame for utterance PN00F04U059 is -2.93414 over 630 frames.
LOG (sgmm2-latgen-faster[5.5.620~1-dce1dc]:main():sgmm2-latgen-faster.cc:209) Log-like per frame for utterance PN00F04U059 is -2.93414 over 630 frames.
PN00F04U060 athth chhe satt athth athth naun sifar 
LOG (sgmm2-latgen-faster[5.5.620~1-dce1dc]:DecodeUtteranceLatticeFaster():decoder-wrappers.cc:375) Log-like per frame for utterance PN00F04U060 is -2.84612 over 630 frames.
LOG (sgmm2-latgen-faster[5.5.620~1-dce1dc]:main():sgmm2-latgen-faster.cc:209) Log-like per frame for utterance PN00F04U060 is -2.84612 over 630 frames.
PN00F04U061 sifar naun naun athth satt chhe panj 
LOG (sgmm2-latgen-faster[5.5.620~1-dce1dc]:DecodeUtteranceLatticeFaster():decoder-wrappers.cc:375) Log-like per frame for utterance PN00F04U061 is -2.82488 over 630 frames.
LOG (sgmm2-latgen-faster[5.5.620~1-dce1dc]:main():sgmm2-latgen-faster.cc:209) Log-like per frame for utterance PN00F04U061 is -2.82488 over 630 frames.
PN00F04U062 panj chaar tinn do ikk sifar athth 
LOG (sgmm2-latgen-faster[5.5.620~1-dce1dc]:DecodeUtteranceLatticeFaster():decoder-wrappers.cc:375) Log-like per frame for utterance PN00F04U062 is -2.92349 over 629 frames.
LOG (sgmm2-latgen-faster[5.5.620~1-dce1dc]:main():sgmm2-latgen-faster.cc:209) Log-like per frame for utterance PN00F04U062 is -2.92349 over 629 frames.
PN00F04U063 athth naun satt panj tinn ikk satt 
LOG (sgmm2-latgen-faster[5.5.620~1-dce1dc]:DecodeUtteranceLatticeFaster():decoder-wrappers.cc:375) Log-like per frame for utterance PN00F04U063 is -2.8616 over 630 frames.
LOG (sgmm2-latgen-faster[5.5.620~1-dce1dc]:main():sgmm2-latgen-faster.cc:209) Log-like per frame for utterance PN00F04U063 is -2.8616 over 630 frames.
PN00F04U064 satt naun chhe chaar do sifar chhe 
LOG (sgmm2-latgen-faster[5.5.620~1-dce1dc]:DecodeUtteranceLatticeFaster():decoder-wrappers.cc:375) Log-like per frame for utterance PN00F04U064 is -2.70175 over 630 frames.
LOG (sgmm2-latgen-faster[5.5.620~1-dce1dc]:main():sgmm2-latgen-faster.cc:209) Log-like per frame for utterance PN00F04U064 is -2.70175 over 630 frames.
PN00F04U065 chhe naun panj do panj naun chaar 
LOG (sgmm2-latgen-faster[5.5.620~1-dce1dc]:DecodeUtteranceLatticeFaster():decoder-wrappers.cc:375) Log-like per frame for utterance PN00F04U065 is -2.74183 over 630 frames.
LOG (sgmm2-latgen-faster[5.5.620~1-dce1dc]:main():sgmm2-latgen-faster.cc:209) Log-like per frame for utterance PN00F04U065 is -2.74183 over 630 frames.
PN00F04U066 chaar ikk chaar naun tinn sifar tinn 
LOG (sgmm2-latgen-faster[5.5.620~1-dce1dc]:DecodeUtteranceLatticeFaster():decoder-wrappers.cc:375) Log-like per frame for utterance PN00F04U066 is -2.87049 over 630 frames.
LOG (sgmm2-latgen-faster[5.5.620~1-dce1dc]:main():sgmm2-latgen-faster.cc:209) Log-like per frame for utterance PN00F04U066 is -2.87049 over 630 frames.
PN00F04U067 tinn naun do do naun ikk ikk 
LOG (sgmm2-latgen-faster[5.5.620~1-dce1dc]:DecodeUtteranceLatticeFaster():decoder-wrappers.cc:375) Log-like per frame for utterance PN00F04U067 is -2.47009 over 630 frames.
LOG (sgmm2-latgen-faster[5.5.620~1-dce1dc]:main():sgmm2-latgen-faster.cc:209) Log-like per frame for utterance PN00F04U067 is -2.47009 over 630 frames.
PN00F04U068 ikk naun sifar sifar satt chaar sifar 
LOG (sgmm2-latgen-faster[5.5.620~1-dce1dc]:DecodeUtteranceLatticeFaster():decoder-wrappers.cc:375) Log-like per frame for utterance PN00F04U068 is -2.88618 over 630 frames.
LOG (sgmm2-latgen-faster[5.5.620~1-dce1dc]:main():sgmm2-latgen-faster.cc:209) Log-like per frame for utterance PN00F04U068 is -2.88618 over 630 frames.
PN00F04U069 sifar ikk athth chhe tinn athth 
LOG (sgmm2-latgen-faster[5.5.620~1-dce1dc]:DecodeUtteranceLatticeFaster():decoder-wrappers.cc:375) Log-like per frame for utterance PN00F04U069 is -2.95936 over 630 frames.
LOG (sgmm2-latgen-faster[5.5.620~1-dce1dc]:main():sgmm2-latgen-faster.cc:209) Log-like per frame for utterance PN00F04U069 is -2.95936 over 630 frames.
PN00F04U070 athth panj ikk chhe do chhe athth 
LOG (sgmm2-latgen-faster[5.5.620~1-dce1dc]:DecodeUtteranceLatticeFaster():decoder-wrappers.cc:375) Log-like per frame for utterance PN00F04U070 is -2.75477 over 629 frames.
LOG (sgmm2-latgen-faster[5.5.620~1-dce1dc]:main():sgmm2-latgen-faster.cc:209) Log-like per frame for utterance PN00F04U070 is -2.75477 over 629 frames.
PN00F04U071 athth chaar panj athth tinn chaar athth 
LOG (sgmm2-latgen-faster[5.5.620~1-dce1dc]:DecodeUtteranceLatticeFaster():decoder-wrappers.cc:375) Log-like per frame for utterance PN00F04U071 is -2.88507 over 629 frames.
LOG (sgmm2-latgen-faster[5.5.620~1-dce1dc]:main():sgmm2-latgen-faster.cc:209) Log-like per frame for utterance PN00F04U071 is -2.88507 over 629 frames.
PN00F04U072 athth do tinn satt tinn chhe ikk 
LOG (sgmm2-latgen-faster[5.5.620~1-dce1dc]:DecodeUtteranceLatticeFaster():decoder-wrappers.cc:375) Log-like per frame for utterance PN00F04U072 is -2.7626 over 630 frames.
LOG (sgmm2-latgen-faster[5.5.620~1-dce1dc]:main():sgmm2-latgen-faster.cc:209) Log-like per frame for utterance PN00F04U072 is -2.7626 over 630 frames.
PN00F04U073 ikk panj sifar panj chhe satt do 
LOG (sgmm2-latgen-faster[5.5.620~1-dce1dc]:DecodeUtteranceLatticeFaster():decoder-wrappers.cc:375) Log-like per frame for utterance PN00F04U073 is -3.08486 over 630 frames.
LOG (sgmm2-latgen-faster[5.5.620~1-dce1dc]:main():sgmm2-latgen-faster.cc:209) Log-like per frame for utterance PN00F04U073 is -3.08486 over 630 frames.
PN00F04U074 do athth ikk tinn panj panj satt 
LOG (sgmm2-latgen-faster[5.5.620~1-dce1dc]:DecodeUtteranceLatticeFaster():decoder-wrappers.cc:375) Log-like per frame for utterance PN00F04U074 is -2.80378 over 629 frames.
LOG (sgmm2-latgen-faster[5.5.620~1-dce1dc]:main():sgmm2-latgen-faster.cc:209) Log-like per frame for utterance PN00F04U074 is -2.80378 over 629 frames.
LOG (apply-cmvn[5.5.620~1-dce1dc]:main():apply-cmvn.cc:162) Applied cepstral mean normalization to 80 utterances, errors on 0
PN00F04U075 satt ikk do satt sifar do chaar 
LOG (sgmm2-latgen-faster[5.5.620~1-dce1dc]:DecodeUtteranceLatticeFaster():decoder-wrappers.cc:375) Log-like per frame for utterance PN00F04U075 is -2.86949 over 630 frames.
LOG (sgmm2-latgen-faster[5.5.620~1-dce1dc]:main():sgmm2-latgen-faster.cc:209) Log-like per frame for utterance PN00F04U075 is -2.86949 over 630 frames.
LOG (copy-gselect[5.5.620~1-dce1dc]:main():copy-gselect.cc:71) Copied 80 gselect objects,  limiting sizes to 3
PN00F04U076 chaar satt athth sifar ikk do tinn 
LOG (sgmm2-latgen-faster[5.5.620~1-dce1dc]:DecodeUtteranceLatticeFaster():decoder-wrappers.cc:375) Log-like per frame for utterance PN00F04U076 is -2.77681 over 630 frames.
LOG (sgmm2-latgen-faster[5.5.620~1-dce1dc]:main():sgmm2-latgen-faster.cc:209) Log-like per frame for utterance PN00F04U076 is -2.77681 over 630 frames.
PN00F04U077 tinn tinn chaar chhe sifar chaar chaar 
LOG (sgmm2-latgen-faster[5.5.620~1-dce1dc]:DecodeUtteranceLatticeFaster():decoder-wrappers.cc:375) Log-like per frame for utterance PN00F04U077 is -2.81736 over 630 frames.
LOG (sgmm2-latgen-faster[5.5.620~1-dce1dc]:main():sgmm2-latgen-faster.cc:209) Log-like per frame for utterance PN00F04U077 is -2.81736 over 630 frames.
PN00F04U078 chaar panj chhe chhe satt satt athth 
LOG (sgmm2-latgen-faster[5.5.620~1-dce1dc]:DecodeUtteranceLatticeFaster():decoder-wrappers.cc:375) Log-like per frame for utterance PN00F04U078 is -3.04887 over 630 frames.
LOG (sgmm2-latgen-faster[5.5.620~1-dce1dc]:main():sgmm2-latgen-faster.cc:209) Log-like per frame for utterance PN00F04U078 is -3.04887 over 630 frames.
LOG (transform-feats[5.5.620~1-dce1dc]:main():transform-feats.cc:158) Overall average [pseudo-]logdet is -54.6572 over 50389 frames.
LOG (transform-feats[5.5.620~1-dce1dc]:main():transform-feats.cc:161) Applied transform to 80 utterances; 0 had errors.
PN00F04U079 naun naun ikk tinn panj satt naun 
LOG (sgmm2-latgen-faster[5.5.620~1-dce1dc]:DecodeUtteranceLatticeFaster():decoder-wrappers.cc:375) Log-like per frame for utterance PN00F04U079 is -2.61158 over 630 frames.
LOG (sgmm2-latgen-faster[5.5.620~1-dce1dc]:main():sgmm2-latgen-faster.cc:209) Log-like per frame for utterance PN00F04U079 is -2.61158 over 630 frames.
LOG (transform-feats[5.5.620~1-dce1dc]:main():transform-feats.cc:158) Overall average logdet is 3.93522 over 50389 frames.
LOG (transform-feats[5.5.620~1-dce1dc]:main():transform-feats.cc:161) Applied transform to 80 utterances; 0 had errors.
PN00F04U080 do chhe naun ikk do chaar tinn 
LOG (sgmm2-latgen-faster[5.5.620~1-dce1dc]:DecodeUtteranceLatticeFaster():decoder-wrappers.cc:375) Log-like per frame for utterance PN00F04U080 is -2.62291 over 630 frames.
LOG (sgmm2-latgen-faster[5.5.620~1-dce1dc]:main():sgmm2-latgen-faster.cc:209) Log-like per frame for utterance PN00F04U080 is -2.62291 over 630 frames.
LOG (sgmm2-latgen-faster[5.5.620~1-dce1dc]:main():sgmm2-latgen-faster.cc:252) Time taken [excluding initialization] 15.7283s: real-time factor assuming 100 frames/sec is 0.0312137
LOG (sgmm2-latgen-faster[5.5.620~1-dce1dc]:main():sgmm2-latgen-faster.cc:255) Done 80 utterances, failed for 0
LOG (sgmm2-latgen-faster[5.5.620~1-dce1dc]:main():sgmm2-latgen-faster.cc:257) Overall log-likelihood per frame = -2.90009 over 50389 frames.
# Accounting: time=16 threads=1
# Ended (code 0) at Sun Mar 22 09:55:43 IST 2020, elapsed time 16 seconds
