# sgmm2-latgen-faster --max-active=7000 --beam=13.0 --lattice-beam=6.0 --acoustic-scale=0.1 --determinize-lattice=false --allow-partial=true --word-symbol-table=exp/sgmm/graph/words.txt --max-mem=50000000 "--gselect=ark,s,cs:gunzip -c exp/sgmm/decode/gselect.4.gz| copy-gselect --n=3 ark:- ark:- |" exp/sgmm/final.alimdl exp/sgmm/graph/HCLG.fst "ark,s,cs:apply-cmvn  --utt2spk=ark:data/test/split4/4/utt2spk scp:data/test/split4/4/cmvn.scp scp:data/test/split4/4/feats.scp ark:- | splice-feats  ark:- ark:- | transform-feats exp/sgmm/final.mat ark:- ark:- | transform-feats --utt2spk=ark:data/test/split4/4/utt2spk ark,s,cs:exp/tri4/decode/trans.4 ark:- ark:- |" "ark:|gzip -c > exp/sgmm/decode/pre_lat.4.gz" 
# Started at Sun Mar 22 09:55:27 IST 2020
#
sgmm2-latgen-faster --max-active=7000 --beam=13.0 --lattice-beam=6.0 --acoustic-scale=0.1 --determinize-lattice=false --allow-partial=true --word-symbol-table=exp/sgmm/graph/words.txt --max-mem=50000000 '--gselect=ark,s,cs:gunzip -c exp/sgmm/decode/gselect.4.gz| copy-gselect --n=3 ark:- ark:- |' exp/sgmm/final.alimdl exp/sgmm/graph/HCLG.fst 'ark,s,cs:apply-cmvn  --utt2spk=ark:data/test/split4/4/utt2spk scp:data/test/split4/4/cmvn.scp scp:data/test/split4/4/feats.scp ark:- | splice-feats  ark:- ark:- | transform-feats exp/sgmm/final.mat ark:- ark:- | transform-feats --utt2spk=ark:data/test/split4/4/utt2spk ark,s,cs:exp/tri4/decode/trans.4 ark:- ark:- |' 'ark:|gzip -c > exp/sgmm/decode/pre_lat.4.gz' 
apply-cmvn --utt2spk=ark:data/test/split4/4/utt2spk scp:data/test/split4/4/cmvn.scp scp:data/test/split4/4/feats.scp ark:- 
transform-feats exp/sgmm/final.mat ark:- ark:- 
transform-feats --utt2spk=ark:data/test/split4/4/utt2spk ark,s,cs:exp/tri4/decode/trans.4 ark:- ark:- 
splice-feats ark:- ark:- 
copy-gselect --n=3 ark:- ark:- 
PN00M03U001 sifar sifar naun athth satt chhe panj 
LOG (sgmm2-latgen-faster[5.5.620~1-dce1dc]:DecodeUtteranceLatticeFaster():decoder-wrappers.cc:375) Log-like per frame for utterance PN00M03U001 is -3.18306 over 629 frames.
LOG (sgmm2-latgen-faster[5.5.620~1-dce1dc]:main():sgmm2-latgen-faster.cc:209) Log-like per frame for utterance PN00M03U001 is -3.18306 over 629 frames.
PN00M03U002 panj chaar tinn do ikk sifar ikk 
LOG (sgmm2-latgen-faster[5.5.620~1-dce1dc]:DecodeUtteranceLatticeFaster():decoder-wrappers.cc:375) Log-like per frame for utterance PN00M03U002 is -3.18052 over 630 frames.
LOG (sgmm2-latgen-faster[5.5.620~1-dce1dc]:main():sgmm2-latgen-faster.cc:209) Log-like per frame for utterance PN00M03U002 is -3.18052 over 630 frames.
PN00M03U003 ikk naun satt panj tinn ikk do 
LOG (sgmm2-latgen-faster[5.5.620~1-dce1dc]:DecodeUtteranceLatticeFaster():decoder-wrappers.cc:375) Log-like per frame for utterance PN00M03U003 is -2.9888 over 630 frames.
LOG (sgmm2-latgen-faster[5.5.620~1-dce1dc]:main():sgmm2-latgen-faster.cc:209) Log-like per frame for utterance PN00M03U003 is -2.9888 over 630 frames.
PN00M03U004 do naun chhe chaar do sifar tinn 
LOG (sgmm2-latgen-faster[5.5.620~1-dce1dc]:DecodeUtteranceLatticeFaster():decoder-wrappers.cc:375) Log-like per frame for utterance PN00M03U004 is -3.14012 over 630 frames.
LOG (sgmm2-latgen-faster[5.5.620~1-dce1dc]:main():sgmm2-latgen-faster.cc:209) Log-like per frame for utterance PN00M03U004 is -3.14012 over 630 frames.
PN00M03U005 tinn naun panj do chaar naun chaar 
LOG (sgmm2-latgen-faster[5.5.620~1-dce1dc]:DecodeUtteranceLatticeFaster():decoder-wrappers.cc:375) Log-like per frame for utterance PN00M03U005 is -3.01832 over 629 frames.
LOG (sgmm2-latgen-faster[5.5.620~1-dce1dc]:main():sgmm2-latgen-faster.cc:209) Log-like per frame for utterance PN00M03U005 is -3.01832 over 629 frames.
PN00M03U006 chaar ikk panj naun tinn sifar chhe 
LOG (sgmm2-latgen-faster[5.5.620~1-dce1dc]:DecodeUtteranceLatticeFaster():decoder-wrappers.cc:375) Log-like per frame for utterance PN00M03U006 is -3.09847 over 630 frames.
LOG (sgmm2-latgen-faster[5.5.620~1-dce1dc]:main():sgmm2-latgen-faster.cc:209) Log-like per frame for utterance PN00M03U006 is -3.09847 over 630 frames.
PN00M03U007 chhe naun do satt naun ikk athth 
LOG (sgmm2-latgen-faster[5.5.620~1-dce1dc]:DecodeUtteranceLatticeFaster():decoder-wrappers.cc:375) Log-like per frame for utterance PN00M03U007 is -2.99908 over 630 frames.
LOG (sgmm2-latgen-faster[5.5.620~1-dce1dc]:main():sgmm2-latgen-faster.cc:209) Log-like per frame for utterance PN00M03U007 is -2.99908 over 630 frames.
PN00M03U008 athth naun sifar athth chhe tinn chaar 
LOG (sgmm2-latgen-faster[5.5.620~1-dce1dc]:DecodeUtteranceLatticeFaster():decoder-wrappers.cc:375) Log-like per frame for utterance PN00M03U008 is -3.34497 over 630 frames.
LOG (sgmm2-latgen-faster[5.5.620~1-dce1dc]:main():sgmm2-latgen-faster.cc:209) Log-like per frame for utterance PN00M03U008 is -3.34497 over 630 frames.
PN00M03U009 chaar sifar satt chaar athth panj ikk 
LOG (sgmm2-latgen-faster[5.5.620~1-dce1dc]:DecodeUtteranceLatticeFaster():decoder-wrappers.cc:375) Log-like per frame for utterance PN00M03U009 is -3.25041 over 630 frames.
LOG (sgmm2-latgen-faster[5.5.620~1-dce1dc]:main():sgmm2-latgen-faster.cc:209) Log-like per frame for utterance PN00M03U009 is -3.25041 over 630 frames.
PN00M03U010 ikk satt tinn tinn athth chaar chaar 
LOG (sgmm2-latgen-faster[5.5.620~1-dce1dc]:DecodeUtteranceLatticeFaster():decoder-wrappers.cc:375) Log-like per frame for utterance PN00M03U010 is -3.13597 over 630 frames.
LOG (sgmm2-latgen-faster[5.5.620~1-dce1dc]:main():sgmm2-latgen-faster.cc:209) Log-like per frame for utterance PN00M03U010 is -3.13597 over 630 frames.
PN00M03U011 chhe satt do panj athth tinn chhe 
LOG (sgmm2-latgen-faster[5.5.620~1-dce1dc]:DecodeUtteranceLatticeFaster():decoder-wrappers.cc:375) Log-like per frame for utterance PN00M03U011 is -3.05741 over 630 frames.
LOG (sgmm2-latgen-faster[5.5.620~1-dce1dc]:main():sgmm2-latgen-faster.cc:209) Log-like per frame for utterance PN00M03U011 is -3.05741 over 630 frames.
PN00M03U012 chhe athth do athth ikk chhe do 
LOG (sgmm2-latgen-faster[5.5.620~1-dce1dc]:DecodeUtteranceLatticeFaster():decoder-wrappers.cc:375) Log-like per frame for utterance PN00M03U012 is -2.85385 over 630 frames.
LOG (sgmm2-latgen-faster[5.5.620~1-dce1dc]:main():sgmm2-latgen-faster.cc:209) Log-like per frame for utterance PN00M03U012 is -2.85385 over 630 frames.
PN00M03U013 do chhe ikk do tinn satt ikk 
LOG (sgmm2-latgen-faster[5.5.620~1-dce1dc]:DecodeUtteranceLatticeFaster():decoder-wrappers.cc:375) Log-like per frame for utterance PN00M03U013 is -2.95286 over 630 frames.
LOG (sgmm2-latgen-faster[5.5.620~1-dce1dc]:main():sgmm2-latgen-faster.cc:209) Log-like per frame for utterance PN00M03U013 is -2.95286 over 630 frames.
PN00M03U014 ikk chaar chhe sifar chaar panj sifar 
LOG (sgmm2-latgen-faster[5.5.620~1-dce1dc]:DecodeUtteranceLatticeFaster():decoder-wrappers.cc:375) Log-like per frame for utterance PN00M03U014 is -3.08456 over 630 frames.
LOG (sgmm2-latgen-faster[5.5.620~1-dce1dc]:main():sgmm2-latgen-faster.cc:209) Log-like per frame for utterance PN00M03U014 is -3.08456 over 630 frames.
PN00M03U015 sifar panj satt sifar do do tinn 
LOG (sgmm2-latgen-faster[5.5.620~1-dce1dc]:DecodeUtteranceLatticeFaster():decoder-wrappers.cc:375) Log-like per frame for utterance PN00M03U015 is -3.11228 over 630 frames.
LOG (sgmm2-latgen-faster[5.5.620~1-dce1dc]:main():sgmm2-latgen-faster.cc:209) Log-like per frame for utterance PN00M03U015 is -3.11228 over 630 frames.
PN00M03U016 tinn panj chhe satt athth sifar ikk 
LOG (sgmm2-latgen-faster[5.5.620~1-dce1dc]:DecodeUtteranceLatticeFaster():decoder-wrappers.cc:375) Log-like per frame for utterance PN00M03U016 is -3.08785 over 630 frames.
LOG (sgmm2-latgen-faster[5.5.620~1-dce1dc]:main():sgmm2-latgen-faster.cc:209) Log-like per frame for utterance PN00M03U016 is -3.08785 over 630 frames.
PN00M03U017 ikk tinn chaar panj panj chhe chhe 
LOG (sgmm2-latgen-faster[5.5.620~1-dce1dc]:DecodeUtteranceLatticeFaster():decoder-wrappers.cc:375) Log-like per frame for utterance PN00M03U017 is -3.01865 over 630 frames.
LOG (sgmm2-latgen-faster[5.5.620~1-dce1dc]:main():sgmm2-latgen-faster.cc:209) Log-like per frame for utterance PN00M03U017 is -3.01865 over 630 frames.
PN00M03U018 chhe satt satt athth athth naun naun 
LOG (sgmm2-latgen-faster[5.5.620~1-dce1dc]:DecodeUtteranceLatticeFaster():decoder-wrappers.cc:375) Log-like per frame for utterance PN00M03U018 is -2.94194 over 630 frames.
LOG (sgmm2-latgen-faster[5.5.620~1-dce1dc]:main():sgmm2-latgen-faster.cc:209) Log-like per frame for utterance PN00M03U018 is -2.94194 over 630 frames.
PN00M03U019 naun sifar ikk ikk do ikk satt 
LOG (sgmm2-latgen-faster[5.5.620~1-dce1dc]:DecodeUtteranceLatticeFaster():decoder-wrappers.cc:375) Log-like per frame for utterance PN00M03U019 is -3.082 over 629 frames.
LOG (sgmm2-latgen-faster[5.5.620~1-dce1dc]:main():sgmm2-latgen-faster.cc:209) Log-like per frame for utterance PN00M03U019 is -3.082 over 629 frames.
PN00M03U020 satt naun ikk tinn panj satt naun 
LOG (sgmm2-latgen-faster[5.5.620~1-dce1dc]:DecodeUtteranceLatticeFaster():decoder-wrappers.cc:375) Log-like per frame for utterance PN00M03U020 is -2.9427 over 630 frames.
LOG (sgmm2-latgen-faster[5.5.620~1-dce1dc]:main():sgmm2-latgen-faster.cc:209) Log-like per frame for utterance PN00M03U020 is -2.9427 over 630 frames.
PN00M03U021 sifar sifar ikk do tinn chaar panj 
LOG (sgmm2-latgen-faster[5.5.620~1-dce1dc]:DecodeUtteranceLatticeFaster():decoder-wrappers.cc:375) Log-like per frame for utterance PN00M03U021 is -3.14398 over 630 frames.
LOG (sgmm2-latgen-faster[5.5.620~1-dce1dc]:main():sgmm2-latgen-faster.cc:209) Log-like per frame for utterance PN00M03U021 is -3.14398 over 630 frames.
PN00M03U022 panj chhe satt athth naun ikk sifar 
LOG (sgmm2-latgen-faster[5.5.620~1-dce1dc]:DecodeUtteranceLatticeFaster():decoder-wrappers.cc:375) Log-like per frame for utterance PN00M03U022 is -3.11746 over 630 frames.
LOG (sgmm2-latgen-faster[5.5.620~1-dce1dc]:main():sgmm2-latgen-faster.cc:209) Log-like per frame for utterance PN00M03U022 is -3.11746 over 630 frames.
PN00M03U023 sifar do chaar chhe athth do sifar 
LOG (sgmm2-latgen-faster[5.5.620~1-dce1dc]:DecodeUtteranceLatticeFaster():decoder-wrappers.cc:375) Log-like per frame for utterance PN00M03U023 is -3.19348 over 629 frames.
LOG (sgmm2-latgen-faster[5.5.620~1-dce1dc]:main():sgmm2-latgen-faster.cc:209) Log-like per frame for utterance PN00M03U023 is -3.19348 over 629 frames.
PN00M03U024 sifar tinn panj satt naun tinn sifar 
LOG (sgmm2-latgen-faster[5.5.620~1-dce1dc]:DecodeUtteranceLatticeFaster():decoder-wrappers.cc:375) Log-like per frame for utterance PN00M03U024 is -3.1596 over 630 frames.
LOG (sgmm2-latgen-faster[5.5.620~1-dce1dc]:main():sgmm2-latgen-faster.cc:209) Log-like per frame for utterance PN00M03U024 is -3.1596 over 630 frames.
PN00M03U025 sifar chaar satt chaar sifar panj athth 
LOG (sgmm2-latgen-faster[5.5.620~1-dce1dc]:DecodeUtteranceLatticeFaster():decoder-wrappers.cc:375) Log-like per frame for utterance PN00M03U025 is -3.16795 over 630 frames.
LOG (sgmm2-latgen-faster[5.5.620~1-dce1dc]:main():sgmm2-latgen-faster.cc:209) Log-like per frame for utterance PN00M03U025 is -3.16795 over 630 frames.
PN00M03U026 athth panj sifar chhe naun chhe sifar 
LOG (sgmm2-latgen-faster[5.5.620~1-dce1dc]:DecodeUtteranceLatticeFaster():decoder-wrappers.cc:375) Log-like per frame for utterance PN00M03U026 is -3.13694 over 629 frames.
LOG (sgmm2-latgen-faster[5.5.620~1-dce1dc]:main():sgmm2-latgen-faster.cc:209) Log-like per frame for utterance PN00M03U026 is -3.13694 over 629 frames.
PN00M03U027 sifar satt satt sifar athth athth sifar 
LOG (sgmm2-latgen-faster[5.5.620~1-dce1dc]:DecodeUtteranceLatticeFaster():decoder-wrappers.cc:375) Log-like per frame for utterance PN00M03U027 is -3.18736 over 629 frames.
LOG (sgmm2-latgen-faster[5.5.620~1-dce1dc]:main():sgmm2-latgen-faster.cc:209) Log-like per frame for utterance PN00M03U027 is -3.18736 over 629 frames.
PN00M03U028 sifar naun naun sifar ikk ikk tinn 
LOG (sgmm2-latgen-faster[5.5.620~1-dce1dc]:DecodeUtteranceLatticeFaster():decoder-wrappers.cc:375) Log-like per frame for utterance PN00M03U028 is -3.11446 over 630 frames.
LOG (sgmm2-latgen-faster[5.5.620~1-dce1dc]:main():sgmm2-latgen-faster.cc:209) Log-like per frame for utterance PN00M03U028 is -3.11446 over 630 frames.
PN00M03U029 tinn chhe ikk chaar athth ikk panj 
LOG (sgmm2-latgen-faster[5.5.620~1-dce1dc]:DecodeUtteranceLatticeFaster():decoder-wrappers.cc:375) Log-like per frame for utterance PN00M03U029 is -2.93574 over 630 frames.
LOG (sgmm2-latgen-faster[5.5.620~1-dce1dc]:main():sgmm2-latgen-faster.cc:209) Log-like per frame for utterance PN00M03U029 is -2.93574 over 630 frames.
PN00M03U030 panj naun do panj chaar ikk chhe 
LOG (sgmm2-latgen-faster[5.5.620~1-dce1dc]:DecodeUtteranceLatticeFaster():decoder-wrappers.cc:375) Log-like per frame for utterance PN00M03U030 is -2.88982 over 630 frames.
LOG (sgmm2-latgen-faster[5.5.620~1-dce1dc]:main():sgmm2-latgen-faster.cc:209) Log-like per frame for utterance PN00M03U030 is -2.88982 over 630 frames.
PN00M03U031 chhe panj ikk satt chhe do chhe 
LOG (sgmm2-latgen-faster[5.5.620~1-dce1dc]:DecodeUtteranceLatticeFaster():decoder-wrappers.cc:375) Log-like per frame for utterance PN00M03U031 is -3.00072 over 629 frames.
LOG (sgmm2-latgen-faster[5.5.620~1-dce1dc]:main():sgmm2-latgen-faster.cc:209) Log-like per frame for utterance PN00M03U031 is -3.00072 over 629 frames.
PN00M03U032 chhe tinn satt ikk athth tinn athth 
LOG (sgmm2-latgen-faster[5.5.620~1-dce1dc]:DecodeUtteranceLatticeFaster():decoder-wrappers.cc:375) Log-like per frame for utterance PN00M03U032 is -3.07466 over 629 frames.
LOG (sgmm2-latgen-faster[5.5.620~1-dce1dc]:main():sgmm2-latgen-faster.cc:209) Log-like per frame for utterance PN00M03U032 is -3.07466 over 629 frames.
PN00M03U033 athth naun chaar naun panj do ikk 
LOG (sgmm2-latgen-faster[5.5.620~1-dce1dc]:DecodeUtteranceLatticeFaster():decoder-wrappers.cc:375) Log-like per frame for utterance PN00M03U033 is -2.83021 over 630 frames.
LOG (sgmm2-latgen-faster[5.5.620~1-dce1dc]:main():sgmm2-latgen-faster.cc:209) Log-like per frame for utterance PN00M03U033 is -2.83021 over 630 frames.
PN00M03U034 ikk naun satt do satt panj tinn 
LOG (sgmm2-latgen-faster[5.5.620~1-dce1dc]:DecodeUtteranceLatticeFaster():decoder-wrappers.cc:375) Log-like per frame for utterance PN00M03U034 is -2.82415 over 630 frames.
LOG (sgmm2-latgen-faster[5.5.620~1-dce1dc]:main():sgmm2-latgen-faster.cc:209) Log-like per frame for utterance PN00M03U034 is -2.82415 over 630 frames.
PN00M03U035 tinn naun athth satt tinn ikk do 
LOG (sgmm2-latgen-faster[5.5.620~1-dce1dc]:DecodeUtteranceLatticeFaster():decoder-wrappers.cc:375) Log-like per frame for utterance PN00M03U035 is -2.8915 over 630 frames.
LOG (sgmm2-latgen-faster[5.5.620~1-dce1dc]:main():sgmm2-latgen-faster.cc:209) Log-like per frame for utterance PN00M03U035 is -2.8915 over 630 frames.
PN00M03U036 do do athth chaar do naun sifar 
LOG (sgmm2-latgen-faster[5.5.620~1-dce1dc]:DecodeUtteranceLatticeFaster():decoder-wrappers.cc:375) Log-like per frame for utterance PN00M03U036 is -3.093 over 629 frames.
LOG (sgmm2-latgen-faster[5.5.620~1-dce1dc]:main():sgmm2-latgen-faster.cc:209) Log-like per frame for utterance PN00M03U036 is -3.093 over 629 frames.
PN00M03U037 sifar ikk do tinn do tinn tinn 
LOG (sgmm2-latgen-faster[5.5.620~1-dce1dc]:DecodeUtteranceLatticeFaster():decoder-wrappers.cc:375) Log-like per frame for utterance PN00M03U037 is -2.93402 over 629 frames.
LOG (sgmm2-latgen-faster[5.5.620~1-dce1dc]:main():sgmm2-latgen-faster.cc:209) Log-like per frame for utterance PN00M03U037 is -2.93402 over 629 frames.
PN00M03U038 tinn chaar tinn chaar chaar panj panj 
LOG (sgmm2-latgen-faster[5.5.620~1-dce1dc]:DecodeUtteranceLatticeFaster():decoder-wrappers.cc:375) Log-like per frame for utterance PN00M03U038 is -3.48626 over 630 frames.
LOG (sgmm2-latgen-faster[5.5.620~1-dce1dc]:main():sgmm2-latgen-faster.cc:209) Log-like per frame for utterance PN00M03U038 is -3.48626 over 630 frames.
PN00M03U039 panj chhe chaar panj chhe chhe satt 
LOG (sgmm2-latgen-faster[5.5.620~1-dce1dc]:DecodeUtteranceLatticeFaster():decoder-wrappers.cc:375) Log-like per frame for utterance PN00M03U039 is -2.96506 over 630 frames.
LOG (sgmm2-latgen-faster[5.5.620~1-dce1dc]:main():sgmm2-latgen-faster.cc:209) Log-like per frame for utterance PN00M03U039 is -2.96506 over 630 frames.
PN00M03U040 satt athth chhe satt ikk do chaar 
LOG (sgmm2-latgen-faster[5.5.620~1-dce1dc]:DecodeUtteranceLatticeFaster():decoder-wrappers.cc:375) Log-like per frame for utterance PN00M03U040 is -2.92493 over 630 frames.
LOG (sgmm2-latgen-faster[5.5.620~1-dce1dc]:main():sgmm2-latgen-faster.cc:209) Log-like per frame for utterance PN00M03U040 is -2.92493 over 630 frames.
PN00M03U041 sifar naun sifar ikk do tinn chaar 
LOG (sgmm2-latgen-faster[5.5.620~1-dce1dc]:DecodeUtteranceLatticeFaster():decoder-wrappers.cc:375) Log-like per frame for utterance PN00M03U041 is -3.13692 over 629 frames.
LOG (sgmm2-latgen-faster[5.5.620~1-dce1dc]:main():sgmm2-latgen-faster.cc:209) Log-like per frame for utterance PN00M03U041 is -3.13692 over 629 frames.
PN00M03U042 chaar panj chhe satt athth naun athth 
LOG (sgmm2-latgen-faster[5.5.620~1-dce1dc]:DecodeUtteranceLatticeFaster():decoder-wrappers.cc:375) Log-like per frame for utterance PN00M03U042 is -2.97451 over 630 frames.
LOG (sgmm2-latgen-faster[5.5.620~1-dce1dc]:main():sgmm2-latgen-faster.cc:209) Log-like per frame for utterance PN00M03U042 is -2.97451 over 630 frames.
PN00M03U043 athth sifar do chaar chhe athth satt 
LOG (sgmm2-latgen-faster[5.5.620~1-dce1dc]:DecodeUtteranceLatticeFaster():decoder-wrappers.cc:375) Log-like per frame for utterance PN00M03U043 is -3.10248 over 629 frames.
LOG (sgmm2-latgen-faster[5.5.620~1-dce1dc]:main():sgmm2-latgen-faster.cc:209) Log-like per frame for utterance PN00M03U043 is -3.10248 over 629 frames.
PN00M03U044 satt sifar tinn panj satt naun chhe 
LOG (sgmm2-latgen-faster[5.5.620~1-dce1dc]:DecodeUtteranceLatticeFaster():decoder-wrappers.cc:375) Log-like per frame for utterance PN00M03U044 is -3.11008 over 629 frames.
LOG (sgmm2-latgen-faster[5.5.620~1-dce1dc]:main():sgmm2-latgen-faster.cc:209) Log-like per frame for utterance PN00M03U044 is -3.11008 over 629 frames.
PN00M03U045 chhe sifar chaar satt panj sifar panj 
LOG (sgmm2-latgen-faster[5.5.620~1-dce1dc]:DecodeUtteranceLatticeFaster():decoder-wrappers.cc:375) Log-like per frame for utterance PN00M03U045 is -3.11895 over 630 frames.
LOG (sgmm2-latgen-faster[5.5.620~1-dce1dc]:main():sgmm2-latgen-faster.cc:209) Log-like per frame for utterance PN00M03U045 is -3.11895 over 630 frames.
PN00M03U046 panj athth chaar sifar chhe naun tinn 
LOG (sgmm2-latgen-faster[5.5.620~1-dce1dc]:DecodeUtteranceLatticeFaster():decoder-wrappers.cc:375) Log-like per frame for utterance PN00M03U046 is -2.88758 over 629 frames.
LOG (sgmm2-latgen-faster[5.5.620~1-dce1dc]:main():sgmm2-latgen-faster.cc:209) Log-like per frame for utterance PN00M03U046 is -2.88758 over 629 frames.
PN00M03U047 tinn sifar satt do sifar athth ikk 
LOG (sgmm2-latgen-faster[5.5.620~1-dce1dc]:DecodeUtteranceLatticeFaster():decoder-wrappers.cc:375) Log-like per frame for utterance PN00M03U047 is -2.91669 over 630 frames.
LOG (sgmm2-latgen-faster[5.5.620~1-dce1dc]:main():sgmm2-latgen-faster.cc:209) Log-like per frame for utterance PN00M03U047 is -2.91669 over 630 frames.
PN00M03U048 ikk sifar sifar ikk naun ikk tinn 
LOG (sgmm2-latgen-faster[5.5.620~1-dce1dc]:DecodeUtteranceLatticeFaster():decoder-wrappers.cc:375) Log-like per frame for utterance PN00M03U048 is -3.16826 over 630 frames.
LOG (sgmm2-latgen-faster[5.5.620~1-dce1dc]:main():sgmm2-latgen-faster.cc:209) Log-like per frame for utterance PN00M03U048 is -3.16826 over 630 frames.
PN00M03U049 tinn chhe ikk chaar athth do panj 
LOG (sgmm2-latgen-faster[5.5.620~1-dce1dc]:DecodeUtteranceLatticeFaster():decoder-wrappers.cc:375) Log-like per frame for utterance PN00M03U049 is -2.92961 over 630 frames.
LOG (sgmm2-latgen-faster[5.5.620~1-dce1dc]:main():sgmm2-latgen-faster.cc:209) Log-like per frame for utterance PN00M03U049 is -2.92961 over 630 frames.
PN00M03U050 panj naun do chhe panj ikk panj 
LOG (sgmm2-latgen-faster[5.5.620~1-dce1dc]:DecodeUtteranceLatticeFaster():decoder-wrappers.cc:375) Log-like per frame for utterance PN00M03U050 is -2.7935 over 630 frames.
LOG (sgmm2-latgen-faster[5.5.620~1-dce1dc]:main():sgmm2-latgen-faster.cc:209) Log-like per frame for utterance PN00M03U050 is -2.7935 over 630 frames.
PN00M03U051 panj chaar ikk chhe tinn ikk satt 
LOG (sgmm2-latgen-faster[5.5.620~1-dce1dc]:DecodeUtteranceLatticeFaster():decoder-wrappers.cc:375) Log-like per frame for utterance PN00M03U051 is -2.81213 over 629 frames.
LOG (sgmm2-latgen-faster[5.5.620~1-dce1dc]:main():sgmm2-latgen-faster.cc:209) Log-like per frame for utterance PN00M03U051 is -2.81213 over 629 frames.
PN00M03U052 satt ikk athth tinn satt tinn athth 
LOG (sgmm2-latgen-faster[5.5.620~1-dce1dc]:DecodeUtteranceLatticeFaster():decoder-wrappers.cc:375) Log-like per frame for utterance PN00M03U052 is -2.9953 over 632 frames.
LOG (sgmm2-latgen-faster[5.5.620~1-dce1dc]:main():sgmm2-latgen-faster.cc:209) Log-like per frame for utterance PN00M03U052 is -2.9953 over 632 frames.
PN00M03U053 athth naun naun chaar naun panj do 
LOG (sgmm2-latgen-faster[5.5.620~1-dce1dc]:DecodeUtteranceLatticeFaster():decoder-wrappers.cc:375) Log-like per frame for utterance PN00M03U053 is -2.83065 over 653 frames.
LOG (sgmm2-latgen-faster[5.5.620~1-dce1dc]:main():sgmm2-latgen-faster.cc:209) Log-like per frame for utterance PN00M03U053 is -2.83065 over 653 frames.
PN00M03U054 do satt chhe do athth panj tinn 
LOG (sgmm2-latgen-faster[5.5.620~1-dce1dc]:DecodeUtteranceLatticeFaster():decoder-wrappers.cc:375) Log-like per frame for utterance PN00M03U054 is -2.93179 over 651 frames.
LOG (sgmm2-latgen-faster[5.5.620~1-dce1dc]:main():sgmm2-latgen-faster.cc:209) Log-like per frame for utterance PN00M03U054 is -2.93179 over 651 frames.
PN00M03U055 tinn naun satt chaar do ikk ikk 
LOG (sgmm2-latgen-faster[5.5.620~1-dce1dc]:DecodeUtteranceLatticeFaster():decoder-wrappers.cc:375) Log-like per frame for utterance PN00M03U055 is -2.8499 over 654 frames.
LOG (sgmm2-latgen-faster[5.5.620~1-dce1dc]:main():sgmm2-latgen-faster.cc:209) Log-like per frame for utterance PN00M03U055 is -2.8499 over 654 frames.
PN00M03U056 ikk do naun sifar ikk do do 
LOG (sgmm2-latgen-faster[5.5.620~1-dce1dc]:DecodeUtteranceLatticeFaster():decoder-wrappers.cc:375) Log-like per frame for utterance PN00M03U056 is -2.85615 over 629 frames.
LOG (sgmm2-latgen-faster[5.5.620~1-dce1dc]:main():sgmm2-latgen-faster.cc:209) Log-like per frame for utterance PN00M03U056 is -2.85615 over 629 frames.
PN00M03U057 do tinn do tinn tinn chaar tinn 
LOG (sgmm2-latgen-faster[5.5.620~1-dce1dc]:DecodeUtteranceLatticeFaster():decoder-wrappers.cc:375) Log-like per frame for utterance PN00M03U057 is -3.2114 over 623 frames.
LOG (sgmm2-latgen-faster[5.5.620~1-dce1dc]:main():sgmm2-latgen-faster.cc:209) Log-like per frame for utterance PN00M03U057 is -3.2114 over 623 frames.
PN00M03U058 tinn chaar chaar panj panj chhe chaar 
LOG (sgmm2-latgen-faster[5.5.620~1-dce1dc]:DecodeUtteranceLatticeFaster():decoder-wrappers.cc:375) Log-like per frame for utterance PN00M03U058 is -3.012 over 622 frames.
LOG (sgmm2-latgen-faster[5.5.620~1-dce1dc]:main():sgmm2-latgen-faster.cc:209) Log-like per frame for utterance PN00M03U058 is -3.012 over 622 frames.
PN00M03U059 athth athth athth sifar sifar sifar sifar 
LOG (sgmm2-latgen-faster[5.5.620~1-dce1dc]:DecodeUtteranceLatticeFaster():decoder-wrappers.cc:375) Log-like per frame for utterance PN00M03U059 is -3.24976 over 625 frames.
LOG (sgmm2-latgen-faster[5.5.620~1-dce1dc]:main():sgmm2-latgen-faster.cc:209) Log-like per frame for utterance PN00M03U059 is -3.24976 over 625 frames.
PN00M03U060 athth chhe satt athth athth naun sifar 
LOG (sgmm2-latgen-faster[5.5.620~1-dce1dc]:DecodeUtteranceLatticeFaster():decoder-wrappers.cc:375) Log-like per frame for utterance PN00M03U060 is -3.08507 over 628 frames.
LOG (sgmm2-latgen-faster[5.5.620~1-dce1dc]:main():sgmm2-latgen-faster.cc:209) Log-like per frame for utterance PN00M03U060 is -3.08507 over 628 frames.
PN00M03U061 sifar naun naun athth satt chhe panj 
LOG (sgmm2-latgen-faster[5.5.620~1-dce1dc]:DecodeUtteranceLatticeFaster():decoder-wrappers.cc:375) Log-like per frame for utterance PN00M03U061 is -2.92678 over 629 frames.
LOG (sgmm2-latgen-faster[5.5.620~1-dce1dc]:main():sgmm2-latgen-faster.cc:209) Log-like per frame for utterance PN00M03U061 is -2.92678 over 629 frames.
PN00M03U062 panj chaar tinn do ikk sifar athth 
LOG (sgmm2-latgen-faster[5.5.620~1-dce1dc]:DecodeUtteranceLatticeFaster():decoder-wrappers.cc:375) Log-like per frame for utterance PN00M03U062 is -3.06891 over 630 frames.
LOG (sgmm2-latgen-faster[5.5.620~1-dce1dc]:main():sgmm2-latgen-faster.cc:209) Log-like per frame for utterance PN00M03U062 is -3.06891 over 630 frames.
PN00M03U063 athth naun satt panj tinn ikk satt 
LOG (sgmm2-latgen-faster[5.5.620~1-dce1dc]:DecodeUtteranceLatticeFaster():decoder-wrappers.cc:375) Log-like per frame for utterance PN00M03U063 is -2.82965 over 629 frames.
LOG (sgmm2-latgen-faster[5.5.620~1-dce1dc]:main():sgmm2-latgen-faster.cc:209) Log-like per frame for utterance PN00M03U063 is -2.82965 over 629 frames.
PN00M03U064 satt naun chhe chaar do sifar chhe 
LOG (sgmm2-latgen-faster[5.5.620~1-dce1dc]:DecodeUtteranceLatticeFaster():decoder-wrappers.cc:375) Log-like per frame for utterance PN00M03U064 is -3.11784 over 629 frames.
LOG (sgmm2-latgen-faster[5.5.620~1-dce1dc]:main():sgmm2-latgen-faster.cc:209) Log-like per frame for utterance PN00M03U064 is -3.11784 over 629 frames.
PN00M03U065 chhe naun panj do panj naun chaar 
LOG (sgmm2-latgen-faster[5.5.620~1-dce1dc]:DecodeUtteranceLatticeFaster():decoder-wrappers.cc:375) Log-like per frame for utterance PN00M03U065 is -2.97058 over 629 frames.
LOG (sgmm2-latgen-faster[5.5.620~1-dce1dc]:main():sgmm2-latgen-faster.cc:209) Log-like per frame for utterance PN00M03U065 is -2.97058 over 629 frames.
PN00M03U066 chaar ikk chaar naun tinn sifar tinn 
LOG (sgmm2-latgen-faster[5.5.620~1-dce1dc]:DecodeUtteranceLatticeFaster():decoder-wrappers.cc:375) Log-like per frame for utterance PN00M03U066 is -2.92199 over 630 frames.
LOG (sgmm2-latgen-faster[5.5.620~1-dce1dc]:main():sgmm2-latgen-faster.cc:209) Log-like per frame for utterance PN00M03U066 is -2.92199 over 630 frames.
PN00M03U067 tinn naun do do naun ikk ikk 
LOG (sgmm2-latgen-faster[5.5.620~1-dce1dc]:DecodeUtteranceLatticeFaster():decoder-wrappers.cc:375) Log-like per frame for utterance PN00M03U067 is -2.8045 over 627 frames.
LOG (sgmm2-latgen-faster[5.5.620~1-dce1dc]:main():sgmm2-latgen-faster.cc:209) Log-like per frame for utterance PN00M03U067 is -2.8045 over 627 frames.
PN00M03U068 ikk naun sifar sifar satt chaar sifar 
LOG (sgmm2-latgen-faster[5.5.620~1-dce1dc]:DecodeUtteranceLatticeFaster():decoder-wrappers.cc:375) Log-like per frame for utterance PN00M03U068 is -3.34608 over 630 frames.
LOG (sgmm2-latgen-faster[5.5.620~1-dce1dc]:main():sgmm2-latgen-faster.cc:209) Log-like per frame for utterance PN00M03U068 is -3.34608 over 630 frames.
PN00M03U069 sifar ikk athth chhe tinn athth 
LOG (sgmm2-latgen-faster[5.5.620~1-dce1dc]:DecodeUtteranceLatticeFaster():decoder-wrappers.cc:375) Log-like per frame for utterance PN00M03U069 is -2.95783 over 629 frames.
LOG (sgmm2-latgen-faster[5.5.620~1-dce1dc]:main():sgmm2-latgen-faster.cc:209) Log-like per frame for utterance PN00M03U069 is -2.95783 over 629 frames.
PN00M03U070 athth panj ikk chhe do chhe athth 
LOG (sgmm2-latgen-faster[5.5.620~1-dce1dc]:DecodeUtteranceLatticeFaster():decoder-wrappers.cc:375) Log-like per frame for utterance PN00M03U070 is -3.0353 over 630 frames.
LOG (sgmm2-latgen-faster[5.5.620~1-dce1dc]:main():sgmm2-latgen-faster.cc:209) Log-like per frame for utterance PN00M03U070 is -3.0353 over 630 frames.
PN00M03U071 athth chaar panj athth tinn chaar athth 
LOG (sgmm2-latgen-faster[5.5.620~1-dce1dc]:DecodeUtteranceLatticeFaster():decoder-wrappers.cc:375) Log-like per frame for utterance PN00M03U071 is -2.9114 over 630 frames.
LOG (sgmm2-latgen-faster[5.5.620~1-dce1dc]:main():sgmm2-latgen-faster.cc:209) Log-like per frame for utterance PN00M03U071 is -2.9114 over 630 frames.
PN00M03U072 athth do tinn satt tinn chhe ikk 
LOG (sgmm2-latgen-faster[5.5.620~1-dce1dc]:DecodeUtteranceLatticeFaster():decoder-wrappers.cc:375) Log-like per frame for utterance PN00M03U072 is -2.92251 over 629 frames.
LOG (sgmm2-latgen-faster[5.5.620~1-dce1dc]:main():sgmm2-latgen-faster.cc:209) Log-like per frame for utterance PN00M03U072 is -2.92251 over 629 frames.
PN00M03U073 ikk panj sifar panj chhe satt do 
LOG (sgmm2-latgen-faster[5.5.620~1-dce1dc]:DecodeUtteranceLatticeFaster():decoder-wrappers.cc:375) Log-like per frame for utterance PN00M03U073 is -2.97336 over 630 frames.
LOG (sgmm2-latgen-faster[5.5.620~1-dce1dc]:main():sgmm2-latgen-faster.cc:209) Log-like per frame for utterance PN00M03U073 is -2.97336 over 630 frames.
PN00M03U074 do athth ikk tinn panj panj satt 
LOG (sgmm2-latgen-faster[5.5.620~1-dce1dc]:DecodeUtteranceLatticeFaster():decoder-wrappers.cc:375) Log-like per frame for utterance PN00M03U074 is -3.04679 over 630 frames.
LOG (sgmm2-latgen-faster[5.5.620~1-dce1dc]:main():sgmm2-latgen-faster.cc:209) Log-like per frame for utterance PN00M03U074 is -3.04679 over 630 frames.
LOG (apply-cmvn[5.5.620~1-dce1dc]:main():apply-cmvn.cc:162) Applied cepstral mean normalization to 80 utterances, errors on 0
PN00M03U075 satt ikk do satt sifar do chaar 
LOG (sgmm2-latgen-faster[5.5.620~1-dce1dc]:DecodeUtteranceLatticeFaster():decoder-wrappers.cc:375) Log-like per frame for utterance PN00M03U075 is -3.19535 over 630 frames.
LOG (sgmm2-latgen-faster[5.5.620~1-dce1dc]:main():sgmm2-latgen-faster.cc:209) Log-like per frame for utterance PN00M03U075 is -3.19535 over 630 frames.
LOG (copy-gselect[5.5.620~1-dce1dc]:main():copy-gselect.cc:71) Copied 80 gselect objects,  limiting sizes to 3
PN00M03U076 chaar satt athth sifar ikk do tinn 
LOG (sgmm2-latgen-faster[5.5.620~1-dce1dc]:DecodeUtteranceLatticeFaster():decoder-wrappers.cc:375) Log-like per frame for utterance PN00M03U076 is -3.06105 over 620 frames.
LOG (sgmm2-latgen-faster[5.5.620~1-dce1dc]:main():sgmm2-latgen-faster.cc:209) Log-like per frame for utterance PN00M03U076 is -3.06105 over 620 frames.
PN00M03U077 tinn tinn chaar chhe sifar chaar chaar 
LOG (sgmm2-latgen-faster[5.5.620~1-dce1dc]:DecodeUtteranceLatticeFaster():decoder-wrappers.cc:375) Log-like per frame for utterance PN00M03U077 is -3.02708 over 624 frames.
LOG (sgmm2-latgen-faster[5.5.620~1-dce1dc]:main():sgmm2-latgen-faster.cc:209) Log-like per frame for utterance PN00M03U077 is -3.02708 over 624 frames.
PN00M03U078 chaar panj chhe chhe satt satt athth 
LOG (sgmm2-latgen-faster[5.5.620~1-dce1dc]:DecodeUtteranceLatticeFaster():decoder-wrappers.cc:375) Log-like per frame for utterance PN00M03U078 is -3.21058 over 627 frames.
LOG (sgmm2-latgen-faster[5.5.620~1-dce1dc]:main():sgmm2-latgen-faster.cc:209) Log-like per frame for utterance PN00M03U078 is -3.21058 over 627 frames.
LOG (transform-feats[5.5.620~1-dce1dc]:main():transform-feats.cc:158) Overall average [pseudo-]logdet is -54.6572 over 50402 frames.
LOG (transform-feats[5.5.620~1-dce1dc]:main():transform-feats.cc:161) Applied transform to 80 utterances; 0 had errors.
PN00M03U079 naun naun ikk tinn panj satt naun 
LOG (sgmm2-latgen-faster[5.5.620~1-dce1dc]:DecodeUtteranceLatticeFaster():decoder-wrappers.cc:375) Log-like per frame for utterance PN00M03U079 is -2.78865 over 629 frames.
LOG (sgmm2-latgen-faster[5.5.620~1-dce1dc]:main():sgmm2-latgen-faster.cc:209) Log-like per frame for utterance PN00M03U079 is -2.78865 over 629 frames.
LOG (transform-feats[5.5.620~1-dce1dc]:main():transform-feats.cc:158) Overall average logdet is 4.9274 over 50402 frames.
LOG (transform-feats[5.5.620~1-dce1dc]:main():transform-feats.cc:161) Applied transform to 80 utterances; 0 had errors.
PN00M03U080 do chhe naun ikk do chaar tinn 
LOG (sgmm2-latgen-faster[5.5.620~1-dce1dc]:DecodeUtteranceLatticeFaster():decoder-wrappers.cc:375) Log-like per frame for utterance PN00M03U080 is -2.92115 over 629 frames.
LOG (sgmm2-latgen-faster[5.5.620~1-dce1dc]:main():sgmm2-latgen-faster.cc:209) Log-like per frame for utterance PN00M03U080 is -2.92115 over 629 frames.
LOG (sgmm2-latgen-faster[5.5.620~1-dce1dc]:main():sgmm2-latgen-faster.cc:252) Time taken [excluding initialization] 15.9049s: real-time factor assuming 100 frames/sec is 0.0315562
LOG (sgmm2-latgen-faster[5.5.620~1-dce1dc]:main():sgmm2-latgen-faster.cc:255) Done 80 utterances, failed for 0
LOG (sgmm2-latgen-faster[5.5.620~1-dce1dc]:main():sgmm2-latgen-faster.cc:257) Overall log-likelihood per frame = -3.03168 over 50402 frames.
# Accounting: time=16 threads=1
# Ended (code 0) at Sun Mar 22 09:55:43 IST 2020, elapsed time 16 seconds
