# ali-to-post "ark:gunzip -c exp/tri3/ali.4.gz|" ark:- | weight-silence-post 0.0 1:2:3:4:5 exp/tri3/2.mdl ark:- ark:- | gmm-acc-mllt --rand-prune=4.0 exp/tri3/2.mdl "ark,s,cs:apply-cmvn  --utt2spk=ark:data/train/split4/4/utt2spk scp:data/train/split4/4/cmvn.scp scp:data/train/split4/4/feats.scp ark:- | splice-feats  ark:- ark:- | transform-feats exp/tri3/0.mat ark:- ark:- |" ark:- exp/tri3/2.4.macc 
# Started at Sun Mar 22 09:28:33 IST 2020
#
ali-to-post 'ark:gunzip -c exp/tri3/ali.4.gz|' ark:- 
weight-silence-post 0.0 1:2:3:4:5 exp/tri3/2.mdl ark:- ark:- 
gmm-acc-mllt --rand-prune=4.0 exp/tri3/2.mdl 'ark,s,cs:apply-cmvn  --utt2spk=ark:data/train/split4/4/utt2spk scp:data/train/split4/4/cmvn.scp scp:data/train/split4/4/feats.scp ark:- | splice-feats  ark:- ark:- | transform-feats exp/tri3/0.mat ark:- ark:- |' ark:- exp/tri3/2.4.macc 
splice-feats ark:- ark:- 
transform-feats exp/tri3/0.mat ark:- ark:- 
apply-cmvn --utt2spk=ark:data/train/split4/4/utt2spk scp:data/train/split4/4/cmvn.scp scp:data/train/split4/4/feats.scp ark:- 
LOG (gmm-acc-mllt[5.5.620~1-dce1dc]:main():gmm-acc-mllt.cc:108) Average like for this file is -54.0883 over 268 frames.
LOG (gmm-acc-mllt[5.5.620~1-dce1dc]:main():gmm-acc-mllt.cc:108) Average like for this file is -53.9371 over 236 frames.
LOG (gmm-acc-mllt[5.5.620~1-dce1dc]:main():gmm-acc-mllt.cc:108) Average like for this file is -50.767 over 241 frames.
LOG (gmm-acc-mllt[5.5.620~1-dce1dc]:main():gmm-acc-mllt.cc:108) Average like for this file is -51.4094 over 264 frames.
LOG (gmm-acc-mllt[5.5.620~1-dce1dc]:main():gmm-acc-mllt.cc:108) Average like for this file is -51.7711 over 243 frames.
LOG (gmm-acc-mllt[5.5.620~1-dce1dc]:main():gmm-acc-mllt.cc:108) Average like for this file is -52.4387 over 244 frames.
LOG (gmm-acc-mllt[5.5.620~1-dce1dc]:main():gmm-acc-mllt.cc:108) Average like for this file is -54.874 over 245 frames.
LOG (gmm-acc-mllt[5.5.620~1-dce1dc]:main():gmm-acc-mllt.cc:108) Average like for this file is -53.3253 over 270 frames.
LOG (gmm-acc-mllt[5.5.620~1-dce1dc]:main():gmm-acc-mllt.cc:108) Average like for this file is -55.548 over 273 frames.
LOG (gmm-acc-mllt[5.5.620~1-dce1dc]:main():gmm-acc-mllt.cc:108) Average like for this file is -56.356 over 248 frames.
LOG (gmm-acc-mllt[5.5.620~1-dce1dc]:main():gmm-acc-mllt.cc:114) Avg like per frame so far is -53.4716
LOG (gmm-acc-mllt[5.5.620~1-dce1dc]:main():gmm-acc-mllt.cc:108) Average like for this file is -55.1165 over 289 frames.
LOG (gmm-acc-mllt[5.5.620~1-dce1dc]:main():gmm-acc-mllt.cc:108) Average like for this file is -51.1283 over 250 frames.
LOG (gmm-acc-mllt[5.5.620~1-dce1dc]:main():gmm-acc-mllt.cc:108) Average like for this file is -50.2025 over 228 frames.
LOG (gmm-acc-mllt[5.5.620~1-dce1dc]:main():gmm-acc-mllt.cc:108) Average like for this file is -54.5133 over 256 frames.
LOG (gmm-acc-mllt[5.5.620~1-dce1dc]:main():gmm-acc-mllt.cc:108) Average like for this file is -51.9881 over 280 frames.
LOG (gmm-acc-mllt[5.5.620~1-dce1dc]:main():gmm-acc-mllt.cc:108) Average like for this file is -55.6791 over 242 frames.
LOG (gmm-acc-mllt[5.5.620~1-dce1dc]:main():gmm-acc-mllt.cc:108) Average like for this file is -52.4034 over 239 frames.
LOG (gmm-acc-mllt[5.5.620~1-dce1dc]:main():gmm-acc-mllt.cc:108) Average like for this file is -50.8111 over 263 frames.
LOG (gmm-acc-mllt[5.5.620~1-dce1dc]:main():gmm-acc-mllt.cc:108) Average like for this file is -52.3959 over 217 frames.
LOG (gmm-acc-mllt[5.5.620~1-dce1dc]:main():gmm-acc-mllt.cc:108) Average like for this file is -50.8023 over 231 frames.
LOG (gmm-acc-mllt[5.5.620~1-dce1dc]:main():gmm-acc-mllt.cc:114) Avg like per frame so far is -53.019
LOG (gmm-acc-mllt[5.5.620~1-dce1dc]:main():gmm-acc-mllt.cc:108) Average like for this file is -53.3045 over 281 frames.
LOG (gmm-acc-mllt[5.5.620~1-dce1dc]:main():gmm-acc-mllt.cc:108) Average like for this file is -51.8397 over 250 frames.
LOG (gmm-acc-mllt[5.5.620~1-dce1dc]:main():gmm-acc-mllt.cc:108) Average like for this file is -55.1537 over 259 frames.
LOG (gmm-acc-mllt[5.5.620~1-dce1dc]:main():gmm-acc-mllt.cc:108) Average like for this file is -54.9704 over 278 frames.
LOG (gmm-acc-mllt[5.5.620~1-dce1dc]:main():gmm-acc-mllt.cc:108) Average like for this file is -54.1671 over 280 frames.
LOG (gmm-acc-mllt[5.5.620~1-dce1dc]:main():gmm-acc-mllt.cc:108) Average like for this file is -57.449 over 287 frames.
LOG (gmm-acc-mllt[5.5.620~1-dce1dc]:main():gmm-acc-mllt.cc:108) Average like for this file is -55.9971 over 302 frames.
LOG (gmm-acc-mllt[5.5.620~1-dce1dc]:main():gmm-acc-mllt.cc:108) Average like for this file is -52.9 over 241 frames.
LOG (gmm-acc-mllt[5.5.620~1-dce1dc]:main():gmm-acc-mllt.cc:108) Average like for this file is -52.0253 over 229 frames.
LOG (gmm-acc-mllt[5.5.620~1-dce1dc]:main():gmm-acc-mllt.cc:108) Average like for this file is -53.7706 over 241 frames.
LOG (gmm-acc-mllt[5.5.620~1-dce1dc]:main():gmm-acc-mllt.cc:114) Avg like per frame so far is -53.4487
LOG (gmm-acc-mllt[5.5.620~1-dce1dc]:main():gmm-acc-mllt.cc:108) Average like for this file is -53.0312 over 239 frames.
LOG (gmm-acc-mllt[5.5.620~1-dce1dc]:main():gmm-acc-mllt.cc:108) Average like for this file is -52.0798 over 260 frames.
LOG (gmm-acc-mllt[5.5.620~1-dce1dc]:main():gmm-acc-mllt.cc:108) Average like for this file is -48.9695 over 246 frames.
LOG (gmm-acc-mllt[5.5.620~1-dce1dc]:main():gmm-acc-mllt.cc:108) Average like for this file is -49.8461 over 254 frames.
LOG (gmm-acc-mllt[5.5.620~1-dce1dc]:main():gmm-acc-mllt.cc:108) Average like for this file is -51.2094 over 226 frames.
LOG (gmm-acc-mllt[5.5.620~1-dce1dc]:main():gmm-acc-mllt.cc:108) Average like for this file is -52.9044 over 265 frames.
LOG (gmm-acc-mllt[5.5.620~1-dce1dc]:main():gmm-acc-mllt.cc:108) Average like for this file is -51.5574 over 256 frames.
LOG (gmm-acc-mllt[5.5.620~1-dce1dc]:main():gmm-acc-mllt.cc:108) Average like for this file is -67.7862 over 287 frames.
LOG (gmm-acc-mllt[5.5.620~1-dce1dc]:main():gmm-acc-mllt.cc:108) Average like for this file is -51.3747 over 259 frames.
LOG (gmm-acc-mllt[5.5.620~1-dce1dc]:main():gmm-acc-mllt.cc:108) Average like for this file is -51.1628 over 241 frames.
LOG (gmm-acc-mllt[5.5.620~1-dce1dc]:main():gmm-acc-mllt.cc:114) Avg like per frame so far is -53.3918
LOG (gmm-acc-mllt[5.5.620~1-dce1dc]:main():gmm-acc-mllt.cc:108) Average like for this file is -51.8475 over 326 frames.
LOG (gmm-acc-mllt[5.5.620~1-dce1dc]:main():gmm-acc-mllt.cc:108) Average like for this file is -52.9091 over 285 frames.
LOG (gmm-acc-mllt[5.5.620~1-dce1dc]:main():gmm-acc-mllt.cc:108) Average like for this file is -54.8084 over 280 frames.
LOG (gmm-acc-mllt[5.5.620~1-dce1dc]:main():gmm-acc-mllt.cc:108) Average like for this file is -51.6572 over 282 frames.
LOG (gmm-acc-mllt[5.5.620~1-dce1dc]:main():gmm-acc-mllt.cc:108) Average like for this file is -57.3269 over 257 frames.
LOG (gmm-acc-mllt[5.5.620~1-dce1dc]:main():gmm-acc-mllt.cc:108) Average like for this file is -52.1955 over 240 frames.
LOG (gmm-acc-mllt[5.5.620~1-dce1dc]:main():gmm-acc-mllt.cc:108) Average like for this file is -53.5138 over 277 frames.
LOG (gmm-acc-mllt[5.5.620~1-dce1dc]:main():gmm-acc-mllt.cc:108) Average like for this file is -54.5 over 250 frames.
LOG (gmm-acc-mllt[5.5.620~1-dce1dc]:main():gmm-acc-mllt.cc:108) Average like for this file is -54.9665 over 237 frames.
LOG (gmm-acc-mllt[5.5.620~1-dce1dc]:main():gmm-acc-mllt.cc:108) Average like for this file is -51.2277 over 247 frames.
LOG (gmm-acc-mllt[5.5.620~1-dce1dc]:main():gmm-acc-mllt.cc:114) Avg like per frame so far is -53.4027
LOG (gmm-acc-mllt[5.5.620~1-dce1dc]:main():gmm-acc-mllt.cc:108) Average like for this file is -50.8841 over 228 frames.
LOG (gmm-acc-mllt[5.5.620~1-dce1dc]:main():gmm-acc-mllt.cc:108) Average like for this file is -54.6118 over 233 frames.
LOG (gmm-acc-mllt[5.5.620~1-dce1dc]:main():gmm-acc-mllt.cc:108) Average like for this file is -50.2336 over 258 frames.
LOG (gmm-acc-mllt[5.5.620~1-dce1dc]:main():gmm-acc-mllt.cc:108) Average like for this file is -54.8526 over 241 frames.
LOG (gmm-acc-mllt[5.5.620~1-dce1dc]:main():gmm-acc-mllt.cc:108) Average like for this file is -49.1177 over 268 frames.
LOG (gmm-acc-mllt[5.5.620~1-dce1dc]:main():gmm-acc-mllt.cc:108) Average like for this file is -51.4946 over 217 frames.
LOG (gmm-acc-mllt[5.5.620~1-dce1dc]:main():gmm-acc-mllt.cc:108) Average like for this file is -56.1087 over 268 frames.
LOG (gmm-acc-mllt[5.5.620~1-dce1dc]:main():gmm-acc-mllt.cc:108) Average like for this file is -56.2987 over 255 frames.
LOG (gmm-acc-mllt[5.5.620~1-dce1dc]:main():gmm-acc-mllt.cc:108) Average like for this file is -57.9118 over 313 frames.
LOG (gmm-acc-mllt[5.5.620~1-dce1dc]:main():gmm-acc-mllt.cc:108) Average like for this file is -61.6171 over 264 frames.
LOG (gmm-acc-mllt[5.5.620~1-dce1dc]:main():gmm-acc-mllt.cc:114) Avg like per frame so far is -53.579
LOG (gmm-acc-mllt[5.5.620~1-dce1dc]:main():gmm-acc-mllt.cc:108) Average like for this file is -55.876 over 279 frames.
LOG (gmm-acc-mllt[5.5.620~1-dce1dc]:main():gmm-acc-mllt.cc:108) Average like for this file is -57.6047 over 246 frames.
LOG (gmm-acc-mllt[5.5.620~1-dce1dc]:main():gmm-acc-mllt.cc:108) Average like for this file is -53.02 over 231 frames.
LOG (ali-to-post[5.5.620~1-dce1dc]:main():ali-to-post.cc:73) Converted 80 alignments.
LOG (gmm-acc-mllt[5.5.620~1-dce1dc]:main():gmm-acc-mllt.cc:108) Average like for this file is -60.2997 over 276 frames.
LOG (gmm-acc-mllt[5.5.620~1-dce1dc]:main():gmm-acc-mllt.cc:108) Average like for this file is -53.228 over 242 frames.
LOG (gmm-acc-mllt[5.5.620~1-dce1dc]:main():gmm-acc-mllt.cc:108) Average like for this file is -60.3202 over 226 frames.
LOG (gmm-acc-mllt[5.5.620~1-dce1dc]:main():gmm-acc-mllt.cc:108) Average like for this file is -50.7634 over 268 frames.
LOG (gmm-acc-mllt[5.5.620~1-dce1dc]:main():gmm-acc-mllt.cc:108) Average like for this file is -55.5341 over 324 frames.
LOG (gmm-acc-mllt[5.5.620~1-dce1dc]:main():gmm-acc-mllt.cc:108) Average like for this file is -60.2504 over 247 frames.
LOG (gmm-acc-mllt[5.5.620~1-dce1dc]:main():gmm-acc-mllt.cc:108) Average like for this file is -60.4307 over 263 frames.
LOG (gmm-acc-mllt[5.5.620~1-dce1dc]:main():gmm-acc-mllt.cc:114) Avg like per frame so far is -54.0294
LOG (gmm-acc-mllt[5.5.620~1-dce1dc]:main():gmm-acc-mllt.cc:108) Average like for this file is -58.074 over 259 frames.
LOG (weight-silence-post[5.5.620~1-dce1dc]:main():weight-silence-post.cc:95) Done 80 posteriors.
LOG (gmm-acc-mllt[5.5.620~1-dce1dc]:main():gmm-acc-mllt.cc:108) Average like for this file is -59.0792 over 239 frames.
LOG (gmm-acc-mllt[5.5.620~1-dce1dc]:main():gmm-acc-mllt.cc:108) Average like for this file is -57.0157 over 259 frames.
LOG (gmm-acc-mllt[5.5.620~1-dce1dc]:main():gmm-acc-mllt.cc:108) Average like for this file is -54.9524 over 250 frames.
LOG (gmm-acc-mllt[5.5.620~1-dce1dc]:main():gmm-acc-mllt.cc:108) Average like for this file is -58.8577 over 277 frames.
LOG (apply-cmvn[5.5.620~1-dce1dc]:main():apply-cmvn.cc:162) Applied cepstral mean normalization to 80 utterances, errors on 0
LOG (gmm-acc-mllt[5.5.620~1-dce1dc]:main():gmm-acc-mllt.cc:108) Average like for this file is -58.6246 over 273 frames.
LOG (gmm-acc-mllt[5.5.620~1-dce1dc]:main():gmm-acc-mllt.cc:108) Average like for this file is -57.7826 over 283 frames.
LOG (gmm-acc-mllt[5.5.620~1-dce1dc]:main():gmm-acc-mllt.cc:108) Average like for this file is -62.6399 over 279 frames.
LOG (gmm-acc-mllt[5.5.620~1-dce1dc]:main():gmm-acc-mllt.cc:108) Average like for this file is -57.4842 over 253 frames.
LOG (transform-feats[5.5.620~1-dce1dc]:main():transform-feats.cc:158) Overall average [pseudo-]logdet is -60.1448 over 50402 frames.
LOG (transform-feats[5.5.620~1-dce1dc]:main():transform-feats.cc:161) Applied transform to 80 utterances; 0 had errors.
LOG (gmm-acc-mllt[5.5.620~1-dce1dc]:main():gmm-acc-mllt.cc:108) Average like for this file is -59.531 over 261 frames.
LOG (gmm-acc-mllt[5.5.620~1-dce1dc]:main():gmm-acc-mllt.cc:114) Avg like per frame so far is -54.5919
LOG (gmm-acc-mllt[5.5.620~1-dce1dc]:main():gmm-acc-mllt.cc:119) Done 80 files, 0 with no posteriors, 0 with other errors.
LOG (gmm-acc-mllt[5.5.620~1-dce1dc]:main():gmm-acc-mllt.cc:123) Overall avg like per frame (Gaussian only) = -54.5919 over 20669 frames.
LOG (gmm-acc-mllt[5.5.620~1-dce1dc]:main():gmm-acc-mllt.cc:127) Written accs.
# Accounting: time=0 threads=1
# Ended (code 0) at Sun Mar 22 09:28:33 IST 2020, elapsed time 0 seconds
