# ali-to-post "ark:gunzip -c exp/tri3/ali.3.gz|" ark:- | weight-silence-post 0.0 1:2:3:4:5 exp/tri3/2.mdl ark:- ark:- | gmm-acc-mllt --rand-prune=4.0 exp/tri3/2.mdl "ark,s,cs:apply-cmvn  --utt2spk=ark:data/train/split4/3/utt2spk scp:data/train/split4/3/cmvn.scp scp:data/train/split4/3/feats.scp ark:- | splice-feats  ark:- ark:- | transform-feats exp/tri3/0.mat ark:- ark:- |" ark:- exp/tri3/2.3.macc 
# Started at Sun Mar 22 09:28:33 IST 2020
#
gmm-acc-mllt --rand-prune=4.0 exp/tri3/2.mdl 'ark,s,cs:apply-cmvn  --utt2spk=ark:data/train/split4/3/utt2spk scp:data/train/split4/3/cmvn.scp scp:data/train/split4/3/feats.scp ark:- | splice-feats  ark:- ark:- | transform-feats exp/tri3/0.mat ark:- ark:- |' ark:- exp/tri3/2.3.macc 
ali-to-post 'ark:gunzip -c exp/tri3/ali.3.gz|' ark:- 
weight-silence-post 0.0 1:2:3:4:5 exp/tri3/2.mdl ark:- ark:- 
splice-feats ark:- ark:- 
transform-feats exp/tri3/0.mat ark:- ark:- 
apply-cmvn --utt2spk=ark:data/train/split4/3/utt2spk scp:data/train/split4/3/cmvn.scp scp:data/train/split4/3/feats.scp ark:- 
LOG (gmm-acc-mllt[5.5.620~1-dce1dc]:main():gmm-acc-mllt.cc:108) Average like for this file is -55.5281 over 338 frames.
LOG (gmm-acc-mllt[5.5.620~1-dce1dc]:main():gmm-acc-mllt.cc:108) Average like for this file is -54.4622 over 279 frames.
LOG (gmm-acc-mllt[5.5.620~1-dce1dc]:main():gmm-acc-mllt.cc:108) Average like for this file is -55.3498 over 307 frames.
LOG (gmm-acc-mllt[5.5.620~1-dce1dc]:main():gmm-acc-mllt.cc:108) Average like for this file is -52.9917 over 289 frames.
LOG (gmm-acc-mllt[5.5.620~1-dce1dc]:main():gmm-acc-mllt.cc:108) Average like for this file is -51.6825 over 280 frames.
LOG (gmm-acc-mllt[5.5.620~1-dce1dc]:main():gmm-acc-mllt.cc:108) Average like for this file is -55.1447 over 293 frames.
LOG (gmm-acc-mllt[5.5.620~1-dce1dc]:main():gmm-acc-mllt.cc:108) Average like for this file is -57.1343 over 317 frames.
LOG (gmm-acc-mllt[5.5.620~1-dce1dc]:main():gmm-acc-mllt.cc:108) Average like for this file is -56.8045 over 335 frames.
LOG (gmm-acc-mllt[5.5.620~1-dce1dc]:main():gmm-acc-mllt.cc:108) Average like for this file is -57.3461 over 342 frames.
LOG (gmm-acc-mllt[5.5.620~1-dce1dc]:main():gmm-acc-mllt.cc:108) Average like for this file is -56.9896 over 305 frames.
LOG (gmm-acc-mllt[5.5.620~1-dce1dc]:main():gmm-acc-mllt.cc:114) Avg like per frame so far is -55.4406
LOG (gmm-acc-mllt[5.5.620~1-dce1dc]:main():gmm-acc-mllt.cc:108) Average like for this file is -59.0588 over 292 frames.
LOG (gmm-acc-mllt[5.5.620~1-dce1dc]:main():gmm-acc-mllt.cc:108) Average like for this file is -55.3332 over 312 frames.
LOG (gmm-acc-mllt[5.5.620~1-dce1dc]:main():gmm-acc-mllt.cc:108) Average like for this file is -54.2108 over 328 frames.
LOG (gmm-acc-mllt[5.5.620~1-dce1dc]:main():gmm-acc-mllt.cc:108) Average like for this file is -57.279 over 309 frames.
LOG (gmm-acc-mllt[5.5.620~1-dce1dc]:main():gmm-acc-mllt.cc:108) Average like for this file is -57.6628 over 299 frames.
LOG (gmm-acc-mllt[5.5.620~1-dce1dc]:main():gmm-acc-mllt.cc:108) Average like for this file is -57.072 over 291 frames.
LOG (gmm-acc-mllt[5.5.620~1-dce1dc]:main():gmm-acc-mllt.cc:108) Average like for this file is -52.9706 over 293 frames.
LOG (gmm-acc-mllt[5.5.620~1-dce1dc]:main():gmm-acc-mllt.cc:108) Average like for this file is -55.6961 over 303 frames.
LOG (gmm-acc-mllt[5.5.620~1-dce1dc]:main():gmm-acc-mllt.cc:108) Average like for this file is -58.2939 over 300 frames.
LOG (gmm-acc-mllt[5.5.620~1-dce1dc]:main():gmm-acc-mllt.cc:108) Average like for this file is -55.6018 over 301 frames.
LOG (gmm-acc-mllt[5.5.620~1-dce1dc]:main():gmm-acc-mllt.cc:114) Avg like per frame so far is -55.8635
LOG (gmm-acc-mllt[5.5.620~1-dce1dc]:main():gmm-acc-mllt.cc:108) Average like for this file is -55.6416 over 307 frames.
LOG (gmm-acc-mllt[5.5.620~1-dce1dc]:main():gmm-acc-mllt.cc:108) Average like for this file is -54.1077 over 327 frames.
LOG (gmm-acc-mllt[5.5.620~1-dce1dc]:main():gmm-acc-mllt.cc:108) Average like for this file is -53.4638 over 323 frames.
LOG (gmm-acc-mllt[5.5.620~1-dce1dc]:main():gmm-acc-mllt.cc:108) Average like for this file is -56.1637 over 310 frames.
LOG (gmm-acc-mllt[5.5.620~1-dce1dc]:main():gmm-acc-mllt.cc:108) Average like for this file is -57.6347 over 360 frames.
LOG (gmm-acc-mllt[5.5.620~1-dce1dc]:main():gmm-acc-mllt.cc:108) Average like for this file is -56.2033 over 325 frames.
LOG (gmm-acc-mllt[5.5.620~1-dce1dc]:main():gmm-acc-mllt.cc:108) Average like for this file is -56.4831 over 329 frames.
LOG (gmm-acc-mllt[5.5.620~1-dce1dc]:main():gmm-acc-mllt.cc:108) Average like for this file is -55.9229 over 313 frames.
LOG (gmm-acc-mllt[5.5.620~1-dce1dc]:main():gmm-acc-mllt.cc:108) Average like for this file is -55.6179 over 318 frames.
LOG (gmm-acc-mllt[5.5.620~1-dce1dc]:main():gmm-acc-mllt.cc:108) Average like for this file is -54.1325 over 323 frames.
LOG (gmm-acc-mllt[5.5.620~1-dce1dc]:main():gmm-acc-mllt.cc:114) Avg like per frame so far is -55.7575
LOG (gmm-acc-mllt[5.5.620~1-dce1dc]:main():gmm-acc-mllt.cc:108) Average like for this file is -53.4065 over 296 frames.
LOG (gmm-acc-mllt[5.5.620~1-dce1dc]:main():gmm-acc-mllt.cc:108) Average like for this file is -53.7878 over 332 frames.
LOG (gmm-acc-mllt[5.5.620~1-dce1dc]:main():gmm-acc-mllt.cc:108) Average like for this file is -51.7089 over 293 frames.
LOG (gmm-acc-mllt[5.5.620~1-dce1dc]:main():gmm-acc-mllt.cc:108) Average like for this file is -51.6935 over 313 frames.
LOG (gmm-acc-mllt[5.5.620~1-dce1dc]:main():gmm-acc-mllt.cc:108) Average like for this file is -52.0444 over 321 frames.
LOG (gmm-acc-mllt[5.5.620~1-dce1dc]:main():gmm-acc-mllt.cc:108) Average like for this file is -53.34 over 331 frames.
LOG (gmm-acc-mllt[5.5.620~1-dce1dc]:main():gmm-acc-mllt.cc:108) Average like for this file is -52.3215 over 332 frames.
LOG (gmm-acc-mllt[5.5.620~1-dce1dc]:main():gmm-acc-mllt.cc:108) Average like for this file is -50.6194 over 342 frames.
LOG (gmm-acc-mllt[5.5.620~1-dce1dc]:main():gmm-acc-mllt.cc:108) Average like for this file is -51.818 over 363 frames.
LOG (gmm-acc-mllt[5.5.620~1-dce1dc]:main():gmm-acc-mllt.cc:108) Average like for this file is -54.6437 over 329 frames.
LOG (gmm-acc-mllt[5.5.620~1-dce1dc]:main():gmm-acc-mllt.cc:114) Avg like per frame so far is -54.9246
LOG (gmm-acc-mllt[5.5.620~1-dce1dc]:main():gmm-acc-mllt.cc:108) Average like for this file is -54.5302 over 326 frames.
LOG (gmm-acc-mllt[5.5.620~1-dce1dc]:main():gmm-acc-mllt.cc:108) Average like for this file is -53.2108 over 337 frames.
LOG (gmm-acc-mllt[5.5.620~1-dce1dc]:main():gmm-acc-mllt.cc:108) Average like for this file is -56.9103 over 339 frames.
LOG (gmm-acc-mllt[5.5.620~1-dce1dc]:main():gmm-acc-mllt.cc:108) Average like for this file is -54.1575 over 370 frames.
LOG (gmm-acc-mllt[5.5.620~1-dce1dc]:main():gmm-acc-mllt.cc:108) Average like for this file is -55.8457 over 349 frames.
LOG (gmm-acc-mllt[5.5.620~1-dce1dc]:main():gmm-acc-mllt.cc:108) Average like for this file is -53.8756 over 353 frames.
LOG (gmm-acc-mllt[5.5.620~1-dce1dc]:main():gmm-acc-mllt.cc:108) Average like for this file is -56.8895 over 363 frames.
LOG (gmm-acc-mllt[5.5.620~1-dce1dc]:main():gmm-acc-mllt.cc:108) Average like for this file is -55.9877 over 356 frames.
LOG (gmm-acc-mllt[5.5.620~1-dce1dc]:main():gmm-acc-mllt.cc:108) Average like for this file is -54.3218 over 329 frames.
LOG (gmm-acc-mllt[5.5.620~1-dce1dc]:main():gmm-acc-mllt.cc:108) Average like for this file is -52.1943 over 334 frames.
LOG (gmm-acc-mllt[5.5.620~1-dce1dc]:main():gmm-acc-mllt.cc:114) Avg like per frame so far is -54.9006
LOG (gmm-acc-mllt[5.5.620~1-dce1dc]:main():gmm-acc-mllt.cc:108) Average like for this file is -55.7516 over 347 frames.
LOG (gmm-acc-mllt[5.5.620~1-dce1dc]:main():gmm-acc-mllt.cc:108) Average like for this file is -54.7401 over 347 frames.
LOG (gmm-acc-mllt[5.5.620~1-dce1dc]:main():gmm-acc-mllt.cc:108) Average like for this file is -53.4672 over 304 frames.
LOG (gmm-acc-mllt[5.5.620~1-dce1dc]:main():gmm-acc-mllt.cc:108) Average like for this file is -54.0689 over 326 frames.
LOG (gmm-acc-mllt[5.5.620~1-dce1dc]:main():gmm-acc-mllt.cc:108) Average like for this file is -55.3797 over 343 frames.
LOG (gmm-acc-mllt[5.5.620~1-dce1dc]:main():gmm-acc-mllt.cc:108) Average like for this file is -55.7278 over 308 frames.
LOG (gmm-acc-mllt[5.5.620~1-dce1dc]:main():gmm-acc-mllt.cc:108) Average like for this file is -51.4438 over 298 frames.
LOG (gmm-acc-mllt[5.5.620~1-dce1dc]:main():gmm-acc-mllt.cc:108) Average like for this file is -50.6317 over 328 frames.
LOG (gmm-acc-mllt[5.5.620~1-dce1dc]:main():gmm-acc-mllt.cc:108) Average like for this file is -56.5521 over 371 frames.
LOG (gmm-acc-mllt[5.5.620~1-dce1dc]:main():gmm-acc-mllt.cc:108) Average like for this file is -53.581 over 345 frames.
LOG (gmm-acc-mllt[5.5.620~1-dce1dc]:main():gmm-acc-mllt.cc:114) Avg like per frame so far is -54.7808
LOG (gmm-acc-mllt[5.5.620~1-dce1dc]:main():gmm-acc-mllt.cc:108) Average like for this file is -52.4029 over 353 frames.
LOG (gmm-acc-mllt[5.5.620~1-dce1dc]:main():gmm-acc-mllt.cc:108) Average like for this file is -53.5835 over 322 frames.
LOG (gmm-acc-mllt[5.5.620~1-dce1dc]:main():gmm-acc-mllt.cc:108) Average like for this file is -52.0899 over 338 frames.
LOG (gmm-acc-mllt[5.5.620~1-dce1dc]:main():gmm-acc-mllt.cc:108) Average like for this file is -52.1559 over 322 frames.
LOG (ali-to-post[5.5.620~1-dce1dc]:main():ali-to-post.cc:73) Converted 80 alignments.
LOG (gmm-acc-mllt[5.5.620~1-dce1dc]:main():gmm-acc-mllt.cc:108) Average like for this file is -48.0524 over 295 frames.
LOG (gmm-acc-mllt[5.5.620~1-dce1dc]:main():gmm-acc-mllt.cc:108) Average like for this file is -48.8917 over 313 frames.
LOG (gmm-acc-mllt[5.5.620~1-dce1dc]:main():gmm-acc-mllt.cc:108) Average like for this file is -48.6279 over 308 frames.
LOG (gmm-acc-mllt[5.5.620~1-dce1dc]:main():gmm-acc-mllt.cc:108) Average like for this file is -54.0364 over 341 frames.
LOG (gmm-acc-mllt[5.5.620~1-dce1dc]:main():gmm-acc-mllt.cc:108) Average like for this file is -56.1807 over 325 frames.
LOG (gmm-acc-mllt[5.5.620~1-dce1dc]:main():gmm-acc-mllt.cc:108) Average like for this file is -54.3983 over 323 frames.
LOG (gmm-acc-mllt[5.5.620~1-dce1dc]:main():gmm-acc-mllt.cc:114) Avg like per frame so far is -54.3994
LOG (gmm-acc-mllt[5.5.620~1-dce1dc]:main():gmm-acc-mllt.cc:108) Average like for this file is -54.1282 over 312 frames.
LOG (weight-silence-post[5.5.620~1-dce1dc]:main():weight-silence-post.cc:95) Done 80 posteriors.
LOG (gmm-acc-mllt[5.5.620~1-dce1dc]:main():gmm-acc-mllt.cc:108) Average like for this file is -54.0411 over 305 frames.
LOG (gmm-acc-mllt[5.5.620~1-dce1dc]:main():gmm-acc-mllt.cc:108) Average like for this file is -54.1963 over 306 frames.
LOG (gmm-acc-mllt[5.5.620~1-dce1dc]:main():gmm-acc-mllt.cc:108) Average like for this file is -50.3795 over 301 frames.
LOG (gmm-acc-mllt[5.5.620~1-dce1dc]:main():gmm-acc-mllt.cc:108) Average like for this file is -52.4678 over 366 frames.
LOG (apply-cmvn[5.5.620~1-dce1dc]:main():apply-cmvn.cc:162) Applied cepstral mean normalization to 80 utterances, errors on 0
LOG (gmm-acc-mllt[5.5.620~1-dce1dc]:main():gmm-acc-mllt.cc:108) Average like for this file is -54.0239 over 309 frames.
LOG (gmm-acc-mllt[5.5.620~1-dce1dc]:main():gmm-acc-mllt.cc:108) Average like for this file is -49.94 over 306 frames.
LOG (gmm-acc-mllt[5.5.620~1-dce1dc]:main():gmm-acc-mllt.cc:108) Average like for this file is -52.8888 over 361 frames.
LOG (gmm-acc-mllt[5.5.620~1-dce1dc]:main():gmm-acc-mllt.cc:108) Average like for this file is -50.2131 over 334 frames.
LOG (transform-feats[5.5.620~1-dce1dc]:main():transform-feats.cc:158) Overall average [pseudo-]logdet is -60.1448 over 50435 frames.
LOG (transform-feats[5.5.620~1-dce1dc]:main():transform-feats.cc:161) Applied transform to 80 utterances; 0 had errors.
LOG (gmm-acc-mllt[5.5.620~1-dce1dc]:main():gmm-acc-mllt.cc:108) Average like for this file is -50.2313 over 320 frames.
LOG (gmm-acc-mllt[5.5.620~1-dce1dc]:main():gmm-acc-mllt.cc:114) Avg like per frame so far is -54.1311
LOG (gmm-acc-mllt[5.5.620~1-dce1dc]:main():gmm-acc-mllt.cc:119) Done 80 files, 0 with no posteriors, 0 with other errors.
LOG (gmm-acc-mllt[5.5.620~1-dce1dc]:main():gmm-acc-mllt.cc:123) Overall avg like per frame (Gaussian only) = -54.1311 over 25833 frames.
LOG (gmm-acc-mllt[5.5.620~1-dce1dc]:main():gmm-acc-mllt.cc:127) Written accs.
# Accounting: time=0 threads=1
# Ended (code 0) at Sun Mar 22 09:28:33 IST 2020, elapsed time 0 seconds
