# gmm-est --write-occs=exp/tri3/4.occs --mix-up=3120 --power=0.25 exp/tri3/3.mdl "gmm-sum-accs - exp/tri3/3.*.acc |" exp/tri3/4.mdl 
# Started at Sun Mar 22 09:28:34 IST 2020
#
gmm-est --write-occs=exp/tri3/4.occs --mix-up=3120 --power=0.25 exp/tri3/3.mdl 'gmm-sum-accs - exp/tri3/3.*.acc |' exp/tri3/4.mdl 
gmm-sum-accs - exp/tri3/3.1.acc exp/tri3/3.2.acc exp/tri3/3.3.acc exp/tri3/3.4.acc 
LOG (gmm-sum-accs[5.5.620~1-dce1dc]:main():gmm-sum-accs.cc:63) Summed 4 stats, total count 201866, avg like/frame -40.9385
LOG (gmm-sum-accs[5.5.620~1-dce1dc]:main():gmm-sum-accs.cc:66) Total count of stats is 201866
LOG (gmm-sum-accs[5.5.620~1-dce1dc]:main():gmm-sum-accs.cc:67) Written stats to -
LOG (gmm-est[5.5.620~1-dce1dc]:MleUpdate():transition-model.cc:528) TransitionModel::Update, objf change is 0 per frame over 201866 frames. 
LOG (gmm-est[5.5.620~1-dce1dc]:MleUpdate():transition-model.cc:531) 4 probabilities floored, 475 out of 640 transition-states skipped due to insuffient data (it is normal to have some skipped.)
LOG (gmm-est[5.5.620~1-dce1dc]:main():gmm-est.cc:102) Transition model update: Overall 0 log-like improvement per frame over 201866 frames.
WARNING (gmm-est[5.5.620~1-dce1dc]:MleDiagGmmUpdate():mle-diag-gmm.cc:359) Too little data - removing Gaussian (weight 0.053118, occupation count 9.986117, vector size 40)
LOG (gmm-est[5.5.620~1-dce1dc]:MleAmDiagGmmUpdate():mle-am-diag-gmm.cc:225) 0 variance elements floored in 0 Gaussians, out of 2559
LOG (gmm-est[5.5.620~1-dce1dc]:MleAmDiagGmmUpdate():mle-am-diag-gmm.cc:229) Removed 1 Gaussians due to counts < --min-gaussian-occupancy=10 and --remove-low-count-gaussians=true
LOG (gmm-est[5.5.620~1-dce1dc]:main():gmm-est.cc:113) GMM update: Overall 0.399425 objective function improvement per frame over 201866 frames
LOG (gmm-est[5.5.620~1-dce1dc]:main():gmm-est.cc:116) GMM update: Overall avg like per frame = -40.9385 over 201866 frames.
LOG (gmm-est[5.5.620~1-dce1dc]:SplitByCount():am-diag-gmm.cc:116) Split 152 states with target = 3120, power = 0.25, perturb_factor = 0.01 and min_count = 20, split #Gauss from 2559 to 3120
LOG (gmm-est[5.5.620~1-dce1dc]:main():gmm-est.cc:146) Written model to exp/tri3/4.mdl
# Accounting: time=0 threads=1
# Ended (code 0) at Sun Mar 22 09:28:34 IST 2020, elapsed time 0 seconds
