# gmm-est --write-occs=exp/tri3/13.occs --mix-up=8160 --power=0.25 exp/tri3/12.mdl "gmm-sum-accs - exp/tri3/12.*.acc |" exp/tri3/13.mdl 
# Started at Sun Mar 22 09:28:45 IST 2020
#
gmm-est --write-occs=exp/tri3/13.occs --mix-up=8160 --power=0.25 exp/tri3/12.mdl 'gmm-sum-accs - exp/tri3/12.*.acc |' exp/tri3/13.mdl 
gmm-sum-accs - exp/tri3/12.1.acc exp/tri3/12.2.acc exp/tri3/12.3.acc exp/tri3/12.4.acc 
LOG (gmm-sum-accs[5.5.620~1-dce1dc]:main():gmm-sum-accs.cc:63) Summed 4 stats, total count 201866, avg like/frame -34.5919
LOG (gmm-sum-accs[5.5.620~1-dce1dc]:main():gmm-sum-accs.cc:66) Total count of stats is 201866
LOG (gmm-sum-accs[5.5.620~1-dce1dc]:main():gmm-sum-accs.cc:67) Written stats to -
LOG (gmm-est[5.5.620~1-dce1dc]:MleUpdate():transition-model.cc:528) TransitionModel::Update, objf change is 0 per frame over 201866 frames. 
LOG (gmm-est[5.5.620~1-dce1dc]:MleUpdate():transition-model.cc:531) 11 probabilities floored, 475 out of 640 transition-states skipped due to insuffient data (it is normal to have some skipped.)
LOG (gmm-est[5.5.620~1-dce1dc]:main():gmm-est.cc:102) Transition model update: Overall 0 log-like improvement per frame over 201866 frames.
WARNING (gmm-est[5.5.620~1-dce1dc]:MleDiagGmmUpdate():mle-diag-gmm.cc:359) Too little data - removing Gaussian (weight 0.001031, occupation count 9.886579, vector size 40)
WARNING (gmm-est[5.5.620~1-dce1dc]:MleDiagGmmUpdate():mle-diag-gmm.cc:359) Too little data - removing Gaussian (weight 0.001036, occupation count 9.935597, vector size 40)
WARNING (gmm-est[5.5.620~1-dce1dc]:MleDiagGmmUpdate():mle-diag-gmm.cc:359) Too little data - removing Gaussian (weight 0.000526, occupation count 5.048196, vector size 40)
WARNING (gmm-est[5.5.620~1-dce1dc]:MleDiagGmmUpdate():mle-diag-gmm.cc:359) Too little data - removing Gaussian (weight 0.001000, occupation count 9.595624, vector size 40)
WARNING (gmm-est[5.5.620~1-dce1dc]:MleDiagGmmUpdate():mle-diag-gmm.cc:359) Too little data - removing Gaussian (weight 0.001019, occupation count 9.775444, vector size 40)
WARNING (gmm-est[5.5.620~1-dce1dc]:MleDiagGmmUpdate():mle-diag-gmm.cc:359) Too little data - removing Gaussian (weight 0.000831, occupation count 7.972330, vector size 40)
WARNING (gmm-est[5.5.620~1-dce1dc]:MleDiagGmmUpdate():mle-diag-gmm.cc:359) Too little data - removing Gaussian (weight 0.001038, occupation count 9.954107, vector size 40)
WARNING (gmm-est[5.5.620~1-dce1dc]:MleDiagGmmUpdate():mle-diag-gmm.cc:359) Too little data - removing Gaussian (weight 0.001027, occupation count 9.848855, vector size 40)
WARNING (gmm-est[5.5.620~1-dce1dc]:MleDiagGmmUpdate():mle-diag-gmm.cc:359) Too little data - removing Gaussian (weight 0.000897, occupation count 8.604902, vector size 40)
WARNING (gmm-est[5.5.620~1-dce1dc]:MleDiagGmmUpdate():mle-diag-gmm.cc:359) Too little data - removing Gaussian (weight 0.013891, occupation count 9.987975, vector size 40)
WARNING (gmm-est[5.5.620~1-dce1dc]:MleDiagGmmUpdate():mle-diag-gmm.cc:359) Too little data - removing Gaussian (weight 0.004962, occupation count 9.150256, vector size 40)
WARNING (gmm-est[5.5.620~1-dce1dc]:MleDiagGmmUpdate():mle-diag-gmm.cc:359) Too little data - removing Gaussian (weight 0.019721, occupation count 9.544747, vector size 40)
WARNING (gmm-est[5.5.620~1-dce1dc]:MleDiagGmmUpdate():mle-diag-gmm.cc:359) Too little data - removing Gaussian (weight 0.009329, occupation count 9.945009, vector size 40)
WARNING (gmm-est[5.5.620~1-dce1dc]:MleDiagGmmUpdate():mle-diag-gmm.cc:359) Too little data - removing Gaussian (weight 0.008057, occupation count 9.853490, vector size 40)
WARNING (gmm-est[5.5.620~1-dce1dc]:MleDiagGmmUpdate():mle-diag-gmm.cc:359) Too little data - removing Gaussian (weight 0.003667, occupation count 9.692419, vector size 40)
WARNING (gmm-est[5.5.620~1-dce1dc]:MleDiagGmmUpdate():mle-diag-gmm.cc:359) Too little data - removing Gaussian (weight 0.008385, occupation count 9.726779, vector size 40)
WARNING (gmm-est[5.5.620~1-dce1dc]:MleDiagGmmUpdate():mle-diag-gmm.cc:359) Too little data - removing Gaussian (weight 0.015276, occupation count 9.898690, vector size 40)
WARNING (gmm-est[5.5.620~1-dce1dc]:MleDiagGmmUpdate():mle-diag-gmm.cc:359) Too little data - removing Gaussian (weight 0.005164, occupation count 9.987288, vector size 40)
WARNING (gmm-est[5.5.620~1-dce1dc]:MleDiagGmmUpdate():mle-diag-gmm.cc:359) Too little data - removing Gaussian (weight 0.004988, occupation count 9.646187, vector size 40)
WARNING (gmm-est[5.5.620~1-dce1dc]:MleDiagGmmUpdate():mle-diag-gmm.cc:359) Too little data - removing Gaussian (weight 0.004369, occupation count 9.468520, vector size 40)
WARNING (gmm-est[5.5.620~1-dce1dc]:MleDiagGmmUpdate():mle-diag-gmm.cc:359) Too little data - removing Gaussian (weight 0.004249, occupation count 9.208549, vector size 40)
WARNING (gmm-est[5.5.620~1-dce1dc]:MleDiagGmmUpdate():mle-diag-gmm.cc:359) Too little data - removing Gaussian (weight 0.010692, occupation count 9.740230, vector size 40)
WARNING (gmm-est[5.5.620~1-dce1dc]:MleDiagGmmUpdate():mle-diag-gmm.cc:359) Too little data - removing Gaussian (weight 0.004853, occupation count 8.972710, vector size 40)
WARNING (gmm-est[5.5.620~1-dce1dc]:MleDiagGmmUpdate():mle-diag-gmm.cc:359) Too little data - removing Gaussian (weight 0.004864, occupation count 8.993622, vector size 40)
WARNING (gmm-est[5.5.620~1-dce1dc]:MleDiagGmmUpdate():mle-diag-gmm.cc:359) Too little data - removing Gaussian (weight 0.005473, occupation count 9.916891, vector size 40)
WARNING (gmm-est[5.5.620~1-dce1dc]:MleDiagGmmUpdate():mle-diag-gmm.cc:359) Too little data - removing Gaussian (weight 0.016366, occupation count 9.999711, vector size 40)
WARNING (gmm-est[5.5.620~1-dce1dc]:MleDiagGmmUpdate():mle-diag-gmm.cc:359) Too little data - removing Gaussian (weight 0.043459, occupation count 9.995622, vector size 40)
WARNING (gmm-est[5.5.620~1-dce1dc]:MleDiagGmmUpdate():mle-diag-gmm.cc:359) Too little data - removing Gaussian (weight 0.012179, occupation count 9.743522, vector size 40)
WARNING (gmm-est[5.5.620~1-dce1dc]:MleDiagGmmUpdate():mle-diag-gmm.cc:359) Too little data - removing Gaussian (weight 0.010508, occupation count 9.520288, vector size 40)
WARNING (gmm-est[5.5.620~1-dce1dc]:MleDiagGmmUpdate():mle-diag-gmm.cc:359) Too little data - removing Gaussian (weight 0.031445, occupation count 9.590789, vector size 40)
WARNING (gmm-est[5.5.620~1-dce1dc]:MleDiagGmmUpdate():mle-diag-gmm.cc:359) Too little data - removing Gaussian (weight 0.011529, occupation count 9.003833, vector size 40)
WARNING (gmm-est[5.5.620~1-dce1dc]:MleDiagGmmUpdate():mle-diag-gmm.cc:359) Too little data - removing Gaussian (weight 0.011001, occupation count 9.999980, vector size 40)
WARNING (gmm-est[5.5.620~1-dce1dc]:MleDiagGmmUpdate():mle-diag-gmm.cc:359) Too little data - removing Gaussian (weight 0.010485, occupation count 9.530907, vector size 40)
WARNING (gmm-est[5.5.620~1-dce1dc]:MleDiagGmmUpdate():mle-diag-gmm.cc:359) Too little data - removing Gaussian (weight 0.008984, occupation count 9.972376, vector size 40)
WARNING (gmm-est[5.5.620~1-dce1dc]:MleDiagGmmUpdate():mle-diag-gmm.cc:359) Too little data - removing Gaussian (weight 0.019832, occupation count 9.796888, vector size 40)
WARNING (gmm-est[5.5.620~1-dce1dc]:MleDiagGmmUpdate():mle-diag-gmm.cc:359) Too little data - removing Gaussian (weight 0.024629, occupation count 9.999496, vector size 40)
WARNING (gmm-est[5.5.620~1-dce1dc]:MleDiagGmmUpdate():mle-diag-gmm.cc:359) Too little data - removing Gaussian (weight 0.021231, occupation count 9.999656, vector size 40)
LOG (gmm-est[5.5.620~1-dce1dc]:MleAmDiagGmmUpdate():mle-am-diag-gmm.cc:225) 0 variance elements floored in 0 Gaussians, out of 7572
LOG (gmm-est[5.5.620~1-dce1dc]:MleAmDiagGmmUpdate():mle-am-diag-gmm.cc:229) Removed 37 Gaussians due to counts < --min-gaussian-occupancy=10 and --remove-low-count-gaussians=true
LOG (gmm-est[5.5.620~1-dce1dc]:main():gmm-est.cc:113) GMM update: Overall 0.185479 objective function improvement per frame over 201866 frames
LOG (gmm-est[5.5.620~1-dce1dc]:main():gmm-est.cc:116) GMM update: Overall avg like per frame = -34.5919 over 201866 frames.
LOG (gmm-est[5.5.620~1-dce1dc]:SplitByCount():am-diag-gmm.cc:116) Split 152 states with target = 8160, power = 0.25, perturb_factor = 0.01 and min_count = 20, split #Gauss from 7572 to 8168
LOG (gmm-est[5.5.620~1-dce1dc]:main():gmm-est.cc:146) Written model to exp/tri3/13.mdl
# Accounting: time=0 threads=1
# Ended (code 0) at Sun Mar 22 09:28:45 IST 2020, elapsed time 0 seconds
