# ali-to-post "ark:gunzip -c exp/sgmm_ali/pre_ali.4.gz|" ark:- | weight-silence-post 0.0 1:2:3:4:5 exp/sgmm/final.alimdl ark:- ark:- | sgmm2-est-spkvecs --spk2utt=ark:data/train/split4/4/spk2utt "--gselect=ark,s,cs:gunzip -c exp/sgmm/gselect.4.gz|" --spk-vecs=ark:exp/sgmm_ali/pre_vecs.4 exp/sgmm/final.mdl "ark,s,cs:apply-cmvn  --utt2spk=ark:data/train/split4/4/utt2spk scp:data/train/split4/4/cmvn.scp scp:data/train/split4/4/feats.scp ark:- | splice-feats  ark:- ark:- | transform-feats exp/sgmm/final.mat ark:- ark:- | transform-feats --utt2spk=ark:data/train/split4/4/utt2spk ark,s,cs:exp/tri4_ali/trans.4 ark:- ark:- |" ark,s,cs:- ark:exp/sgmm_ali/vecs.4 
# Started at Sun Mar 22 09:56:38 IST 2020
#
sgmm2-est-spkvecs --spk2utt=ark:data/train/split4/4/spk2utt '--gselect=ark,s,cs:gunzip -c exp/sgmm/gselect.4.gz|' --spk-vecs=ark:exp/sgmm_ali/pre_vecs.4 exp/sgmm/final.mdl 'ark,s,cs:apply-cmvn  --utt2spk=ark:data/train/split4/4/utt2spk scp:data/train/split4/4/cmvn.scp scp:data/train/split4/4/feats.scp ark:- | splice-feats  ark:- ark:- | transform-feats exp/sgmm/final.mat ark:- ark:- | transform-feats --utt2spk=ark:data/train/split4/4/utt2spk ark,s,cs:exp/tri4_ali/trans.4 ark:- ark:- |' ark,s,cs:- ark:exp/sgmm_ali/vecs.4 
ali-to-post 'ark:gunzip -c exp/sgmm_ali/pre_ali.4.gz|' ark:- 
weight-silence-post 0.0 1:2:3:4:5 exp/sgmm/final.alimdl ark:- ark:- 
transform-feats exp/sgmm/final.mat ark:- ark:- 
transform-feats --utt2spk=ark:data/train/split4/4/utt2spk ark,s,cs:exp/tri4_ali/trans.4 ark:- ark:- 
apply-cmvn --utt2spk=ark:data/train/split4/4/utt2spk scp:data/train/split4/4/cmvn.scp scp:data/train/split4/4/feats.scp ark:- 
splice-feats ark:- ark:- 
LOG (ali-to-post[5.5.620~1-dce1dc]:main():ali-to-post.cc:73) Converted 80 alignments.
LOG (weight-silence-post[5.5.620~1-dce1dc]:main():weight-silence-post.cc:95) Done 80 posteriors.
LOG (apply-cmvn[5.5.620~1-dce1dc]:main():apply-cmvn.cc:162) Applied cepstral mean normalization to 80 utterances, errors on 0
LOG (transform-feats[5.5.620~1-dce1dc]:main():transform-feats.cc:158) Overall average [pseudo-]logdet is -54.6572 over 50402 frames.
LOG (transform-feats[5.5.620~1-dce1dc]:main():transform-feats.cc:161) Applied transform to 80 utterances; 0 had errors.
LOG (transform-feats[5.5.620~1-dce1dc]:main():transform-feats.cc:158) Overall average logdet is 4.71582 over 50402 frames.
LOG (transform-feats[5.5.620~1-dce1dc]:main():transform-feats.cc:161) Applied transform to 80 utterances; 0 had errors.
LOG (sgmm2-est-spkvecs[5.5.620~1-dce1dc]:SolveQuadraticProblem<double>():sp-matrix.cc:686) Solving quadratic problem for v_s: floored 28 eigenvalues. 
LOG (sgmm2-est-spkvecs[5.5.620~1-dce1dc]:SolveQuadraticProblem<double>():sp-matrix.cc:686) Solving quadratic problem for v_s: floored 28 eigenvalues. 
LOG (sgmm2-est-spkvecs[5.5.620~1-dce1dc]:SolveQuadraticProblem<double>():sp-matrix.cc:686) Solving quadratic problem for v_s: floored 28 eigenvalues. 
LOG (sgmm2-est-spkvecs[5.5.620~1-dce1dc]:SolveQuadraticProblem<double>():sp-matrix.cc:686) Solving quadratic problem for v_s: floored 28 eigenvalues. 
LOG (sgmm2-est-spkvecs[5.5.620~1-dce1dc]:SolveQuadraticProblem<double>():sp-matrix.cc:686) Solving quadratic problem for v_s: floored 28 eigenvalues. 
LOG (sgmm2-est-spkvecs[5.5.620~1-dce1dc]:UpdateWithU():estimate-am-sgmm2.cc:1937) *Objf impr for speaker vector is 0.0042592 per frame, over 21253 frames.
LOG (sgmm2-est-spkvecs[5.5.620~1-dce1dc]:main():sgmm2-est-spkvecs.cc:186) For speaker PN00M03, auxf-impr from speaker vector is 0.0042592, over 21253 frames.
LOG (sgmm2-est-spkvecs[5.5.620~1-dce1dc]:main():sgmm2-est-spkvecs.cc:250) Overall auxf impr per frame is 0.0042592 over 21253 frames.
LOG (sgmm2-est-spkvecs[5.5.620~1-dce1dc]:main():sgmm2-est-spkvecs.cc:252) Done 80 files, 0 with errors.
# Accounting: time=1 threads=1
# Ended (code 0) at Sun Mar 22 09:56:39 IST 2020, elapsed time 1 seconds
